[2024-10-06T19:10:44.894+0000] {local_task_job_runner.py:123} INFO - ::group::Pre task execution logs
[2024-10-06T19:10:44.911+0000] {taskinstance.py:2612} INFO - Dependencies all met for dep_context=non-requeueable deps ti=<TaskInstance: example_bash_operator.run_after_loop scheduled__2024-10-05T00:00:00+00:00 [queued]>
[2024-10-06T19:10:44.921+0000] {taskinstance.py:2612} INFO - Dependencies all met for dep_context=requeueable deps ti=<TaskInstance: example_bash_operator.run_after_loop scheduled__2024-10-05T00:00:00+00:00 [queued]>
[2024-10-06T19:10:44.922+0000] {taskinstance.py:2865} INFO - Starting attempt 1 of 1
[2024-10-06T19:10:44.934+0000] {taskinstance.py:2888} INFO - Executing <Task(BashOperator): run_after_loop> on 2024-10-05 00:00:00+00:00
[2024-10-06T19:10:44.943+0000] {standard_task_runner.py:104} INFO - Running: ['***', 'tasks', 'run', 'example_bash_operator', 'run_after_loop', 'scheduled__2024-10-05T00:00:00+00:00', '--job-id', '8', '--raw', '--subdir', '/home/***/.local/lib/python3.12/site-packages/***/example_dags/example_bash_operator.py', '--cfg-path', '/tmp/tmpzg12s_cl']
[2024-10-06T19:10:44.945+0000] {standard_task_runner.py:105} INFO - Job 8: Subtask run_after_loop
[2024-10-06T19:10:44.947+0000] {logging_mixin.py:190} WARNING - /home/***/.local/lib/python3.12/site-packages/***/task/task_runner/standard_task_runner.py:70 DeprecationWarning: This process (pid=1335) is multi-threaded, use of fork() may lead to deadlocks in the child.
[2024-10-06T19:10:44.947+0000] {standard_task_runner.py:72} INFO - Started process 1336 to run task
[2024-10-06T19:10:44.987+0000] {task_command.py:467} INFO - Running <TaskInstance: example_bash_operator.run_after_loop scheduled__2024-10-05T00:00:00+00:00 [running]> on host 19517dc8aa64
[2024-10-06T19:10:45.057+0000] {taskinstance.py:3131} INFO - Exporting env vars: AIRFLOW_CTX_DAG_OWNER='***' AIRFLOW_CTX_DAG_ID='example_bash_operator' AIRFLOW_CTX_TASK_ID='run_after_loop' AIRFLOW_CTX_EXECUTION_DATE='2024-10-05T00:00:00+00:00' AIRFLOW_CTX_TRY_NUMBER='1' AIRFLOW_CTX_DAG_RUN_ID='scheduled__2024-10-05T00:00:00+00:00'
[2024-10-06T19:10:45.059+0000] {logging_mixin.py:190} INFO - Task instance is in running state
[2024-10-06T19:10:45.059+0000] {logging_mixin.py:190} INFO -  Previous state of the Task instance: queued
[2024-10-06T19:10:45.059+0000] {logging_mixin.py:190} INFO - Current task name:run_after_loop state:running start_date:2024-10-06 19:10:44.912745+00:00
[2024-10-06T19:10:45.060+0000] {logging_mixin.py:190} INFO - Dag name:example_bash_operator and current dag run status:running
[2024-10-06T19:10:45.060+0000] {taskinstance.py:731} INFO - ::endgroup::
[2024-10-06T19:10:45.061+0000] {subprocess.py:63} INFO - Tmp dir root location: /tmp
[2024-10-06T19:10:45.062+0000] {subprocess.py:75} INFO - Running command: ['/usr/bin/bash', '-c', 'echo https://***.apache.org/']
[2024-10-06T19:10:45.073+0000] {subprocess.py:86} INFO - Output:
[2024-10-06T19:10:45.075+0000] {subprocess.py:93} INFO - https://***.apache.org/
[2024-10-06T19:10:45.076+0000] {subprocess.py:97} INFO - Command exited with return code 0
[2024-10-06T19:10:45.098+0000] {taskinstance.py:340} INFO - ::group::Post task execution logs
[2024-10-06T19:10:45.098+0000] {taskinstance.py:352} INFO - Marking task as SUCCESS. dag_id=example_bash_operator, task_id=run_after_loop, run_id=scheduled__2024-10-05T00:00:00+00:00, execution_date=20241005T000000, start_date=20241006T191044, end_date=20241006T191045
[2024-10-06T19:10:45.107+0000] {logging_mixin.py:190} INFO - Task instance in success state
[2024-10-06T19:10:45.108+0000] {logging_mixin.py:190} INFO -  Previous state of the Task instance: running
[2024-10-06T19:10:45.108+0000] {logging_mixin.py:190} INFO - Dag name:example_bash_operator queued_at:2024-10-06 19:10:41.437730+00:00
[2024-10-06T19:10:45.109+0000] {logging_mixin.py:190} INFO - Task hostname:19517dc8aa64 operator:BashOperator
[2024-10-06T19:10:45.121+0000] {local_task_job_runner.py:266} INFO - Task exited with return code 0
[2024-10-06T19:10:45.138+0000] {taskinstance.py:3900} INFO - 0 downstream tasks scheduled from follow-on schedule check
[2024-10-06T19:10:45.140+0000] {local_task_job_runner.py:245} INFO - ::endgroup::
