[2024-10-06T19:08:58.676+0000] {processor.py:186} INFO - Started process (PID=354) to work on /home/airflow/.local/lib/python3.12/site-packages/airflow/example_dags/example_skip_dag.py
[2024-10-06T19:08:58.677+0000] {processor.py:914} INFO - Processing file /home/airflow/.local/lib/python3.12/site-packages/airflow/example_dags/example_skip_dag.py for tasks to queue
[2024-10-06T19:08:58.679+0000] {logging_mixin.py:190} INFO - [2024-10-06T19:08:58.679+0000] {dagbag.py:588} INFO - Filling up the DagBag from /home/airflow/.local/lib/python3.12/site-packages/airflow/example_dags/example_skip_dag.py
[2024-10-06T19:08:58.687+0000] {processor.py:925} INFO - DAG(s) 'example_skip_dag' retrieved from /home/airflow/.local/lib/python3.12/site-packages/airflow/example_dags/example_skip_dag.py
[2024-10-06T19:08:58.784+0000] {logging_mixin.py:190} INFO - [2024-10-06T19:08:58.784+0000] {override.py:1900} INFO - Created Permission View: can delete on DAG:example_skip_dag
[2024-10-06T19:08:58.796+0000] {logging_mixin.py:190} INFO - [2024-10-06T19:08:58.795+0000] {override.py:1900} INFO - Created Permission View: can edit on DAG:example_skip_dag
[2024-10-06T19:08:58.803+0000] {logging_mixin.py:190} INFO - [2024-10-06T19:08:58.802+0000] {override.py:1900} INFO - Created Permission View: can read on DAG:example_skip_dag
[2024-10-06T19:08:58.811+0000] {logging_mixin.py:190} INFO - [2024-10-06T19:08:58.810+0000] {override.py:1900} INFO - Created Permission View: can delete on DAG Run:example_skip_dag
[2024-10-06T19:08:58.818+0000] {logging_mixin.py:190} INFO - [2024-10-06T19:08:58.817+0000] {override.py:1900} INFO - Created Permission View: can create on DAG Run:example_skip_dag
[2024-10-06T19:08:58.826+0000] {logging_mixin.py:190} INFO - [2024-10-06T19:08:58.825+0000] {override.py:1900} INFO - Created Permission View: can read on DAG Run:example_skip_dag
[2024-10-06T19:08:58.833+0000] {logging_mixin.py:190} INFO - [2024-10-06T19:08:58.833+0000] {override.py:1900} INFO - Created Permission View: menu access on DAG Run:example_skip_dag
[2024-10-06T19:08:58.834+0000] {logging_mixin.py:190} INFO - [2024-10-06T19:08:58.833+0000] {dag.py:3239} INFO - Sync 1 DAGs
[2024-10-06T19:08:58.847+0000] {logging_mixin.py:190} INFO - [2024-10-06T19:08:58.847+0000] {dag.py:3262} INFO - Creating ORM DAG for example_skip_dag
[2024-10-06T19:08:58.857+0000] {logging_mixin.py:190} INFO - [2024-10-06T19:08:58.856+0000] {dag.py:4180} INFO - Setting next_dagrun for example_skip_dag to 2024-10-05 00:00:00+00:00, run_after=2024-10-06 00:00:00+00:00
[2024-10-06T19:08:58.873+0000] {processor.py:208} INFO - Processing /home/airflow/.local/lib/python3.12/site-packages/airflow/example_dags/example_skip_dag.py took 0.202 seconds
[2024-10-06T19:09:29.445+0000] {processor.py:186} INFO - Started process (PID=640) to work on /home/airflow/.local/lib/python3.12/site-packages/airflow/example_dags/example_skip_dag.py
[2024-10-06T19:09:29.446+0000] {processor.py:914} INFO - Processing file /home/airflow/.local/lib/python3.12/site-packages/airflow/example_dags/example_skip_dag.py for tasks to queue
[2024-10-06T19:09:29.449+0000] {logging_mixin.py:190} INFO - [2024-10-06T19:09:29.448+0000] {dagbag.py:588} INFO - Filling up the DagBag from /home/airflow/.local/lib/python3.12/site-packages/airflow/example_dags/example_skip_dag.py
[2024-10-06T19:09:29.457+0000] {processor.py:925} INFO - DAG(s) 'example_skip_dag' retrieved from /home/airflow/.local/lib/python3.12/site-packages/airflow/example_dags/example_skip_dag.py
[2024-10-06T19:09:29.487+0000] {logging_mixin.py:190} INFO - [2024-10-06T19:09:29.487+0000] {dag.py:3239} INFO - Sync 1 DAGs
[2024-10-06T19:09:29.517+0000] {logging_mixin.py:190} INFO - [2024-10-06T19:09:29.517+0000] {dag.py:4180} INFO - Setting next_dagrun for example_skip_dag to 2024-10-05 00:00:00+00:00, run_after=2024-10-06 00:00:00+00:00
[2024-10-06T19:09:29.539+0000] {processor.py:208} INFO - Processing /home/airflow/.local/lib/python3.12/site-packages/airflow/example_dags/example_skip_dag.py took 0.109 seconds
[2024-10-06T19:10:00.145+0000] {processor.py:186} INFO - Started process (PID=926) to work on /home/airflow/.local/lib/python3.12/site-packages/airflow/example_dags/example_skip_dag.py
[2024-10-06T19:10:00.146+0000] {processor.py:914} INFO - Processing file /home/airflow/.local/lib/python3.12/site-packages/airflow/example_dags/example_skip_dag.py for tasks to queue
[2024-10-06T19:10:00.148+0000] {logging_mixin.py:190} INFO - [2024-10-06T19:10:00.148+0000] {dagbag.py:588} INFO - Filling up the DagBag from /home/airflow/.local/lib/python3.12/site-packages/airflow/example_dags/example_skip_dag.py
[2024-10-06T19:10:00.154+0000] {processor.py:925} INFO - DAG(s) 'example_skip_dag' retrieved from /home/airflow/.local/lib/python3.12/site-packages/airflow/example_dags/example_skip_dag.py
[2024-10-06T19:10:00.173+0000] {logging_mixin.py:190} INFO - [2024-10-06T19:10:00.173+0000] {dag.py:3239} INFO - Sync 1 DAGs
[2024-10-06T19:10:00.194+0000] {logging_mixin.py:190} INFO - [2024-10-06T19:10:00.194+0000] {dag.py:4180} INFO - Setting next_dagrun for example_skip_dag to 2024-10-05 00:00:00+00:00, run_after=2024-10-06 00:00:00+00:00
[2024-10-06T19:10:00.210+0000] {processor.py:208} INFO - Processing /home/airflow/.local/lib/python3.12/site-packages/airflow/example_dags/example_skip_dag.py took 0.069 seconds
[2024-10-06T19:10:30.560+0000] {processor.py:186} INFO - Started process (PID=1212) to work on /home/airflow/.local/lib/python3.12/site-packages/airflow/example_dags/example_skip_dag.py
[2024-10-06T19:10:30.561+0000] {processor.py:914} INFO - Processing file /home/airflow/.local/lib/python3.12/site-packages/airflow/example_dags/example_skip_dag.py for tasks to queue
[2024-10-06T19:10:30.563+0000] {logging_mixin.py:190} INFO - [2024-10-06T19:10:30.563+0000] {dagbag.py:588} INFO - Filling up the DagBag from /home/airflow/.local/lib/python3.12/site-packages/airflow/example_dags/example_skip_dag.py
[2024-10-06T19:10:30.569+0000] {processor.py:925} INFO - DAG(s) 'example_skip_dag' retrieved from /home/airflow/.local/lib/python3.12/site-packages/airflow/example_dags/example_skip_dag.py
[2024-10-06T19:10:30.592+0000] {logging_mixin.py:190} INFO - [2024-10-06T19:10:30.592+0000] {dag.py:3239} INFO - Sync 1 DAGs
[2024-10-06T19:10:30.616+0000] {logging_mixin.py:190} INFO - [2024-10-06T19:10:30.616+0000] {dag.py:4180} INFO - Setting next_dagrun for example_skip_dag to 2024-10-05 00:00:00+00:00, run_after=2024-10-06 00:00:00+00:00
[2024-10-06T19:10:30.637+0000] {processor.py:208} INFO - Processing /home/airflow/.local/lib/python3.12/site-packages/airflow/example_dags/example_skip_dag.py took 0.082 seconds
[2024-10-06T19:11:00.937+0000] {processor.py:186} INFO - Started process (PID=1527) to work on /home/airflow/.local/lib/python3.12/site-packages/airflow/example_dags/example_skip_dag.py
[2024-10-06T19:11:00.938+0000] {processor.py:914} INFO - Processing file /home/airflow/.local/lib/python3.12/site-packages/airflow/example_dags/example_skip_dag.py for tasks to queue
[2024-10-06T19:11:00.940+0000] {logging_mixin.py:190} INFO - [2024-10-06T19:11:00.940+0000] {dagbag.py:588} INFO - Filling up the DagBag from /home/airflow/.local/lib/python3.12/site-packages/airflow/example_dags/example_skip_dag.py
[2024-10-06T19:11:00.947+0000] {processor.py:925} INFO - DAG(s) 'example_skip_dag' retrieved from /home/airflow/.local/lib/python3.12/site-packages/airflow/example_dags/example_skip_dag.py
[2024-10-06T19:11:00.967+0000] {logging_mixin.py:190} INFO - [2024-10-06T19:11:00.967+0000] {dag.py:3239} INFO - Sync 1 DAGs
[2024-10-06T19:11:00.989+0000] {logging_mixin.py:190} INFO - [2024-10-06T19:11:00.989+0000] {dag.py:4180} INFO - Setting next_dagrun for example_skip_dag to 2024-10-05 00:00:00+00:00, run_after=2024-10-06 00:00:00+00:00
[2024-10-06T19:11:01.005+0000] {processor.py:208} INFO - Processing /home/airflow/.local/lib/python3.12/site-packages/airflow/example_dags/example_skip_dag.py took 0.073 seconds
[2024-10-06T19:11:31.387+0000] {processor.py:186} INFO - Started process (PID=1813) to work on /home/airflow/.local/lib/python3.12/site-packages/airflow/example_dags/example_skip_dag.py
[2024-10-06T19:11:31.388+0000] {processor.py:914} INFO - Processing file /home/airflow/.local/lib/python3.12/site-packages/airflow/example_dags/example_skip_dag.py for tasks to queue
[2024-10-06T19:11:31.390+0000] {logging_mixin.py:190} INFO - [2024-10-06T19:11:31.390+0000] {dagbag.py:588} INFO - Filling up the DagBag from /home/airflow/.local/lib/python3.12/site-packages/airflow/example_dags/example_skip_dag.py
[2024-10-06T19:11:31.396+0000] {processor.py:925} INFO - DAG(s) 'example_skip_dag' retrieved from /home/airflow/.local/lib/python3.12/site-packages/airflow/example_dags/example_skip_dag.py
[2024-10-06T19:11:31.416+0000] {logging_mixin.py:190} INFO - [2024-10-06T19:11:31.415+0000] {dag.py:3239} INFO - Sync 1 DAGs
[2024-10-06T19:11:31.439+0000] {logging_mixin.py:190} INFO - [2024-10-06T19:11:31.439+0000] {dag.py:4180} INFO - Setting next_dagrun for example_skip_dag to 2024-10-05 00:00:00+00:00, run_after=2024-10-06 00:00:00+00:00
[2024-10-06T19:11:31.456+0000] {processor.py:208} INFO - Processing /home/airflow/.local/lib/python3.12/site-packages/airflow/example_dags/example_skip_dag.py took 0.073 seconds
[2024-10-06T19:12:01.746+0000] {processor.py:186} INFO - Started process (PID=2099) to work on /home/airflow/.local/lib/python3.12/site-packages/airflow/example_dags/example_skip_dag.py
[2024-10-06T19:12:01.747+0000] {processor.py:914} INFO - Processing file /home/airflow/.local/lib/python3.12/site-packages/airflow/example_dags/example_skip_dag.py for tasks to queue
[2024-10-06T19:12:01.749+0000] {logging_mixin.py:190} INFO - [2024-10-06T19:12:01.749+0000] {dagbag.py:588} INFO - Filling up the DagBag from /home/airflow/.local/lib/python3.12/site-packages/airflow/example_dags/example_skip_dag.py
[2024-10-06T19:12:01.756+0000] {processor.py:925} INFO - DAG(s) 'example_skip_dag' retrieved from /home/airflow/.local/lib/python3.12/site-packages/airflow/example_dags/example_skip_dag.py
[2024-10-06T19:12:01.779+0000] {logging_mixin.py:190} INFO - [2024-10-06T19:12:01.779+0000] {dag.py:3239} INFO - Sync 1 DAGs
[2024-10-06T19:12:01.806+0000] {logging_mixin.py:190} INFO - [2024-10-06T19:12:01.806+0000] {dag.py:4180} INFO - Setting next_dagrun for example_skip_dag to 2024-10-05 00:00:00+00:00, run_after=2024-10-06 00:00:00+00:00
[2024-10-06T19:12:01.827+0000] {processor.py:208} INFO - Processing /home/airflow/.local/lib/python3.12/site-packages/airflow/example_dags/example_skip_dag.py took 0.087 seconds
[2024-10-06T19:12:32.165+0000] {processor.py:186} INFO - Started process (PID=2385) to work on /home/airflow/.local/lib/python3.12/site-packages/airflow/example_dags/example_skip_dag.py
[2024-10-06T19:12:32.166+0000] {processor.py:914} INFO - Processing file /home/airflow/.local/lib/python3.12/site-packages/airflow/example_dags/example_skip_dag.py for tasks to queue
[2024-10-06T19:12:32.168+0000] {logging_mixin.py:190} INFO - [2024-10-06T19:12:32.167+0000] {dagbag.py:588} INFO - Filling up the DagBag from /home/airflow/.local/lib/python3.12/site-packages/airflow/example_dags/example_skip_dag.py
[2024-10-06T19:12:32.173+0000] {processor.py:925} INFO - DAG(s) 'example_skip_dag' retrieved from /home/airflow/.local/lib/python3.12/site-packages/airflow/example_dags/example_skip_dag.py
[2024-10-06T19:12:32.191+0000] {logging_mixin.py:190} INFO - [2024-10-06T19:12:32.191+0000] {dag.py:3239} INFO - Sync 1 DAGs
[2024-10-06T19:12:32.216+0000] {logging_mixin.py:190} INFO - [2024-10-06T19:12:32.215+0000] {dag.py:4180} INFO - Setting next_dagrun for example_skip_dag to 2024-10-05 00:00:00+00:00, run_after=2024-10-06 00:00:00+00:00
[2024-10-06T19:12:32.233+0000] {processor.py:208} INFO - Processing /home/airflow/.local/lib/python3.12/site-packages/airflow/example_dags/example_skip_dag.py took 0.073 seconds
[2024-10-06T19:13:02.506+0000] {processor.py:186} INFO - Started process (PID=2671) to work on /home/airflow/.local/lib/python3.12/site-packages/airflow/example_dags/example_skip_dag.py
[2024-10-06T19:13:02.506+0000] {processor.py:914} INFO - Processing file /home/airflow/.local/lib/python3.12/site-packages/airflow/example_dags/example_skip_dag.py for tasks to queue
[2024-10-06T19:13:02.508+0000] {logging_mixin.py:190} INFO - [2024-10-06T19:13:02.508+0000] {dagbag.py:588} INFO - Filling up the DagBag from /home/airflow/.local/lib/python3.12/site-packages/airflow/example_dags/example_skip_dag.py
[2024-10-06T19:13:02.515+0000] {processor.py:925} INFO - DAG(s) 'example_skip_dag' retrieved from /home/airflow/.local/lib/python3.12/site-packages/airflow/example_dags/example_skip_dag.py
[2024-10-06T19:13:02.533+0000] {logging_mixin.py:190} INFO - [2024-10-06T19:13:02.532+0000] {dag.py:3239} INFO - Sync 1 DAGs
[2024-10-06T19:13:02.553+0000] {logging_mixin.py:190} INFO - [2024-10-06T19:13:02.553+0000] {dag.py:4180} INFO - Setting next_dagrun for example_skip_dag to 2024-10-05 00:00:00+00:00, run_after=2024-10-06 00:00:00+00:00
[2024-10-06T19:13:02.572+0000] {processor.py:208} INFO - Processing /home/airflow/.local/lib/python3.12/site-packages/airflow/example_dags/example_skip_dag.py took 0.070 seconds
[2024-10-06T19:13:32.943+0000] {processor.py:186} INFO - Started process (PID=2957) to work on /home/airflow/.local/lib/python3.12/site-packages/airflow/example_dags/example_skip_dag.py
[2024-10-06T19:13:32.944+0000] {processor.py:914} INFO - Processing file /home/airflow/.local/lib/python3.12/site-packages/airflow/example_dags/example_skip_dag.py for tasks to queue
[2024-10-06T19:13:32.946+0000] {logging_mixin.py:190} INFO - [2024-10-06T19:13:32.946+0000] {dagbag.py:588} INFO - Filling up the DagBag from /home/airflow/.local/lib/python3.12/site-packages/airflow/example_dags/example_skip_dag.py
[2024-10-06T19:13:32.952+0000] {processor.py:925} INFO - DAG(s) 'example_skip_dag' retrieved from /home/airflow/.local/lib/python3.12/site-packages/airflow/example_dags/example_skip_dag.py
[2024-10-06T19:13:32.972+0000] {logging_mixin.py:190} INFO - [2024-10-06T19:13:32.971+0000] {dag.py:3239} INFO - Sync 1 DAGs
[2024-10-06T19:13:32.993+0000] {logging_mixin.py:190} INFO - [2024-10-06T19:13:32.993+0000] {dag.py:4180} INFO - Setting next_dagrun for example_skip_dag to 2024-10-05 00:00:00+00:00, run_after=2024-10-06 00:00:00+00:00
[2024-10-06T19:13:33.012+0000] {processor.py:208} INFO - Processing /home/airflow/.local/lib/python3.12/site-packages/airflow/example_dags/example_skip_dag.py took 0.074 seconds
[2024-10-06T19:14:03.283+0000] {processor.py:186} INFO - Started process (PID=3248) to work on /home/airflow/.local/lib/python3.12/site-packages/airflow/example_dags/example_skip_dag.py
[2024-10-06T19:14:03.284+0000] {processor.py:914} INFO - Processing file /home/airflow/.local/lib/python3.12/site-packages/airflow/example_dags/example_skip_dag.py for tasks to queue
[2024-10-06T19:14:03.286+0000] {logging_mixin.py:190} INFO - [2024-10-06T19:14:03.285+0000] {dagbag.py:588} INFO - Filling up the DagBag from /home/airflow/.local/lib/python3.12/site-packages/airflow/example_dags/example_skip_dag.py
[2024-10-06T19:14:03.292+0000] {processor.py:925} INFO - DAG(s) 'example_skip_dag' retrieved from /home/airflow/.local/lib/python3.12/site-packages/airflow/example_dags/example_skip_dag.py
[2024-10-06T19:14:03.312+0000] {logging_mixin.py:190} INFO - [2024-10-06T19:14:03.312+0000] {dag.py:3239} INFO - Sync 1 DAGs
[2024-10-06T19:14:03.334+0000] {logging_mixin.py:190} INFO - [2024-10-06T19:14:03.334+0000] {dag.py:4180} INFO - Setting next_dagrun for example_skip_dag to 2024-10-05 00:00:00+00:00, run_after=2024-10-06 00:00:00+00:00
[2024-10-06T19:14:03.354+0000] {processor.py:208} INFO - Processing /home/airflow/.local/lib/python3.12/site-packages/airflow/example_dags/example_skip_dag.py took 0.075 seconds
[2024-10-06T19:14:33.639+0000] {processor.py:186} INFO - Started process (PID=3539) to work on /home/airflow/.local/lib/python3.12/site-packages/airflow/example_dags/example_skip_dag.py
[2024-10-06T19:14:33.640+0000] {processor.py:914} INFO - Processing file /home/airflow/.local/lib/python3.12/site-packages/airflow/example_dags/example_skip_dag.py for tasks to queue
[2024-10-06T19:14:33.642+0000] {logging_mixin.py:190} INFO - [2024-10-06T19:14:33.642+0000] {dagbag.py:588} INFO - Filling up the DagBag from /home/airflow/.local/lib/python3.12/site-packages/airflow/example_dags/example_skip_dag.py
[2024-10-06T19:14:33.648+0000] {processor.py:925} INFO - DAG(s) 'example_skip_dag' retrieved from /home/airflow/.local/lib/python3.12/site-packages/airflow/example_dags/example_skip_dag.py
[2024-10-06T19:14:33.669+0000] {logging_mixin.py:190} INFO - [2024-10-06T19:14:33.668+0000] {dag.py:3239} INFO - Sync 1 DAGs
[2024-10-06T19:14:33.691+0000] {logging_mixin.py:190} INFO - [2024-10-06T19:14:33.691+0000] {dag.py:4180} INFO - Setting next_dagrun for example_skip_dag to 2024-10-05 00:00:00+00:00, run_after=2024-10-06 00:00:00+00:00
[2024-10-06T19:14:33.709+0000] {processor.py:208} INFO - Processing /home/airflow/.local/lib/python3.12/site-packages/airflow/example_dags/example_skip_dag.py took 0.074 seconds
[2024-10-06T19:15:03.945+0000] {processor.py:186} INFO - Started process (PID=3830) to work on /home/airflow/.local/lib/python3.12/site-packages/airflow/example_dags/example_skip_dag.py
[2024-10-06T19:15:03.946+0000] {processor.py:914} INFO - Processing file /home/airflow/.local/lib/python3.12/site-packages/airflow/example_dags/example_skip_dag.py for tasks to queue
[2024-10-06T19:15:03.948+0000] {logging_mixin.py:190} INFO - [2024-10-06T19:15:03.948+0000] {dagbag.py:588} INFO - Filling up the DagBag from /home/airflow/.local/lib/python3.12/site-packages/airflow/example_dags/example_skip_dag.py
[2024-10-06T19:15:03.956+0000] {processor.py:925} INFO - DAG(s) 'example_skip_dag' retrieved from /home/airflow/.local/lib/python3.12/site-packages/airflow/example_dags/example_skip_dag.py
[2024-10-06T19:15:03.974+0000] {logging_mixin.py:190} INFO - [2024-10-06T19:15:03.974+0000] {dag.py:3239} INFO - Sync 1 DAGs
[2024-10-06T19:15:03.999+0000] {logging_mixin.py:190} INFO - [2024-10-06T19:15:03.999+0000] {dag.py:4180} INFO - Setting next_dagrun for example_skip_dag to 2024-10-05 00:00:00+00:00, run_after=2024-10-06 00:00:00+00:00
[2024-10-06T19:15:04.020+0000] {processor.py:208} INFO - Processing /home/airflow/.local/lib/python3.12/site-packages/airflow/example_dags/example_skip_dag.py took 0.081 seconds
[2024-10-06T19:15:34.146+0000] {processor.py:186} INFO - Started process (PID=4126) to work on /home/airflow/.local/lib/python3.12/site-packages/airflow/example_dags/example_skip_dag.py
[2024-10-06T19:15:34.147+0000] {processor.py:914} INFO - Processing file /home/airflow/.local/lib/python3.12/site-packages/airflow/example_dags/example_skip_dag.py for tasks to queue
[2024-10-06T19:15:34.148+0000] {logging_mixin.py:190} INFO - [2024-10-06T19:15:34.148+0000] {dagbag.py:588} INFO - Filling up the DagBag from /home/airflow/.local/lib/python3.12/site-packages/airflow/example_dags/example_skip_dag.py
[2024-10-06T19:15:34.154+0000] {processor.py:925} INFO - DAG(s) 'example_skip_dag' retrieved from /home/airflow/.local/lib/python3.12/site-packages/airflow/example_dags/example_skip_dag.py
[2024-10-06T19:15:34.171+0000] {logging_mixin.py:190} INFO - [2024-10-06T19:15:34.171+0000] {dag.py:3239} INFO - Sync 1 DAGs
[2024-10-06T19:15:34.193+0000] {logging_mixin.py:190} INFO - [2024-10-06T19:15:34.193+0000] {dag.py:4180} INFO - Setting next_dagrun for example_skip_dag to 2024-10-05 00:00:00+00:00, run_after=2024-10-06 00:00:00+00:00
[2024-10-06T19:15:34.210+0000] {processor.py:208} INFO - Processing /home/airflow/.local/lib/python3.12/site-packages/airflow/example_dags/example_skip_dag.py took 0.068 seconds
[2024-10-06T19:16:04.368+0000] {processor.py:186} INFO - Started process (PID=4417) to work on /home/airflow/.local/lib/python3.12/site-packages/airflow/example_dags/example_skip_dag.py
[2024-10-06T19:16:04.369+0000] {processor.py:914} INFO - Processing file /home/airflow/.local/lib/python3.12/site-packages/airflow/example_dags/example_skip_dag.py for tasks to queue
[2024-10-06T19:16:04.371+0000] {logging_mixin.py:190} INFO - [2024-10-06T19:16:04.371+0000] {dagbag.py:588} INFO - Filling up the DagBag from /home/airflow/.local/lib/python3.12/site-packages/airflow/example_dags/example_skip_dag.py
[2024-10-06T19:16:04.377+0000] {processor.py:925} INFO - DAG(s) 'example_skip_dag' retrieved from /home/airflow/.local/lib/python3.12/site-packages/airflow/example_dags/example_skip_dag.py
[2024-10-06T19:16:04.395+0000] {logging_mixin.py:190} INFO - [2024-10-06T19:16:04.394+0000] {dag.py:3239} INFO - Sync 1 DAGs
[2024-10-06T19:16:04.417+0000] {logging_mixin.py:190} INFO - [2024-10-06T19:16:04.417+0000] {dag.py:4180} INFO - Setting next_dagrun for example_skip_dag to 2024-10-05 00:00:00+00:00, run_after=2024-10-06 00:00:00+00:00
[2024-10-06T19:16:04.434+0000] {processor.py:208} INFO - Processing /home/airflow/.local/lib/python3.12/site-packages/airflow/example_dags/example_skip_dag.py took 0.071 seconds
[2024-10-06T19:16:34.605+0000] {processor.py:186} INFO - Started process (PID=4703) to work on /home/airflow/.local/lib/python3.12/site-packages/airflow/example_dags/example_skip_dag.py
[2024-10-06T19:16:34.606+0000] {processor.py:914} INFO - Processing file /home/airflow/.local/lib/python3.12/site-packages/airflow/example_dags/example_skip_dag.py for tasks to queue
[2024-10-06T19:16:34.608+0000] {logging_mixin.py:190} INFO - [2024-10-06T19:16:34.608+0000] {dagbag.py:588} INFO - Filling up the DagBag from /home/airflow/.local/lib/python3.12/site-packages/airflow/example_dags/example_skip_dag.py
[2024-10-06T19:16:34.615+0000] {processor.py:925} INFO - DAG(s) 'example_skip_dag' retrieved from /home/airflow/.local/lib/python3.12/site-packages/airflow/example_dags/example_skip_dag.py
[2024-10-06T19:16:34.635+0000] {logging_mixin.py:190} INFO - [2024-10-06T19:16:34.634+0000] {dag.py:3239} INFO - Sync 1 DAGs
[2024-10-06T19:16:34.658+0000] {logging_mixin.py:190} INFO - [2024-10-06T19:16:34.658+0000] {dag.py:4180} INFO - Setting next_dagrun for example_skip_dag to 2024-10-05 00:00:00+00:00, run_after=2024-10-06 00:00:00+00:00
[2024-10-06T19:16:34.676+0000] {processor.py:208} INFO - Processing /home/airflow/.local/lib/python3.12/site-packages/airflow/example_dags/example_skip_dag.py took 0.075 seconds
[2024-10-06T19:17:04.977+0000] {processor.py:186} INFO - Started process (PID=4994) to work on /home/airflow/.local/lib/python3.12/site-packages/airflow/example_dags/example_skip_dag.py
[2024-10-06T19:17:04.978+0000] {processor.py:914} INFO - Processing file /home/airflow/.local/lib/python3.12/site-packages/airflow/example_dags/example_skip_dag.py for tasks to queue
[2024-10-06T19:17:04.981+0000] {logging_mixin.py:190} INFO - [2024-10-06T19:17:04.980+0000] {dagbag.py:588} INFO - Filling up the DagBag from /home/airflow/.local/lib/python3.12/site-packages/airflow/example_dags/example_skip_dag.py
[2024-10-06T19:17:04.987+0000] {processor.py:925} INFO - DAG(s) 'example_skip_dag' retrieved from /home/airflow/.local/lib/python3.12/site-packages/airflow/example_dags/example_skip_dag.py
[2024-10-06T19:17:05.005+0000] {logging_mixin.py:190} INFO - [2024-10-06T19:17:05.005+0000] {dag.py:3239} INFO - Sync 1 DAGs
[2024-10-06T19:17:05.028+0000] {logging_mixin.py:190} INFO - [2024-10-06T19:17:05.027+0000] {dag.py:4180} INFO - Setting next_dagrun for example_skip_dag to 2024-10-05 00:00:00+00:00, run_after=2024-10-06 00:00:00+00:00
[2024-10-06T19:17:05.045+0000] {processor.py:208} INFO - Processing /home/airflow/.local/lib/python3.12/site-packages/airflow/example_dags/example_skip_dag.py took 0.072 seconds
[2024-10-06T19:17:35.378+0000] {processor.py:186} INFO - Started process (PID=5285) to work on /home/airflow/.local/lib/python3.12/site-packages/airflow/example_dags/example_skip_dag.py
[2024-10-06T19:17:35.378+0000] {processor.py:914} INFO - Processing file /home/airflow/.local/lib/python3.12/site-packages/airflow/example_dags/example_skip_dag.py for tasks to queue
[2024-10-06T19:17:35.380+0000] {logging_mixin.py:190} INFO - [2024-10-06T19:17:35.380+0000] {dagbag.py:588} INFO - Filling up the DagBag from /home/airflow/.local/lib/python3.12/site-packages/airflow/example_dags/example_skip_dag.py
[2024-10-06T19:17:35.387+0000] {processor.py:925} INFO - DAG(s) 'example_skip_dag' retrieved from /home/airflow/.local/lib/python3.12/site-packages/airflow/example_dags/example_skip_dag.py
[2024-10-06T19:17:35.404+0000] {logging_mixin.py:190} INFO - [2024-10-06T19:17:35.404+0000] {dag.py:3239} INFO - Sync 1 DAGs
[2024-10-06T19:17:35.426+0000] {logging_mixin.py:190} INFO - [2024-10-06T19:17:35.426+0000] {dag.py:4180} INFO - Setting next_dagrun for example_skip_dag to 2024-10-05 00:00:00+00:00, run_after=2024-10-06 00:00:00+00:00
[2024-10-06T19:17:35.442+0000] {processor.py:208} INFO - Processing /home/airflow/.local/lib/python3.12/site-packages/airflow/example_dags/example_skip_dag.py took 0.069 seconds
[2024-10-06T19:18:05.690+0000] {processor.py:186} INFO - Started process (PID=5576) to work on /home/airflow/.local/lib/python3.12/site-packages/airflow/example_dags/example_skip_dag.py
[2024-10-06T19:18:05.691+0000] {processor.py:914} INFO - Processing file /home/airflow/.local/lib/python3.12/site-packages/airflow/example_dags/example_skip_dag.py for tasks to queue
[2024-10-06T19:18:05.693+0000] {logging_mixin.py:190} INFO - [2024-10-06T19:18:05.692+0000] {dagbag.py:588} INFO - Filling up the DagBag from /home/airflow/.local/lib/python3.12/site-packages/airflow/example_dags/example_skip_dag.py
[2024-10-06T19:18:05.699+0000] {processor.py:925} INFO - DAG(s) 'example_skip_dag' retrieved from /home/airflow/.local/lib/python3.12/site-packages/airflow/example_dags/example_skip_dag.py
[2024-10-06T19:18:05.717+0000] {logging_mixin.py:190} INFO - [2024-10-06T19:18:05.717+0000] {dag.py:3239} INFO - Sync 1 DAGs
[2024-10-06T19:18:05.738+0000] {logging_mixin.py:190} INFO - [2024-10-06T19:18:05.738+0000] {dag.py:4180} INFO - Setting next_dagrun for example_skip_dag to 2024-10-05 00:00:00+00:00, run_after=2024-10-06 00:00:00+00:00
[2024-10-06T19:18:05.757+0000] {processor.py:208} INFO - Processing /home/airflow/.local/lib/python3.12/site-packages/airflow/example_dags/example_skip_dag.py took 0.071 seconds
[2024-10-06T19:18:35.958+0000] {processor.py:186} INFO - Started process (PID=5873) to work on /home/airflow/.local/lib/python3.12/site-packages/airflow/example_dags/example_skip_dag.py
[2024-10-06T19:18:35.959+0000] {processor.py:914} INFO - Processing file /home/airflow/.local/lib/python3.12/site-packages/airflow/example_dags/example_skip_dag.py for tasks to queue
[2024-10-06T19:18:35.961+0000] {logging_mixin.py:190} INFO - [2024-10-06T19:18:35.961+0000] {dagbag.py:588} INFO - Filling up the DagBag from /home/airflow/.local/lib/python3.12/site-packages/airflow/example_dags/example_skip_dag.py
[2024-10-06T19:18:35.967+0000] {processor.py:925} INFO - DAG(s) 'example_skip_dag' retrieved from /home/airflow/.local/lib/python3.12/site-packages/airflow/example_dags/example_skip_dag.py
[2024-10-06T19:18:35.986+0000] {logging_mixin.py:190} INFO - [2024-10-06T19:18:35.986+0000] {dag.py:3239} INFO - Sync 1 DAGs
[2024-10-06T19:18:36.008+0000] {logging_mixin.py:190} INFO - [2024-10-06T19:18:36.008+0000] {dag.py:4180} INFO - Setting next_dagrun for example_skip_dag to 2024-10-05 00:00:00+00:00, run_after=2024-10-06 00:00:00+00:00
[2024-10-06T19:18:36.026+0000] {processor.py:208} INFO - Processing /home/airflow/.local/lib/python3.12/site-packages/airflow/example_dags/example_skip_dag.py took 0.072 seconds
[2024-10-06T19:19:06.286+0000] {processor.py:186} INFO - Started process (PID=6169) to work on /home/airflow/.local/lib/python3.12/site-packages/airflow/example_dags/example_skip_dag.py
[2024-10-06T19:19:06.288+0000] {processor.py:914} INFO - Processing file /home/airflow/.local/lib/python3.12/site-packages/airflow/example_dags/example_skip_dag.py for tasks to queue
[2024-10-06T19:19:06.290+0000] {logging_mixin.py:190} INFO - [2024-10-06T19:19:06.290+0000] {dagbag.py:588} INFO - Filling up the DagBag from /home/airflow/.local/lib/python3.12/site-packages/airflow/example_dags/example_skip_dag.py
[2024-10-06T19:19:06.296+0000] {processor.py:925} INFO - DAG(s) 'example_skip_dag' retrieved from /home/airflow/.local/lib/python3.12/site-packages/airflow/example_dags/example_skip_dag.py
[2024-10-06T19:19:06.316+0000] {logging_mixin.py:190} INFO - [2024-10-06T19:19:06.315+0000] {dag.py:3239} INFO - Sync 1 DAGs
[2024-10-06T19:19:06.344+0000] {logging_mixin.py:190} INFO - [2024-10-06T19:19:06.344+0000] {dag.py:4180} INFO - Setting next_dagrun for example_skip_dag to 2024-10-05 00:00:00+00:00, run_after=2024-10-06 00:00:00+00:00
[2024-10-06T19:19:06.365+0000] {processor.py:208} INFO - Processing /home/airflow/.local/lib/python3.12/site-packages/airflow/example_dags/example_skip_dag.py took 0.084 seconds
[2024-10-06T19:19:36.589+0000] {processor.py:186} INFO - Started process (PID=6460) to work on /home/airflow/.local/lib/python3.12/site-packages/airflow/example_dags/example_skip_dag.py
[2024-10-06T19:19:36.590+0000] {processor.py:914} INFO - Processing file /home/airflow/.local/lib/python3.12/site-packages/airflow/example_dags/example_skip_dag.py for tasks to queue
[2024-10-06T19:19:36.591+0000] {logging_mixin.py:190} INFO - [2024-10-06T19:19:36.591+0000] {dagbag.py:588} INFO - Filling up the DagBag from /home/airflow/.local/lib/python3.12/site-packages/airflow/example_dags/example_skip_dag.py
[2024-10-06T19:19:36.597+0000] {processor.py:925} INFO - DAG(s) 'example_skip_dag' retrieved from /home/airflow/.local/lib/python3.12/site-packages/airflow/example_dags/example_skip_dag.py
[2024-10-06T19:19:36.614+0000] {logging_mixin.py:190} INFO - [2024-10-06T19:19:36.613+0000] {dag.py:3239} INFO - Sync 1 DAGs
[2024-10-06T19:19:36.636+0000] {logging_mixin.py:190} INFO - [2024-10-06T19:19:36.636+0000] {dag.py:4180} INFO - Setting next_dagrun for example_skip_dag to 2024-10-05 00:00:00+00:00, run_after=2024-10-06 00:00:00+00:00
[2024-10-06T19:19:36.652+0000] {processor.py:208} INFO - Processing /home/airflow/.local/lib/python3.12/site-packages/airflow/example_dags/example_skip_dag.py took 0.067 seconds
[2024-10-06T19:20:06.952+0000] {processor.py:186} INFO - Started process (PID=6751) to work on /home/airflow/.local/lib/python3.12/site-packages/airflow/example_dags/example_skip_dag.py
[2024-10-06T19:20:06.953+0000] {processor.py:914} INFO - Processing file /home/airflow/.local/lib/python3.12/site-packages/airflow/example_dags/example_skip_dag.py for tasks to queue
[2024-10-06T19:20:06.955+0000] {logging_mixin.py:190} INFO - [2024-10-06T19:20:06.954+0000] {dagbag.py:588} INFO - Filling up the DagBag from /home/airflow/.local/lib/python3.12/site-packages/airflow/example_dags/example_skip_dag.py
[2024-10-06T19:20:06.961+0000] {processor.py:925} INFO - DAG(s) 'example_skip_dag' retrieved from /home/airflow/.local/lib/python3.12/site-packages/airflow/example_dags/example_skip_dag.py
[2024-10-06T19:20:06.980+0000] {logging_mixin.py:190} INFO - [2024-10-06T19:20:06.980+0000] {dag.py:3239} INFO - Sync 1 DAGs
[2024-10-06T19:20:07.000+0000] {logging_mixin.py:190} INFO - [2024-10-06T19:20:07.000+0000] {dag.py:4180} INFO - Setting next_dagrun for example_skip_dag to 2024-10-05 00:00:00+00:00, run_after=2024-10-06 00:00:00+00:00
[2024-10-06T19:20:07.019+0000] {processor.py:208} INFO - Processing /home/airflow/.local/lib/python3.12/site-packages/airflow/example_dags/example_skip_dag.py took 0.070 seconds
[2024-10-06T19:20:37.328+0000] {processor.py:186} INFO - Started process (PID=7042) to work on /home/airflow/.local/lib/python3.12/site-packages/airflow/example_dags/example_skip_dag.py
[2024-10-06T19:20:37.329+0000] {processor.py:914} INFO - Processing file /home/airflow/.local/lib/python3.12/site-packages/airflow/example_dags/example_skip_dag.py for tasks to queue
[2024-10-06T19:20:37.331+0000] {logging_mixin.py:190} INFO - [2024-10-06T19:20:37.331+0000] {dagbag.py:588} INFO - Filling up the DagBag from /home/airflow/.local/lib/python3.12/site-packages/airflow/example_dags/example_skip_dag.py
[2024-10-06T19:20:37.337+0000] {processor.py:925} INFO - DAG(s) 'example_skip_dag' retrieved from /home/airflow/.local/lib/python3.12/site-packages/airflow/example_dags/example_skip_dag.py
[2024-10-06T19:20:37.355+0000] {logging_mixin.py:190} INFO - [2024-10-06T19:20:37.354+0000] {dag.py:3239} INFO - Sync 1 DAGs
[2024-10-06T19:20:37.375+0000] {logging_mixin.py:190} INFO - [2024-10-06T19:20:37.375+0000] {dag.py:4180} INFO - Setting next_dagrun for example_skip_dag to 2024-10-05 00:00:00+00:00, run_after=2024-10-06 00:00:00+00:00
[2024-10-06T19:20:37.392+0000] {processor.py:208} INFO - Processing /home/airflow/.local/lib/python3.12/site-packages/airflow/example_dags/example_skip_dag.py took 0.067 seconds
[2024-10-06T19:21:07.685+0000] {processor.py:186} INFO - Started process (PID=7333) to work on /home/airflow/.local/lib/python3.12/site-packages/airflow/example_dags/example_skip_dag.py
[2024-10-06T19:21:07.686+0000] {processor.py:914} INFO - Processing file /home/airflow/.local/lib/python3.12/site-packages/airflow/example_dags/example_skip_dag.py for tasks to queue
[2024-10-06T19:21:07.688+0000] {logging_mixin.py:190} INFO - [2024-10-06T19:21:07.688+0000] {dagbag.py:588} INFO - Filling up the DagBag from /home/airflow/.local/lib/python3.12/site-packages/airflow/example_dags/example_skip_dag.py
[2024-10-06T19:21:07.695+0000] {processor.py:925} INFO - DAG(s) 'example_skip_dag' retrieved from /home/airflow/.local/lib/python3.12/site-packages/airflow/example_dags/example_skip_dag.py
[2024-10-06T19:21:07.713+0000] {logging_mixin.py:190} INFO - [2024-10-06T19:21:07.713+0000] {dag.py:3239} INFO - Sync 1 DAGs
[2024-10-06T19:21:07.734+0000] {logging_mixin.py:190} INFO - [2024-10-06T19:21:07.734+0000] {dag.py:4180} INFO - Setting next_dagrun for example_skip_dag to 2024-10-05 00:00:00+00:00, run_after=2024-10-06 00:00:00+00:00
[2024-10-06T19:21:07.750+0000] {processor.py:208} INFO - Processing /home/airflow/.local/lib/python3.12/site-packages/airflow/example_dags/example_skip_dag.py took 0.069 seconds
[2024-10-06T19:21:38.205+0000] {processor.py:186} INFO - Started process (PID=7629) to work on /home/airflow/.local/lib/python3.12/site-packages/airflow/example_dags/example_skip_dag.py
[2024-10-06T19:21:38.206+0000] {processor.py:914} INFO - Processing file /home/airflow/.local/lib/python3.12/site-packages/airflow/example_dags/example_skip_dag.py for tasks to queue
[2024-10-06T19:21:38.207+0000] {logging_mixin.py:190} INFO - [2024-10-06T19:21:38.207+0000] {dagbag.py:588} INFO - Filling up the DagBag from /home/airflow/.local/lib/python3.12/site-packages/airflow/example_dags/example_skip_dag.py
[2024-10-06T19:21:38.213+0000] {processor.py:925} INFO - DAG(s) 'example_skip_dag' retrieved from /home/airflow/.local/lib/python3.12/site-packages/airflow/example_dags/example_skip_dag.py
[2024-10-06T19:21:38.232+0000] {logging_mixin.py:190} INFO - [2024-10-06T19:21:38.231+0000] {dag.py:3239} INFO - Sync 1 DAGs
[2024-10-06T19:21:38.253+0000] {logging_mixin.py:190} INFO - [2024-10-06T19:21:38.253+0000] {dag.py:4180} INFO - Setting next_dagrun for example_skip_dag to 2024-10-05 00:00:00+00:00, run_after=2024-10-06 00:00:00+00:00
[2024-10-06T19:21:38.271+0000] {processor.py:208} INFO - Processing /home/airflow/.local/lib/python3.12/site-packages/airflow/example_dags/example_skip_dag.py took 0.070 seconds
