[2024-10-06T19:08:55.661+0000] {processor.py:186} INFO - Started process (PID=284) to work on /home/airflow/.local/lib/python3.12/site-packages/airflow/example_dags/example_xcomargs.py
[2024-10-06T19:08:55.662+0000] {processor.py:914} INFO - Processing file /home/airflow/.local/lib/python3.12/site-packages/airflow/example_dags/example_xcomargs.py for tasks to queue
[2024-10-06T19:08:55.664+0000] {logging_mixin.py:190} INFO - [2024-10-06T19:08:55.664+0000] {dagbag.py:588} INFO - Filling up the DagBag from /home/airflow/.local/lib/python3.12/site-packages/airflow/example_dags/example_xcomargs.py
[2024-10-06T19:08:55.674+0000] {processor.py:925} INFO - DAG(s) 'example_xcom_args_with_operators', 'example_xcom_args' retrieved from /home/airflow/.local/lib/python3.12/site-packages/airflow/example_dags/example_xcomargs.py
[2024-10-06T19:08:55.781+0000] {logging_mixin.py:190} INFO - [2024-10-06T19:08:55.780+0000] {override.py:1900} INFO - Created Permission View: can delete on DAG:example_xcom_args_with_operators
[2024-10-06T19:08:55.792+0000] {logging_mixin.py:190} INFO - [2024-10-06T19:08:55.791+0000] {override.py:1900} INFO - Created Permission View: can edit on DAG:example_xcom_args_with_operators
[2024-10-06T19:08:55.798+0000] {logging_mixin.py:190} INFO - [2024-10-06T19:08:55.797+0000] {override.py:1900} INFO - Created Permission View: can read on DAG:example_xcom_args_with_operators
[2024-10-06T19:08:55.806+0000] {logging_mixin.py:190} INFO - [2024-10-06T19:08:55.805+0000] {override.py:1900} INFO - Created Permission View: can delete on DAG Run:example_xcom_args_with_operators
[2024-10-06T19:08:55.814+0000] {logging_mixin.py:190} INFO - [2024-10-06T19:08:55.813+0000] {override.py:1900} INFO - Created Permission View: can create on DAG Run:example_xcom_args_with_operators
[2024-10-06T19:08:55.822+0000] {logging_mixin.py:190} INFO - [2024-10-06T19:08:55.822+0000] {override.py:1900} INFO - Created Permission View: can read on DAG Run:example_xcom_args_with_operators
[2024-10-06T19:08:55.829+0000] {logging_mixin.py:190} INFO - [2024-10-06T19:08:55.829+0000] {override.py:1900} INFO - Created Permission View: menu access on DAG Run:example_xcom_args_with_operators
[2024-10-06T19:08:55.844+0000] {logging_mixin.py:190} INFO - [2024-10-06T19:08:55.844+0000] {override.py:1900} INFO - Created Permission View: can delete on DAG:example_xcom_args
[2024-10-06T19:08:55.852+0000] {logging_mixin.py:190} INFO - [2024-10-06T19:08:55.852+0000] {override.py:1900} INFO - Created Permission View: can edit on DAG:example_xcom_args
[2024-10-06T19:08:55.859+0000] {logging_mixin.py:190} INFO - [2024-10-06T19:08:55.859+0000] {override.py:1900} INFO - Created Permission View: can read on DAG:example_xcom_args
[2024-10-06T19:08:55.868+0000] {logging_mixin.py:190} INFO - [2024-10-06T19:08:55.867+0000] {override.py:1900} INFO - Created Permission View: can delete on DAG Run:example_xcom_args
[2024-10-06T19:08:55.876+0000] {logging_mixin.py:190} INFO - [2024-10-06T19:08:55.875+0000] {override.py:1900} INFO - Created Permission View: can create on DAG Run:example_xcom_args
[2024-10-06T19:08:55.884+0000] {logging_mixin.py:190} INFO - [2024-10-06T19:08:55.883+0000] {override.py:1900} INFO - Created Permission View: can read on DAG Run:example_xcom_args
[2024-10-06T19:08:55.892+0000] {logging_mixin.py:190} INFO - [2024-10-06T19:08:55.891+0000] {override.py:1900} INFO - Created Permission View: menu access on DAG Run:example_xcom_args
[2024-10-06T19:08:55.893+0000] {logging_mixin.py:190} INFO - [2024-10-06T19:08:55.892+0000] {dag.py:3239} INFO - Sync 2 DAGs
[2024-10-06T19:08:55.905+0000] {logging_mixin.py:190} INFO - [2024-10-06T19:08:55.905+0000] {dag.py:3262} INFO - Creating ORM DAG for example_xcom_args
[2024-10-06T19:08:55.906+0000] {logging_mixin.py:190} INFO - [2024-10-06T19:08:55.906+0000] {dag.py:3262} INFO - Creating ORM DAG for example_xcom_args_with_operators
[2024-10-06T19:08:55.907+0000] {logging_mixin.py:190} INFO - [2024-10-06T19:08:55.907+0000] {dag.py:4180} INFO - Setting next_dagrun for example_xcom_args to None, run_after=None
[2024-10-06T19:08:55.908+0000] {logging_mixin.py:190} INFO - [2024-10-06T19:08:55.907+0000] {dag.py:4180} INFO - Setting next_dagrun for example_xcom_args_with_operators to None, run_after=None
[2024-10-06T19:08:55.924+0000] {processor.py:208} INFO - Processing /home/airflow/.local/lib/python3.12/site-packages/airflow/example_dags/example_xcomargs.py took 0.268 seconds
[2024-10-06T19:09:26.005+0000] {processor.py:186} INFO - Started process (PID=570) to work on /home/airflow/.local/lib/python3.12/site-packages/airflow/example_dags/example_xcomargs.py
[2024-10-06T19:09:26.006+0000] {processor.py:914} INFO - Processing file /home/airflow/.local/lib/python3.12/site-packages/airflow/example_dags/example_xcomargs.py for tasks to queue
[2024-10-06T19:09:26.007+0000] {logging_mixin.py:190} INFO - [2024-10-06T19:09:26.007+0000] {dagbag.py:588} INFO - Filling up the DagBag from /home/airflow/.local/lib/python3.12/site-packages/airflow/example_dags/example_xcomargs.py
[2024-10-06T19:09:26.016+0000] {processor.py:925} INFO - DAG(s) 'example_xcom_args_with_operators', 'example_xcom_args' retrieved from /home/airflow/.local/lib/python3.12/site-packages/airflow/example_dags/example_xcomargs.py
[2024-10-06T19:09:26.041+0000] {logging_mixin.py:190} INFO - [2024-10-06T19:09:26.041+0000] {dag.py:3239} INFO - Sync 2 DAGs
[2024-10-06T19:09:26.055+0000] {logging_mixin.py:190} INFO - [2024-10-06T19:09:26.055+0000] {dag.py:4180} INFO - Setting next_dagrun for example_xcom_args to None, run_after=None
[2024-10-06T19:09:26.060+0000] {logging_mixin.py:190} INFO - [2024-10-06T19:09:26.059+0000] {dag.py:4180} INFO - Setting next_dagrun for example_xcom_args_with_operators to None, run_after=None
[2024-10-06T19:09:26.078+0000] {processor.py:208} INFO - Processing /home/airflow/.local/lib/python3.12/site-packages/airflow/example_dags/example_xcomargs.py took 0.078 seconds
[2024-10-06T19:09:56.201+0000] {processor.py:186} INFO - Started process (PID=856) to work on /home/airflow/.local/lib/python3.12/site-packages/airflow/example_dags/example_xcomargs.py
[2024-10-06T19:09:56.202+0000] {processor.py:914} INFO - Processing file /home/airflow/.local/lib/python3.12/site-packages/airflow/example_dags/example_xcomargs.py for tasks to queue
[2024-10-06T19:09:56.204+0000] {logging_mixin.py:190} INFO - [2024-10-06T19:09:56.204+0000] {dagbag.py:588} INFO - Filling up the DagBag from /home/airflow/.local/lib/python3.12/site-packages/airflow/example_dags/example_xcomargs.py
[2024-10-06T19:09:56.214+0000] {processor.py:925} INFO - DAG(s) 'example_xcom_args', 'example_xcom_args_with_operators' retrieved from /home/airflow/.local/lib/python3.12/site-packages/airflow/example_dags/example_xcomargs.py
[2024-10-06T19:09:56.237+0000] {logging_mixin.py:190} INFO - [2024-10-06T19:09:56.237+0000] {dag.py:3239} INFO - Sync 2 DAGs
[2024-10-06T19:09:56.251+0000] {logging_mixin.py:190} INFO - [2024-10-06T19:09:56.251+0000] {dag.py:4180} INFO - Setting next_dagrun for example_xcom_args to None, run_after=None
[2024-10-06T19:09:56.255+0000] {logging_mixin.py:190} INFO - [2024-10-06T19:09:56.255+0000] {dag.py:4180} INFO - Setting next_dagrun for example_xcom_args_with_operators to None, run_after=None
[2024-10-06T19:09:56.273+0000] {processor.py:208} INFO - Processing /home/airflow/.local/lib/python3.12/site-packages/airflow/example_dags/example_xcomargs.py took 0.078 seconds
[2024-10-06T19:10:26.520+0000] {processor.py:186} INFO - Started process (PID=1142) to work on /home/airflow/.local/lib/python3.12/site-packages/airflow/example_dags/example_xcomargs.py
[2024-10-06T19:10:26.521+0000] {processor.py:914} INFO - Processing file /home/airflow/.local/lib/python3.12/site-packages/airflow/example_dags/example_xcomargs.py for tasks to queue
[2024-10-06T19:10:26.523+0000] {logging_mixin.py:190} INFO - [2024-10-06T19:10:26.523+0000] {dagbag.py:588} INFO - Filling up the DagBag from /home/airflow/.local/lib/python3.12/site-packages/airflow/example_dags/example_xcomargs.py
[2024-10-06T19:10:26.532+0000] {processor.py:925} INFO - DAG(s) 'example_xcom_args', 'example_xcom_args_with_operators' retrieved from /home/airflow/.local/lib/python3.12/site-packages/airflow/example_dags/example_xcomargs.py
[2024-10-06T19:10:26.554+0000] {logging_mixin.py:190} INFO - [2024-10-06T19:10:26.554+0000] {dag.py:3239} INFO - Sync 2 DAGs
[2024-10-06T19:10:26.568+0000] {logging_mixin.py:190} INFO - [2024-10-06T19:10:26.568+0000] {dag.py:4180} INFO - Setting next_dagrun for example_xcom_args to None, run_after=None
[2024-10-06T19:10:26.574+0000] {logging_mixin.py:190} INFO - [2024-10-06T19:10:26.573+0000] {dag.py:4180} INFO - Setting next_dagrun for example_xcom_args_with_operators to None, run_after=None
[2024-10-06T19:10:26.592+0000] {processor.py:208} INFO - Processing /home/airflow/.local/lib/python3.12/site-packages/airflow/example_dags/example_xcomargs.py took 0.076 seconds
[2024-10-06T19:10:57.018+0000] {processor.py:186} INFO - Started process (PID=1452) to work on /home/airflow/.local/lib/python3.12/site-packages/airflow/example_dags/example_xcomargs.py
[2024-10-06T19:10:57.019+0000] {processor.py:914} INFO - Processing file /home/airflow/.local/lib/python3.12/site-packages/airflow/example_dags/example_xcomargs.py for tasks to queue
[2024-10-06T19:10:57.021+0000] {logging_mixin.py:190} INFO - [2024-10-06T19:10:57.021+0000] {dagbag.py:588} INFO - Filling up the DagBag from /home/airflow/.local/lib/python3.12/site-packages/airflow/example_dags/example_xcomargs.py
[2024-10-06T19:10:57.028+0000] {processor.py:925} INFO - DAG(s) 'example_xcom_args', 'example_xcom_args_with_operators' retrieved from /home/airflow/.local/lib/python3.12/site-packages/airflow/example_dags/example_xcomargs.py
[2024-10-06T19:10:57.048+0000] {logging_mixin.py:190} INFO - [2024-10-06T19:10:57.047+0000] {dag.py:3239} INFO - Sync 2 DAGs
[2024-10-06T19:10:57.060+0000] {logging_mixin.py:190} INFO - [2024-10-06T19:10:57.060+0000] {dag.py:4180} INFO - Setting next_dagrun for example_xcom_args to None, run_after=None
[2024-10-06T19:10:57.064+0000] {logging_mixin.py:190} INFO - [2024-10-06T19:10:57.063+0000] {dag.py:4180} INFO - Setting next_dagrun for example_xcom_args_with_operators to None, run_after=None
[2024-10-06T19:10:57.076+0000] {processor.py:208} INFO - Processing /home/airflow/.local/lib/python3.12/site-packages/airflow/example_dags/example_xcomargs.py took 0.062 seconds
[2024-10-06T19:11:27.364+0000] {processor.py:186} INFO - Started process (PID=1738) to work on /home/airflow/.local/lib/python3.12/site-packages/airflow/example_dags/example_xcomargs.py
[2024-10-06T19:11:27.365+0000] {processor.py:914} INFO - Processing file /home/airflow/.local/lib/python3.12/site-packages/airflow/example_dags/example_xcomargs.py for tasks to queue
[2024-10-06T19:11:27.367+0000] {logging_mixin.py:190} INFO - [2024-10-06T19:11:27.367+0000] {dagbag.py:588} INFO - Filling up the DagBag from /home/airflow/.local/lib/python3.12/site-packages/airflow/example_dags/example_xcomargs.py
[2024-10-06T19:11:27.376+0000] {processor.py:925} INFO - DAG(s) 'example_xcom_args', 'example_xcom_args_with_operators' retrieved from /home/airflow/.local/lib/python3.12/site-packages/airflow/example_dags/example_xcomargs.py
[2024-10-06T19:11:27.396+0000] {logging_mixin.py:190} INFO - [2024-10-06T19:11:27.396+0000] {dag.py:3239} INFO - Sync 2 DAGs
[2024-10-06T19:11:27.410+0000] {logging_mixin.py:190} INFO - [2024-10-06T19:11:27.410+0000] {dag.py:4180} INFO - Setting next_dagrun for example_xcom_args to None, run_after=None
[2024-10-06T19:11:27.414+0000] {logging_mixin.py:190} INFO - [2024-10-06T19:11:27.414+0000] {dag.py:4180} INFO - Setting next_dagrun for example_xcom_args_with_operators to None, run_after=None
[2024-10-06T19:11:27.431+0000] {processor.py:208} INFO - Processing /home/airflow/.local/lib/python3.12/site-packages/airflow/example_dags/example_xcomargs.py took 0.072 seconds
[2024-10-06T19:11:57.758+0000] {processor.py:186} INFO - Started process (PID=2024) to work on /home/airflow/.local/lib/python3.12/site-packages/airflow/example_dags/example_xcomargs.py
[2024-10-06T19:11:57.759+0000] {processor.py:914} INFO - Processing file /home/airflow/.local/lib/python3.12/site-packages/airflow/example_dags/example_xcomargs.py for tasks to queue
[2024-10-06T19:11:57.761+0000] {logging_mixin.py:190} INFO - [2024-10-06T19:11:57.761+0000] {dagbag.py:588} INFO - Filling up the DagBag from /home/airflow/.local/lib/python3.12/site-packages/airflow/example_dags/example_xcomargs.py
[2024-10-06T19:11:57.769+0000] {processor.py:925} INFO - DAG(s) 'example_xcom_args', 'example_xcom_args_with_operators' retrieved from /home/airflow/.local/lib/python3.12/site-packages/airflow/example_dags/example_xcomargs.py
[2024-10-06T19:11:57.790+0000] {logging_mixin.py:190} INFO - [2024-10-06T19:11:57.790+0000] {dag.py:3239} INFO - Sync 2 DAGs
[2024-10-06T19:11:57.804+0000] {logging_mixin.py:190} INFO - [2024-10-06T19:11:57.804+0000] {dag.py:4180} INFO - Setting next_dagrun for example_xcom_args to None, run_after=None
[2024-10-06T19:11:57.809+0000] {logging_mixin.py:190} INFO - [2024-10-06T19:11:57.809+0000] {dag.py:4180} INFO - Setting next_dagrun for example_xcom_args_with_operators to None, run_after=None
[2024-10-06T19:11:57.826+0000] {processor.py:208} INFO - Processing /home/airflow/.local/lib/python3.12/site-packages/airflow/example_dags/example_xcomargs.py took 0.073 seconds
[2024-10-06T19:12:28.166+0000] {processor.py:186} INFO - Started process (PID=2310) to work on /home/airflow/.local/lib/python3.12/site-packages/airflow/example_dags/example_xcomargs.py
[2024-10-06T19:12:28.167+0000] {processor.py:914} INFO - Processing file /home/airflow/.local/lib/python3.12/site-packages/airflow/example_dags/example_xcomargs.py for tasks to queue
[2024-10-06T19:12:28.169+0000] {logging_mixin.py:190} INFO - [2024-10-06T19:12:28.169+0000] {dagbag.py:588} INFO - Filling up the DagBag from /home/airflow/.local/lib/python3.12/site-packages/airflow/example_dags/example_xcomargs.py
[2024-10-06T19:12:28.178+0000] {processor.py:925} INFO - DAG(s) 'example_xcom_args', 'example_xcom_args_with_operators' retrieved from /home/airflow/.local/lib/python3.12/site-packages/airflow/example_dags/example_xcomargs.py
[2024-10-06T19:12:28.199+0000] {logging_mixin.py:190} INFO - [2024-10-06T19:12:28.199+0000] {dag.py:3239} INFO - Sync 2 DAGs
[2024-10-06T19:12:28.212+0000] {logging_mixin.py:190} INFO - [2024-10-06T19:12:28.212+0000] {dag.py:4180} INFO - Setting next_dagrun for example_xcom_args to None, run_after=None
[2024-10-06T19:12:28.216+0000] {logging_mixin.py:190} INFO - [2024-10-06T19:12:28.216+0000] {dag.py:4180} INFO - Setting next_dagrun for example_xcom_args_with_operators to None, run_after=None
[2024-10-06T19:12:28.233+0000] {processor.py:208} INFO - Processing /home/airflow/.local/lib/python3.12/site-packages/airflow/example_dags/example_xcomargs.py took 0.071 seconds
[2024-10-06T19:12:58.529+0000] {processor.py:186} INFO - Started process (PID=2596) to work on /home/airflow/.local/lib/python3.12/site-packages/airflow/example_dags/example_xcomargs.py
[2024-10-06T19:12:58.530+0000] {processor.py:914} INFO - Processing file /home/airflow/.local/lib/python3.12/site-packages/airflow/example_dags/example_xcomargs.py for tasks to queue
[2024-10-06T19:12:58.532+0000] {logging_mixin.py:190} INFO - [2024-10-06T19:12:58.531+0000] {dagbag.py:588} INFO - Filling up the DagBag from /home/airflow/.local/lib/python3.12/site-packages/airflow/example_dags/example_xcomargs.py
[2024-10-06T19:12:58.541+0000] {processor.py:925} INFO - DAG(s) 'example_xcom_args', 'example_xcom_args_with_operators' retrieved from /home/airflow/.local/lib/python3.12/site-packages/airflow/example_dags/example_xcomargs.py
[2024-10-06T19:12:58.562+0000] {logging_mixin.py:190} INFO - [2024-10-06T19:12:58.562+0000] {dag.py:3239} INFO - Sync 2 DAGs
[2024-10-06T19:12:58.577+0000] {logging_mixin.py:190} INFO - [2024-10-06T19:12:58.576+0000] {dag.py:4180} INFO - Setting next_dagrun for example_xcom_args to None, run_after=None
[2024-10-06T19:12:58.581+0000] {logging_mixin.py:190} INFO - [2024-10-06T19:12:58.580+0000] {dag.py:4180} INFO - Setting next_dagrun for example_xcom_args_with_operators to None, run_after=None
[2024-10-06T19:12:58.599+0000] {processor.py:208} INFO - Processing /home/airflow/.local/lib/python3.12/site-packages/airflow/example_dags/example_xcomargs.py took 0.075 seconds
[2024-10-06T19:13:28.997+0000] {processor.py:186} INFO - Started process (PID=2882) to work on /home/airflow/.local/lib/python3.12/site-packages/airflow/example_dags/example_xcomargs.py
[2024-10-06T19:13:28.998+0000] {processor.py:914} INFO - Processing file /home/airflow/.local/lib/python3.12/site-packages/airflow/example_dags/example_xcomargs.py for tasks to queue
[2024-10-06T19:13:29.000+0000] {logging_mixin.py:190} INFO - [2024-10-06T19:13:28.999+0000] {dagbag.py:588} INFO - Filling up the DagBag from /home/airflow/.local/lib/python3.12/site-packages/airflow/example_dags/example_xcomargs.py
[2024-10-06T19:13:29.008+0000] {processor.py:925} INFO - DAG(s) 'example_xcom_args', 'example_xcom_args_with_operators' retrieved from /home/airflow/.local/lib/python3.12/site-packages/airflow/example_dags/example_xcomargs.py
[2024-10-06T19:13:29.028+0000] {logging_mixin.py:190} INFO - [2024-10-06T19:13:29.027+0000] {dag.py:3239} INFO - Sync 2 DAGs
[2024-10-06T19:13:29.040+0000] {logging_mixin.py:190} INFO - [2024-10-06T19:13:29.039+0000] {dag.py:4180} INFO - Setting next_dagrun for example_xcom_args to None, run_after=None
[2024-10-06T19:13:29.043+0000] {logging_mixin.py:190} INFO - [2024-10-06T19:13:29.043+0000] {dag.py:4180} INFO - Setting next_dagrun for example_xcom_args_with_operators to None, run_after=None
[2024-10-06T19:13:29.059+0000] {processor.py:208} INFO - Processing /home/airflow/.local/lib/python3.12/site-packages/airflow/example_dags/example_xcomargs.py took 0.066 seconds
[2024-10-06T19:13:59.341+0000] {processor.py:186} INFO - Started process (PID=3173) to work on /home/airflow/.local/lib/python3.12/site-packages/airflow/example_dags/example_xcomargs.py
[2024-10-06T19:13:59.342+0000] {processor.py:914} INFO - Processing file /home/airflow/.local/lib/python3.12/site-packages/airflow/example_dags/example_xcomargs.py for tasks to queue
[2024-10-06T19:13:59.344+0000] {logging_mixin.py:190} INFO - [2024-10-06T19:13:59.344+0000] {dagbag.py:588} INFO - Filling up the DagBag from /home/airflow/.local/lib/python3.12/site-packages/airflow/example_dags/example_xcomargs.py
[2024-10-06T19:13:59.353+0000] {processor.py:925} INFO - DAG(s) 'example_xcom_args_with_operators', 'example_xcom_args' retrieved from /home/airflow/.local/lib/python3.12/site-packages/airflow/example_dags/example_xcomargs.py
[2024-10-06T19:13:59.372+0000] {logging_mixin.py:190} INFO - [2024-10-06T19:13:59.372+0000] {dag.py:3239} INFO - Sync 2 DAGs
[2024-10-06T19:13:59.386+0000] {logging_mixin.py:190} INFO - [2024-10-06T19:13:59.386+0000] {dag.py:4180} INFO - Setting next_dagrun for example_xcom_args to None, run_after=None
[2024-10-06T19:13:59.391+0000] {logging_mixin.py:190} INFO - [2024-10-06T19:13:59.390+0000] {dag.py:4180} INFO - Setting next_dagrun for example_xcom_args_with_operators to None, run_after=None
[2024-10-06T19:13:59.408+0000] {processor.py:208} INFO - Processing /home/airflow/.local/lib/python3.12/site-packages/airflow/example_dags/example_xcomargs.py took 0.071 seconds
[2024-10-06T19:14:29.542+0000] {processor.py:186} INFO - Started process (PID=3464) to work on /home/airflow/.local/lib/python3.12/site-packages/airflow/example_dags/example_xcomargs.py
[2024-10-06T19:14:29.543+0000] {processor.py:914} INFO - Processing file /home/airflow/.local/lib/python3.12/site-packages/airflow/example_dags/example_xcomargs.py for tasks to queue
[2024-10-06T19:14:29.545+0000] {logging_mixin.py:190} INFO - [2024-10-06T19:14:29.545+0000] {dagbag.py:588} INFO - Filling up the DagBag from /home/airflow/.local/lib/python3.12/site-packages/airflow/example_dags/example_xcomargs.py
[2024-10-06T19:14:29.553+0000] {processor.py:925} INFO - DAG(s) 'example_xcom_args', 'example_xcom_args_with_operators' retrieved from /home/airflow/.local/lib/python3.12/site-packages/airflow/example_dags/example_xcomargs.py
[2024-10-06T19:14:29.572+0000] {logging_mixin.py:190} INFO - [2024-10-06T19:14:29.572+0000] {dag.py:3239} INFO - Sync 2 DAGs
[2024-10-06T19:14:29.585+0000] {logging_mixin.py:190} INFO - [2024-10-06T19:14:29.585+0000] {dag.py:4180} INFO - Setting next_dagrun for example_xcom_args to None, run_after=None
[2024-10-06T19:14:29.589+0000] {logging_mixin.py:190} INFO - [2024-10-06T19:14:29.588+0000] {dag.py:4180} INFO - Setting next_dagrun for example_xcom_args_with_operators to None, run_after=None
[2024-10-06T19:14:29.604+0000] {processor.py:208} INFO - Processing /home/airflow/.local/lib/python3.12/site-packages/airflow/example_dags/example_xcomargs.py took 0.066 seconds
[2024-10-06T19:14:59.962+0000] {processor.py:186} INFO - Started process (PID=3755) to work on /home/airflow/.local/lib/python3.12/site-packages/airflow/example_dags/example_xcomargs.py
[2024-10-06T19:14:59.963+0000] {processor.py:914} INFO - Processing file /home/airflow/.local/lib/python3.12/site-packages/airflow/example_dags/example_xcomargs.py for tasks to queue
[2024-10-06T19:14:59.964+0000] {logging_mixin.py:190} INFO - [2024-10-06T19:14:59.964+0000] {dagbag.py:588} INFO - Filling up the DagBag from /home/airflow/.local/lib/python3.12/site-packages/airflow/example_dags/example_xcomargs.py
[2024-10-06T19:14:59.972+0000] {processor.py:925} INFO - DAG(s) 'example_xcom_args_with_operators', 'example_xcom_args' retrieved from /home/airflow/.local/lib/python3.12/site-packages/airflow/example_dags/example_xcomargs.py
[2024-10-06T19:14:59.992+0000] {logging_mixin.py:190} INFO - [2024-10-06T19:14:59.992+0000] {dag.py:3239} INFO - Sync 2 DAGs
[2024-10-06T19:15:00.006+0000] {logging_mixin.py:190} INFO - [2024-10-06T19:15:00.005+0000] {dag.py:4180} INFO - Setting next_dagrun for example_xcom_args to None, run_after=None
[2024-10-06T19:15:00.010+0000] {logging_mixin.py:190} INFO - [2024-10-06T19:15:00.010+0000] {dag.py:4180} INFO - Setting next_dagrun for example_xcom_args_with_operators to None, run_after=None
[2024-10-06T19:15:00.027+0000] {processor.py:208} INFO - Processing /home/airflow/.local/lib/python3.12/site-packages/airflow/example_dags/example_xcomargs.py took 0.070 seconds
[2024-10-06T19:15:30.249+0000] {processor.py:186} INFO - Started process (PID=4051) to work on /home/airflow/.local/lib/python3.12/site-packages/airflow/example_dags/example_xcomargs.py
[2024-10-06T19:15:30.250+0000] {processor.py:914} INFO - Processing file /home/airflow/.local/lib/python3.12/site-packages/airflow/example_dags/example_xcomargs.py for tasks to queue
[2024-10-06T19:15:30.252+0000] {logging_mixin.py:190} INFO - [2024-10-06T19:15:30.252+0000] {dagbag.py:588} INFO - Filling up the DagBag from /home/airflow/.local/lib/python3.12/site-packages/airflow/example_dags/example_xcomargs.py
[2024-10-06T19:15:30.260+0000] {processor.py:925} INFO - DAG(s) 'example_xcom_args', 'example_xcom_args_with_operators' retrieved from /home/airflow/.local/lib/python3.12/site-packages/airflow/example_dags/example_xcomargs.py
[2024-10-06T19:15:30.283+0000] {logging_mixin.py:190} INFO - [2024-10-06T19:15:30.282+0000] {dag.py:3239} INFO - Sync 2 DAGs
[2024-10-06T19:15:30.296+0000] {logging_mixin.py:190} INFO - [2024-10-06T19:15:30.296+0000] {dag.py:4180} INFO - Setting next_dagrun for example_xcom_args to None, run_after=None
[2024-10-06T19:15:30.300+0000] {logging_mixin.py:190} INFO - [2024-10-06T19:15:30.300+0000] {dag.py:4180} INFO - Setting next_dagrun for example_xcom_args_with_operators to None, run_after=None
[2024-10-06T19:15:30.318+0000] {processor.py:208} INFO - Processing /home/airflow/.local/lib/python3.12/site-packages/airflow/example_dags/example_xcomargs.py took 0.074 seconds
[2024-10-06T19:16:00.438+0000] {processor.py:186} INFO - Started process (PID=4342) to work on /home/airflow/.local/lib/python3.12/site-packages/airflow/example_dags/example_xcomargs.py
[2024-10-06T19:16:00.439+0000] {processor.py:914} INFO - Processing file /home/airflow/.local/lib/python3.12/site-packages/airflow/example_dags/example_xcomargs.py for tasks to queue
[2024-10-06T19:16:00.440+0000] {logging_mixin.py:190} INFO - [2024-10-06T19:16:00.440+0000] {dagbag.py:588} INFO - Filling up the DagBag from /home/airflow/.local/lib/python3.12/site-packages/airflow/example_dags/example_xcomargs.py
[2024-10-06T19:16:00.448+0000] {processor.py:925} INFO - DAG(s) 'example_xcom_args', 'example_xcom_args_with_operators' retrieved from /home/airflow/.local/lib/python3.12/site-packages/airflow/example_dags/example_xcomargs.py
[2024-10-06T19:16:00.468+0000] {logging_mixin.py:190} INFO - [2024-10-06T19:16:00.468+0000] {dag.py:3239} INFO - Sync 2 DAGs
[2024-10-06T19:16:00.481+0000] {logging_mixin.py:190} INFO - [2024-10-06T19:16:00.481+0000] {dag.py:4180} INFO - Setting next_dagrun for example_xcom_args to None, run_after=None
[2024-10-06T19:16:00.485+0000] {logging_mixin.py:190} INFO - [2024-10-06T19:16:00.485+0000] {dag.py:4180} INFO - Setting next_dagrun for example_xcom_args_with_operators to None, run_after=None
[2024-10-06T19:16:00.508+0000] {processor.py:208} INFO - Processing /home/airflow/.local/lib/python3.12/site-packages/airflow/example_dags/example_xcomargs.py took 0.074 seconds
[2024-10-06T19:16:30.716+0000] {processor.py:186} INFO - Started process (PID=4633) to work on /home/airflow/.local/lib/python3.12/site-packages/airflow/example_dags/example_xcomargs.py
[2024-10-06T19:16:30.717+0000] {processor.py:914} INFO - Processing file /home/airflow/.local/lib/python3.12/site-packages/airflow/example_dags/example_xcomargs.py for tasks to queue
[2024-10-06T19:16:30.718+0000] {logging_mixin.py:190} INFO - [2024-10-06T19:16:30.718+0000] {dagbag.py:588} INFO - Filling up the DagBag from /home/airflow/.local/lib/python3.12/site-packages/airflow/example_dags/example_xcomargs.py
[2024-10-06T19:16:30.726+0000] {processor.py:925} INFO - DAG(s) 'example_xcom_args', 'example_xcom_args_with_operators' retrieved from /home/airflow/.local/lib/python3.12/site-packages/airflow/example_dags/example_xcomargs.py
[2024-10-06T19:16:30.747+0000] {logging_mixin.py:190} INFO - [2024-10-06T19:16:30.746+0000] {dag.py:3239} INFO - Sync 2 DAGs
[2024-10-06T19:16:30.760+0000] {logging_mixin.py:190} INFO - [2024-10-06T19:16:30.760+0000] {dag.py:4180} INFO - Setting next_dagrun for example_xcom_args to None, run_after=None
[2024-10-06T19:16:30.764+0000] {logging_mixin.py:190} INFO - [2024-10-06T19:16:30.763+0000] {dag.py:4180} INFO - Setting next_dagrun for example_xcom_args_with_operators to None, run_after=None
[2024-10-06T19:16:30.780+0000] {processor.py:208} INFO - Processing /home/airflow/.local/lib/python3.12/site-packages/airflow/example_dags/example_xcomargs.py took 0.069 seconds
[2024-10-06T19:17:01.038+0000] {processor.py:186} INFO - Started process (PID=4924) to work on /home/airflow/.local/lib/python3.12/site-packages/airflow/example_dags/example_xcomargs.py
[2024-10-06T19:17:01.039+0000] {processor.py:914} INFO - Processing file /home/airflow/.local/lib/python3.12/site-packages/airflow/example_dags/example_xcomargs.py for tasks to queue
[2024-10-06T19:17:01.041+0000] {logging_mixin.py:190} INFO - [2024-10-06T19:17:01.040+0000] {dagbag.py:588} INFO - Filling up the DagBag from /home/airflow/.local/lib/python3.12/site-packages/airflow/example_dags/example_xcomargs.py
[2024-10-06T19:17:01.048+0000] {processor.py:925} INFO - DAG(s) 'example_xcom_args', 'example_xcom_args_with_operators' retrieved from /home/airflow/.local/lib/python3.12/site-packages/airflow/example_dags/example_xcomargs.py
[2024-10-06T19:17:01.067+0000] {logging_mixin.py:190} INFO - [2024-10-06T19:17:01.066+0000] {dag.py:3239} INFO - Sync 2 DAGs
[2024-10-06T19:17:01.079+0000] {logging_mixin.py:190} INFO - [2024-10-06T19:17:01.078+0000] {dag.py:4180} INFO - Setting next_dagrun for example_xcom_args to None, run_after=None
[2024-10-06T19:17:01.082+0000] {logging_mixin.py:190} INFO - [2024-10-06T19:17:01.082+0000] {dag.py:4180} INFO - Setting next_dagrun for example_xcom_args_with_operators to None, run_after=None
[2024-10-06T19:17:01.098+0000] {processor.py:208} INFO - Processing /home/airflow/.local/lib/python3.12/site-packages/airflow/example_dags/example_xcomargs.py took 0.064 seconds
[2024-10-06T19:17:31.544+0000] {processor.py:186} INFO - Started process (PID=5215) to work on /home/airflow/.local/lib/python3.12/site-packages/airflow/example_dags/example_xcomargs.py
[2024-10-06T19:17:31.545+0000] {processor.py:914} INFO - Processing file /home/airflow/.local/lib/python3.12/site-packages/airflow/example_dags/example_xcomargs.py for tasks to queue
[2024-10-06T19:17:31.547+0000] {logging_mixin.py:190} INFO - [2024-10-06T19:17:31.547+0000] {dagbag.py:588} INFO - Filling up the DagBag from /home/airflow/.local/lib/python3.12/site-packages/airflow/example_dags/example_xcomargs.py
[2024-10-06T19:17:31.556+0000] {processor.py:925} INFO - DAG(s) 'example_xcom_args_with_operators', 'example_xcom_args' retrieved from /home/airflow/.local/lib/python3.12/site-packages/airflow/example_dags/example_xcomargs.py
[2024-10-06T19:17:31.578+0000] {logging_mixin.py:190} INFO - [2024-10-06T19:17:31.578+0000] {dag.py:3239} INFO - Sync 2 DAGs
[2024-10-06T19:17:31.594+0000] {logging_mixin.py:190} INFO - [2024-10-06T19:17:31.594+0000] {dag.py:4180} INFO - Setting next_dagrun for example_xcom_args to None, run_after=None
[2024-10-06T19:17:31.601+0000] {logging_mixin.py:190} INFO - [2024-10-06T19:17:31.600+0000] {dag.py:4180} INFO - Setting next_dagrun for example_xcom_args_with_operators to None, run_after=None
[2024-10-06T19:17:31.624+0000] {processor.py:208} INFO - Processing /home/airflow/.local/lib/python3.12/site-packages/airflow/example_dags/example_xcomargs.py took 0.084 seconds
[2024-10-06T19:18:01.693+0000] {processor.py:186} INFO - Started process (PID=5506) to work on /home/airflow/.local/lib/python3.12/site-packages/airflow/example_dags/example_xcomargs.py
[2024-10-06T19:18:01.694+0000] {processor.py:914} INFO - Processing file /home/airflow/.local/lib/python3.12/site-packages/airflow/example_dags/example_xcomargs.py for tasks to queue
[2024-10-06T19:18:01.696+0000] {logging_mixin.py:190} INFO - [2024-10-06T19:18:01.695+0000] {dagbag.py:588} INFO - Filling up the DagBag from /home/airflow/.local/lib/python3.12/site-packages/airflow/example_dags/example_xcomargs.py
[2024-10-06T19:18:01.702+0000] {processor.py:925} INFO - DAG(s) 'example_xcom_args', 'example_xcom_args_with_operators' retrieved from /home/airflow/.local/lib/python3.12/site-packages/airflow/example_dags/example_xcomargs.py
[2024-10-06T19:18:01.724+0000] {logging_mixin.py:190} INFO - [2024-10-06T19:18:01.724+0000] {dag.py:3239} INFO - Sync 2 DAGs
[2024-10-06T19:18:01.739+0000] {logging_mixin.py:190} INFO - [2024-10-06T19:18:01.739+0000] {dag.py:4180} INFO - Setting next_dagrun for example_xcom_args to None, run_after=None
[2024-10-06T19:18:01.742+0000] {logging_mixin.py:190} INFO - [2024-10-06T19:18:01.742+0000] {dag.py:4180} INFO - Setting next_dagrun for example_xcom_args_with_operators to None, run_after=None
[2024-10-06T19:18:01.758+0000] {processor.py:208} INFO - Processing /home/airflow/.local/lib/python3.12/site-packages/airflow/example_dags/example_xcomargs.py took 0.069 seconds
[2024-10-06T19:18:32.003+0000] {processor.py:186} INFO - Started process (PID=5797) to work on /home/airflow/.local/lib/python3.12/site-packages/airflow/example_dags/example_xcomargs.py
[2024-10-06T19:18:32.004+0000] {processor.py:914} INFO - Processing file /home/airflow/.local/lib/python3.12/site-packages/airflow/example_dags/example_xcomargs.py for tasks to queue
[2024-10-06T19:18:32.006+0000] {logging_mixin.py:190} INFO - [2024-10-06T19:18:32.006+0000] {dagbag.py:588} INFO - Filling up the DagBag from /home/airflow/.local/lib/python3.12/site-packages/airflow/example_dags/example_xcomargs.py
[2024-10-06T19:18:32.014+0000] {processor.py:925} INFO - DAG(s) 'example_xcom_args', 'example_xcom_args_with_operators' retrieved from /home/airflow/.local/lib/python3.12/site-packages/airflow/example_dags/example_xcomargs.py
[2024-10-06T19:18:32.034+0000] {logging_mixin.py:190} INFO - [2024-10-06T19:18:32.034+0000] {dag.py:3239} INFO - Sync 2 DAGs
[2024-10-06T19:18:32.046+0000] {logging_mixin.py:190} INFO - [2024-10-06T19:18:32.046+0000] {dag.py:4180} INFO - Setting next_dagrun for example_xcom_args to None, run_after=None
[2024-10-06T19:18:32.050+0000] {logging_mixin.py:190} INFO - [2024-10-06T19:18:32.049+0000] {dag.py:4180} INFO - Setting next_dagrun for example_xcom_args_with_operators to None, run_after=None
[2024-10-06T19:18:32.065+0000] {processor.py:208} INFO - Processing /home/airflow/.local/lib/python3.12/site-packages/airflow/example_dags/example_xcomargs.py took 0.065 seconds
[2024-10-06T19:19:02.480+0000] {processor.py:186} INFO - Started process (PID=6093) to work on /home/airflow/.local/lib/python3.12/site-packages/airflow/example_dags/example_xcomargs.py
[2024-10-06T19:19:02.480+0000] {processor.py:914} INFO - Processing file /home/airflow/.local/lib/python3.12/site-packages/airflow/example_dags/example_xcomargs.py for tasks to queue
[2024-10-06T19:19:02.482+0000] {logging_mixin.py:190} INFO - [2024-10-06T19:19:02.482+0000] {dagbag.py:588} INFO - Filling up the DagBag from /home/airflow/.local/lib/python3.12/site-packages/airflow/example_dags/example_xcomargs.py
[2024-10-06T19:19:02.491+0000] {processor.py:925} INFO - DAG(s) 'example_xcom_args', 'example_xcom_args_with_operators' retrieved from /home/airflow/.local/lib/python3.12/site-packages/airflow/example_dags/example_xcomargs.py
[2024-10-06T19:19:02.511+0000] {logging_mixin.py:190} INFO - [2024-10-06T19:19:02.511+0000] {dag.py:3239} INFO - Sync 2 DAGs
[2024-10-06T19:19:02.524+0000] {logging_mixin.py:190} INFO - [2024-10-06T19:19:02.523+0000] {dag.py:4180} INFO - Setting next_dagrun for example_xcom_args to None, run_after=None
[2024-10-06T19:19:02.528+0000] {logging_mixin.py:190} INFO - [2024-10-06T19:19:02.527+0000] {dag.py:4180} INFO - Setting next_dagrun for example_xcom_args_with_operators to None, run_after=None
[2024-10-06T19:19:02.543+0000] {processor.py:208} INFO - Processing /home/airflow/.local/lib/python3.12/site-packages/airflow/example_dags/example_xcomargs.py took 0.068 seconds
[2024-10-06T19:19:32.778+0000] {processor.py:186} INFO - Started process (PID=6386) to work on /home/airflow/.local/lib/python3.12/site-packages/airflow/example_dags/example_xcomargs.py
[2024-10-06T19:19:32.778+0000] {processor.py:914} INFO - Processing file /home/airflow/.local/lib/python3.12/site-packages/airflow/example_dags/example_xcomargs.py for tasks to queue
[2024-10-06T19:19:32.780+0000] {logging_mixin.py:190} INFO - [2024-10-06T19:19:32.780+0000] {dagbag.py:588} INFO - Filling up the DagBag from /home/airflow/.local/lib/python3.12/site-packages/airflow/example_dags/example_xcomargs.py
[2024-10-06T19:19:32.788+0000] {processor.py:925} INFO - DAG(s) 'example_xcom_args', 'example_xcom_args_with_operators' retrieved from /home/airflow/.local/lib/python3.12/site-packages/airflow/example_dags/example_xcomargs.py
[2024-10-06T19:19:32.806+0000] {logging_mixin.py:190} INFO - [2024-10-06T19:19:32.806+0000] {dag.py:3239} INFO - Sync 2 DAGs
[2024-10-06T19:19:32.818+0000] {logging_mixin.py:190} INFO - [2024-10-06T19:19:32.818+0000] {dag.py:4180} INFO - Setting next_dagrun for example_xcom_args to None, run_after=None
[2024-10-06T19:19:32.822+0000] {logging_mixin.py:190} INFO - [2024-10-06T19:19:32.822+0000] {dag.py:4180} INFO - Setting next_dagrun for example_xcom_args_with_operators to None, run_after=None
[2024-10-06T19:19:32.837+0000] {processor.py:208} INFO - Processing /home/airflow/.local/lib/python3.12/site-packages/airflow/example_dags/example_xcomargs.py took 0.063 seconds
[2024-10-06T19:20:03.148+0000] {processor.py:186} INFO - Started process (PID=6675) to work on /home/airflow/.local/lib/python3.12/site-packages/airflow/example_dags/example_xcomargs.py
[2024-10-06T19:20:03.149+0000] {processor.py:914} INFO - Processing file /home/airflow/.local/lib/python3.12/site-packages/airflow/example_dags/example_xcomargs.py for tasks to queue
[2024-10-06T19:20:03.151+0000] {logging_mixin.py:190} INFO - [2024-10-06T19:20:03.151+0000] {dagbag.py:588} INFO - Filling up the DagBag from /home/airflow/.local/lib/python3.12/site-packages/airflow/example_dags/example_xcomargs.py
[2024-10-06T19:20:03.160+0000] {processor.py:925} INFO - DAG(s) 'example_xcom_args', 'example_xcom_args_with_operators' retrieved from /home/airflow/.local/lib/python3.12/site-packages/airflow/example_dags/example_xcomargs.py
[2024-10-06T19:20:03.182+0000] {logging_mixin.py:190} INFO - [2024-10-06T19:20:03.182+0000] {dag.py:3239} INFO - Sync 2 DAGs
[2024-10-06T19:20:03.196+0000] {logging_mixin.py:190} INFO - [2024-10-06T19:20:03.196+0000] {dag.py:4180} INFO - Setting next_dagrun for example_xcom_args to None, run_after=None
[2024-10-06T19:20:03.200+0000] {logging_mixin.py:190} INFO - [2024-10-06T19:20:03.200+0000] {dag.py:4180} INFO - Setting next_dagrun for example_xcom_args_with_operators to None, run_after=None
[2024-10-06T19:20:03.219+0000] {processor.py:208} INFO - Processing /home/airflow/.local/lib/python3.12/site-packages/airflow/example_dags/example_xcomargs.py took 0.075 seconds
[2024-10-06T19:20:33.551+0000] {processor.py:186} INFO - Started process (PID=6966) to work on /home/airflow/.local/lib/python3.12/site-packages/airflow/example_dags/example_xcomargs.py
[2024-10-06T19:20:33.551+0000] {processor.py:914} INFO - Processing file /home/airflow/.local/lib/python3.12/site-packages/airflow/example_dags/example_xcomargs.py for tasks to queue
[2024-10-06T19:20:33.553+0000] {logging_mixin.py:190} INFO - [2024-10-06T19:20:33.553+0000] {dagbag.py:588} INFO - Filling up the DagBag from /home/airflow/.local/lib/python3.12/site-packages/airflow/example_dags/example_xcomargs.py
[2024-10-06T19:20:33.561+0000] {processor.py:925} INFO - DAG(s) 'example_xcom_args_with_operators', 'example_xcom_args' retrieved from /home/airflow/.local/lib/python3.12/site-packages/airflow/example_dags/example_xcomargs.py
[2024-10-06T19:20:33.581+0000] {logging_mixin.py:190} INFO - [2024-10-06T19:20:33.581+0000] {dag.py:3239} INFO - Sync 2 DAGs
[2024-10-06T19:20:33.594+0000] {logging_mixin.py:190} INFO - [2024-10-06T19:20:33.594+0000] {dag.py:4180} INFO - Setting next_dagrun for example_xcom_args to None, run_after=None
[2024-10-06T19:20:33.598+0000] {logging_mixin.py:190} INFO - [2024-10-06T19:20:33.598+0000] {dag.py:4180} INFO - Setting next_dagrun for example_xcom_args_with_operators to None, run_after=None
[2024-10-06T19:20:33.615+0000] {processor.py:208} INFO - Processing /home/airflow/.local/lib/python3.12/site-packages/airflow/example_dags/example_xcomargs.py took 0.069 seconds
[2024-10-06T19:21:03.862+0000] {processor.py:186} INFO - Started process (PID=7257) to work on /home/airflow/.local/lib/python3.12/site-packages/airflow/example_dags/example_xcomargs.py
[2024-10-06T19:21:03.863+0000] {processor.py:914} INFO - Processing file /home/airflow/.local/lib/python3.12/site-packages/airflow/example_dags/example_xcomargs.py for tasks to queue
[2024-10-06T19:21:03.865+0000] {logging_mixin.py:190} INFO - [2024-10-06T19:21:03.865+0000] {dagbag.py:588} INFO - Filling up the DagBag from /home/airflow/.local/lib/python3.12/site-packages/airflow/example_dags/example_xcomargs.py
[2024-10-06T19:21:03.874+0000] {processor.py:925} INFO - DAG(s) 'example_xcom_args_with_operators', 'example_xcom_args' retrieved from /home/airflow/.local/lib/python3.12/site-packages/airflow/example_dags/example_xcomargs.py
[2024-10-06T19:21:03.895+0000] {logging_mixin.py:190} INFO - [2024-10-06T19:21:03.895+0000] {dag.py:3239} INFO - Sync 2 DAGs
[2024-10-06T19:21:03.908+0000] {logging_mixin.py:190} INFO - [2024-10-06T19:21:03.907+0000] {dag.py:4180} INFO - Setting next_dagrun for example_xcom_args to None, run_after=None
[2024-10-06T19:21:03.911+0000] {logging_mixin.py:190} INFO - [2024-10-06T19:21:03.911+0000] {dag.py:4180} INFO - Setting next_dagrun for example_xcom_args_with_operators to None, run_after=None
[2024-10-06T19:21:03.927+0000] {processor.py:208} INFO - Processing /home/airflow/.local/lib/python3.12/site-packages/airflow/example_dags/example_xcomargs.py took 0.069 seconds
[2024-10-06T19:21:34.389+0000] {processor.py:186} INFO - Started process (PID=7553) to work on /home/airflow/.local/lib/python3.12/site-packages/airflow/example_dags/example_xcomargs.py
[2024-10-06T19:21:34.390+0000] {processor.py:914} INFO - Processing file /home/airflow/.local/lib/python3.12/site-packages/airflow/example_dags/example_xcomargs.py for tasks to queue
[2024-10-06T19:21:34.393+0000] {logging_mixin.py:190} INFO - [2024-10-06T19:21:34.392+0000] {dagbag.py:588} INFO - Filling up the DagBag from /home/airflow/.local/lib/python3.12/site-packages/airflow/example_dags/example_xcomargs.py
[2024-10-06T19:21:34.403+0000] {processor.py:925} INFO - DAG(s) 'example_xcom_args_with_operators', 'example_xcom_args' retrieved from /home/airflow/.local/lib/python3.12/site-packages/airflow/example_dags/example_xcomargs.py
[2024-10-06T19:21:34.423+0000] {logging_mixin.py:190} INFO - [2024-10-06T19:21:34.423+0000] {dag.py:3239} INFO - Sync 2 DAGs
[2024-10-06T19:21:34.436+0000] {logging_mixin.py:190} INFO - [2024-10-06T19:21:34.436+0000] {dag.py:4180} INFO - Setting next_dagrun for example_xcom_args to None, run_after=None
[2024-10-06T19:21:34.441+0000] {logging_mixin.py:190} INFO - [2024-10-06T19:21:34.441+0000] {dag.py:4180} INFO - Setting next_dagrun for example_xcom_args_with_operators to None, run_after=None
[2024-10-06T19:21:34.457+0000] {processor.py:208} INFO - Processing /home/airflow/.local/lib/python3.12/site-packages/airflow/example_dags/example_xcomargs.py took 0.072 seconds
