[2024-10-06T19:08:55.764+0000] {processor.py:186} INFO - Started process (PID=289) to work on /home/airflow/.local/lib/python3.12/site-packages/airflow/example_dags/example_branch_python_dop_operator_3.py
[2024-10-06T19:08:55.765+0000] {processor.py:914} INFO - Processing file /home/airflow/.local/lib/python3.12/site-packages/airflow/example_dags/example_branch_python_dop_operator_3.py for tasks to queue
[2024-10-06T19:08:55.770+0000] {logging_mixin.py:190} INFO - [2024-10-06T19:08:55.767+0000] {dagbag.py:588} INFO - Filling up the DagBag from /home/airflow/.local/lib/python3.12/site-packages/airflow/example_dags/example_branch_python_dop_operator_3.py
[2024-10-06T19:08:55.782+0000] {processor.py:925} INFO - DAG(s) 'example_branch_dop_operator_v3' retrieved from /home/airflow/.local/lib/python3.12/site-packages/airflow/example_dags/example_branch_python_dop_operator_3.py
[2024-10-06T19:08:55.889+0000] {logging_mixin.py:190} INFO - [2024-10-06T19:08:55.888+0000] {override.py:1900} INFO - Created Permission View: can delete on DAG:example_branch_dop_operator_v3
[2024-10-06T19:08:55.901+0000] {logging_mixin.py:190} INFO - [2024-10-06T19:08:55.901+0000] {override.py:1900} INFO - Created Permission View: can edit on DAG:example_branch_dop_operator_v3
[2024-10-06T19:08:55.909+0000] {logging_mixin.py:190} INFO - [2024-10-06T19:08:55.909+0000] {override.py:1900} INFO - Created Permission View: can read on DAG:example_branch_dop_operator_v3
[2024-10-06T19:08:55.917+0000] {logging_mixin.py:190} INFO - [2024-10-06T19:08:55.917+0000] {override.py:1900} INFO - Created Permission View: can delete on DAG Run:example_branch_dop_operator_v3
[2024-10-06T19:08:55.923+0000] {logging_mixin.py:190} INFO - [2024-10-06T19:08:55.923+0000] {override.py:1900} INFO - Created Permission View: can create on DAG Run:example_branch_dop_operator_v3
[2024-10-06T19:08:55.930+0000] {logging_mixin.py:190} INFO - [2024-10-06T19:08:55.930+0000] {override.py:1900} INFO - Created Permission View: can read on DAG Run:example_branch_dop_operator_v3
[2024-10-06T19:08:55.939+0000] {logging_mixin.py:190} INFO - [2024-10-06T19:08:55.938+0000] {override.py:1900} INFO - Created Permission View: menu access on DAG Run:example_branch_dop_operator_v3
[2024-10-06T19:08:55.940+0000] {logging_mixin.py:190} INFO - [2024-10-06T19:08:55.940+0000] {dag.py:3239} INFO - Sync 1 DAGs
[2024-10-06T19:08:55.953+0000] {logging_mixin.py:190} INFO - [2024-10-06T19:08:55.952+0000] {dag.py:3262} INFO - Creating ORM DAG for example_branch_dop_operator_v3
[2024-10-06T19:08:55.965+0000] {logging_mixin.py:190} INFO - [2024-10-06T19:08:55.965+0000] {dag.py:4180} INFO - Setting next_dagrun for example_branch_dop_operator_v3 to 2024-10-06 19:07:00+00:00, run_after=2024-10-06 19:08:00+00:00
[2024-10-06T19:08:55.985+0000] {processor.py:208} INFO - Processing /home/airflow/.local/lib/python3.12/site-packages/airflow/example_dags/example_branch_python_dop_operator_3.py took 0.225 seconds
[2024-10-06T19:09:26.104+0000] {processor.py:186} INFO - Started process (PID=577) to work on /home/airflow/.local/lib/python3.12/site-packages/airflow/example_dags/example_branch_python_dop_operator_3.py
[2024-10-06T19:09:26.105+0000] {processor.py:914} INFO - Processing file /home/airflow/.local/lib/python3.12/site-packages/airflow/example_dags/example_branch_python_dop_operator_3.py for tasks to queue
[2024-10-06T19:09:26.107+0000] {logging_mixin.py:190} INFO - [2024-10-06T19:09:26.106+0000] {dagbag.py:588} INFO - Filling up the DagBag from /home/airflow/.local/lib/python3.12/site-packages/airflow/example_dags/example_branch_python_dop_operator_3.py
[2024-10-06T19:09:26.115+0000] {processor.py:925} INFO - DAG(s) 'example_branch_dop_operator_v3' retrieved from /home/airflow/.local/lib/python3.12/site-packages/airflow/example_dags/example_branch_python_dop_operator_3.py
[2024-10-06T19:09:26.134+0000] {logging_mixin.py:190} INFO - [2024-10-06T19:09:26.134+0000] {dag.py:3239} INFO - Sync 1 DAGs
[2024-10-06T19:09:26.159+0000] {logging_mixin.py:190} INFO - [2024-10-06T19:09:26.159+0000] {dag.py:4180} INFO - Setting next_dagrun for example_branch_dop_operator_v3 to 2024-10-06 19:08:00+00:00, run_after=2024-10-06 19:09:00+00:00
[2024-10-06T19:09:26.180+0000] {processor.py:208} INFO - Processing /home/airflow/.local/lib/python3.12/site-packages/airflow/example_dags/example_branch_python_dop_operator_3.py took 0.080 seconds
[2024-10-06T19:09:56.300+0000] {processor.py:186} INFO - Started process (PID=863) to work on /home/airflow/.local/lib/python3.12/site-packages/airflow/example_dags/example_branch_python_dop_operator_3.py
[2024-10-06T19:09:56.301+0000] {processor.py:914} INFO - Processing file /home/airflow/.local/lib/python3.12/site-packages/airflow/example_dags/example_branch_python_dop_operator_3.py for tasks to queue
[2024-10-06T19:09:56.304+0000] {logging_mixin.py:190} INFO - [2024-10-06T19:09:56.303+0000] {dagbag.py:588} INFO - Filling up the DagBag from /home/airflow/.local/lib/python3.12/site-packages/airflow/example_dags/example_branch_python_dop_operator_3.py
[2024-10-06T19:09:56.313+0000] {processor.py:925} INFO - DAG(s) 'example_branch_dop_operator_v3' retrieved from /home/airflow/.local/lib/python3.12/site-packages/airflow/example_dags/example_branch_python_dop_operator_3.py
[2024-10-06T19:09:56.332+0000] {logging_mixin.py:190} INFO - [2024-10-06T19:09:56.332+0000] {dag.py:3239} INFO - Sync 1 DAGs
[2024-10-06T19:09:56.370+0000] {logging_mixin.py:190} INFO - [2024-10-06T19:09:56.370+0000] {dag.py:4180} INFO - Setting next_dagrun for example_branch_dop_operator_v3 to 2024-10-06 19:08:00+00:00, run_after=2024-10-06 19:09:00+00:00
[2024-10-06T19:09:56.397+0000] {processor.py:208} INFO - Processing /home/airflow/.local/lib/python3.12/site-packages/airflow/example_dags/example_branch_python_dop_operator_3.py took 0.102 seconds
[2024-10-06T19:10:26.604+0000] {processor.py:186} INFO - Started process (PID=1147) to work on /home/airflow/.local/lib/python3.12/site-packages/airflow/example_dags/example_branch_python_dop_operator_3.py
[2024-10-06T19:10:26.604+0000] {processor.py:914} INFO - Processing file /home/airflow/.local/lib/python3.12/site-packages/airflow/example_dags/example_branch_python_dop_operator_3.py for tasks to queue
[2024-10-06T19:10:26.606+0000] {logging_mixin.py:190} INFO - [2024-10-06T19:10:26.606+0000] {dagbag.py:588} INFO - Filling up the DagBag from /home/airflow/.local/lib/python3.12/site-packages/airflow/example_dags/example_branch_python_dop_operator_3.py
[2024-10-06T19:10:26.614+0000] {processor.py:925} INFO - DAG(s) 'example_branch_dop_operator_v3' retrieved from /home/airflow/.local/lib/python3.12/site-packages/airflow/example_dags/example_branch_python_dop_operator_3.py
[2024-10-06T19:10:26.631+0000] {logging_mixin.py:190} INFO - [2024-10-06T19:10:26.631+0000] {dag.py:3239} INFO - Sync 1 DAGs
[2024-10-06T19:10:26.656+0000] {logging_mixin.py:190} INFO - [2024-10-06T19:10:26.655+0000] {dag.py:4180} INFO - Setting next_dagrun for example_branch_dop_operator_v3 to 2024-10-06 19:09:00+00:00, run_after=2024-10-06 19:10:00+00:00
[2024-10-06T19:10:26.674+0000] {processor.py:208} INFO - Processing /home/airflow/.local/lib/python3.12/site-packages/airflow/example_dags/example_branch_python_dop_operator_3.py took 0.075 seconds
[2024-10-06T19:10:57.100+0000] {processor.py:186} INFO - Started process (PID=1459) to work on /home/airflow/.local/lib/python3.12/site-packages/airflow/example_dags/example_branch_python_dop_operator_3.py
[2024-10-06T19:10:57.101+0000] {processor.py:914} INFO - Processing file /home/airflow/.local/lib/python3.12/site-packages/airflow/example_dags/example_branch_python_dop_operator_3.py for tasks to queue
[2024-10-06T19:10:57.103+0000] {logging_mixin.py:190} INFO - [2024-10-06T19:10:57.102+0000] {dagbag.py:588} INFO - Filling up the DagBag from /home/airflow/.local/lib/python3.12/site-packages/airflow/example_dags/example_branch_python_dop_operator_3.py
[2024-10-06T19:10:57.109+0000] {processor.py:925} INFO - DAG(s) 'example_branch_dop_operator_v3' retrieved from /home/airflow/.local/lib/python3.12/site-packages/airflow/example_dags/example_branch_python_dop_operator_3.py
[2024-10-06T19:10:57.125+0000] {logging_mixin.py:190} INFO - [2024-10-06T19:10:57.125+0000] {dag.py:3239} INFO - Sync 1 DAGs
[2024-10-06T19:10:57.147+0000] {logging_mixin.py:190} INFO - [2024-10-06T19:10:57.146+0000] {dag.py:4180} INFO - Setting next_dagrun for example_branch_dop_operator_v3 to 2024-10-06 19:09:00+00:00, run_after=2024-10-06 19:10:00+00:00
[2024-10-06T19:10:57.163+0000] {processor.py:208} INFO - Processing /home/airflow/.local/lib/python3.12/site-packages/airflow/example_dags/example_branch_python_dop_operator_3.py took 0.066 seconds
[2024-10-06T19:11:27.445+0000] {processor.py:186} INFO - Started process (PID=1743) to work on /home/airflow/.local/lib/python3.12/site-packages/airflow/example_dags/example_branch_python_dop_operator_3.py
[2024-10-06T19:11:27.446+0000] {processor.py:914} INFO - Processing file /home/airflow/.local/lib/python3.12/site-packages/airflow/example_dags/example_branch_python_dop_operator_3.py for tasks to queue
[2024-10-06T19:11:27.448+0000] {logging_mixin.py:190} INFO - [2024-10-06T19:11:27.448+0000] {dagbag.py:588} INFO - Filling up the DagBag from /home/airflow/.local/lib/python3.12/site-packages/airflow/example_dags/example_branch_python_dop_operator_3.py
[2024-10-06T19:11:27.456+0000] {processor.py:925} INFO - DAG(s) 'example_branch_dop_operator_v3' retrieved from /home/airflow/.local/lib/python3.12/site-packages/airflow/example_dags/example_branch_python_dop_operator_3.py
[2024-10-06T19:11:27.476+0000] {logging_mixin.py:190} INFO - [2024-10-06T19:11:27.475+0000] {dag.py:3239} INFO - Sync 1 DAGs
[2024-10-06T19:11:27.500+0000] {logging_mixin.py:190} INFO - [2024-10-06T19:11:27.500+0000] {dag.py:4180} INFO - Setting next_dagrun for example_branch_dop_operator_v3 to 2024-10-06 19:10:00+00:00, run_after=2024-10-06 19:11:00+00:00
[2024-10-06T19:11:27.522+0000] {processor.py:208} INFO - Processing /home/airflow/.local/lib/python3.12/site-packages/airflow/example_dags/example_branch_python_dop_operator_3.py took 0.081 seconds
[2024-10-06T19:11:57.833+0000] {processor.py:186} INFO - Started process (PID=2029) to work on /home/airflow/.local/lib/python3.12/site-packages/airflow/example_dags/example_branch_python_dop_operator_3.py
[2024-10-06T19:11:57.834+0000] {processor.py:914} INFO - Processing file /home/airflow/.local/lib/python3.12/site-packages/airflow/example_dags/example_branch_python_dop_operator_3.py for tasks to queue
[2024-10-06T19:11:57.836+0000] {logging_mixin.py:190} INFO - [2024-10-06T19:11:57.836+0000] {dagbag.py:588} INFO - Filling up the DagBag from /home/airflow/.local/lib/python3.12/site-packages/airflow/example_dags/example_branch_python_dop_operator_3.py
[2024-10-06T19:11:57.845+0000] {processor.py:925} INFO - DAG(s) 'example_branch_dop_operator_v3' retrieved from /home/airflow/.local/lib/python3.12/site-packages/airflow/example_dags/example_branch_python_dop_operator_3.py
[2024-10-06T19:11:57.861+0000] {logging_mixin.py:190} INFO - [2024-10-06T19:11:57.861+0000] {dag.py:3239} INFO - Sync 1 DAGs
[2024-10-06T19:11:57.886+0000] {logging_mixin.py:190} INFO - [2024-10-06T19:11:57.886+0000] {dag.py:4180} INFO - Setting next_dagrun for example_branch_dop_operator_v3 to 2024-10-06 19:10:00+00:00, run_after=2024-10-06 19:11:00+00:00
[2024-10-06T19:11:57.906+0000] {processor.py:208} INFO - Processing /home/airflow/.local/lib/python3.12/site-packages/airflow/example_dags/example_branch_python_dop_operator_3.py took 0.078 seconds
[2024-10-06T19:12:28.258+0000] {processor.py:186} INFO - Started process (PID=2317) to work on /home/airflow/.local/lib/python3.12/site-packages/airflow/example_dags/example_branch_python_dop_operator_3.py
[2024-10-06T19:12:28.259+0000] {processor.py:914} INFO - Processing file /home/airflow/.local/lib/python3.12/site-packages/airflow/example_dags/example_branch_python_dop_operator_3.py for tasks to queue
[2024-10-06T19:12:28.261+0000] {logging_mixin.py:190} INFO - [2024-10-06T19:12:28.261+0000] {dagbag.py:588} INFO - Filling up the DagBag from /home/airflow/.local/lib/python3.12/site-packages/airflow/example_dags/example_branch_python_dop_operator_3.py
[2024-10-06T19:12:28.269+0000] {processor.py:925} INFO - DAG(s) 'example_branch_dop_operator_v3' retrieved from /home/airflow/.local/lib/python3.12/site-packages/airflow/example_dags/example_branch_python_dop_operator_3.py
[2024-10-06T19:12:28.287+0000] {logging_mixin.py:190} INFO - [2024-10-06T19:12:28.286+0000] {dag.py:3239} INFO - Sync 1 DAGs
[2024-10-06T19:12:28.313+0000] {logging_mixin.py:190} INFO - [2024-10-06T19:12:28.312+0000] {dag.py:4180} INFO - Setting next_dagrun for example_branch_dop_operator_v3 to 2024-10-06 19:11:00+00:00, run_after=2024-10-06 19:12:00+00:00
[2024-10-06T19:12:28.332+0000] {processor.py:208} INFO - Processing /home/airflow/.local/lib/python3.12/site-packages/airflow/example_dags/example_branch_python_dop_operator_3.py took 0.079 seconds
[2024-10-06T19:12:58.614+0000] {processor.py:186} INFO - Started process (PID=2602) to work on /home/airflow/.local/lib/python3.12/site-packages/airflow/example_dags/example_branch_python_dop_operator_3.py
[2024-10-06T19:12:58.615+0000] {processor.py:914} INFO - Processing file /home/airflow/.local/lib/python3.12/site-packages/airflow/example_dags/example_branch_python_dop_operator_3.py for tasks to queue
[2024-10-06T19:12:58.617+0000] {logging_mixin.py:190} INFO - [2024-10-06T19:12:58.616+0000] {dagbag.py:588} INFO - Filling up the DagBag from /home/airflow/.local/lib/python3.12/site-packages/airflow/example_dags/example_branch_python_dop_operator_3.py
[2024-10-06T19:12:58.626+0000] {processor.py:925} INFO - DAG(s) 'example_branch_dop_operator_v3' retrieved from /home/airflow/.local/lib/python3.12/site-packages/airflow/example_dags/example_branch_python_dop_operator_3.py
[2024-10-06T19:12:58.643+0000] {logging_mixin.py:190} INFO - [2024-10-06T19:12:58.643+0000] {dag.py:3239} INFO - Sync 1 DAGs
[2024-10-06T19:12:58.667+0000] {logging_mixin.py:190} INFO - [2024-10-06T19:12:58.667+0000] {dag.py:4180} INFO - Setting next_dagrun for example_branch_dop_operator_v3 to 2024-10-06 19:11:00+00:00, run_after=2024-10-06 19:12:00+00:00
[2024-10-06T19:12:58.686+0000] {processor.py:208} INFO - Processing /home/airflow/.local/lib/python3.12/site-packages/airflow/example_dags/example_branch_python_dop_operator_3.py took 0.077 seconds
[2024-10-06T19:13:29.087+0000] {processor.py:186} INFO - Started process (PID=2889) to work on /home/airflow/.local/lib/python3.12/site-packages/airflow/example_dags/example_branch_python_dop_operator_3.py
[2024-10-06T19:13:29.088+0000] {processor.py:914} INFO - Processing file /home/airflow/.local/lib/python3.12/site-packages/airflow/example_dags/example_branch_python_dop_operator_3.py for tasks to queue
[2024-10-06T19:13:29.090+0000] {logging_mixin.py:190} INFO - [2024-10-06T19:13:29.090+0000] {dagbag.py:588} INFO - Filling up the DagBag from /home/airflow/.local/lib/python3.12/site-packages/airflow/example_dags/example_branch_python_dop_operator_3.py
[2024-10-06T19:13:29.098+0000] {processor.py:925} INFO - DAG(s) 'example_branch_dop_operator_v3' retrieved from /home/airflow/.local/lib/python3.12/site-packages/airflow/example_dags/example_branch_python_dop_operator_3.py
[2024-10-06T19:13:29.115+0000] {logging_mixin.py:190} INFO - [2024-10-06T19:13:29.114+0000] {dag.py:3239} INFO - Sync 1 DAGs
[2024-10-06T19:13:29.138+0000] {logging_mixin.py:190} INFO - [2024-10-06T19:13:29.137+0000] {dag.py:4180} INFO - Setting next_dagrun for example_branch_dop_operator_v3 to 2024-10-06 19:12:00+00:00, run_after=2024-10-06 19:13:00+00:00
[2024-10-06T19:13:29.155+0000] {processor.py:208} INFO - Processing /home/airflow/.local/lib/python3.12/site-packages/airflow/example_dags/example_branch_python_dop_operator_3.py took 0.073 seconds
[2024-10-06T19:13:59.419+0000] {processor.py:186} INFO - Started process (PID=3178) to work on /home/airflow/.local/lib/python3.12/site-packages/airflow/example_dags/example_branch_python_dop_operator_3.py
[2024-10-06T19:13:59.420+0000] {processor.py:914} INFO - Processing file /home/airflow/.local/lib/python3.12/site-packages/airflow/example_dags/example_branch_python_dop_operator_3.py for tasks to queue
[2024-10-06T19:13:59.422+0000] {logging_mixin.py:190} INFO - [2024-10-06T19:13:59.421+0000] {dagbag.py:588} INFO - Filling up the DagBag from /home/airflow/.local/lib/python3.12/site-packages/airflow/example_dags/example_branch_python_dop_operator_3.py
[2024-10-06T19:13:59.430+0000] {processor.py:925} INFO - DAG(s) 'example_branch_dop_operator_v3' retrieved from /home/airflow/.local/lib/python3.12/site-packages/airflow/example_dags/example_branch_python_dop_operator_3.py
[2024-10-06T19:13:59.446+0000] {logging_mixin.py:190} INFO - [2024-10-06T19:13:59.446+0000] {dag.py:3239} INFO - Sync 1 DAGs
[2024-10-06T19:13:59.469+0000] {logging_mixin.py:190} INFO - [2024-10-06T19:13:59.469+0000] {dag.py:4180} INFO - Setting next_dagrun for example_branch_dop_operator_v3 to 2024-10-06 19:12:00+00:00, run_after=2024-10-06 19:13:00+00:00
[2024-10-06T19:13:59.487+0000] {processor.py:208} INFO - Processing /home/airflow/.local/lib/python3.12/site-packages/airflow/example_dags/example_branch_python_dop_operator_3.py took 0.072 seconds
[2024-10-06T19:14:29.636+0000] {processor.py:186} INFO - Started process (PID=3471) to work on /home/airflow/.local/lib/python3.12/site-packages/airflow/example_dags/example_branch_python_dop_operator_3.py
[2024-10-06T19:14:29.637+0000] {processor.py:914} INFO - Processing file /home/airflow/.local/lib/python3.12/site-packages/airflow/example_dags/example_branch_python_dop_operator_3.py for tasks to queue
[2024-10-06T19:14:29.638+0000] {logging_mixin.py:190} INFO - [2024-10-06T19:14:29.638+0000] {dagbag.py:588} INFO - Filling up the DagBag from /home/airflow/.local/lib/python3.12/site-packages/airflow/example_dags/example_branch_python_dop_operator_3.py
[2024-10-06T19:14:29.646+0000] {processor.py:925} INFO - DAG(s) 'example_branch_dop_operator_v3' retrieved from /home/airflow/.local/lib/python3.12/site-packages/airflow/example_dags/example_branch_python_dop_operator_3.py
[2024-10-06T19:14:29.664+0000] {logging_mixin.py:190} INFO - [2024-10-06T19:14:29.663+0000] {dag.py:3239} INFO - Sync 1 DAGs
[2024-10-06T19:14:29.686+0000] {logging_mixin.py:190} INFO - [2024-10-06T19:14:29.686+0000] {dag.py:4180} INFO - Setting next_dagrun for example_branch_dop_operator_v3 to 2024-10-06 19:13:00+00:00, run_after=2024-10-06 19:14:00+00:00
[2024-10-06T19:14:29.705+0000] {processor.py:208} INFO - Processing /home/airflow/.local/lib/python3.12/site-packages/airflow/example_dags/example_branch_python_dop_operator_3.py took 0.073 seconds
[2024-10-06T19:15:00.055+0000] {processor.py:186} INFO - Started process (PID=3762) to work on /home/airflow/.local/lib/python3.12/site-packages/airflow/example_dags/example_branch_python_dop_operator_3.py
[2024-10-06T19:15:00.056+0000] {processor.py:914} INFO - Processing file /home/airflow/.local/lib/python3.12/site-packages/airflow/example_dags/example_branch_python_dop_operator_3.py for tasks to queue
[2024-10-06T19:15:00.058+0000] {logging_mixin.py:190} INFO - [2024-10-06T19:15:00.057+0000] {dagbag.py:588} INFO - Filling up the DagBag from /home/airflow/.local/lib/python3.12/site-packages/airflow/example_dags/example_branch_python_dop_operator_3.py
[2024-10-06T19:15:00.066+0000] {processor.py:925} INFO - DAG(s) 'example_branch_dop_operator_v3' retrieved from /home/airflow/.local/lib/python3.12/site-packages/airflow/example_dags/example_branch_python_dop_operator_3.py
[2024-10-06T19:15:00.082+0000] {logging_mixin.py:190} INFO - [2024-10-06T19:15:00.082+0000] {dag.py:3239} INFO - Sync 1 DAGs
[2024-10-06T19:15:00.104+0000] {logging_mixin.py:190} INFO - [2024-10-06T19:15:00.104+0000] {dag.py:4180} INFO - Setting next_dagrun for example_branch_dop_operator_v3 to 2024-10-06 19:14:00+00:00, run_after=2024-10-06 19:15:00+00:00
[2024-10-06T19:15:00.123+0000] {processor.py:208} INFO - Processing /home/airflow/.local/lib/python3.12/site-packages/airflow/example_dags/example_branch_python_dop_operator_3.py took 0.072 seconds
[2024-10-06T19:15:30.335+0000] {processor.py:186} INFO - Started process (PID=4058) to work on /home/airflow/.local/lib/python3.12/site-packages/airflow/example_dags/example_branch_python_dop_operator_3.py
[2024-10-06T19:15:30.336+0000] {processor.py:914} INFO - Processing file /home/airflow/.local/lib/python3.12/site-packages/airflow/example_dags/example_branch_python_dop_operator_3.py for tasks to queue
[2024-10-06T19:15:30.338+0000] {logging_mixin.py:190} INFO - [2024-10-06T19:15:30.338+0000] {dagbag.py:588} INFO - Filling up the DagBag from /home/airflow/.local/lib/python3.12/site-packages/airflow/example_dags/example_branch_python_dop_operator_3.py
[2024-10-06T19:15:30.347+0000] {processor.py:925} INFO - DAG(s) 'example_branch_dop_operator_v3' retrieved from /home/airflow/.local/lib/python3.12/site-packages/airflow/example_dags/example_branch_python_dop_operator_3.py
[2024-10-06T19:15:30.365+0000] {logging_mixin.py:190} INFO - [2024-10-06T19:15:30.364+0000] {dag.py:3239} INFO - Sync 1 DAGs
[2024-10-06T19:15:30.390+0000] {logging_mixin.py:190} INFO - [2024-10-06T19:15:30.390+0000] {dag.py:4180} INFO - Setting next_dagrun for example_branch_dop_operator_v3 to 2024-10-06 19:14:00+00:00, run_after=2024-10-06 19:15:00+00:00
[2024-10-06T19:15:30.413+0000] {processor.py:208} INFO - Processing /home/airflow/.local/lib/python3.12/site-packages/airflow/example_dags/example_branch_python_dop_operator_3.py took 0.084 seconds
[2024-10-06T19:16:00.540+0000] {processor.py:186} INFO - Started process (PID=4349) to work on /home/airflow/.local/lib/python3.12/site-packages/airflow/example_dags/example_branch_python_dop_operator_3.py
[2024-10-06T19:16:00.541+0000] {processor.py:914} INFO - Processing file /home/airflow/.local/lib/python3.12/site-packages/airflow/example_dags/example_branch_python_dop_operator_3.py for tasks to queue
[2024-10-06T19:16:00.543+0000] {logging_mixin.py:190} INFO - [2024-10-06T19:16:00.543+0000] {dagbag.py:588} INFO - Filling up the DagBag from /home/airflow/.local/lib/python3.12/site-packages/airflow/example_dags/example_branch_python_dop_operator_3.py
[2024-10-06T19:16:00.551+0000] {processor.py:925} INFO - DAG(s) 'example_branch_dop_operator_v3' retrieved from /home/airflow/.local/lib/python3.12/site-packages/airflow/example_dags/example_branch_python_dop_operator_3.py
[2024-10-06T19:16:00.568+0000] {logging_mixin.py:190} INFO - [2024-10-06T19:16:00.567+0000] {dag.py:3239} INFO - Sync 1 DAGs
[2024-10-06T19:16:00.592+0000] {logging_mixin.py:190} INFO - [2024-10-06T19:16:00.591+0000] {dag.py:4180} INFO - Setting next_dagrun for example_branch_dop_operator_v3 to 2024-10-06 19:15:00+00:00, run_after=2024-10-06 19:16:00+00:00
[2024-10-06T19:16:00.609+0000] {processor.py:208} INFO - Processing /home/airflow/.local/lib/python3.12/site-packages/airflow/example_dags/example_branch_python_dop_operator_3.py took 0.073 seconds
[2024-10-06T19:16:30.806+0000] {processor.py:186} INFO - Started process (PID=4640) to work on /home/airflow/.local/lib/python3.12/site-packages/airflow/example_dags/example_branch_python_dop_operator_3.py
[2024-10-06T19:16:30.806+0000] {processor.py:914} INFO - Processing file /home/airflow/.local/lib/python3.12/site-packages/airflow/example_dags/example_branch_python_dop_operator_3.py for tasks to queue
[2024-10-06T19:16:30.809+0000] {logging_mixin.py:190} INFO - [2024-10-06T19:16:30.808+0000] {dagbag.py:588} INFO - Filling up the DagBag from /home/airflow/.local/lib/python3.12/site-packages/airflow/example_dags/example_branch_python_dop_operator_3.py
[2024-10-06T19:16:30.817+0000] {processor.py:925} INFO - DAG(s) 'example_branch_dop_operator_v3' retrieved from /home/airflow/.local/lib/python3.12/site-packages/airflow/example_dags/example_branch_python_dop_operator_3.py
[2024-10-06T19:16:30.833+0000] {logging_mixin.py:190} INFO - [2024-10-06T19:16:30.832+0000] {dag.py:3239} INFO - Sync 1 DAGs
[2024-10-06T19:16:30.856+0000] {logging_mixin.py:190} INFO - [2024-10-06T19:16:30.856+0000] {dag.py:4180} INFO - Setting next_dagrun for example_branch_dop_operator_v3 to 2024-10-06 19:15:00+00:00, run_after=2024-10-06 19:16:00+00:00
[2024-10-06T19:16:30.876+0000] {processor.py:208} INFO - Processing /home/airflow/.local/lib/python3.12/site-packages/airflow/example_dags/example_branch_python_dop_operator_3.py took 0.074 seconds
[2024-10-06T19:17:01.112+0000] {processor.py:186} INFO - Started process (PID=4929) to work on /home/airflow/.local/lib/python3.12/site-packages/airflow/example_dags/example_branch_python_dop_operator_3.py
[2024-10-06T19:17:01.112+0000] {processor.py:914} INFO - Processing file /home/airflow/.local/lib/python3.12/site-packages/airflow/example_dags/example_branch_python_dop_operator_3.py for tasks to queue
[2024-10-06T19:17:01.114+0000] {logging_mixin.py:190} INFO - [2024-10-06T19:17:01.114+0000] {dagbag.py:588} INFO - Filling up the DagBag from /home/airflow/.local/lib/python3.12/site-packages/airflow/example_dags/example_branch_python_dop_operator_3.py
[2024-10-06T19:17:01.121+0000] {processor.py:925} INFO - DAG(s) 'example_branch_dop_operator_v3' retrieved from /home/airflow/.local/lib/python3.12/site-packages/airflow/example_dags/example_branch_python_dop_operator_3.py
[2024-10-06T19:17:01.138+0000] {logging_mixin.py:190} INFO - [2024-10-06T19:17:01.138+0000] {dag.py:3239} INFO - Sync 1 DAGs
[2024-10-06T19:17:01.160+0000] {logging_mixin.py:190} INFO - [2024-10-06T19:17:01.160+0000] {dag.py:4180} INFO - Setting next_dagrun for example_branch_dop_operator_v3 to 2024-10-06 19:16:00+00:00, run_after=2024-10-06 19:17:00+00:00
[2024-10-06T19:17:01.176+0000] {processor.py:208} INFO - Processing /home/airflow/.local/lib/python3.12/site-packages/airflow/example_dags/example_branch_python_dop_operator_3.py took 0.069 seconds
[2024-10-06T19:17:31.632+0000] {processor.py:186} INFO - Started process (PID=5220) to work on /home/airflow/.local/lib/python3.12/site-packages/airflow/example_dags/example_branch_python_dop_operator_3.py
[2024-10-06T19:17:31.633+0000] {processor.py:914} INFO - Processing file /home/airflow/.local/lib/python3.12/site-packages/airflow/example_dags/example_branch_python_dop_operator_3.py for tasks to queue
[2024-10-06T19:17:31.635+0000] {logging_mixin.py:190} INFO - [2024-10-06T19:17:31.635+0000] {dagbag.py:588} INFO - Filling up the DagBag from /home/airflow/.local/lib/python3.12/site-packages/airflow/example_dags/example_branch_python_dop_operator_3.py
[2024-10-06T19:17:31.645+0000] {processor.py:925} INFO - DAG(s) 'example_branch_dop_operator_v3' retrieved from /home/airflow/.local/lib/python3.12/site-packages/airflow/example_dags/example_branch_python_dop_operator_3.py
[2024-10-06T19:17:31.663+0000] {logging_mixin.py:190} INFO - [2024-10-06T19:17:31.662+0000] {dag.py:3239} INFO - Sync 1 DAGs
[2024-10-06T19:17:31.693+0000] {logging_mixin.py:190} INFO - [2024-10-06T19:17:31.692+0000] {dag.py:4180} INFO - Setting next_dagrun for example_branch_dop_operator_v3 to 2024-10-06 19:16:00+00:00, run_after=2024-10-06 19:17:00+00:00
[2024-10-06T19:17:31.716+0000] {processor.py:208} INFO - Processing /home/airflow/.local/lib/python3.12/site-packages/airflow/example_dags/example_branch_python_dop_operator_3.py took 0.092 seconds
[2024-10-06T19:18:01.782+0000] {processor.py:186} INFO - Started process (PID=5513) to work on /home/airflow/.local/lib/python3.12/site-packages/airflow/example_dags/example_branch_python_dop_operator_3.py
[2024-10-06T19:18:01.783+0000] {processor.py:914} INFO - Processing file /home/airflow/.local/lib/python3.12/site-packages/airflow/example_dags/example_branch_python_dop_operator_3.py for tasks to queue
[2024-10-06T19:18:01.785+0000] {logging_mixin.py:190} INFO - [2024-10-06T19:18:01.785+0000] {dagbag.py:588} INFO - Filling up the DagBag from /home/airflow/.local/lib/python3.12/site-packages/airflow/example_dags/example_branch_python_dop_operator_3.py
[2024-10-06T19:18:01.793+0000] {processor.py:925} INFO - DAG(s) 'example_branch_dop_operator_v3' retrieved from /home/airflow/.local/lib/python3.12/site-packages/airflow/example_dags/example_branch_python_dop_operator_3.py
[2024-10-06T19:18:01.810+0000] {logging_mixin.py:190} INFO - [2024-10-06T19:18:01.809+0000] {dag.py:3239} INFO - Sync 1 DAGs
[2024-10-06T19:18:01.833+0000] {logging_mixin.py:190} INFO - [2024-10-06T19:18:01.832+0000] {dag.py:4180} INFO - Setting next_dagrun for example_branch_dop_operator_v3 to 2024-10-06 19:17:00+00:00, run_after=2024-10-06 19:18:00+00:00
[2024-10-06T19:18:01.850+0000] {processor.py:208} INFO - Processing /home/airflow/.local/lib/python3.12/site-packages/airflow/example_dags/example_branch_python_dop_operator_3.py took 0.072 seconds
[2024-10-06T19:18:32.100+0000] {processor.py:186} INFO - Started process (PID=5804) to work on /home/airflow/.local/lib/python3.12/site-packages/airflow/example_dags/example_branch_python_dop_operator_3.py
[2024-10-06T19:18:32.101+0000] {processor.py:914} INFO - Processing file /home/airflow/.local/lib/python3.12/site-packages/airflow/example_dags/example_branch_python_dop_operator_3.py for tasks to queue
[2024-10-06T19:18:32.103+0000] {logging_mixin.py:190} INFO - [2024-10-06T19:18:32.103+0000] {dagbag.py:588} INFO - Filling up the DagBag from /home/airflow/.local/lib/python3.12/site-packages/airflow/example_dags/example_branch_python_dop_operator_3.py
[2024-10-06T19:18:32.111+0000] {processor.py:925} INFO - DAG(s) 'example_branch_dop_operator_v3' retrieved from /home/airflow/.local/lib/python3.12/site-packages/airflow/example_dags/example_branch_python_dop_operator_3.py
[2024-10-06T19:18:32.129+0000] {logging_mixin.py:190} INFO - [2024-10-06T19:18:32.129+0000] {dag.py:3239} INFO - Sync 1 DAGs
[2024-10-06T19:18:32.150+0000] {logging_mixin.py:190} INFO - [2024-10-06T19:18:32.150+0000] {dag.py:4180} INFO - Setting next_dagrun for example_branch_dop_operator_v3 to 2024-10-06 19:17:00+00:00, run_after=2024-10-06 19:18:00+00:00
[2024-10-06T19:18:32.166+0000] {processor.py:208} INFO - Processing /home/airflow/.local/lib/python3.12/site-packages/airflow/example_dags/example_branch_python_dop_operator_3.py took 0.071 seconds
[2024-10-06T19:19:02.568+0000] {processor.py:186} INFO - Started process (PID=6100) to work on /home/airflow/.local/lib/python3.12/site-packages/airflow/example_dags/example_branch_python_dop_operator_3.py
[2024-10-06T19:19:02.569+0000] {processor.py:914} INFO - Processing file /home/airflow/.local/lib/python3.12/site-packages/airflow/example_dags/example_branch_python_dop_operator_3.py for tasks to queue
[2024-10-06T19:19:02.571+0000] {logging_mixin.py:190} INFO - [2024-10-06T19:19:02.571+0000] {dagbag.py:588} INFO - Filling up the DagBag from /home/airflow/.local/lib/python3.12/site-packages/airflow/example_dags/example_branch_python_dop_operator_3.py
[2024-10-06T19:19:02.579+0000] {processor.py:925} INFO - DAG(s) 'example_branch_dop_operator_v3' retrieved from /home/airflow/.local/lib/python3.12/site-packages/airflow/example_dags/example_branch_python_dop_operator_3.py
[2024-10-06T19:19:02.594+0000] {logging_mixin.py:190} INFO - [2024-10-06T19:19:02.593+0000] {dag.py:3239} INFO - Sync 1 DAGs
[2024-10-06T19:19:02.617+0000] {logging_mixin.py:190} INFO - [2024-10-06T19:19:02.617+0000] {dag.py:4180} INFO - Setting next_dagrun for example_branch_dop_operator_v3 to 2024-10-06 19:18:00+00:00, run_after=2024-10-06 19:19:00+00:00
[2024-10-06T19:19:02.632+0000] {processor.py:208} INFO - Processing /home/airflow/.local/lib/python3.12/site-packages/airflow/example_dags/example_branch_python_dop_operator_3.py took 0.068 seconds
[2024-10-06T19:19:32.782+0000] {processor.py:186} INFO - Started process (PID=6389) to work on /home/airflow/.local/lib/python3.12/site-packages/airflow/example_dags/example_branch_python_dop_operator_3.py
[2024-10-06T19:19:32.783+0000] {processor.py:914} INFO - Processing file /home/airflow/.local/lib/python3.12/site-packages/airflow/example_dags/example_branch_python_dop_operator_3.py for tasks to queue
[2024-10-06T19:19:32.785+0000] {logging_mixin.py:190} INFO - [2024-10-06T19:19:32.785+0000] {dagbag.py:588} INFO - Filling up the DagBag from /home/airflow/.local/lib/python3.12/site-packages/airflow/example_dags/example_branch_python_dop_operator_3.py
[2024-10-06T19:19:32.792+0000] {processor.py:925} INFO - DAG(s) 'example_branch_dop_operator_v3' retrieved from /home/airflow/.local/lib/python3.12/site-packages/airflow/example_dags/example_branch_python_dop_operator_3.py
[2024-10-06T19:19:32.807+0000] {logging_mixin.py:190} INFO - [2024-10-06T19:19:32.806+0000] {dag.py:3239} INFO - Sync 1 DAGs
[2024-10-06T19:19:32.828+0000] {logging_mixin.py:190} INFO - [2024-10-06T19:19:32.827+0000] {dag.py:4180} INFO - Setting next_dagrun for example_branch_dop_operator_v3 to 2024-10-06 19:18:00+00:00, run_after=2024-10-06 19:19:00+00:00
[2024-10-06T19:19:32.844+0000] {processor.py:208} INFO - Processing /home/airflow/.local/lib/python3.12/site-packages/airflow/example_dags/example_branch_python_dop_operator_3.py took 0.066 seconds
[2024-10-06T19:20:03.227+0000] {processor.py:186} INFO - Started process (PID=6680) to work on /home/airflow/.local/lib/python3.12/site-packages/airflow/example_dags/example_branch_python_dop_operator_3.py
[2024-10-06T19:20:03.229+0000] {processor.py:914} INFO - Processing file /home/airflow/.local/lib/python3.12/site-packages/airflow/example_dags/example_branch_python_dop_operator_3.py for tasks to queue
[2024-10-06T19:20:03.231+0000] {logging_mixin.py:190} INFO - [2024-10-06T19:20:03.230+0000] {dagbag.py:588} INFO - Filling up the DagBag from /home/airflow/.local/lib/python3.12/site-packages/airflow/example_dags/example_branch_python_dop_operator_3.py
[2024-10-06T19:20:03.239+0000] {processor.py:925} INFO - DAG(s) 'example_branch_dop_operator_v3' retrieved from /home/airflow/.local/lib/python3.12/site-packages/airflow/example_dags/example_branch_python_dop_operator_3.py
[2024-10-06T19:20:03.255+0000] {logging_mixin.py:190} INFO - [2024-10-06T19:20:03.255+0000] {dag.py:3239} INFO - Sync 1 DAGs
[2024-10-06T19:20:03.279+0000] {logging_mixin.py:190} INFO - [2024-10-06T19:20:03.279+0000] {dag.py:4180} INFO - Setting next_dagrun for example_branch_dop_operator_v3 to 2024-10-06 19:19:00+00:00, run_after=2024-10-06 19:20:00+00:00
[2024-10-06T19:20:03.297+0000] {processor.py:208} INFO - Processing /home/airflow/.local/lib/python3.12/site-packages/airflow/example_dags/example_branch_python_dop_operator_3.py took 0.074 seconds
[2024-10-06T19:20:33.624+0000] {processor.py:186} INFO - Started process (PID=6971) to work on /home/airflow/.local/lib/python3.12/site-packages/airflow/example_dags/example_branch_python_dop_operator_3.py
[2024-10-06T19:20:33.625+0000] {processor.py:914} INFO - Processing file /home/airflow/.local/lib/python3.12/site-packages/airflow/example_dags/example_branch_python_dop_operator_3.py for tasks to queue
[2024-10-06T19:20:33.627+0000] {logging_mixin.py:190} INFO - [2024-10-06T19:20:33.627+0000] {dagbag.py:588} INFO - Filling up the DagBag from /home/airflow/.local/lib/python3.12/site-packages/airflow/example_dags/example_branch_python_dop_operator_3.py
[2024-10-06T19:20:33.636+0000] {processor.py:925} INFO - DAG(s) 'example_branch_dop_operator_v3' retrieved from /home/airflow/.local/lib/python3.12/site-packages/airflow/example_dags/example_branch_python_dop_operator_3.py
[2024-10-06T19:20:33.652+0000] {logging_mixin.py:190} INFO - [2024-10-06T19:20:33.652+0000] {dag.py:3239} INFO - Sync 1 DAGs
[2024-10-06T19:20:33.677+0000] {logging_mixin.py:190} INFO - [2024-10-06T19:20:33.677+0000] {dag.py:4180} INFO - Setting next_dagrun for example_branch_dop_operator_v3 to 2024-10-06 19:19:00+00:00, run_after=2024-10-06 19:20:00+00:00
[2024-10-06T19:20:33.695+0000] {processor.py:208} INFO - Processing /home/airflow/.local/lib/python3.12/site-packages/airflow/example_dags/example_branch_python_dop_operator_3.py took 0.075 seconds
[2024-10-06T19:21:03.938+0000] {processor.py:186} INFO - Started process (PID=7262) to work on /home/airflow/.local/lib/python3.12/site-packages/airflow/example_dags/example_branch_python_dop_operator_3.py
[2024-10-06T19:21:03.939+0000] {processor.py:914} INFO - Processing file /home/airflow/.local/lib/python3.12/site-packages/airflow/example_dags/example_branch_python_dop_operator_3.py for tasks to queue
[2024-10-06T19:21:03.941+0000] {logging_mixin.py:190} INFO - [2024-10-06T19:21:03.941+0000] {dagbag.py:588} INFO - Filling up the DagBag from /home/airflow/.local/lib/python3.12/site-packages/airflow/example_dags/example_branch_python_dop_operator_3.py
[2024-10-06T19:21:03.948+0000] {processor.py:925} INFO - DAG(s) 'example_branch_dop_operator_v3' retrieved from /home/airflow/.local/lib/python3.12/site-packages/airflow/example_dags/example_branch_python_dop_operator_3.py
[2024-10-06T19:21:03.964+0000] {logging_mixin.py:190} INFO - [2024-10-06T19:21:03.964+0000] {dag.py:3239} INFO - Sync 1 DAGs
[2024-10-06T19:21:03.987+0000] {logging_mixin.py:190} INFO - [2024-10-06T19:21:03.986+0000] {dag.py:4180} INFO - Setting next_dagrun for example_branch_dop_operator_v3 to 2024-10-06 19:20:00+00:00, run_after=2024-10-06 19:21:00+00:00
[2024-10-06T19:21:04.003+0000] {processor.py:208} INFO - Processing /home/airflow/.local/lib/python3.12/site-packages/airflow/example_dags/example_branch_python_dop_operator_3.py took 0.069 seconds
[2024-10-06T19:21:34.461+0000] {processor.py:186} INFO - Started process (PID=7558) to work on /home/airflow/.local/lib/python3.12/site-packages/airflow/example_dags/example_branch_python_dop_operator_3.py
[2024-10-06T19:21:34.462+0000] {processor.py:914} INFO - Processing file /home/airflow/.local/lib/python3.12/site-packages/airflow/example_dags/example_branch_python_dop_operator_3.py for tasks to queue
[2024-10-06T19:21:34.464+0000] {logging_mixin.py:190} INFO - [2024-10-06T19:21:34.464+0000] {dagbag.py:588} INFO - Filling up the DagBag from /home/airflow/.local/lib/python3.12/site-packages/airflow/example_dags/example_branch_python_dop_operator_3.py
[2024-10-06T19:21:34.472+0000] {processor.py:925} INFO - DAG(s) 'example_branch_dop_operator_v3' retrieved from /home/airflow/.local/lib/python3.12/site-packages/airflow/example_dags/example_branch_python_dop_operator_3.py
[2024-10-06T19:21:34.488+0000] {logging_mixin.py:190} INFO - [2024-10-06T19:21:34.488+0000] {dag.py:3239} INFO - Sync 1 DAGs
[2024-10-06T19:21:34.513+0000] {logging_mixin.py:190} INFO - [2024-10-06T19:21:34.512+0000] {dag.py:4180} INFO - Setting next_dagrun for example_branch_dop_operator_v3 to 2024-10-06 19:20:00+00:00, run_after=2024-10-06 19:21:00+00:00
[2024-10-06T19:21:34.532+0000] {processor.py:208} INFO - Processing /home/airflow/.local/lib/python3.12/site-packages/airflow/example_dags/example_branch_python_dop_operator_3.py took 0.075 seconds
