[2024-10-06T19:08:55.155+0000] {processor.py:186} INFO - Started process (PID=269) to work on /home/airflow/.local/lib/python3.12/site-packages/airflow/example_dags/example_complex.py
[2024-10-06T19:08:55.156+0000] {processor.py:914} INFO - Processing file /home/airflow/.local/lib/python3.12/site-packages/airflow/example_dags/example_complex.py for tasks to queue
[2024-10-06T19:08:55.159+0000] {logging_mixin.py:190} INFO - [2024-10-06T19:08:55.159+0000] {dagbag.py:588} INFO - Filling up the DagBag from /home/airflow/.local/lib/python3.12/site-packages/airflow/example_dags/example_complex.py
[2024-10-06T19:08:55.178+0000] {processor.py:925} INFO - DAG(s) 'example_complex' retrieved from /home/airflow/.local/lib/python3.12/site-packages/airflow/example_dags/example_complex.py
[2024-10-06T19:08:55.326+0000] {logging_mixin.py:190} INFO - [2024-10-06T19:08:55.325+0000] {override.py:1900} INFO - Created Permission View: can delete on DAG:example_complex
[2024-10-06T19:08:55.339+0000] {logging_mixin.py:190} INFO - [2024-10-06T19:08:55.339+0000] {override.py:1900} INFO - Created Permission View: can edit on DAG:example_complex
[2024-10-06T19:08:55.346+0000] {logging_mixin.py:190} INFO - [2024-10-06T19:08:55.346+0000] {override.py:1900} INFO - Created Permission View: can read on DAG:example_complex
[2024-10-06T19:08:55.356+0000] {logging_mixin.py:190} INFO - [2024-10-06T19:08:55.356+0000] {override.py:1900} INFO - Created Permission View: can delete on DAG Run:example_complex
[2024-10-06T19:08:55.371+0000] {logging_mixin.py:190} INFO - [2024-10-06T19:08:55.370+0000] {override.py:1900} INFO - Created Permission View: can create on DAG Run:example_complex
[2024-10-06T19:08:55.384+0000] {logging_mixin.py:190} INFO - [2024-10-06T19:08:55.384+0000] {override.py:1900} INFO - Created Permission View: can read on DAG Run:example_complex
[2024-10-06T19:08:55.396+0000] {logging_mixin.py:190} INFO - [2024-10-06T19:08:55.395+0000] {override.py:1900} INFO - Created Permission View: menu access on DAG Run:example_complex
[2024-10-06T19:08:55.397+0000] {logging_mixin.py:190} INFO - [2024-10-06T19:08:55.396+0000] {dag.py:3239} INFO - Sync 1 DAGs
[2024-10-06T19:08:55.409+0000] {logging_mixin.py:190} INFO - [2024-10-06T19:08:55.408+0000] {dag.py:3262} INFO - Creating ORM DAG for example_complex
[2024-10-06T19:08:55.410+0000] {logging_mixin.py:190} INFO - [2024-10-06T19:08:55.410+0000] {dag.py:4180} INFO - Setting next_dagrun for example_complex to None, run_after=None
[2024-10-06T19:08:55.429+0000] {processor.py:208} INFO - Processing /home/airflow/.local/lib/python3.12/site-packages/airflow/example_dags/example_complex.py took 0.279 seconds
[2024-10-06T19:09:25.862+0000] {processor.py:186} INFO - Started process (PID=555) to work on /home/airflow/.local/lib/python3.12/site-packages/airflow/example_dags/example_complex.py
[2024-10-06T19:09:25.863+0000] {processor.py:914} INFO - Processing file /home/airflow/.local/lib/python3.12/site-packages/airflow/example_dags/example_complex.py for tasks to queue
[2024-10-06T19:09:25.866+0000] {logging_mixin.py:190} INFO - [2024-10-06T19:09:25.866+0000] {dagbag.py:588} INFO - Filling up the DagBag from /home/airflow/.local/lib/python3.12/site-packages/airflow/example_dags/example_complex.py
[2024-10-06T19:09:25.877+0000] {processor.py:925} INFO - DAG(s) 'example_complex' retrieved from /home/airflow/.local/lib/python3.12/site-packages/airflow/example_dags/example_complex.py
[2024-10-06T19:09:25.908+0000] {logging_mixin.py:190} INFO - [2024-10-06T19:09:25.908+0000] {dag.py:3239} INFO - Sync 1 DAGs
[2024-10-06T19:09:25.925+0000] {logging_mixin.py:190} INFO - [2024-10-06T19:09:25.924+0000] {dag.py:4180} INFO - Setting next_dagrun for example_complex to None, run_after=None
[2024-10-06T19:09:25.946+0000] {processor.py:208} INFO - Processing /home/airflow/.local/lib/python3.12/site-packages/airflow/example_dags/example_complex.py took 0.090 seconds
[2024-10-06T19:09:56.043+0000] {processor.py:186} INFO - Started process (PID=841) to work on /home/airflow/.local/lib/python3.12/site-packages/airflow/example_dags/example_complex.py
[2024-10-06T19:09:56.044+0000] {processor.py:914} INFO - Processing file /home/airflow/.local/lib/python3.12/site-packages/airflow/example_dags/example_complex.py for tasks to queue
[2024-10-06T19:09:56.046+0000] {logging_mixin.py:190} INFO - [2024-10-06T19:09:56.046+0000] {dagbag.py:588} INFO - Filling up the DagBag from /home/airflow/.local/lib/python3.12/site-packages/airflow/example_dags/example_complex.py
[2024-10-06T19:09:56.058+0000] {processor.py:925} INFO - DAG(s) 'example_complex' retrieved from /home/airflow/.local/lib/python3.12/site-packages/airflow/example_dags/example_complex.py
[2024-10-06T19:09:56.095+0000] {logging_mixin.py:190} INFO - [2024-10-06T19:09:56.094+0000] {dag.py:3239} INFO - Sync 1 DAGs
[2024-10-06T19:09:56.114+0000] {logging_mixin.py:190} INFO - [2024-10-06T19:09:56.114+0000] {dag.py:4180} INFO - Setting next_dagrun for example_complex to None, run_after=None
[2024-10-06T19:09:56.139+0000] {processor.py:208} INFO - Processing /home/airflow/.local/lib/python3.12/site-packages/airflow/example_dags/example_complex.py took 0.102 seconds
[2024-10-06T19:10:26.393+0000] {processor.py:186} INFO - Started process (PID=1127) to work on /home/airflow/.local/lib/python3.12/site-packages/airflow/example_dags/example_complex.py
[2024-10-06T19:10:26.394+0000] {processor.py:914} INFO - Processing file /home/airflow/.local/lib/python3.12/site-packages/airflow/example_dags/example_complex.py for tasks to queue
[2024-10-06T19:10:26.396+0000] {logging_mixin.py:190} INFO - [2024-10-06T19:10:26.395+0000] {dagbag.py:588} INFO - Filling up the DagBag from /home/airflow/.local/lib/python3.12/site-packages/airflow/example_dags/example_complex.py
[2024-10-06T19:10:26.407+0000] {processor.py:925} INFO - DAG(s) 'example_complex' retrieved from /home/airflow/.local/lib/python3.12/site-packages/airflow/example_dags/example_complex.py
[2024-10-06T19:10:26.435+0000] {logging_mixin.py:190} INFO - [2024-10-06T19:10:26.435+0000] {dag.py:3239} INFO - Sync 1 DAGs
[2024-10-06T19:10:26.450+0000] {logging_mixin.py:190} INFO - [2024-10-06T19:10:26.450+0000] {dag.py:4180} INFO - Setting next_dagrun for example_complex to None, run_after=None
[2024-10-06T19:10:26.468+0000] {processor.py:208} INFO - Processing /home/airflow/.local/lib/python3.12/site-packages/airflow/example_dags/example_complex.py took 0.080 seconds
[2024-10-06T19:10:56.903+0000] {processor.py:186} INFO - Started process (PID=1437) to work on /home/airflow/.local/lib/python3.12/site-packages/airflow/example_dags/example_complex.py
[2024-10-06T19:10:56.904+0000] {processor.py:914} INFO - Processing file /home/airflow/.local/lib/python3.12/site-packages/airflow/example_dags/example_complex.py for tasks to queue
[2024-10-06T19:10:56.906+0000] {logging_mixin.py:190} INFO - [2024-10-06T19:10:56.905+0000] {dagbag.py:588} INFO - Filling up the DagBag from /home/airflow/.local/lib/python3.12/site-packages/airflow/example_dags/example_complex.py
[2024-10-06T19:10:56.916+0000] {processor.py:925} INFO - DAG(s) 'example_complex' retrieved from /home/airflow/.local/lib/python3.12/site-packages/airflow/example_dags/example_complex.py
[2024-10-06T19:10:56.942+0000] {logging_mixin.py:190} INFO - [2024-10-06T19:10:56.942+0000] {dag.py:3239} INFO - Sync 1 DAGs
[2024-10-06T19:10:56.954+0000] {logging_mixin.py:190} INFO - [2024-10-06T19:10:56.954+0000] {dag.py:4180} INFO - Setting next_dagrun for example_complex to None, run_after=None
[2024-10-06T19:10:56.972+0000] {processor.py:208} INFO - Processing /home/airflow/.local/lib/python3.12/site-packages/airflow/example_dags/example_complex.py took 0.073 seconds
[2024-10-06T19:11:27.220+0000] {processor.py:186} INFO - Started process (PID=1723) to work on /home/airflow/.local/lib/python3.12/site-packages/airflow/example_dags/example_complex.py
[2024-10-06T19:11:27.221+0000] {processor.py:914} INFO - Processing file /home/airflow/.local/lib/python3.12/site-packages/airflow/example_dags/example_complex.py for tasks to queue
[2024-10-06T19:11:27.223+0000] {logging_mixin.py:190} INFO - [2024-10-06T19:11:27.223+0000] {dagbag.py:588} INFO - Filling up the DagBag from /home/airflow/.local/lib/python3.12/site-packages/airflow/example_dags/example_complex.py
[2024-10-06T19:11:27.234+0000] {processor.py:925} INFO - DAG(s) 'example_complex' retrieved from /home/airflow/.local/lib/python3.12/site-packages/airflow/example_dags/example_complex.py
[2024-10-06T19:11:27.266+0000] {logging_mixin.py:190} INFO - [2024-10-06T19:11:27.266+0000] {dag.py:3239} INFO - Sync 1 DAGs
[2024-10-06T19:11:27.281+0000] {logging_mixin.py:190} INFO - [2024-10-06T19:11:27.281+0000] {dag.py:4180} INFO - Setting next_dagrun for example_complex to None, run_after=None
[2024-10-06T19:11:27.300+0000] {processor.py:208} INFO - Processing /home/airflow/.local/lib/python3.12/site-packages/airflow/example_dags/example_complex.py took 0.084 seconds
[2024-10-06T19:11:57.612+0000] {processor.py:186} INFO - Started process (PID=2009) to work on /home/airflow/.local/lib/python3.12/site-packages/airflow/example_dags/example_complex.py
[2024-10-06T19:11:57.612+0000] {processor.py:914} INFO - Processing file /home/airflow/.local/lib/python3.12/site-packages/airflow/example_dags/example_complex.py for tasks to queue
[2024-10-06T19:11:57.614+0000] {logging_mixin.py:190} INFO - [2024-10-06T19:11:57.614+0000] {dagbag.py:588} INFO - Filling up the DagBag from /home/airflow/.local/lib/python3.12/site-packages/airflow/example_dags/example_complex.py
[2024-10-06T19:11:57.625+0000] {processor.py:925} INFO - DAG(s) 'example_complex' retrieved from /home/airflow/.local/lib/python3.12/site-packages/airflow/example_dags/example_complex.py
[2024-10-06T19:11:57.655+0000] {logging_mixin.py:190} INFO - [2024-10-06T19:11:57.655+0000] {dag.py:3239} INFO - Sync 1 DAGs
[2024-10-06T19:11:57.669+0000] {logging_mixin.py:190} INFO - [2024-10-06T19:11:57.668+0000] {dag.py:4180} INFO - Setting next_dagrun for example_complex to None, run_after=None
[2024-10-06T19:11:57.689+0000] {processor.py:208} INFO - Processing /home/airflow/.local/lib/python3.12/site-packages/airflow/example_dags/example_complex.py took 0.082 seconds
[2024-10-06T19:12:28.023+0000] {processor.py:186} INFO - Started process (PID=2295) to work on /home/airflow/.local/lib/python3.12/site-packages/airflow/example_dags/example_complex.py
[2024-10-06T19:12:28.024+0000] {processor.py:914} INFO - Processing file /home/airflow/.local/lib/python3.12/site-packages/airflow/example_dags/example_complex.py for tasks to queue
[2024-10-06T19:12:28.026+0000] {logging_mixin.py:190} INFO - [2024-10-06T19:12:28.026+0000] {dagbag.py:588} INFO - Filling up the DagBag from /home/airflow/.local/lib/python3.12/site-packages/airflow/example_dags/example_complex.py
[2024-10-06T19:12:28.039+0000] {processor.py:925} INFO - DAG(s) 'example_complex' retrieved from /home/airflow/.local/lib/python3.12/site-packages/airflow/example_dags/example_complex.py
[2024-10-06T19:12:28.071+0000] {logging_mixin.py:190} INFO - [2024-10-06T19:12:28.070+0000] {dag.py:3239} INFO - Sync 1 DAGs
[2024-10-06T19:12:28.084+0000] {logging_mixin.py:190} INFO - [2024-10-06T19:12:28.083+0000] {dag.py:4180} INFO - Setting next_dagrun for example_complex to None, run_after=None
[2024-10-06T19:12:28.100+0000] {processor.py:208} INFO - Processing /home/airflow/.local/lib/python3.12/site-packages/airflow/example_dags/example_complex.py took 0.083 seconds
[2024-10-06T19:12:58.394+0000] {processor.py:186} INFO - Started process (PID=2581) to work on /home/airflow/.local/lib/python3.12/site-packages/airflow/example_dags/example_complex.py
[2024-10-06T19:12:58.395+0000] {processor.py:914} INFO - Processing file /home/airflow/.local/lib/python3.12/site-packages/airflow/example_dags/example_complex.py for tasks to queue
[2024-10-06T19:12:58.397+0000] {logging_mixin.py:190} INFO - [2024-10-06T19:12:58.397+0000] {dagbag.py:588} INFO - Filling up the DagBag from /home/airflow/.local/lib/python3.12/site-packages/airflow/example_dags/example_complex.py
[2024-10-06T19:12:58.408+0000] {processor.py:925} INFO - DAG(s) 'example_complex' retrieved from /home/airflow/.local/lib/python3.12/site-packages/airflow/example_dags/example_complex.py
[2024-10-06T19:12:58.436+0000] {logging_mixin.py:190} INFO - [2024-10-06T19:12:58.436+0000] {dag.py:3239} INFO - Sync 1 DAGs
[2024-10-06T19:12:58.452+0000] {logging_mixin.py:190} INFO - [2024-10-06T19:12:58.452+0000] {dag.py:4180} INFO - Setting next_dagrun for example_complex to None, run_after=None
[2024-10-06T19:12:58.473+0000] {processor.py:208} INFO - Processing /home/airflow/.local/lib/python3.12/site-packages/airflow/example_dags/example_complex.py took 0.084 seconds
[2024-10-06T19:13:28.875+0000] {processor.py:186} INFO - Started process (PID=2867) to work on /home/airflow/.local/lib/python3.12/site-packages/airflow/example_dags/example_complex.py
[2024-10-06T19:13:28.876+0000] {processor.py:914} INFO - Processing file /home/airflow/.local/lib/python3.12/site-packages/airflow/example_dags/example_complex.py for tasks to queue
[2024-10-06T19:13:28.878+0000] {logging_mixin.py:190} INFO - [2024-10-06T19:13:28.878+0000] {dagbag.py:588} INFO - Filling up the DagBag from /home/airflow/.local/lib/python3.12/site-packages/airflow/example_dags/example_complex.py
[2024-10-06T19:13:28.889+0000] {processor.py:925} INFO - DAG(s) 'example_complex' retrieved from /home/airflow/.local/lib/python3.12/site-packages/airflow/example_dags/example_complex.py
[2024-10-06T19:13:28.916+0000] {logging_mixin.py:190} INFO - [2024-10-06T19:13:28.916+0000] {dag.py:3239} INFO - Sync 1 DAGs
[2024-10-06T19:13:28.930+0000] {logging_mixin.py:190} INFO - [2024-10-06T19:13:28.930+0000] {dag.py:4180} INFO - Setting next_dagrun for example_complex to None, run_after=None
[2024-10-06T19:13:28.948+0000] {processor.py:208} INFO - Processing /home/airflow/.local/lib/python3.12/site-packages/airflow/example_dags/example_complex.py took 0.078 seconds
[2024-10-06T19:13:59.203+0000] {processor.py:186} INFO - Started process (PID=3158) to work on /home/airflow/.local/lib/python3.12/site-packages/airflow/example_dags/example_complex.py
[2024-10-06T19:13:59.204+0000] {processor.py:914} INFO - Processing file /home/airflow/.local/lib/python3.12/site-packages/airflow/example_dags/example_complex.py for tasks to queue
[2024-10-06T19:13:59.206+0000] {logging_mixin.py:190} INFO - [2024-10-06T19:13:59.205+0000] {dagbag.py:588} INFO - Filling up the DagBag from /home/airflow/.local/lib/python3.12/site-packages/airflow/example_dags/example_complex.py
[2024-10-06T19:13:59.218+0000] {processor.py:925} INFO - DAG(s) 'example_complex' retrieved from /home/airflow/.local/lib/python3.12/site-packages/airflow/example_dags/example_complex.py
[2024-10-06T19:13:59.247+0000] {logging_mixin.py:190} INFO - [2024-10-06T19:13:59.247+0000] {dag.py:3239} INFO - Sync 1 DAGs
[2024-10-06T19:13:59.262+0000] {logging_mixin.py:190} INFO - [2024-10-06T19:13:59.262+0000] {dag.py:4180} INFO - Setting next_dagrun for example_complex to None, run_after=None
[2024-10-06T19:13:59.281+0000] {processor.py:208} INFO - Processing /home/airflow/.local/lib/python3.12/site-packages/airflow/example_dags/example_complex.py took 0.082 seconds
[2024-10-06T19:14:29.423+0000] {processor.py:186} INFO - Started process (PID=3449) to work on /home/airflow/.local/lib/python3.12/site-packages/airflow/example_dags/example_complex.py
[2024-10-06T19:14:29.424+0000] {processor.py:914} INFO - Processing file /home/airflow/.local/lib/python3.12/site-packages/airflow/example_dags/example_complex.py for tasks to queue
[2024-10-06T19:14:29.426+0000] {logging_mixin.py:190} INFO - [2024-10-06T19:14:29.426+0000] {dagbag.py:588} INFO - Filling up the DagBag from /home/airflow/.local/lib/python3.12/site-packages/airflow/example_dags/example_complex.py
[2024-10-06T19:14:29.436+0000] {processor.py:925} INFO - DAG(s) 'example_complex' retrieved from /home/airflow/.local/lib/python3.12/site-packages/airflow/example_dags/example_complex.py
[2024-10-06T19:14:29.464+0000] {logging_mixin.py:190} INFO - [2024-10-06T19:14:29.464+0000] {dag.py:3239} INFO - Sync 1 DAGs
[2024-10-06T19:14:29.477+0000] {logging_mixin.py:190} INFO - [2024-10-06T19:14:29.477+0000] {dag.py:4180} INFO - Setting next_dagrun for example_complex to None, run_after=None
[2024-10-06T19:14:29.497+0000] {processor.py:208} INFO - Processing /home/airflow/.local/lib/python3.12/site-packages/airflow/example_dags/example_complex.py took 0.078 seconds
[2024-10-06T19:14:59.840+0000] {processor.py:186} INFO - Started process (PID=3740) to work on /home/airflow/.local/lib/python3.12/site-packages/airflow/example_dags/example_complex.py
[2024-10-06T19:14:59.841+0000] {processor.py:914} INFO - Processing file /home/airflow/.local/lib/python3.12/site-packages/airflow/example_dags/example_complex.py for tasks to queue
[2024-10-06T19:14:59.844+0000] {logging_mixin.py:190} INFO - [2024-10-06T19:14:59.843+0000] {dagbag.py:588} INFO - Filling up the DagBag from /home/airflow/.local/lib/python3.12/site-packages/airflow/example_dags/example_complex.py
[2024-10-06T19:14:59.853+0000] {processor.py:925} INFO - DAG(s) 'example_complex' retrieved from /home/airflow/.local/lib/python3.12/site-packages/airflow/example_dags/example_complex.py
[2024-10-06T19:14:59.884+0000] {logging_mixin.py:190} INFO - [2024-10-06T19:14:59.884+0000] {dag.py:3239} INFO - Sync 1 DAGs
[2024-10-06T19:14:59.898+0000] {logging_mixin.py:190} INFO - [2024-10-06T19:14:59.898+0000] {dag.py:4180} INFO - Setting next_dagrun for example_complex to None, run_after=None
[2024-10-06T19:14:59.916+0000] {processor.py:208} INFO - Processing /home/airflow/.local/lib/python3.12/site-packages/airflow/example_dags/example_complex.py took 0.079 seconds
[2024-10-06T19:15:30.110+0000] {processor.py:186} INFO - Started process (PID=4036) to work on /home/airflow/.local/lib/python3.12/site-packages/airflow/example_dags/example_complex.py
[2024-10-06T19:15:30.111+0000] {processor.py:914} INFO - Processing file /home/airflow/.local/lib/python3.12/site-packages/airflow/example_dags/example_complex.py for tasks to queue
[2024-10-06T19:15:30.112+0000] {logging_mixin.py:190} INFO - [2024-10-06T19:15:30.112+0000] {dagbag.py:588} INFO - Filling up the DagBag from /home/airflow/.local/lib/python3.12/site-packages/airflow/example_dags/example_complex.py
[2024-10-06T19:15:30.123+0000] {processor.py:925} INFO - DAG(s) 'example_complex' retrieved from /home/airflow/.local/lib/python3.12/site-packages/airflow/example_dags/example_complex.py
[2024-10-06T19:15:30.153+0000] {logging_mixin.py:190} INFO - [2024-10-06T19:15:30.153+0000] {dag.py:3239} INFO - Sync 1 DAGs
[2024-10-06T19:15:30.167+0000] {logging_mixin.py:190} INFO - [2024-10-06T19:15:30.167+0000] {dag.py:4180} INFO - Setting next_dagrun for example_complex to None, run_after=None
[2024-10-06T19:15:30.186+0000] {processor.py:208} INFO - Processing /home/airflow/.local/lib/python3.12/site-packages/airflow/example_dags/example_complex.py took 0.081 seconds
[2024-10-06T19:16:00.313+0000] {processor.py:186} INFO - Started process (PID=4327) to work on /home/airflow/.local/lib/python3.12/site-packages/airflow/example_dags/example_complex.py
[2024-10-06T19:16:00.314+0000] {processor.py:914} INFO - Processing file /home/airflow/.local/lib/python3.12/site-packages/airflow/example_dags/example_complex.py for tasks to queue
[2024-10-06T19:16:00.316+0000] {logging_mixin.py:190} INFO - [2024-10-06T19:16:00.316+0000] {dagbag.py:588} INFO - Filling up the DagBag from /home/airflow/.local/lib/python3.12/site-packages/airflow/example_dags/example_complex.py
[2024-10-06T19:16:00.325+0000] {processor.py:925} INFO - DAG(s) 'example_complex' retrieved from /home/airflow/.local/lib/python3.12/site-packages/airflow/example_dags/example_complex.py
[2024-10-06T19:16:00.352+0000] {logging_mixin.py:190} INFO - [2024-10-06T19:16:00.352+0000] {dag.py:3239} INFO - Sync 1 DAGs
[2024-10-06T19:16:00.364+0000] {logging_mixin.py:190} INFO - [2024-10-06T19:16:00.364+0000] {dag.py:4180} INFO - Setting next_dagrun for example_complex to None, run_after=None
[2024-10-06T19:16:00.383+0000] {processor.py:208} INFO - Processing /home/airflow/.local/lib/python3.12/site-packages/airflow/example_dags/example_complex.py took 0.073 seconds
[2024-10-06T19:16:30.599+0000] {processor.py:186} INFO - Started process (PID=4618) to work on /home/airflow/.local/lib/python3.12/site-packages/airflow/example_dags/example_complex.py
[2024-10-06T19:16:30.600+0000] {processor.py:914} INFO - Processing file /home/airflow/.local/lib/python3.12/site-packages/airflow/example_dags/example_complex.py for tasks to queue
[2024-10-06T19:16:30.602+0000] {logging_mixin.py:190} INFO - [2024-10-06T19:16:30.601+0000] {dagbag.py:588} INFO - Filling up the DagBag from /home/airflow/.local/lib/python3.12/site-packages/airflow/example_dags/example_complex.py
[2024-10-06T19:16:30.612+0000] {processor.py:925} INFO - DAG(s) 'example_complex' retrieved from /home/airflow/.local/lib/python3.12/site-packages/airflow/example_dags/example_complex.py
[2024-10-06T19:16:30.638+0000] {logging_mixin.py:190} INFO - [2024-10-06T19:16:30.638+0000] {dag.py:3239} INFO - Sync 1 DAGs
[2024-10-06T19:16:30.650+0000] {logging_mixin.py:190} INFO - [2024-10-06T19:16:30.650+0000] {dag.py:4180} INFO - Setting next_dagrun for example_complex to None, run_after=None
[2024-10-06T19:16:30.669+0000] {processor.py:208} INFO - Processing /home/airflow/.local/lib/python3.12/site-packages/airflow/example_dags/example_complex.py took 0.073 seconds
[2024-10-06T19:17:00.915+0000] {processor.py:186} INFO - Started process (PID=4909) to work on /home/airflow/.local/lib/python3.12/site-packages/airflow/example_dags/example_complex.py
[2024-10-06T19:17:00.916+0000] {processor.py:914} INFO - Processing file /home/airflow/.local/lib/python3.12/site-packages/airflow/example_dags/example_complex.py for tasks to queue
[2024-10-06T19:17:00.918+0000] {logging_mixin.py:190} INFO - [2024-10-06T19:17:00.918+0000] {dagbag.py:588} INFO - Filling up the DagBag from /home/airflow/.local/lib/python3.12/site-packages/airflow/example_dags/example_complex.py
[2024-10-06T19:17:00.927+0000] {processor.py:925} INFO - DAG(s) 'example_complex' retrieved from /home/airflow/.local/lib/python3.12/site-packages/airflow/example_dags/example_complex.py
[2024-10-06T19:17:00.954+0000] {logging_mixin.py:190} INFO - [2024-10-06T19:17:00.954+0000] {dag.py:3239} INFO - Sync 1 DAGs
[2024-10-06T19:17:00.966+0000] {logging_mixin.py:190} INFO - [2024-10-06T19:17:00.966+0000] {dag.py:4180} INFO - Setting next_dagrun for example_complex to None, run_after=None
[2024-10-06T19:17:00.984+0000] {processor.py:208} INFO - Processing /home/airflow/.local/lib/python3.12/site-packages/airflow/example_dags/example_complex.py took 0.072 seconds
[2024-10-06T19:17:31.407+0000] {processor.py:186} INFO - Started process (PID=5200) to work on /home/airflow/.local/lib/python3.12/site-packages/airflow/example_dags/example_complex.py
[2024-10-06T19:17:31.407+0000] {processor.py:914} INFO - Processing file /home/airflow/.local/lib/python3.12/site-packages/airflow/example_dags/example_complex.py for tasks to queue
[2024-10-06T19:17:31.410+0000] {logging_mixin.py:190} INFO - [2024-10-06T19:17:31.409+0000] {dagbag.py:588} INFO - Filling up the DagBag from /home/airflow/.local/lib/python3.12/site-packages/airflow/example_dags/example_complex.py
[2024-10-06T19:17:31.421+0000] {processor.py:925} INFO - DAG(s) 'example_complex' retrieved from /home/airflow/.local/lib/python3.12/site-packages/airflow/example_dags/example_complex.py
[2024-10-06T19:17:31.448+0000] {logging_mixin.py:190} INFO - [2024-10-06T19:17:31.448+0000] {dag.py:3239} INFO - Sync 1 DAGs
[2024-10-06T19:17:31.461+0000] {logging_mixin.py:190} INFO - [2024-10-06T19:17:31.461+0000] {dag.py:4180} INFO - Setting next_dagrun for example_complex to None, run_after=None
[2024-10-06T19:17:31.480+0000] {processor.py:208} INFO - Processing /home/airflow/.local/lib/python3.12/site-packages/airflow/example_dags/example_complex.py took 0.078 seconds
[2024-10-06T19:18:01.567+0000] {processor.py:186} INFO - Started process (PID=5491) to work on /home/airflow/.local/lib/python3.12/site-packages/airflow/example_dags/example_complex.py
[2024-10-06T19:18:01.568+0000] {processor.py:914} INFO - Processing file /home/airflow/.local/lib/python3.12/site-packages/airflow/example_dags/example_complex.py for tasks to queue
[2024-10-06T19:18:01.570+0000] {logging_mixin.py:190} INFO - [2024-10-06T19:18:01.569+0000] {dagbag.py:588} INFO - Filling up the DagBag from /home/airflow/.local/lib/python3.12/site-packages/airflow/example_dags/example_complex.py
[2024-10-06T19:18:01.581+0000] {processor.py:925} INFO - DAG(s) 'example_complex' retrieved from /home/airflow/.local/lib/python3.12/site-packages/airflow/example_dags/example_complex.py
[2024-10-06T19:18:01.610+0000] {logging_mixin.py:190} INFO - [2024-10-06T19:18:01.610+0000] {dag.py:3239} INFO - Sync 1 DAGs
[2024-10-06T19:18:01.623+0000] {logging_mixin.py:190} INFO - [2024-10-06T19:18:01.623+0000] {dag.py:4180} INFO - Setting next_dagrun for example_complex to None, run_after=None
[2024-10-06T19:18:01.640+0000] {processor.py:208} INFO - Processing /home/airflow/.local/lib/python3.12/site-packages/airflow/example_dags/example_complex.py took 0.078 seconds
[2024-10-06T19:18:31.878+0000] {processor.py:186} INFO - Started process (PID=5782) to work on /home/airflow/.local/lib/python3.12/site-packages/airflow/example_dags/example_complex.py
[2024-10-06T19:18:31.879+0000] {processor.py:914} INFO - Processing file /home/airflow/.local/lib/python3.12/site-packages/airflow/example_dags/example_complex.py for tasks to queue
[2024-10-06T19:18:31.881+0000] {logging_mixin.py:190} INFO - [2024-10-06T19:18:31.881+0000] {dagbag.py:588} INFO - Filling up the DagBag from /home/airflow/.local/lib/python3.12/site-packages/airflow/example_dags/example_complex.py
[2024-10-06T19:18:31.893+0000] {processor.py:925} INFO - DAG(s) 'example_complex' retrieved from /home/airflow/.local/lib/python3.12/site-packages/airflow/example_dags/example_complex.py
[2024-10-06T19:18:31.922+0000] {logging_mixin.py:190} INFO - [2024-10-06T19:18:31.922+0000] {dag.py:3239} INFO - Sync 1 DAGs
[2024-10-06T19:18:31.935+0000] {logging_mixin.py:190} INFO - [2024-10-06T19:18:31.935+0000] {dag.py:4180} INFO - Setting next_dagrun for example_complex to None, run_after=None
[2024-10-06T19:18:31.952+0000] {processor.py:208} INFO - Processing /home/airflow/.local/lib/python3.12/site-packages/airflow/example_dags/example_complex.py took 0.078 seconds
[2024-10-06T19:19:02.352+0000] {processor.py:186} INFO - Started process (PID=6078) to work on /home/airflow/.local/lib/python3.12/site-packages/airflow/example_dags/example_complex.py
[2024-10-06T19:19:02.353+0000] {processor.py:914} INFO - Processing file /home/airflow/.local/lib/python3.12/site-packages/airflow/example_dags/example_complex.py for tasks to queue
[2024-10-06T19:19:02.355+0000] {logging_mixin.py:190} INFO - [2024-10-06T19:19:02.355+0000] {dagbag.py:588} INFO - Filling up the DagBag from /home/airflow/.local/lib/python3.12/site-packages/airflow/example_dags/example_complex.py
[2024-10-06T19:19:02.366+0000] {processor.py:925} INFO - DAG(s) 'example_complex' retrieved from /home/airflow/.local/lib/python3.12/site-packages/airflow/example_dags/example_complex.py
[2024-10-06T19:19:02.397+0000] {logging_mixin.py:190} INFO - [2024-10-06T19:19:02.396+0000] {dag.py:3239} INFO - Sync 1 DAGs
[2024-10-06T19:19:02.409+0000] {logging_mixin.py:190} INFO - [2024-10-06T19:19:02.409+0000] {dag.py:4180} INFO - Setting next_dagrun for example_complex to None, run_after=None
[2024-10-06T19:19:02.427+0000] {processor.py:208} INFO - Processing /home/airflow/.local/lib/python3.12/site-packages/airflow/example_dags/example_complex.py took 0.079 seconds
[2024-10-06T19:19:32.576+0000] {processor.py:186} INFO - Started process (PID=6371) to work on /home/airflow/.local/lib/python3.12/site-packages/airflow/example_dags/example_complex.py
[2024-10-06T19:19:32.576+0000] {processor.py:914} INFO - Processing file /home/airflow/.local/lib/python3.12/site-packages/airflow/example_dags/example_complex.py for tasks to queue
[2024-10-06T19:19:32.578+0000] {logging_mixin.py:190} INFO - [2024-10-06T19:19:32.578+0000] {dagbag.py:588} INFO - Filling up the DagBag from /home/airflow/.local/lib/python3.12/site-packages/airflow/example_dags/example_complex.py
[2024-10-06T19:19:32.588+0000] {processor.py:925} INFO - DAG(s) 'example_complex' retrieved from /home/airflow/.local/lib/python3.12/site-packages/airflow/example_dags/example_complex.py
[2024-10-06T19:19:32.617+0000] {logging_mixin.py:190} INFO - [2024-10-06T19:19:32.617+0000] {dag.py:3239} INFO - Sync 1 DAGs
[2024-10-06T19:19:32.629+0000] {logging_mixin.py:190} INFO - [2024-10-06T19:19:32.629+0000] {dag.py:4180} INFO - Setting next_dagrun for example_complex to None, run_after=None
[2024-10-06T19:19:32.648+0000] {processor.py:208} INFO - Processing /home/airflow/.local/lib/python3.12/site-packages/airflow/example_dags/example_complex.py took 0.077 seconds
[2024-10-06T19:20:03.015+0000] {processor.py:186} INFO - Started process (PID=6660) to work on /home/airflow/.local/lib/python3.12/site-packages/airflow/example_dags/example_complex.py
[2024-10-06T19:20:03.016+0000] {processor.py:914} INFO - Processing file /home/airflow/.local/lib/python3.12/site-packages/airflow/example_dags/example_complex.py for tasks to queue
[2024-10-06T19:20:03.019+0000] {logging_mixin.py:190} INFO - [2024-10-06T19:20:03.018+0000] {dagbag.py:588} INFO - Filling up the DagBag from /home/airflow/.local/lib/python3.12/site-packages/airflow/example_dags/example_complex.py
[2024-10-06T19:20:03.028+0000] {processor.py:925} INFO - DAG(s) 'example_complex' retrieved from /home/airflow/.local/lib/python3.12/site-packages/airflow/example_dags/example_complex.py
[2024-10-06T19:20:03.054+0000] {logging_mixin.py:190} INFO - [2024-10-06T19:20:03.054+0000] {dag.py:3239} INFO - Sync 1 DAGs
[2024-10-06T19:20:03.067+0000] {logging_mixin.py:190} INFO - [2024-10-06T19:20:03.066+0000] {dag.py:4180} INFO - Setting next_dagrun for example_complex to None, run_after=None
[2024-10-06T19:20:03.085+0000] {processor.py:208} INFO - Processing /home/airflow/.local/lib/python3.12/site-packages/airflow/example_dags/example_complex.py took 0.074 seconds
[2024-10-06T19:20:33.420+0000] {processor.py:186} INFO - Started process (PID=6951) to work on /home/airflow/.local/lib/python3.12/site-packages/airflow/example_dags/example_complex.py
[2024-10-06T19:20:33.420+0000] {processor.py:914} INFO - Processing file /home/airflow/.local/lib/python3.12/site-packages/airflow/example_dags/example_complex.py for tasks to queue
[2024-10-06T19:20:33.422+0000] {logging_mixin.py:190} INFO - [2024-10-06T19:20:33.422+0000] {dagbag.py:588} INFO - Filling up the DagBag from /home/airflow/.local/lib/python3.12/site-packages/airflow/example_dags/example_complex.py
[2024-10-06T19:20:33.433+0000] {processor.py:925} INFO - DAG(s) 'example_complex' retrieved from /home/airflow/.local/lib/python3.12/site-packages/airflow/example_dags/example_complex.py
[2024-10-06T19:20:33.461+0000] {logging_mixin.py:190} INFO - [2024-10-06T19:20:33.461+0000] {dag.py:3239} INFO - Sync 1 DAGs
[2024-10-06T19:20:33.475+0000] {logging_mixin.py:190} INFO - [2024-10-06T19:20:33.475+0000] {dag.py:4180} INFO - Setting next_dagrun for example_complex to None, run_after=None
[2024-10-06T19:20:33.491+0000] {processor.py:208} INFO - Processing /home/airflow/.local/lib/python3.12/site-packages/airflow/example_dags/example_complex.py took 0.076 seconds
[2024-10-06T19:21:03.734+0000] {processor.py:186} INFO - Started process (PID=7242) to work on /home/airflow/.local/lib/python3.12/site-packages/airflow/example_dags/example_complex.py
[2024-10-06T19:21:03.735+0000] {processor.py:914} INFO - Processing file /home/airflow/.local/lib/python3.12/site-packages/airflow/example_dags/example_complex.py for tasks to queue
[2024-10-06T19:21:03.737+0000] {logging_mixin.py:190} INFO - [2024-10-06T19:21:03.736+0000] {dagbag.py:588} INFO - Filling up the DagBag from /home/airflow/.local/lib/python3.12/site-packages/airflow/example_dags/example_complex.py
[2024-10-06T19:21:03.748+0000] {processor.py:925} INFO - DAG(s) 'example_complex' retrieved from /home/airflow/.local/lib/python3.12/site-packages/airflow/example_dags/example_complex.py
[2024-10-06T19:21:03.777+0000] {logging_mixin.py:190} INFO - [2024-10-06T19:21:03.777+0000] {dag.py:3239} INFO - Sync 1 DAGs
[2024-10-06T19:21:03.791+0000] {logging_mixin.py:190} INFO - [2024-10-06T19:21:03.790+0000] {dag.py:4180} INFO - Setting next_dagrun for example_complex to None, run_after=None
[2024-10-06T19:21:03.810+0000] {processor.py:208} INFO - Processing /home/airflow/.local/lib/python3.12/site-packages/airflow/example_dags/example_complex.py took 0.080 seconds
[2024-10-06T19:21:34.255+0000] {processor.py:186} INFO - Started process (PID=7538) to work on /home/airflow/.local/lib/python3.12/site-packages/airflow/example_dags/example_complex.py
[2024-10-06T19:21:34.255+0000] {processor.py:914} INFO - Processing file /home/airflow/.local/lib/python3.12/site-packages/airflow/example_dags/example_complex.py for tasks to queue
[2024-10-06T19:21:34.257+0000] {logging_mixin.py:190} INFO - [2024-10-06T19:21:34.257+0000] {dagbag.py:588} INFO - Filling up the DagBag from /home/airflow/.local/lib/python3.12/site-packages/airflow/example_dags/example_complex.py
[2024-10-06T19:21:34.268+0000] {processor.py:925} INFO - DAG(s) 'example_complex' retrieved from /home/airflow/.local/lib/python3.12/site-packages/airflow/example_dags/example_complex.py
[2024-10-06T19:21:34.295+0000] {logging_mixin.py:190} INFO - [2024-10-06T19:21:34.295+0000] {dag.py:3239} INFO - Sync 1 DAGs
[2024-10-06T19:21:34.307+0000] {logging_mixin.py:190} INFO - [2024-10-06T19:21:34.307+0000] {dag.py:4180} INFO - Setting next_dagrun for example_complex to None, run_after=None
[2024-10-06T19:21:34.325+0000] {processor.py:208} INFO - Processing /home/airflow/.local/lib/python3.12/site-packages/airflow/example_dags/example_complex.py took 0.074 seconds
