[2024-10-06T19:09:00.589+0000] {processor.py:186} INFO - Started process (PID=414) to work on /home/airflow/.local/lib/python3.12/site-packages/airflow/example_dags/example_short_circuit_operator.py
[2024-10-06T19:09:00.590+0000] {processor.py:914} INFO - Processing file /home/airflow/.local/lib/python3.12/site-packages/airflow/example_dags/example_short_circuit_operator.py for tasks to queue
[2024-10-06T19:09:00.592+0000] {logging_mixin.py:190} INFO - [2024-10-06T19:09:00.592+0000] {dagbag.py:588} INFO - Filling up the DagBag from /home/airflow/.local/lib/python3.12/site-packages/airflow/example_dags/example_short_circuit_operator.py
[2024-10-06T19:09:00.600+0000] {processor.py:925} INFO - DAG(s) 'example_short_circuit_operator' retrieved from /home/airflow/.local/lib/python3.12/site-packages/airflow/example_dags/example_short_circuit_operator.py
[2024-10-06T19:09:00.692+0000] {logging_mixin.py:190} INFO - [2024-10-06T19:09:00.691+0000] {override.py:1900} INFO - Created Permission View: can delete on DAG:example_short_circuit_operator
[2024-10-06T19:09:00.701+0000] {logging_mixin.py:190} INFO - [2024-10-06T19:09:00.700+0000] {override.py:1900} INFO - Created Permission View: can edit on DAG:example_short_circuit_operator
[2024-10-06T19:09:00.707+0000] {logging_mixin.py:190} INFO - [2024-10-06T19:09:00.707+0000] {override.py:1900} INFO - Created Permission View: can read on DAG:example_short_circuit_operator
[2024-10-06T19:09:00.715+0000] {logging_mixin.py:190} INFO - [2024-10-06T19:09:00.714+0000] {override.py:1900} INFO - Created Permission View: can delete on DAG Run:example_short_circuit_operator
[2024-10-06T19:09:00.721+0000] {logging_mixin.py:190} INFO - [2024-10-06T19:09:00.721+0000] {override.py:1900} INFO - Created Permission View: can create on DAG Run:example_short_circuit_operator
[2024-10-06T19:09:00.728+0000] {logging_mixin.py:190} INFO - [2024-10-06T19:09:00.728+0000] {override.py:1900} INFO - Created Permission View: can read on DAG Run:example_short_circuit_operator
[2024-10-06T19:09:00.734+0000] {logging_mixin.py:190} INFO - [2024-10-06T19:09:00.734+0000] {override.py:1900} INFO - Created Permission View: menu access on DAG Run:example_short_circuit_operator
[2024-10-06T19:09:00.735+0000] {logging_mixin.py:190} INFO - [2024-10-06T19:09:00.735+0000] {dag.py:3239} INFO - Sync 1 DAGs
[2024-10-06T19:09:00.749+0000] {logging_mixin.py:190} INFO - [2024-10-06T19:09:00.748+0000] {dag.py:3262} INFO - Creating ORM DAG for example_short_circuit_operator
[2024-10-06T19:09:00.750+0000] {logging_mixin.py:190} INFO - [2024-10-06T19:09:00.749+0000] {dag.py:4180} INFO - Setting next_dagrun for example_short_circuit_operator to None, run_after=None
[2024-10-06T19:09:00.765+0000] {processor.py:208} INFO - Processing /home/airflow/.local/lib/python3.12/site-packages/airflow/example_dags/example_short_circuit_operator.py took 0.179 seconds
[2024-10-06T19:09:31.239+0000] {processor.py:186} INFO - Started process (PID=700) to work on /home/airflow/.local/lib/python3.12/site-packages/airflow/example_dags/example_short_circuit_operator.py
[2024-10-06T19:09:31.240+0000] {processor.py:914} INFO - Processing file /home/airflow/.local/lib/python3.12/site-packages/airflow/example_dags/example_short_circuit_operator.py for tasks to queue
[2024-10-06T19:09:31.243+0000] {logging_mixin.py:190} INFO - [2024-10-06T19:09:31.242+0000] {dagbag.py:588} INFO - Filling up the DagBag from /home/airflow/.local/lib/python3.12/site-packages/airflow/example_dags/example_short_circuit_operator.py
[2024-10-06T19:09:31.251+0000] {processor.py:925} INFO - DAG(s) 'example_short_circuit_operator' retrieved from /home/airflow/.local/lib/python3.12/site-packages/airflow/example_dags/example_short_circuit_operator.py
[2024-10-06T19:09:31.275+0000] {logging_mixin.py:190} INFO - [2024-10-06T19:09:31.275+0000] {dag.py:3239} INFO - Sync 1 DAGs
[2024-10-06T19:09:31.291+0000] {logging_mixin.py:190} INFO - [2024-10-06T19:09:31.291+0000] {dag.py:4180} INFO - Setting next_dagrun for example_short_circuit_operator to None, run_after=None
[2024-10-06T19:09:31.311+0000] {processor.py:208} INFO - Processing /home/airflow/.local/lib/python3.12/site-packages/airflow/example_dags/example_short_circuit_operator.py took 0.076 seconds
[2024-10-06T19:10:01.831+0000] {processor.py:186} INFO - Started process (PID=986) to work on /home/airflow/.local/lib/python3.12/site-packages/airflow/example_dags/example_short_circuit_operator.py
[2024-10-06T19:10:01.832+0000] {processor.py:914} INFO - Processing file /home/airflow/.local/lib/python3.12/site-packages/airflow/example_dags/example_short_circuit_operator.py for tasks to queue
[2024-10-06T19:10:01.834+0000] {logging_mixin.py:190} INFO - [2024-10-06T19:10:01.834+0000] {dagbag.py:588} INFO - Filling up the DagBag from /home/airflow/.local/lib/python3.12/site-packages/airflow/example_dags/example_short_circuit_operator.py
[2024-10-06T19:10:01.843+0000] {processor.py:925} INFO - DAG(s) 'example_short_circuit_operator' retrieved from /home/airflow/.local/lib/python3.12/site-packages/airflow/example_dags/example_short_circuit_operator.py
[2024-10-06T19:10:01.864+0000] {logging_mixin.py:190} INFO - [2024-10-06T19:10:01.864+0000] {dag.py:3239} INFO - Sync 1 DAGs
[2024-10-06T19:10:01.878+0000] {logging_mixin.py:190} INFO - [2024-10-06T19:10:01.878+0000] {dag.py:4180} INFO - Setting next_dagrun for example_short_circuit_operator to None, run_after=None
[2024-10-06T19:10:01.897+0000] {processor.py:208} INFO - Processing /home/airflow/.local/lib/python3.12/site-packages/airflow/example_dags/example_short_circuit_operator.py took 0.071 seconds
[2024-10-06T19:10:32.306+0000] {processor.py:186} INFO - Started process (PID=1272) to work on /home/airflow/.local/lib/python3.12/site-packages/airflow/example_dags/example_short_circuit_operator.py
[2024-10-06T19:10:32.307+0000] {processor.py:914} INFO - Processing file /home/airflow/.local/lib/python3.12/site-packages/airflow/example_dags/example_short_circuit_operator.py for tasks to queue
[2024-10-06T19:10:32.310+0000] {logging_mixin.py:190} INFO - [2024-10-06T19:10:32.310+0000] {dagbag.py:588} INFO - Filling up the DagBag from /home/airflow/.local/lib/python3.12/site-packages/airflow/example_dags/example_short_circuit_operator.py
[2024-10-06T19:10:32.318+0000] {processor.py:925} INFO - DAG(s) 'example_short_circuit_operator' retrieved from /home/airflow/.local/lib/python3.12/site-packages/airflow/example_dags/example_short_circuit_operator.py
[2024-10-06T19:10:32.341+0000] {logging_mixin.py:190} INFO - [2024-10-06T19:10:32.341+0000] {dag.py:3239} INFO - Sync 1 DAGs
[2024-10-06T19:10:32.357+0000] {logging_mixin.py:190} INFO - [2024-10-06T19:10:32.357+0000] {dag.py:4180} INFO - Setting next_dagrun for example_short_circuit_operator to None, run_after=None
[2024-10-06T19:10:32.379+0000] {processor.py:208} INFO - Processing /home/airflow/.local/lib/python3.12/site-packages/airflow/example_dags/example_short_circuit_operator.py took 0.078 seconds
[2024-10-06T19:11:02.546+0000] {processor.py:186} INFO - Started process (PID=1582) to work on /home/airflow/.local/lib/python3.12/site-packages/airflow/example_dags/example_short_circuit_operator.py
[2024-10-06T19:11:02.547+0000] {processor.py:914} INFO - Processing file /home/airflow/.local/lib/python3.12/site-packages/airflow/example_dags/example_short_circuit_operator.py for tasks to queue
[2024-10-06T19:11:02.549+0000] {logging_mixin.py:190} INFO - [2024-10-06T19:11:02.548+0000] {dagbag.py:588} INFO - Filling up the DagBag from /home/airflow/.local/lib/python3.12/site-packages/airflow/example_dags/example_short_circuit_operator.py
[2024-10-06T19:11:02.555+0000] {processor.py:925} INFO - DAG(s) 'example_short_circuit_operator' retrieved from /home/airflow/.local/lib/python3.12/site-packages/airflow/example_dags/example_short_circuit_operator.py
[2024-10-06T19:11:02.575+0000] {logging_mixin.py:190} INFO - [2024-10-06T19:11:02.574+0000] {dag.py:3239} INFO - Sync 1 DAGs
[2024-10-06T19:11:02.587+0000] {logging_mixin.py:190} INFO - [2024-10-06T19:11:02.587+0000] {dag.py:4180} INFO - Setting next_dagrun for example_short_circuit_operator to None, run_after=None
[2024-10-06T19:11:02.604+0000] {processor.py:208} INFO - Processing /home/airflow/.local/lib/python3.12/site-packages/airflow/example_dags/example_short_circuit_operator.py took 0.062 seconds
[2024-10-06T19:11:33.021+0000] {processor.py:186} INFO - Started process (PID=1868) to work on /home/airflow/.local/lib/python3.12/site-packages/airflow/example_dags/example_short_circuit_operator.py
[2024-10-06T19:11:33.022+0000] {processor.py:914} INFO - Processing file /home/airflow/.local/lib/python3.12/site-packages/airflow/example_dags/example_short_circuit_operator.py for tasks to queue
[2024-10-06T19:11:33.024+0000] {logging_mixin.py:190} INFO - [2024-10-06T19:11:33.024+0000] {dagbag.py:588} INFO - Filling up the DagBag from /home/airflow/.local/lib/python3.12/site-packages/airflow/example_dags/example_short_circuit_operator.py
[2024-10-06T19:11:33.030+0000] {processor.py:925} INFO - DAG(s) 'example_short_circuit_operator' retrieved from /home/airflow/.local/lib/python3.12/site-packages/airflow/example_dags/example_short_circuit_operator.py
[2024-10-06T19:11:33.053+0000] {logging_mixin.py:190} INFO - [2024-10-06T19:11:33.053+0000] {dag.py:3239} INFO - Sync 1 DAGs
[2024-10-06T19:11:33.066+0000] {logging_mixin.py:190} INFO - [2024-10-06T19:11:33.066+0000] {dag.py:4180} INFO - Setting next_dagrun for example_short_circuit_operator to None, run_after=None
[2024-10-06T19:11:33.082+0000] {processor.py:208} INFO - Processing /home/airflow/.local/lib/python3.12/site-packages/airflow/example_dags/example_short_circuit_operator.py took 0.064 seconds
[2024-10-06T19:12:03.465+0000] {processor.py:186} INFO - Started process (PID=2154) to work on /home/airflow/.local/lib/python3.12/site-packages/airflow/example_dags/example_short_circuit_operator.py
[2024-10-06T19:12:03.466+0000] {processor.py:914} INFO - Processing file /home/airflow/.local/lib/python3.12/site-packages/airflow/example_dags/example_short_circuit_operator.py for tasks to queue
[2024-10-06T19:12:03.468+0000] {logging_mixin.py:190} INFO - [2024-10-06T19:12:03.468+0000] {dagbag.py:588} INFO - Filling up the DagBag from /home/airflow/.local/lib/python3.12/site-packages/airflow/example_dags/example_short_circuit_operator.py
[2024-10-06T19:12:03.477+0000] {processor.py:925} INFO - DAG(s) 'example_short_circuit_operator' retrieved from /home/airflow/.local/lib/python3.12/site-packages/airflow/example_dags/example_short_circuit_operator.py
[2024-10-06T19:12:03.498+0000] {logging_mixin.py:190} INFO - [2024-10-06T19:12:03.498+0000] {dag.py:3239} INFO - Sync 1 DAGs
[2024-10-06T19:12:03.513+0000] {logging_mixin.py:190} INFO - [2024-10-06T19:12:03.512+0000] {dag.py:4180} INFO - Setting next_dagrun for example_short_circuit_operator to None, run_after=None
[2024-10-06T19:12:03.533+0000] {processor.py:208} INFO - Processing /home/airflow/.local/lib/python3.12/site-packages/airflow/example_dags/example_short_circuit_operator.py took 0.072 seconds
[2024-10-06T19:12:33.782+0000] {processor.py:186} INFO - Started process (PID=2440) to work on /home/airflow/.local/lib/python3.12/site-packages/airflow/example_dags/example_short_circuit_operator.py
[2024-10-06T19:12:33.783+0000] {processor.py:914} INFO - Processing file /home/airflow/.local/lib/python3.12/site-packages/airflow/example_dags/example_short_circuit_operator.py for tasks to queue
[2024-10-06T19:12:33.784+0000] {logging_mixin.py:190} INFO - [2024-10-06T19:12:33.784+0000] {dagbag.py:588} INFO - Filling up the DagBag from /home/airflow/.local/lib/python3.12/site-packages/airflow/example_dags/example_short_circuit_operator.py
[2024-10-06T19:12:33.792+0000] {processor.py:925} INFO - DAG(s) 'example_short_circuit_operator' retrieved from /home/airflow/.local/lib/python3.12/site-packages/airflow/example_dags/example_short_circuit_operator.py
[2024-10-06T19:12:33.815+0000] {logging_mixin.py:190} INFO - [2024-10-06T19:12:33.814+0000] {dag.py:3239} INFO - Sync 1 DAGs
[2024-10-06T19:12:33.829+0000] {logging_mixin.py:190} INFO - [2024-10-06T19:12:33.828+0000] {dag.py:4180} INFO - Setting next_dagrun for example_short_circuit_operator to None, run_after=None
[2024-10-06T19:12:33.848+0000] {processor.py:208} INFO - Processing /home/airflow/.local/lib/python3.12/site-packages/airflow/example_dags/example_short_circuit_operator.py took 0.070 seconds
[2024-10-06T19:13:04.139+0000] {processor.py:186} INFO - Started process (PID=2726) to work on /home/airflow/.local/lib/python3.12/site-packages/airflow/example_dags/example_short_circuit_operator.py
[2024-10-06T19:13:04.140+0000] {processor.py:914} INFO - Processing file /home/airflow/.local/lib/python3.12/site-packages/airflow/example_dags/example_short_circuit_operator.py for tasks to queue
[2024-10-06T19:13:04.143+0000] {logging_mixin.py:190} INFO - [2024-10-06T19:13:04.142+0000] {dagbag.py:588} INFO - Filling up the DagBag from /home/airflow/.local/lib/python3.12/site-packages/airflow/example_dags/example_short_circuit_operator.py
[2024-10-06T19:13:04.151+0000] {processor.py:925} INFO - DAG(s) 'example_short_circuit_operator' retrieved from /home/airflow/.local/lib/python3.12/site-packages/airflow/example_dags/example_short_circuit_operator.py
[2024-10-06T19:13:04.175+0000] {logging_mixin.py:190} INFO - [2024-10-06T19:13:04.175+0000] {dag.py:3239} INFO - Sync 1 DAGs
[2024-10-06T19:13:04.188+0000] {logging_mixin.py:190} INFO - [2024-10-06T19:13:04.188+0000] {dag.py:4180} INFO - Setting next_dagrun for example_short_circuit_operator to None, run_after=None
[2024-10-06T19:13:04.207+0000] {processor.py:208} INFO - Processing /home/airflow/.local/lib/python3.12/site-packages/airflow/example_dags/example_short_circuit_operator.py took 0.071 seconds
[2024-10-06T19:13:34.596+0000] {processor.py:186} INFO - Started process (PID=3012) to work on /home/airflow/.local/lib/python3.12/site-packages/airflow/example_dags/example_short_circuit_operator.py
[2024-10-06T19:13:34.597+0000] {processor.py:914} INFO - Processing file /home/airflow/.local/lib/python3.12/site-packages/airflow/example_dags/example_short_circuit_operator.py for tasks to queue
[2024-10-06T19:13:34.599+0000] {logging_mixin.py:190} INFO - [2024-10-06T19:13:34.599+0000] {dagbag.py:588} INFO - Filling up the DagBag from /home/airflow/.local/lib/python3.12/site-packages/airflow/example_dags/example_short_circuit_operator.py
[2024-10-06T19:13:34.608+0000] {processor.py:925} INFO - DAG(s) 'example_short_circuit_operator' retrieved from /home/airflow/.local/lib/python3.12/site-packages/airflow/example_dags/example_short_circuit_operator.py
[2024-10-06T19:13:34.629+0000] {logging_mixin.py:190} INFO - [2024-10-06T19:13:34.629+0000] {dag.py:3239} INFO - Sync 1 DAGs
[2024-10-06T19:13:34.642+0000] {logging_mixin.py:190} INFO - [2024-10-06T19:13:34.642+0000] {dag.py:4180} INFO - Setting next_dagrun for example_short_circuit_operator to None, run_after=None
[2024-10-06T19:13:34.676+0000] {processor.py:208} INFO - Processing /home/airflow/.local/lib/python3.12/site-packages/airflow/example_dags/example_short_circuit_operator.py took 0.084 seconds
[2024-10-06T19:14:04.941+0000] {processor.py:186} INFO - Started process (PID=3303) to work on /home/airflow/.local/lib/python3.12/site-packages/airflow/example_dags/example_short_circuit_operator.py
[2024-10-06T19:14:04.942+0000] {processor.py:914} INFO - Processing file /home/airflow/.local/lib/python3.12/site-packages/airflow/example_dags/example_short_circuit_operator.py for tasks to queue
[2024-10-06T19:14:04.944+0000] {logging_mixin.py:190} INFO - [2024-10-06T19:14:04.943+0000] {dagbag.py:588} INFO - Filling up the DagBag from /home/airflow/.local/lib/python3.12/site-packages/airflow/example_dags/example_short_circuit_operator.py
[2024-10-06T19:14:04.951+0000] {processor.py:925} INFO - DAG(s) 'example_short_circuit_operator' retrieved from /home/airflow/.local/lib/python3.12/site-packages/airflow/example_dags/example_short_circuit_operator.py
[2024-10-06T19:14:04.971+0000] {logging_mixin.py:190} INFO - [2024-10-06T19:14:04.971+0000] {dag.py:3239} INFO - Sync 1 DAGs
[2024-10-06T19:14:04.984+0000] {logging_mixin.py:190} INFO - [2024-10-06T19:14:04.984+0000] {dag.py:4180} INFO - Setting next_dagrun for example_short_circuit_operator to None, run_after=None
[2024-10-06T19:14:05.002+0000] {processor.py:208} INFO - Processing /home/airflow/.local/lib/python3.12/site-packages/airflow/example_dags/example_short_circuit_operator.py took 0.066 seconds
[2024-10-06T19:14:35.329+0000] {processor.py:186} INFO - Started process (PID=3594) to work on /home/airflow/.local/lib/python3.12/site-packages/airflow/example_dags/example_short_circuit_operator.py
[2024-10-06T19:14:35.330+0000] {processor.py:914} INFO - Processing file /home/airflow/.local/lib/python3.12/site-packages/airflow/example_dags/example_short_circuit_operator.py for tasks to queue
[2024-10-06T19:14:35.331+0000] {logging_mixin.py:190} INFO - [2024-10-06T19:14:35.331+0000] {dagbag.py:588} INFO - Filling up the DagBag from /home/airflow/.local/lib/python3.12/site-packages/airflow/example_dags/example_short_circuit_operator.py
[2024-10-06T19:14:35.339+0000] {processor.py:925} INFO - DAG(s) 'example_short_circuit_operator' retrieved from /home/airflow/.local/lib/python3.12/site-packages/airflow/example_dags/example_short_circuit_operator.py
[2024-10-06T19:14:35.362+0000] {logging_mixin.py:190} INFO - [2024-10-06T19:14:35.362+0000] {dag.py:3239} INFO - Sync 1 DAGs
[2024-10-06T19:14:35.376+0000] {logging_mixin.py:190} INFO - [2024-10-06T19:14:35.376+0000] {dag.py:4180} INFO - Setting next_dagrun for example_short_circuit_operator to None, run_after=None
[2024-10-06T19:14:35.396+0000] {processor.py:208} INFO - Processing /home/airflow/.local/lib/python3.12/site-packages/airflow/example_dags/example_short_circuit_operator.py took 0.072 seconds
[2024-10-06T19:15:05.595+0000] {processor.py:186} INFO - Started process (PID=3891) to work on /home/airflow/.local/lib/python3.12/site-packages/airflow/example_dags/example_short_circuit_operator.py
[2024-10-06T19:15:05.596+0000] {processor.py:914} INFO - Processing file /home/airflow/.local/lib/python3.12/site-packages/airflow/example_dags/example_short_circuit_operator.py for tasks to queue
[2024-10-06T19:15:05.598+0000] {logging_mixin.py:190} INFO - [2024-10-06T19:15:05.598+0000] {dagbag.py:588} INFO - Filling up the DagBag from /home/airflow/.local/lib/python3.12/site-packages/airflow/example_dags/example_short_circuit_operator.py
[2024-10-06T19:15:05.606+0000] {processor.py:925} INFO - DAG(s) 'example_short_circuit_operator' retrieved from /home/airflow/.local/lib/python3.12/site-packages/airflow/example_dags/example_short_circuit_operator.py
[2024-10-06T19:15:05.626+0000] {logging_mixin.py:190} INFO - [2024-10-06T19:15:05.625+0000] {dag.py:3239} INFO - Sync 1 DAGs
[2024-10-06T19:15:05.639+0000] {logging_mixin.py:190} INFO - [2024-10-06T19:15:05.639+0000] {dag.py:4180} INFO - Setting next_dagrun for example_short_circuit_operator to None, run_after=None
[2024-10-06T19:15:05.657+0000] {processor.py:208} INFO - Processing /home/airflow/.local/lib/python3.12/site-packages/airflow/example_dags/example_short_circuit_operator.py took 0.066 seconds
[2024-10-06T19:15:35.842+0000] {processor.py:186} INFO - Started process (PID=4187) to work on /home/airflow/.local/lib/python3.12/site-packages/airflow/example_dags/example_short_circuit_operator.py
[2024-10-06T19:15:35.843+0000] {processor.py:914} INFO - Processing file /home/airflow/.local/lib/python3.12/site-packages/airflow/example_dags/example_short_circuit_operator.py for tasks to queue
[2024-10-06T19:15:35.846+0000] {logging_mixin.py:190} INFO - [2024-10-06T19:15:35.846+0000] {dagbag.py:588} INFO - Filling up the DagBag from /home/airflow/.local/lib/python3.12/site-packages/airflow/example_dags/example_short_circuit_operator.py
[2024-10-06T19:15:35.855+0000] {processor.py:925} INFO - DAG(s) 'example_short_circuit_operator' retrieved from /home/airflow/.local/lib/python3.12/site-packages/airflow/example_dags/example_short_circuit_operator.py
[2024-10-06T19:15:35.875+0000] {logging_mixin.py:190} INFO - [2024-10-06T19:15:35.875+0000] {dag.py:3239} INFO - Sync 1 DAGs
[2024-10-06T19:15:35.888+0000] {logging_mixin.py:190} INFO - [2024-10-06T19:15:35.887+0000] {dag.py:4180} INFO - Setting next_dagrun for example_short_circuit_operator to None, run_after=None
[2024-10-06T19:15:35.905+0000] {processor.py:208} INFO - Processing /home/airflow/.local/lib/python3.12/site-packages/airflow/example_dags/example_short_circuit_operator.py took 0.068 seconds
[2024-10-06T19:16:06.088+0000] {processor.py:186} INFO - Started process (PID=4478) to work on /home/airflow/.local/lib/python3.12/site-packages/airflow/example_dags/example_short_circuit_operator.py
[2024-10-06T19:16:06.089+0000] {processor.py:914} INFO - Processing file /home/airflow/.local/lib/python3.12/site-packages/airflow/example_dags/example_short_circuit_operator.py for tasks to queue
[2024-10-06T19:16:06.091+0000] {logging_mixin.py:190} INFO - [2024-10-06T19:16:06.091+0000] {dagbag.py:588} INFO - Filling up the DagBag from /home/airflow/.local/lib/python3.12/site-packages/airflow/example_dags/example_short_circuit_operator.py
[2024-10-06T19:16:06.098+0000] {processor.py:925} INFO - DAG(s) 'example_short_circuit_operator' retrieved from /home/airflow/.local/lib/python3.12/site-packages/airflow/example_dags/example_short_circuit_operator.py
[2024-10-06T19:16:06.117+0000] {logging_mixin.py:190} INFO - [2024-10-06T19:16:06.117+0000] {dag.py:3239} INFO - Sync 1 DAGs
[2024-10-06T19:16:06.130+0000] {logging_mixin.py:190} INFO - [2024-10-06T19:16:06.130+0000] {dag.py:4180} INFO - Setting next_dagrun for example_short_circuit_operator to None, run_after=None
[2024-10-06T19:16:06.148+0000] {processor.py:208} INFO - Processing /home/airflow/.local/lib/python3.12/site-packages/airflow/example_dags/example_short_circuit_operator.py took 0.064 seconds
[2024-10-06T19:16:36.434+0000] {processor.py:186} INFO - Started process (PID=4769) to work on /home/airflow/.local/lib/python3.12/site-packages/airflow/example_dags/example_short_circuit_operator.py
[2024-10-06T19:16:36.435+0000] {processor.py:914} INFO - Processing file /home/airflow/.local/lib/python3.12/site-packages/airflow/example_dags/example_short_circuit_operator.py for tasks to queue
[2024-10-06T19:16:36.437+0000] {logging_mixin.py:190} INFO - [2024-10-06T19:16:36.436+0000] {dagbag.py:588} INFO - Filling up the DagBag from /home/airflow/.local/lib/python3.12/site-packages/airflow/example_dags/example_short_circuit_operator.py
[2024-10-06T19:16:36.443+0000] {processor.py:925} INFO - DAG(s) 'example_short_circuit_operator' retrieved from /home/airflow/.local/lib/python3.12/site-packages/airflow/example_dags/example_short_circuit_operator.py
[2024-10-06T19:16:36.464+0000] {logging_mixin.py:190} INFO - [2024-10-06T19:16:36.463+0000] {dag.py:3239} INFO - Sync 1 DAGs
[2024-10-06T19:16:36.476+0000] {logging_mixin.py:190} INFO - [2024-10-06T19:16:36.476+0000] {dag.py:4180} INFO - Setting next_dagrun for example_short_circuit_operator to None, run_after=None
[2024-10-06T19:16:36.494+0000] {processor.py:208} INFO - Processing /home/airflow/.local/lib/python3.12/site-packages/airflow/example_dags/example_short_circuit_operator.py took 0.064 seconds
[2024-10-06T19:17:06.754+0000] {processor.py:186} INFO - Started process (PID=5060) to work on /home/airflow/.local/lib/python3.12/site-packages/airflow/example_dags/example_short_circuit_operator.py
[2024-10-06T19:17:06.755+0000] {processor.py:914} INFO - Processing file /home/airflow/.local/lib/python3.12/site-packages/airflow/example_dags/example_short_circuit_operator.py for tasks to queue
[2024-10-06T19:17:06.758+0000] {logging_mixin.py:190} INFO - [2024-10-06T19:17:06.757+0000] {dagbag.py:588} INFO - Filling up the DagBag from /home/airflow/.local/lib/python3.12/site-packages/airflow/example_dags/example_short_circuit_operator.py
[2024-10-06T19:17:06.767+0000] {processor.py:925} INFO - DAG(s) 'example_short_circuit_operator' retrieved from /home/airflow/.local/lib/python3.12/site-packages/airflow/example_dags/example_short_circuit_operator.py
[2024-10-06T19:17:06.797+0000] {logging_mixin.py:190} INFO - [2024-10-06T19:17:06.796+0000] {dag.py:3239} INFO - Sync 1 DAGs
[2024-10-06T19:17:06.813+0000] {logging_mixin.py:190} INFO - [2024-10-06T19:17:06.813+0000] {dag.py:4180} INFO - Setting next_dagrun for example_short_circuit_operator to None, run_after=None
[2024-10-06T19:17:06.833+0000] {processor.py:208} INFO - Processing /home/airflow/.local/lib/python3.12/site-packages/airflow/example_dags/example_short_circuit_operator.py took 0.087 seconds
[2024-10-06T19:17:37.081+0000] {processor.py:186} INFO - Started process (PID=5351) to work on /home/airflow/.local/lib/python3.12/site-packages/airflow/example_dags/example_short_circuit_operator.py
[2024-10-06T19:17:37.081+0000] {processor.py:914} INFO - Processing file /home/airflow/.local/lib/python3.12/site-packages/airflow/example_dags/example_short_circuit_operator.py for tasks to queue
[2024-10-06T19:17:37.083+0000] {logging_mixin.py:190} INFO - [2024-10-06T19:17:37.083+0000] {dagbag.py:588} INFO - Filling up the DagBag from /home/airflow/.local/lib/python3.12/site-packages/airflow/example_dags/example_short_circuit_operator.py
[2024-10-06T19:17:37.090+0000] {processor.py:925} INFO - DAG(s) 'example_short_circuit_operator' retrieved from /home/airflow/.local/lib/python3.12/site-packages/airflow/example_dags/example_short_circuit_operator.py
[2024-10-06T19:17:37.110+0000] {logging_mixin.py:190} INFO - [2024-10-06T19:17:37.109+0000] {dag.py:3239} INFO - Sync 1 DAGs
[2024-10-06T19:17:37.123+0000] {logging_mixin.py:190} INFO - [2024-10-06T19:17:37.123+0000] {dag.py:4180} INFO - Setting next_dagrun for example_short_circuit_operator to None, run_after=None
[2024-10-06T19:17:37.139+0000] {processor.py:208} INFO - Processing /home/airflow/.local/lib/python3.12/site-packages/airflow/example_dags/example_short_circuit_operator.py took 0.062 seconds
[2024-10-06T19:18:07.360+0000] {processor.py:186} INFO - Started process (PID=5642) to work on /home/airflow/.local/lib/python3.12/site-packages/airflow/example_dags/example_short_circuit_operator.py
[2024-10-06T19:18:07.361+0000] {processor.py:914} INFO - Processing file /home/airflow/.local/lib/python3.12/site-packages/airflow/example_dags/example_short_circuit_operator.py for tasks to queue
[2024-10-06T19:18:07.363+0000] {logging_mixin.py:190} INFO - [2024-10-06T19:18:07.362+0000] {dagbag.py:588} INFO - Filling up the DagBag from /home/airflow/.local/lib/python3.12/site-packages/airflow/example_dags/example_short_circuit_operator.py
[2024-10-06T19:18:07.369+0000] {processor.py:925} INFO - DAG(s) 'example_short_circuit_operator' retrieved from /home/airflow/.local/lib/python3.12/site-packages/airflow/example_dags/example_short_circuit_operator.py
[2024-10-06T19:18:07.388+0000] {logging_mixin.py:190} INFO - [2024-10-06T19:18:07.388+0000] {dag.py:3239} INFO - Sync 1 DAGs
[2024-10-06T19:18:07.401+0000] {logging_mixin.py:190} INFO - [2024-10-06T19:18:07.401+0000] {dag.py:4180} INFO - Setting next_dagrun for example_short_circuit_operator to None, run_after=None
[2024-10-06T19:18:07.420+0000] {processor.py:208} INFO - Processing /home/airflow/.local/lib/python3.12/site-packages/airflow/example_dags/example_short_circuit_operator.py took 0.063 seconds
[2024-10-06T19:18:37.666+0000] {processor.py:186} INFO - Started process (PID=5933) to work on /home/airflow/.local/lib/python3.12/site-packages/airflow/example_dags/example_short_circuit_operator.py
[2024-10-06T19:18:37.667+0000] {processor.py:914} INFO - Processing file /home/airflow/.local/lib/python3.12/site-packages/airflow/example_dags/example_short_circuit_operator.py for tasks to queue
[2024-10-06T19:18:37.669+0000] {logging_mixin.py:190} INFO - [2024-10-06T19:18:37.669+0000] {dagbag.py:588} INFO - Filling up the DagBag from /home/airflow/.local/lib/python3.12/site-packages/airflow/example_dags/example_short_circuit_operator.py
[2024-10-06T19:18:37.676+0000] {processor.py:925} INFO - DAG(s) 'example_short_circuit_operator' retrieved from /home/airflow/.local/lib/python3.12/site-packages/airflow/example_dags/example_short_circuit_operator.py
[2024-10-06T19:18:37.696+0000] {logging_mixin.py:190} INFO - [2024-10-06T19:18:37.695+0000] {dag.py:3239} INFO - Sync 1 DAGs
[2024-10-06T19:18:37.709+0000] {logging_mixin.py:190} INFO - [2024-10-06T19:18:37.708+0000] {dag.py:4180} INFO - Setting next_dagrun for example_short_circuit_operator to None, run_after=None
[2024-10-06T19:18:37.726+0000] {processor.py:208} INFO - Processing /home/airflow/.local/lib/python3.12/site-packages/airflow/example_dags/example_short_circuit_operator.py took 0.064 seconds
[2024-10-06T19:19:08.036+0000] {processor.py:186} INFO - Started process (PID=6229) to work on /home/airflow/.local/lib/python3.12/site-packages/airflow/example_dags/example_short_circuit_operator.py
[2024-10-06T19:19:08.037+0000] {processor.py:914} INFO - Processing file /home/airflow/.local/lib/python3.12/site-packages/airflow/example_dags/example_short_circuit_operator.py for tasks to queue
[2024-10-06T19:19:08.039+0000] {logging_mixin.py:190} INFO - [2024-10-06T19:19:08.038+0000] {dagbag.py:588} INFO - Filling up the DagBag from /home/airflow/.local/lib/python3.12/site-packages/airflow/example_dags/example_short_circuit_operator.py
[2024-10-06T19:19:08.046+0000] {processor.py:925} INFO - DAG(s) 'example_short_circuit_operator' retrieved from /home/airflow/.local/lib/python3.12/site-packages/airflow/example_dags/example_short_circuit_operator.py
[2024-10-06T19:19:08.066+0000] {logging_mixin.py:190} INFO - [2024-10-06T19:19:08.066+0000] {dag.py:3239} INFO - Sync 1 DAGs
[2024-10-06T19:19:08.078+0000] {logging_mixin.py:190} INFO - [2024-10-06T19:19:08.078+0000] {dag.py:4180} INFO - Setting next_dagrun for example_short_circuit_operator to None, run_after=None
[2024-10-06T19:19:08.094+0000] {processor.py:208} INFO - Processing /home/airflow/.local/lib/python3.12/site-packages/airflow/example_dags/example_short_circuit_operator.py took 0.062 seconds
[2024-10-06T19:19:38.314+0000] {processor.py:186} INFO - Started process (PID=6520) to work on /home/airflow/.local/lib/python3.12/site-packages/airflow/example_dags/example_short_circuit_operator.py
[2024-10-06T19:19:38.315+0000] {processor.py:914} INFO - Processing file /home/airflow/.local/lib/python3.12/site-packages/airflow/example_dags/example_short_circuit_operator.py for tasks to queue
[2024-10-06T19:19:38.317+0000] {logging_mixin.py:190} INFO - [2024-10-06T19:19:38.317+0000] {dagbag.py:588} INFO - Filling up the DagBag from /home/airflow/.local/lib/python3.12/site-packages/airflow/example_dags/example_short_circuit_operator.py
[2024-10-06T19:19:38.326+0000] {processor.py:925} INFO - DAG(s) 'example_short_circuit_operator' retrieved from /home/airflow/.local/lib/python3.12/site-packages/airflow/example_dags/example_short_circuit_operator.py
[2024-10-06T19:19:38.347+0000] {logging_mixin.py:190} INFO - [2024-10-06T19:19:38.346+0000] {dag.py:3239} INFO - Sync 1 DAGs
[2024-10-06T19:19:38.362+0000] {logging_mixin.py:190} INFO - [2024-10-06T19:19:38.362+0000] {dag.py:4180} INFO - Setting next_dagrun for example_short_circuit_operator to None, run_after=None
[2024-10-06T19:19:38.382+0000] {processor.py:208} INFO - Processing /home/airflow/.local/lib/python3.12/site-packages/airflow/example_dags/example_short_circuit_operator.py took 0.073 seconds
[2024-10-06T19:20:08.696+0000] {processor.py:186} INFO - Started process (PID=6811) to work on /home/airflow/.local/lib/python3.12/site-packages/airflow/example_dags/example_short_circuit_operator.py
[2024-10-06T19:20:08.697+0000] {processor.py:914} INFO - Processing file /home/airflow/.local/lib/python3.12/site-packages/airflow/example_dags/example_short_circuit_operator.py for tasks to queue
[2024-10-06T19:20:08.699+0000] {logging_mixin.py:190} INFO - [2024-10-06T19:20:08.699+0000] {dagbag.py:588} INFO - Filling up the DagBag from /home/airflow/.local/lib/python3.12/site-packages/airflow/example_dags/example_short_circuit_operator.py
[2024-10-06T19:20:08.707+0000] {processor.py:925} INFO - DAG(s) 'example_short_circuit_operator' retrieved from /home/airflow/.local/lib/python3.12/site-packages/airflow/example_dags/example_short_circuit_operator.py
[2024-10-06T19:20:08.727+0000] {logging_mixin.py:190} INFO - [2024-10-06T19:20:08.727+0000] {dag.py:3239} INFO - Sync 1 DAGs
[2024-10-06T19:20:08.742+0000] {logging_mixin.py:190} INFO - [2024-10-06T19:20:08.741+0000] {dag.py:4180} INFO - Setting next_dagrun for example_short_circuit_operator to None, run_after=None
[2024-10-06T19:20:08.760+0000] {processor.py:208} INFO - Processing /home/airflow/.local/lib/python3.12/site-packages/airflow/example_dags/example_short_circuit_operator.py took 0.069 seconds
[2024-10-06T19:20:39.159+0000] {processor.py:186} INFO - Started process (PID=7102) to work on /home/airflow/.local/lib/python3.12/site-packages/airflow/example_dags/example_short_circuit_operator.py
[2024-10-06T19:20:39.160+0000] {processor.py:914} INFO - Processing file /home/airflow/.local/lib/python3.12/site-packages/airflow/example_dags/example_short_circuit_operator.py for tasks to queue
[2024-10-06T19:20:39.163+0000] {logging_mixin.py:190} INFO - [2024-10-06T19:20:39.162+0000] {dagbag.py:588} INFO - Filling up the DagBag from /home/airflow/.local/lib/python3.12/site-packages/airflow/example_dags/example_short_circuit_operator.py
[2024-10-06T19:20:39.170+0000] {processor.py:925} INFO - DAG(s) 'example_short_circuit_operator' retrieved from /home/airflow/.local/lib/python3.12/site-packages/airflow/example_dags/example_short_circuit_operator.py
[2024-10-06T19:20:39.191+0000] {logging_mixin.py:190} INFO - [2024-10-06T19:20:39.190+0000] {dag.py:3239} INFO - Sync 1 DAGs
[2024-10-06T19:20:39.204+0000] {logging_mixin.py:190} INFO - [2024-10-06T19:20:39.204+0000] {dag.py:4180} INFO - Setting next_dagrun for example_short_circuit_operator to None, run_after=None
[2024-10-06T19:20:39.221+0000] {processor.py:208} INFO - Processing /home/airflow/.local/lib/python3.12/site-packages/airflow/example_dags/example_short_circuit_operator.py took 0.067 seconds
[2024-10-06T19:21:09.611+0000] {processor.py:186} INFO - Started process (PID=7395) to work on /home/airflow/.local/lib/python3.12/site-packages/airflow/example_dags/example_short_circuit_operator.py
[2024-10-06T19:21:09.611+0000] {processor.py:914} INFO - Processing file /home/airflow/.local/lib/python3.12/site-packages/airflow/example_dags/example_short_circuit_operator.py for tasks to queue
[2024-10-06T19:21:09.613+0000] {logging_mixin.py:190} INFO - [2024-10-06T19:21:09.613+0000] {dagbag.py:588} INFO - Filling up the DagBag from /home/airflow/.local/lib/python3.12/site-packages/airflow/example_dags/example_short_circuit_operator.py
[2024-10-06T19:21:09.619+0000] {processor.py:925} INFO - DAG(s) 'example_short_circuit_operator' retrieved from /home/airflow/.local/lib/python3.12/site-packages/airflow/example_dags/example_short_circuit_operator.py
[2024-10-06T19:21:09.636+0000] {logging_mixin.py:190} INFO - [2024-10-06T19:21:09.636+0000] {dag.py:3239} INFO - Sync 1 DAGs
[2024-10-06T19:21:09.647+0000] {logging_mixin.py:190} INFO - [2024-10-06T19:21:09.647+0000] {dag.py:4180} INFO - Setting next_dagrun for example_short_circuit_operator to None, run_after=None
[2024-10-06T19:21:09.663+0000] {processor.py:208} INFO - Processing /home/airflow/.local/lib/python3.12/site-packages/airflow/example_dags/example_short_circuit_operator.py took 0.056 seconds
[2024-10-06T19:21:39.948+0000] {processor.py:186} INFO - Started process (PID=7689) to work on /home/airflow/.local/lib/python3.12/site-packages/airflow/example_dags/example_short_circuit_operator.py
[2024-10-06T19:21:39.949+0000] {processor.py:914} INFO - Processing file /home/airflow/.local/lib/python3.12/site-packages/airflow/example_dags/example_short_circuit_operator.py for tasks to queue
[2024-10-06T19:21:39.951+0000] {logging_mixin.py:190} INFO - [2024-10-06T19:21:39.951+0000] {dagbag.py:588} INFO - Filling up the DagBag from /home/airflow/.local/lib/python3.12/site-packages/airflow/example_dags/example_short_circuit_operator.py
[2024-10-06T19:21:39.958+0000] {processor.py:925} INFO - DAG(s) 'example_short_circuit_operator' retrieved from /home/airflow/.local/lib/python3.12/site-packages/airflow/example_dags/example_short_circuit_operator.py
[2024-10-06T19:21:39.979+0000] {logging_mixin.py:190} INFO - [2024-10-06T19:21:39.978+0000] {dag.py:3239} INFO - Sync 1 DAGs
[2024-10-06T19:21:39.993+0000] {logging_mixin.py:190} INFO - [2024-10-06T19:21:39.993+0000] {dag.py:4180} INFO - Setting next_dagrun for example_short_circuit_operator to None, run_after=None
[2024-10-06T19:21:40.013+0000] {processor.py:208} INFO - Processing /home/airflow/.local/lib/python3.12/site-packages/airflow/example_dags/example_short_circuit_operator.py took 0.070 seconds
