[2024-10-06T19:08:56.271+0000] {processor.py:186} INFO - Started process (PID=306) to work on /home/airflow/.local/lib/python3.12/site-packages/airflow/example_dags/example_dataset_alias.py
[2024-10-06T19:08:56.272+0000] {processor.py:914} INFO - Processing file /home/airflow/.local/lib/python3.12/site-packages/airflow/example_dags/example_dataset_alias.py for tasks to queue
[2024-10-06T19:08:56.273+0000] {logging_mixin.py:190} INFO - [2024-10-06T19:08:56.273+0000] {dagbag.py:588} INFO - Filling up the DagBag from /home/airflow/.local/lib/python3.12/site-packages/airflow/example_dags/example_dataset_alias.py
[2024-10-06T19:08:56.767+0000] {processor.py:925} INFO - DAG(s) 'dataset_alias_example_alias_producer', 'dataset_s3_bucket_producer', 'dataset_alias_example_alias_consumer', 'dataset_s3_bucket_consumer' retrieved from /home/airflow/.local/lib/python3.12/site-packages/airflow/example_dags/example_dataset_alias.py
[2024-10-06T19:08:56.862+0000] {logging_mixin.py:190} INFO - [2024-10-06T19:08:56.861+0000] {override.py:1900} INFO - Created Permission View: can delete on DAG:dataset_alias_example_alias_producer
[2024-10-06T19:08:56.878+0000] {logging_mixin.py:190} INFO - [2024-10-06T19:08:56.878+0000] {override.py:1900} INFO - Created Permission View: can edit on DAG:dataset_alias_example_alias_producer
[2024-10-06T19:08:56.888+0000] {logging_mixin.py:190} INFO - [2024-10-06T19:08:56.887+0000] {override.py:1900} INFO - Created Permission View: can read on DAG:dataset_alias_example_alias_producer
[2024-10-06T19:08:56.900+0000] {logging_mixin.py:190} INFO - [2024-10-06T19:08:56.899+0000] {override.py:1900} INFO - Created Permission View: can delete on DAG Run:dataset_alias_example_alias_producer
[2024-10-06T19:08:56.909+0000] {logging_mixin.py:190} INFO - [2024-10-06T19:08:56.909+0000] {override.py:1900} INFO - Created Permission View: can create on DAG Run:dataset_alias_example_alias_producer
[2024-10-06T19:08:56.920+0000] {logging_mixin.py:190} INFO - [2024-10-06T19:08:56.920+0000] {override.py:1900} INFO - Created Permission View: can read on DAG Run:dataset_alias_example_alias_producer
[2024-10-06T19:08:56.928+0000] {logging_mixin.py:190} INFO - [2024-10-06T19:08:56.928+0000] {override.py:1900} INFO - Created Permission View: menu access on DAG Run:dataset_alias_example_alias_producer
[2024-10-06T19:08:56.941+0000] {logging_mixin.py:190} INFO - [2024-10-06T19:08:56.940+0000] {override.py:1900} INFO - Created Permission View: can delete on DAG:dataset_s3_bucket_producer
[2024-10-06T19:08:56.949+0000] {logging_mixin.py:190} INFO - [2024-10-06T19:08:56.948+0000] {override.py:1900} INFO - Created Permission View: can edit on DAG:dataset_s3_bucket_producer
[2024-10-06T19:08:56.955+0000] {logging_mixin.py:190} INFO - [2024-10-06T19:08:56.955+0000] {override.py:1900} INFO - Created Permission View: can read on DAG:dataset_s3_bucket_producer
[2024-10-06T19:08:56.964+0000] {logging_mixin.py:190} INFO - [2024-10-06T19:08:56.964+0000] {override.py:1900} INFO - Created Permission View: can delete on DAG Run:dataset_s3_bucket_producer
[2024-10-06T19:08:56.972+0000] {logging_mixin.py:190} INFO - [2024-10-06T19:08:56.971+0000] {override.py:1900} INFO - Created Permission View: can create on DAG Run:dataset_s3_bucket_producer
[2024-10-06T19:08:56.980+0000] {logging_mixin.py:190} INFO - [2024-10-06T19:08:56.979+0000] {override.py:1900} INFO - Created Permission View: can read on DAG Run:dataset_s3_bucket_producer
[2024-10-06T19:08:56.987+0000] {logging_mixin.py:190} INFO - [2024-10-06T19:08:56.986+0000] {override.py:1900} INFO - Created Permission View: menu access on DAG Run:dataset_s3_bucket_producer
[2024-10-06T19:08:56.999+0000] {logging_mixin.py:190} INFO - [2024-10-06T19:08:56.998+0000] {override.py:1900} INFO - Created Permission View: can delete on DAG:dataset_alias_example_alias_consumer
[2024-10-06T19:08:57.005+0000] {logging_mixin.py:190} INFO - [2024-10-06T19:08:57.005+0000] {override.py:1900} INFO - Created Permission View: can edit on DAG:dataset_alias_example_alias_consumer
[2024-10-06T19:08:57.012+0000] {logging_mixin.py:190} INFO - [2024-10-06T19:08:57.012+0000] {override.py:1900} INFO - Created Permission View: can read on DAG:dataset_alias_example_alias_consumer
[2024-10-06T19:08:57.022+0000] {logging_mixin.py:190} INFO - [2024-10-06T19:08:57.021+0000] {override.py:1900} INFO - Created Permission View: can delete on DAG Run:dataset_alias_example_alias_consumer
[2024-10-06T19:08:57.030+0000] {logging_mixin.py:190} INFO - [2024-10-06T19:08:57.030+0000] {override.py:1900} INFO - Created Permission View: can create on DAG Run:dataset_alias_example_alias_consumer
[2024-10-06T19:08:57.038+0000] {logging_mixin.py:190} INFO - [2024-10-06T19:08:57.037+0000] {override.py:1900} INFO - Created Permission View: can read on DAG Run:dataset_alias_example_alias_consumer
[2024-10-06T19:08:57.046+0000] {logging_mixin.py:190} INFO - [2024-10-06T19:08:57.046+0000] {override.py:1900} INFO - Created Permission View: menu access on DAG Run:dataset_alias_example_alias_consumer
[2024-10-06T19:08:57.060+0000] {logging_mixin.py:190} INFO - [2024-10-06T19:08:57.059+0000] {override.py:1900} INFO - Created Permission View: can delete on DAG:dataset_s3_bucket_consumer
[2024-10-06T19:08:57.067+0000] {logging_mixin.py:190} INFO - [2024-10-06T19:08:57.067+0000] {override.py:1900} INFO - Created Permission View: can edit on DAG:dataset_s3_bucket_consumer
[2024-10-06T19:08:57.075+0000] {logging_mixin.py:190} INFO - [2024-10-06T19:08:57.075+0000] {override.py:1900} INFO - Created Permission View: can read on DAG:dataset_s3_bucket_consumer
[2024-10-06T19:08:57.084+0000] {logging_mixin.py:190} INFO - [2024-10-06T19:08:57.084+0000] {override.py:1900} INFO - Created Permission View: can delete on DAG Run:dataset_s3_bucket_consumer
[2024-10-06T19:08:57.091+0000] {logging_mixin.py:190} INFO - [2024-10-06T19:08:57.091+0000] {override.py:1900} INFO - Created Permission View: can create on DAG Run:dataset_s3_bucket_consumer
[2024-10-06T19:08:57.098+0000] {logging_mixin.py:190} INFO - [2024-10-06T19:08:57.098+0000] {override.py:1900} INFO - Created Permission View: can read on DAG Run:dataset_s3_bucket_consumer
[2024-10-06T19:08:57.107+0000] {logging_mixin.py:190} INFO - [2024-10-06T19:08:57.106+0000] {override.py:1900} INFO - Created Permission View: menu access on DAG Run:dataset_s3_bucket_consumer
[2024-10-06T19:08:57.108+0000] {logging_mixin.py:190} INFO - [2024-10-06T19:08:57.107+0000] {dag.py:3239} INFO - Sync 4 DAGs
[2024-10-06T19:08:57.123+0000] {logging_mixin.py:190} INFO - [2024-10-06T19:08:57.122+0000] {dag.py:3262} INFO - Creating ORM DAG for dataset_alias_example_alias_consumer
[2024-10-06T19:08:57.124+0000] {logging_mixin.py:190} INFO - [2024-10-06T19:08:57.124+0000] {dag.py:3262} INFO - Creating ORM DAG for dataset_s3_bucket_consumer
[2024-10-06T19:08:57.124+0000] {logging_mixin.py:190} INFO - [2024-10-06T19:08:57.124+0000] {dag.py:3262} INFO - Creating ORM DAG for dataset_s3_bucket_producer
[2024-10-06T19:08:57.125+0000] {logging_mixin.py:190} INFO - [2024-10-06T19:08:57.125+0000] {dag.py:3262} INFO - Creating ORM DAG for dataset_alias_example_alias_producer
[2024-10-06T19:08:57.135+0000] {logging_mixin.py:190} INFO - [2024-10-06T19:08:57.135+0000] {dag.py:4180} INFO - Setting next_dagrun for dataset_alias_example_alias_consumer to None, run_after=None
[2024-10-06T19:08:57.136+0000] {logging_mixin.py:190} INFO - [2024-10-06T19:08:57.136+0000] {dag.py:4180} INFO - Setting next_dagrun for dataset_alias_example_alias_producer to None, run_after=None
[2024-10-06T19:08:57.137+0000] {logging_mixin.py:190} INFO - [2024-10-06T19:08:57.137+0000] {dag.py:4180} INFO - Setting next_dagrun for dataset_s3_bucket_consumer to None, run_after=None
[2024-10-06T19:08:57.137+0000] {logging_mixin.py:190} INFO - [2024-10-06T19:08:57.137+0000] {dag.py:4180} INFO - Setting next_dagrun for dataset_s3_bucket_producer to None, run_after=None
[2024-10-06T19:08:57.169+0000] {processor.py:208} INFO - Processing /home/airflow/.local/lib/python3.12/site-packages/airflow/example_dags/example_dataset_alias.py took 0.903 seconds
[2024-10-06T19:09:27.235+0000] {processor.py:186} INFO - Started process (PID=592) to work on /home/airflow/.local/lib/python3.12/site-packages/airflow/example_dags/example_dataset_alias.py
[2024-10-06T19:09:27.236+0000] {processor.py:914} INFO - Processing file /home/airflow/.local/lib/python3.12/site-packages/airflow/example_dags/example_dataset_alias.py for tasks to queue
[2024-10-06T19:09:27.239+0000] {logging_mixin.py:190} INFO - [2024-10-06T19:09:27.239+0000] {dagbag.py:588} INFO - Filling up the DagBag from /home/airflow/.local/lib/python3.12/site-packages/airflow/example_dags/example_dataset_alias.py
[2024-10-06T19:09:27.357+0000] {processor.py:925} INFO - DAG(s) 'dataset_alias_example_alias_consumer', 'dataset_s3_bucket_consumer', 'dataset_s3_bucket_producer', 'dataset_alias_example_alias_producer' retrieved from /home/airflow/.local/lib/python3.12/site-packages/airflow/example_dags/example_dataset_alias.py
[2024-10-06T19:09:27.382+0000] {logging_mixin.py:190} INFO - [2024-10-06T19:09:27.381+0000] {dag.py:3239} INFO - Sync 4 DAGs
[2024-10-06T19:09:27.404+0000] {logging_mixin.py:190} INFO - [2024-10-06T19:09:27.403+0000] {dag.py:4180} INFO - Setting next_dagrun for dataset_alias_example_alias_consumer to None, run_after=None
[2024-10-06T19:09:27.408+0000] {logging_mixin.py:190} INFO - [2024-10-06T19:09:27.407+0000] {dag.py:4180} INFO - Setting next_dagrun for dataset_alias_example_alias_producer to None, run_after=None
[2024-10-06T19:09:27.409+0000] {logging_mixin.py:190} INFO - [2024-10-06T19:09:27.409+0000] {dag.py:4180} INFO - Setting next_dagrun for dataset_s3_bucket_consumer to None, run_after=None
[2024-10-06T19:09:27.411+0000] {logging_mixin.py:190} INFO - [2024-10-06T19:09:27.411+0000] {dag.py:4180} INFO - Setting next_dagrun for dataset_s3_bucket_producer to None, run_after=None
[2024-10-06T19:09:27.433+0000] {processor.py:208} INFO - Processing /home/airflow/.local/lib/python3.12/site-packages/airflow/example_dags/example_dataset_alias.py took 0.202 seconds
[2024-10-06T19:09:58.436+0000] {processor.py:186} INFO - Started process (PID=878) to work on /home/airflow/.local/lib/python3.12/site-packages/airflow/example_dags/example_dataset_alias.py
[2024-10-06T19:09:58.436+0000] {processor.py:914} INFO - Processing file /home/airflow/.local/lib/python3.12/site-packages/airflow/example_dags/example_dataset_alias.py for tasks to queue
[2024-10-06T19:09:58.439+0000] {logging_mixin.py:190} INFO - [2024-10-06T19:09:58.438+0000] {dagbag.py:588} INFO - Filling up the DagBag from /home/airflow/.local/lib/python3.12/site-packages/airflow/example_dags/example_dataset_alias.py
[2024-10-06T19:09:58.560+0000] {processor.py:925} INFO - DAG(s) 'dataset_s3_bucket_consumer', 'dataset_s3_bucket_producer', 'dataset_alias_example_alias_consumer', 'dataset_alias_example_alias_producer' retrieved from /home/airflow/.local/lib/python3.12/site-packages/airflow/example_dags/example_dataset_alias.py
[2024-10-06T19:09:58.591+0000] {logging_mixin.py:190} INFO - [2024-10-06T19:09:58.590+0000] {dag.py:3239} INFO - Sync 4 DAGs
[2024-10-06T19:09:58.615+0000] {logging_mixin.py:190} INFO - [2024-10-06T19:09:58.615+0000] {dag.py:4180} INFO - Setting next_dagrun for dataset_alias_example_alias_consumer to None, run_after=None
[2024-10-06T19:09:58.618+0000] {logging_mixin.py:190} INFO - [2024-10-06T19:09:58.618+0000] {dag.py:4180} INFO - Setting next_dagrun for dataset_alias_example_alias_producer to None, run_after=None
[2024-10-06T19:09:58.620+0000] {logging_mixin.py:190} INFO - [2024-10-06T19:09:58.619+0000] {dag.py:4180} INFO - Setting next_dagrun for dataset_s3_bucket_consumer to None, run_after=None
[2024-10-06T19:09:58.621+0000] {logging_mixin.py:190} INFO - [2024-10-06T19:09:58.621+0000] {dag.py:4180} INFO - Setting next_dagrun for dataset_s3_bucket_producer to None, run_after=None
[2024-10-06T19:09:58.642+0000] {processor.py:208} INFO - Processing /home/airflow/.local/lib/python3.12/site-packages/airflow/example_dags/example_dataset_alias.py took 0.211 seconds
[2024-10-06T19:10:28.729+0000] {processor.py:186} INFO - Started process (PID=1164) to work on /home/airflow/.local/lib/python3.12/site-packages/airflow/example_dags/example_dataset_alias.py
[2024-10-06T19:10:28.730+0000] {processor.py:914} INFO - Processing file /home/airflow/.local/lib/python3.12/site-packages/airflow/example_dags/example_dataset_alias.py for tasks to queue
[2024-10-06T19:10:28.732+0000] {logging_mixin.py:190} INFO - [2024-10-06T19:10:28.732+0000] {dagbag.py:588} INFO - Filling up the DagBag from /home/airflow/.local/lib/python3.12/site-packages/airflow/example_dags/example_dataset_alias.py
[2024-10-06T19:10:28.882+0000] {processor.py:925} INFO - DAG(s) 'dataset_alias_example_alias_consumer', 'dataset_s3_bucket_consumer', 'dataset_s3_bucket_producer', 'dataset_alias_example_alias_producer' retrieved from /home/airflow/.local/lib/python3.12/site-packages/airflow/example_dags/example_dataset_alias.py
[2024-10-06T19:10:28.910+0000] {logging_mixin.py:190} INFO - [2024-10-06T19:10:28.909+0000] {dag.py:3239} INFO - Sync 4 DAGs
[2024-10-06T19:10:28.943+0000] {logging_mixin.py:190} INFO - [2024-10-06T19:10:28.942+0000] {dag.py:4180} INFO - Setting next_dagrun for dataset_alias_example_alias_consumer to None, run_after=None
[2024-10-06T19:10:28.947+0000] {logging_mixin.py:190} INFO - [2024-10-06T19:10:28.947+0000] {dag.py:4180} INFO - Setting next_dagrun for dataset_alias_example_alias_producer to None, run_after=None
[2024-10-06T19:10:28.949+0000] {logging_mixin.py:190} INFO - [2024-10-06T19:10:28.949+0000] {dag.py:4180} INFO - Setting next_dagrun for dataset_s3_bucket_consumer to None, run_after=None
[2024-10-06T19:10:28.951+0000] {logging_mixin.py:190} INFO - [2024-10-06T19:10:28.951+0000] {dag.py:4180} INFO - Setting next_dagrun for dataset_s3_bucket_producer to None, run_after=None
[2024-10-06T19:10:28.982+0000] {processor.py:208} INFO - Processing /home/airflow/.local/lib/python3.12/site-packages/airflow/example_dags/example_dataset_alias.py took 0.260 seconds
[2024-10-06T19:10:59.251+0000] {processor.py:186} INFO - Started process (PID=1479) to work on /home/airflow/.local/lib/python3.12/site-packages/airflow/example_dags/example_dataset_alias.py
[2024-10-06T19:10:59.252+0000] {processor.py:914} INFO - Processing file /home/airflow/.local/lib/python3.12/site-packages/airflow/example_dags/example_dataset_alias.py for tasks to queue
[2024-10-06T19:10:59.255+0000] {logging_mixin.py:190} INFO - [2024-10-06T19:10:59.255+0000] {dagbag.py:588} INFO - Filling up the DagBag from /home/airflow/.local/lib/python3.12/site-packages/airflow/example_dags/example_dataset_alias.py
[2024-10-06T19:10:59.370+0000] {processor.py:925} INFO - DAG(s) 'dataset_s3_bucket_producer', 'dataset_alias_example_alias_producer', 'dataset_s3_bucket_consumer', 'dataset_alias_example_alias_consumer' retrieved from /home/airflow/.local/lib/python3.12/site-packages/airflow/example_dags/example_dataset_alias.py
[2024-10-06T19:10:59.391+0000] {logging_mixin.py:190} INFO - [2024-10-06T19:10:59.390+0000] {dag.py:3239} INFO - Sync 4 DAGs
[2024-10-06T19:10:59.413+0000] {logging_mixin.py:190} INFO - [2024-10-06T19:10:59.413+0000] {dag.py:4180} INFO - Setting next_dagrun for dataset_alias_example_alias_consumer to None, run_after=None
[2024-10-06T19:10:59.416+0000] {logging_mixin.py:190} INFO - [2024-10-06T19:10:59.416+0000] {dag.py:4180} INFO - Setting next_dagrun for dataset_alias_example_alias_producer to None, run_after=None
[2024-10-06T19:10:59.418+0000] {logging_mixin.py:190} INFO - [2024-10-06T19:10:59.417+0000] {dag.py:4180} INFO - Setting next_dagrun for dataset_s3_bucket_consumer to None, run_after=None
[2024-10-06T19:10:59.419+0000] {logging_mixin.py:190} INFO - [2024-10-06T19:10:59.419+0000] {dag.py:4180} INFO - Setting next_dagrun for dataset_s3_bucket_producer to None, run_after=None
[2024-10-06T19:10:59.441+0000] {processor.py:208} INFO - Processing /home/airflow/.local/lib/python3.12/site-packages/airflow/example_dags/example_dataset_alias.py took 0.194 seconds
[2024-10-06T19:11:29.607+0000] {processor.py:186} INFO - Started process (PID=1765) to work on /home/airflow/.local/lib/python3.12/site-packages/airflow/example_dags/example_dataset_alias.py
[2024-10-06T19:11:29.608+0000] {processor.py:914} INFO - Processing file /home/airflow/.local/lib/python3.12/site-packages/airflow/example_dags/example_dataset_alias.py for tasks to queue
[2024-10-06T19:11:29.610+0000] {logging_mixin.py:190} INFO - [2024-10-06T19:11:29.609+0000] {dagbag.py:588} INFO - Filling up the DagBag from /home/airflow/.local/lib/python3.12/site-packages/airflow/example_dags/example_dataset_alias.py
[2024-10-06T19:11:29.729+0000] {processor.py:925} INFO - DAG(s) 'dataset_s3_bucket_producer', 'dataset_alias_example_alias_consumer', 'dataset_s3_bucket_consumer', 'dataset_alias_example_alias_producer' retrieved from /home/airflow/.local/lib/python3.12/site-packages/airflow/example_dags/example_dataset_alias.py
[2024-10-06T19:11:29.750+0000] {logging_mixin.py:190} INFO - [2024-10-06T19:11:29.750+0000] {dag.py:3239} INFO - Sync 4 DAGs
[2024-10-06T19:11:29.772+0000] {logging_mixin.py:190} INFO - [2024-10-06T19:11:29.772+0000] {dag.py:4180} INFO - Setting next_dagrun for dataset_alias_example_alias_consumer to None, run_after=None
[2024-10-06T19:11:29.775+0000] {logging_mixin.py:190} INFO - [2024-10-06T19:11:29.775+0000] {dag.py:4180} INFO - Setting next_dagrun for dataset_alias_example_alias_producer to None, run_after=None
[2024-10-06T19:11:29.777+0000] {logging_mixin.py:190} INFO - [2024-10-06T19:11:29.777+0000] {dag.py:4180} INFO - Setting next_dagrun for dataset_s3_bucket_consumer to None, run_after=None
[2024-10-06T19:11:29.779+0000] {logging_mixin.py:190} INFO - [2024-10-06T19:11:29.779+0000] {dag.py:4180} INFO - Setting next_dagrun for dataset_s3_bucket_producer to None, run_after=None
[2024-10-06T19:11:29.802+0000] {processor.py:208} INFO - Processing /home/airflow/.local/lib/python3.12/site-packages/airflow/example_dags/example_dataset_alias.py took 0.200 seconds
[2024-10-06T19:12:00.022+0000] {processor.py:186} INFO - Started process (PID=2051) to work on /home/airflow/.local/lib/python3.12/site-packages/airflow/example_dags/example_dataset_alias.py
[2024-10-06T19:12:00.023+0000] {processor.py:914} INFO - Processing file /home/airflow/.local/lib/python3.12/site-packages/airflow/example_dags/example_dataset_alias.py for tasks to queue
[2024-10-06T19:12:00.026+0000] {logging_mixin.py:190} INFO - [2024-10-06T19:12:00.025+0000] {dagbag.py:588} INFO - Filling up the DagBag from /home/airflow/.local/lib/python3.12/site-packages/airflow/example_dags/example_dataset_alias.py
[2024-10-06T19:12:00.152+0000] {processor.py:925} INFO - DAG(s) 'dataset_alias_example_alias_consumer', 'dataset_s3_bucket_consumer', 'dataset_alias_example_alias_producer', 'dataset_s3_bucket_producer' retrieved from /home/airflow/.local/lib/python3.12/site-packages/airflow/example_dags/example_dataset_alias.py
[2024-10-06T19:12:00.176+0000] {logging_mixin.py:190} INFO - [2024-10-06T19:12:00.176+0000] {dag.py:3239} INFO - Sync 4 DAGs
[2024-10-06T19:12:00.200+0000] {logging_mixin.py:190} INFO - [2024-10-06T19:12:00.200+0000] {dag.py:4180} INFO - Setting next_dagrun for dataset_alias_example_alias_consumer to None, run_after=None
[2024-10-06T19:12:00.204+0000] {logging_mixin.py:190} INFO - [2024-10-06T19:12:00.204+0000] {dag.py:4180} INFO - Setting next_dagrun for dataset_alias_example_alias_producer to None, run_after=None
[2024-10-06T19:12:00.206+0000] {logging_mixin.py:190} INFO - [2024-10-06T19:12:00.206+0000] {dag.py:4180} INFO - Setting next_dagrun for dataset_s3_bucket_consumer to None, run_after=None
[2024-10-06T19:12:00.208+0000] {logging_mixin.py:190} INFO - [2024-10-06T19:12:00.208+0000] {dag.py:4180} INFO - Setting next_dagrun for dataset_s3_bucket_producer to None, run_after=None
[2024-10-06T19:12:00.232+0000] {processor.py:208} INFO - Processing /home/airflow/.local/lib/python3.12/site-packages/airflow/example_dags/example_dataset_alias.py took 0.214 seconds
[2024-10-06T19:12:30.393+0000] {processor.py:186} INFO - Started process (PID=2337) to work on /home/airflow/.local/lib/python3.12/site-packages/airflow/example_dags/example_dataset_alias.py
[2024-10-06T19:12:30.394+0000] {processor.py:914} INFO - Processing file /home/airflow/.local/lib/python3.12/site-packages/airflow/example_dags/example_dataset_alias.py for tasks to queue
[2024-10-06T19:12:30.396+0000] {logging_mixin.py:190} INFO - [2024-10-06T19:12:30.396+0000] {dagbag.py:588} INFO - Filling up the DagBag from /home/airflow/.local/lib/python3.12/site-packages/airflow/example_dags/example_dataset_alias.py
[2024-10-06T19:12:30.510+0000] {processor.py:925} INFO - DAG(s) 'dataset_alias_example_alias_consumer', 'dataset_s3_bucket_producer', 'dataset_alias_example_alias_producer', 'dataset_s3_bucket_consumer' retrieved from /home/airflow/.local/lib/python3.12/site-packages/airflow/example_dags/example_dataset_alias.py
[2024-10-06T19:12:30.534+0000] {logging_mixin.py:190} INFO - [2024-10-06T19:12:30.534+0000] {dag.py:3239} INFO - Sync 4 DAGs
[2024-10-06T19:12:30.557+0000] {logging_mixin.py:190} INFO - [2024-10-06T19:12:30.557+0000] {dag.py:4180} INFO - Setting next_dagrun for dataset_alias_example_alias_consumer to None, run_after=None
[2024-10-06T19:12:30.560+0000] {logging_mixin.py:190} INFO - [2024-10-06T19:12:30.560+0000] {dag.py:4180} INFO - Setting next_dagrun for dataset_alias_example_alias_producer to None, run_after=None
[2024-10-06T19:12:30.562+0000] {logging_mixin.py:190} INFO - [2024-10-06T19:12:30.561+0000] {dag.py:4180} INFO - Setting next_dagrun for dataset_s3_bucket_consumer to None, run_after=None
[2024-10-06T19:12:30.563+0000] {logging_mixin.py:190} INFO - [2024-10-06T19:12:30.563+0000] {dag.py:4180} INFO - Setting next_dagrun for dataset_s3_bucket_producer to None, run_after=None
[2024-10-06T19:12:30.585+0000] {processor.py:208} INFO - Processing /home/airflow/.local/lib/python3.12/site-packages/airflow/example_dags/example_dataset_alias.py took 0.196 seconds
[2024-10-06T19:13:00.754+0000] {processor.py:186} INFO - Started process (PID=2623) to work on /home/airflow/.local/lib/python3.12/site-packages/airflow/example_dags/example_dataset_alias.py
[2024-10-06T19:13:00.755+0000] {processor.py:914} INFO - Processing file /home/airflow/.local/lib/python3.12/site-packages/airflow/example_dags/example_dataset_alias.py for tasks to queue
[2024-10-06T19:13:00.757+0000] {logging_mixin.py:190} INFO - [2024-10-06T19:13:00.756+0000] {dagbag.py:588} INFO - Filling up the DagBag from /home/airflow/.local/lib/python3.12/site-packages/airflow/example_dags/example_dataset_alias.py
[2024-10-06T19:13:00.884+0000] {processor.py:925} INFO - DAG(s) 'dataset_s3_bucket_consumer', 'dataset_s3_bucket_producer', 'dataset_alias_example_alias_consumer', 'dataset_alias_example_alias_producer' retrieved from /home/airflow/.local/lib/python3.12/site-packages/airflow/example_dags/example_dataset_alias.py
[2024-10-06T19:13:00.906+0000] {logging_mixin.py:190} INFO - [2024-10-06T19:13:00.906+0000] {dag.py:3239} INFO - Sync 4 DAGs
[2024-10-06T19:13:00.928+0000] {logging_mixin.py:190} INFO - [2024-10-06T19:13:00.928+0000] {dag.py:4180} INFO - Setting next_dagrun for dataset_alias_example_alias_consumer to None, run_after=None
[2024-10-06T19:13:00.931+0000] {logging_mixin.py:190} INFO - [2024-10-06T19:13:00.931+0000] {dag.py:4180} INFO - Setting next_dagrun for dataset_alias_example_alias_producer to None, run_after=None
[2024-10-06T19:13:00.933+0000] {logging_mixin.py:190} INFO - [2024-10-06T19:13:00.932+0000] {dag.py:4180} INFO - Setting next_dagrun for dataset_s3_bucket_consumer to None, run_after=None
[2024-10-06T19:13:00.934+0000] {logging_mixin.py:190} INFO - [2024-10-06T19:13:00.934+0000] {dag.py:4180} INFO - Setting next_dagrun for dataset_s3_bucket_producer to None, run_after=None
[2024-10-06T19:13:00.954+0000] {processor.py:208} INFO - Processing /home/airflow/.local/lib/python3.12/site-packages/airflow/example_dags/example_dataset_alias.py took 0.205 seconds
[2024-10-06T19:13:31.228+0000] {processor.py:186} INFO - Started process (PID=2909) to work on /home/airflow/.local/lib/python3.12/site-packages/airflow/example_dags/example_dataset_alias.py
[2024-10-06T19:13:31.229+0000] {processor.py:914} INFO - Processing file /home/airflow/.local/lib/python3.12/site-packages/airflow/example_dags/example_dataset_alias.py for tasks to queue
[2024-10-06T19:13:31.231+0000] {logging_mixin.py:190} INFO - [2024-10-06T19:13:31.231+0000] {dagbag.py:588} INFO - Filling up the DagBag from /home/airflow/.local/lib/python3.12/site-packages/airflow/example_dags/example_dataset_alias.py
[2024-10-06T19:13:31.348+0000] {processor.py:925} INFO - DAG(s) 'dataset_s3_bucket_consumer', 'dataset_alias_example_alias_consumer', 'dataset_s3_bucket_producer', 'dataset_alias_example_alias_producer' retrieved from /home/airflow/.local/lib/python3.12/site-packages/airflow/example_dags/example_dataset_alias.py
[2024-10-06T19:13:31.372+0000] {logging_mixin.py:190} INFO - [2024-10-06T19:13:31.371+0000] {dag.py:3239} INFO - Sync 4 DAGs
[2024-10-06T19:13:31.396+0000] {logging_mixin.py:190} INFO - [2024-10-06T19:13:31.396+0000] {dag.py:4180} INFO - Setting next_dagrun for dataset_alias_example_alias_consumer to None, run_after=None
[2024-10-06T19:13:31.399+0000] {logging_mixin.py:190} INFO - [2024-10-06T19:13:31.399+0000] {dag.py:4180} INFO - Setting next_dagrun for dataset_alias_example_alias_producer to None, run_after=None
[2024-10-06T19:13:31.401+0000] {logging_mixin.py:190} INFO - [2024-10-06T19:13:31.401+0000] {dag.py:4180} INFO - Setting next_dagrun for dataset_s3_bucket_consumer to None, run_after=None
[2024-10-06T19:13:31.404+0000] {logging_mixin.py:190} INFO - [2024-10-06T19:13:31.403+0000] {dag.py:4180} INFO - Setting next_dagrun for dataset_s3_bucket_producer to None, run_after=None
[2024-10-06T19:13:31.427+0000] {processor.py:208} INFO - Processing /home/airflow/.local/lib/python3.12/site-packages/airflow/example_dags/example_dataset_alias.py took 0.204 seconds
[2024-10-06T19:14:01.574+0000] {processor.py:186} INFO - Started process (PID=3200) to work on /home/airflow/.local/lib/python3.12/site-packages/airflow/example_dags/example_dataset_alias.py
[2024-10-06T19:14:01.575+0000] {processor.py:914} INFO - Processing file /home/airflow/.local/lib/python3.12/site-packages/airflow/example_dags/example_dataset_alias.py for tasks to queue
[2024-10-06T19:14:01.577+0000] {logging_mixin.py:190} INFO - [2024-10-06T19:14:01.577+0000] {dagbag.py:588} INFO - Filling up the DagBag from /home/airflow/.local/lib/python3.12/site-packages/airflow/example_dags/example_dataset_alias.py
[2024-10-06T19:14:01.688+0000] {processor.py:925} INFO - DAG(s) 'dataset_s3_bucket_consumer', 'dataset_alias_example_alias_consumer', 'dataset_s3_bucket_producer', 'dataset_alias_example_alias_producer' retrieved from /home/airflow/.local/lib/python3.12/site-packages/airflow/example_dags/example_dataset_alias.py
[2024-10-06T19:14:01.709+0000] {logging_mixin.py:190} INFO - [2024-10-06T19:14:01.709+0000] {dag.py:3239} INFO - Sync 4 DAGs
[2024-10-06T19:14:01.731+0000] {logging_mixin.py:190} INFO - [2024-10-06T19:14:01.731+0000] {dag.py:4180} INFO - Setting next_dagrun for dataset_alias_example_alias_consumer to None, run_after=None
[2024-10-06T19:14:01.734+0000] {logging_mixin.py:190} INFO - [2024-10-06T19:14:01.734+0000] {dag.py:4180} INFO - Setting next_dagrun for dataset_alias_example_alias_producer to None, run_after=None
[2024-10-06T19:14:01.736+0000] {logging_mixin.py:190} INFO - [2024-10-06T19:14:01.736+0000] {dag.py:4180} INFO - Setting next_dagrun for dataset_s3_bucket_consumer to None, run_after=None
[2024-10-06T19:14:01.738+0000] {logging_mixin.py:190} INFO - [2024-10-06T19:14:01.737+0000] {dag.py:4180} INFO - Setting next_dagrun for dataset_s3_bucket_producer to None, run_after=None
[2024-10-06T19:14:01.762+0000] {processor.py:208} INFO - Processing /home/airflow/.local/lib/python3.12/site-packages/airflow/example_dags/example_dataset_alias.py took 0.192 seconds
[2024-10-06T19:14:31.864+0000] {processor.py:186} INFO - Started process (PID=3496) to work on /home/airflow/.local/lib/python3.12/site-packages/airflow/example_dags/example_dataset_alias.py
[2024-10-06T19:14:31.865+0000] {processor.py:914} INFO - Processing file /home/airflow/.local/lib/python3.12/site-packages/airflow/example_dags/example_dataset_alias.py for tasks to queue
[2024-10-06T19:14:31.867+0000] {logging_mixin.py:190} INFO - [2024-10-06T19:14:31.867+0000] {dagbag.py:588} INFO - Filling up the DagBag from /home/airflow/.local/lib/python3.12/site-packages/airflow/example_dags/example_dataset_alias.py
[2024-10-06T19:14:31.973+0000] {processor.py:925} INFO - DAG(s) 'dataset_s3_bucket_producer', 'dataset_alias_example_alias_consumer', 'dataset_s3_bucket_consumer', 'dataset_alias_example_alias_producer' retrieved from /home/airflow/.local/lib/python3.12/site-packages/airflow/example_dags/example_dataset_alias.py
[2024-10-06T19:14:31.994+0000] {logging_mixin.py:190} INFO - [2024-10-06T19:14:31.993+0000] {dag.py:3239} INFO - Sync 4 DAGs
[2024-10-06T19:14:32.016+0000] {logging_mixin.py:190} INFO - [2024-10-06T19:14:32.016+0000] {dag.py:4180} INFO - Setting next_dagrun for dataset_alias_example_alias_consumer to None, run_after=None
[2024-10-06T19:14:32.020+0000] {logging_mixin.py:190} INFO - [2024-10-06T19:14:32.019+0000] {dag.py:4180} INFO - Setting next_dagrun for dataset_alias_example_alias_producer to None, run_after=None
[2024-10-06T19:14:32.021+0000] {logging_mixin.py:190} INFO - [2024-10-06T19:14:32.021+0000] {dag.py:4180} INFO - Setting next_dagrun for dataset_s3_bucket_consumer to None, run_after=None
[2024-10-06T19:14:32.023+0000] {logging_mixin.py:190} INFO - [2024-10-06T19:14:32.023+0000] {dag.py:4180} INFO - Setting next_dagrun for dataset_s3_bucket_producer to None, run_after=None
[2024-10-06T19:14:32.045+0000] {processor.py:208} INFO - Processing /home/airflow/.local/lib/python3.12/site-packages/airflow/example_dags/example_dataset_alias.py took 0.185 seconds
[2024-10-06T19:15:02.179+0000] {processor.py:186} INFO - Started process (PID=3782) to work on /home/airflow/.local/lib/python3.12/site-packages/airflow/example_dags/example_dataset_alias.py
[2024-10-06T19:15:02.180+0000] {processor.py:914} INFO - Processing file /home/airflow/.local/lib/python3.12/site-packages/airflow/example_dags/example_dataset_alias.py for tasks to queue
[2024-10-06T19:15:02.182+0000] {logging_mixin.py:190} INFO - [2024-10-06T19:15:02.182+0000] {dagbag.py:588} INFO - Filling up the DagBag from /home/airflow/.local/lib/python3.12/site-packages/airflow/example_dags/example_dataset_alias.py
[2024-10-06T19:15:02.302+0000] {processor.py:925} INFO - DAG(s) 'dataset_alias_example_alias_producer', 'dataset_s3_bucket_consumer', 'dataset_s3_bucket_producer', 'dataset_alias_example_alias_consumer' retrieved from /home/airflow/.local/lib/python3.12/site-packages/airflow/example_dags/example_dataset_alias.py
[2024-10-06T19:15:02.323+0000] {logging_mixin.py:190} INFO - [2024-10-06T19:15:02.323+0000] {dag.py:3239} INFO - Sync 4 DAGs
[2024-10-06T19:15:02.346+0000] {logging_mixin.py:190} INFO - [2024-10-06T19:15:02.346+0000] {dag.py:4180} INFO - Setting next_dagrun for dataset_alias_example_alias_consumer to None, run_after=None
[2024-10-06T19:15:02.349+0000] {logging_mixin.py:190} INFO - [2024-10-06T19:15:02.349+0000] {dag.py:4180} INFO - Setting next_dagrun for dataset_alias_example_alias_producer to None, run_after=None
[2024-10-06T19:15:02.351+0000] {logging_mixin.py:190} INFO - [2024-10-06T19:15:02.351+0000] {dag.py:4180} INFO - Setting next_dagrun for dataset_s3_bucket_consumer to None, run_after=None
[2024-10-06T19:15:02.352+0000] {logging_mixin.py:190} INFO - [2024-10-06T19:15:02.352+0000] {dag.py:4180} INFO - Setting next_dagrun for dataset_s3_bucket_producer to None, run_after=None
[2024-10-06T19:15:02.384+0000] {processor.py:208} INFO - Processing /home/airflow/.local/lib/python3.12/site-packages/airflow/example_dags/example_dataset_alias.py took 0.210 seconds
[2024-10-06T19:15:32.483+0000] {processor.py:186} INFO - Started process (PID=4078) to work on /home/airflow/.local/lib/python3.12/site-packages/airflow/example_dags/example_dataset_alias.py
[2024-10-06T19:15:32.484+0000] {processor.py:914} INFO - Processing file /home/airflow/.local/lib/python3.12/site-packages/airflow/example_dags/example_dataset_alias.py for tasks to queue
[2024-10-06T19:15:32.486+0000] {logging_mixin.py:190} INFO - [2024-10-06T19:15:32.485+0000] {dagbag.py:588} INFO - Filling up the DagBag from /home/airflow/.local/lib/python3.12/site-packages/airflow/example_dags/example_dataset_alias.py
[2024-10-06T19:15:32.594+0000] {processor.py:925} INFO - DAG(s) 'dataset_s3_bucket_producer', 'dataset_alias_example_alias_consumer', 'dataset_alias_example_alias_producer', 'dataset_s3_bucket_consumer' retrieved from /home/airflow/.local/lib/python3.12/site-packages/airflow/example_dags/example_dataset_alias.py
[2024-10-06T19:15:32.615+0000] {logging_mixin.py:190} INFO - [2024-10-06T19:15:32.614+0000] {dag.py:3239} INFO - Sync 4 DAGs
[2024-10-06T19:15:32.635+0000] {logging_mixin.py:190} INFO - [2024-10-06T19:15:32.635+0000] {dag.py:4180} INFO - Setting next_dagrun for dataset_alias_example_alias_consumer to None, run_after=None
[2024-10-06T19:15:32.638+0000] {logging_mixin.py:190} INFO - [2024-10-06T19:15:32.638+0000] {dag.py:4180} INFO - Setting next_dagrun for dataset_alias_example_alias_producer to None, run_after=None
[2024-10-06T19:15:32.640+0000] {logging_mixin.py:190} INFO - [2024-10-06T19:15:32.639+0000] {dag.py:4180} INFO - Setting next_dagrun for dataset_s3_bucket_consumer to None, run_after=None
[2024-10-06T19:15:32.641+0000] {logging_mixin.py:190} INFO - [2024-10-06T19:15:32.641+0000] {dag.py:4180} INFO - Setting next_dagrun for dataset_s3_bucket_producer to None, run_after=None
[2024-10-06T19:15:32.662+0000] {processor.py:208} INFO - Processing /home/airflow/.local/lib/python3.12/site-packages/airflow/example_dags/example_dataset_alias.py took 0.183 seconds
[2024-10-06T19:16:02.693+0000] {processor.py:186} INFO - Started process (PID=4372) to work on /home/airflow/.local/lib/python3.12/site-packages/airflow/example_dags/example_dataset_alias.py
[2024-10-06T19:16:02.694+0000] {processor.py:914} INFO - Processing file /home/airflow/.local/lib/python3.12/site-packages/airflow/example_dags/example_dataset_alias.py for tasks to queue
[2024-10-06T19:16:02.696+0000] {logging_mixin.py:190} INFO - [2024-10-06T19:16:02.695+0000] {dagbag.py:588} INFO - Filling up the DagBag from /home/airflow/.local/lib/python3.12/site-packages/airflow/example_dags/example_dataset_alias.py
[2024-10-06T19:16:02.811+0000] {processor.py:925} INFO - DAG(s) 'dataset_s3_bucket_producer', 'dataset_alias_example_alias_producer', 'dataset_alias_example_alias_consumer', 'dataset_s3_bucket_consumer' retrieved from /home/airflow/.local/lib/python3.12/site-packages/airflow/example_dags/example_dataset_alias.py
[2024-10-06T19:16:02.830+0000] {logging_mixin.py:190} INFO - [2024-10-06T19:16:02.830+0000] {dag.py:3239} INFO - Sync 4 DAGs
[2024-10-06T19:16:02.851+0000] {logging_mixin.py:190} INFO - [2024-10-06T19:16:02.851+0000] {dag.py:4180} INFO - Setting next_dagrun for dataset_alias_example_alias_consumer to None, run_after=None
[2024-10-06T19:16:02.854+0000] {logging_mixin.py:190} INFO - [2024-10-06T19:16:02.854+0000] {dag.py:4180} INFO - Setting next_dagrun for dataset_alias_example_alias_producer to None, run_after=None
[2024-10-06T19:16:02.856+0000] {logging_mixin.py:190} INFO - [2024-10-06T19:16:02.855+0000] {dag.py:4180} INFO - Setting next_dagrun for dataset_s3_bucket_consumer to None, run_after=None
[2024-10-06T19:16:02.857+0000] {logging_mixin.py:190} INFO - [2024-10-06T19:16:02.857+0000] {dag.py:4180} INFO - Setting next_dagrun for dataset_s3_bucket_producer to None, run_after=None
[2024-10-06T19:16:02.877+0000] {processor.py:208} INFO - Processing /home/airflow/.local/lib/python3.12/site-packages/airflow/example_dags/example_dataset_alias.py took 0.188 seconds
[2024-10-06T19:16:32.930+0000] {processor.py:186} INFO - Started process (PID=4655) to work on /home/airflow/.local/lib/python3.12/site-packages/airflow/example_dags/example_dataset_alias.py
[2024-10-06T19:16:32.930+0000] {processor.py:914} INFO - Processing file /home/airflow/.local/lib/python3.12/site-packages/airflow/example_dags/example_dataset_alias.py for tasks to queue
[2024-10-06T19:16:32.932+0000] {logging_mixin.py:190} INFO - [2024-10-06T19:16:32.932+0000] {dagbag.py:588} INFO - Filling up the DagBag from /home/airflow/.local/lib/python3.12/site-packages/airflow/example_dags/example_dataset_alias.py
[2024-10-06T19:16:33.054+0000] {processor.py:925} INFO - DAG(s) 'dataset_s3_bucket_consumer', 'dataset_alias_example_alias_consumer', 'dataset_alias_example_alias_producer', 'dataset_s3_bucket_producer' retrieved from /home/airflow/.local/lib/python3.12/site-packages/airflow/example_dags/example_dataset_alias.py
[2024-10-06T19:16:33.074+0000] {logging_mixin.py:190} INFO - [2024-10-06T19:16:33.073+0000] {dag.py:3239} INFO - Sync 4 DAGs
[2024-10-06T19:16:33.095+0000] {logging_mixin.py:190} INFO - [2024-10-06T19:16:33.095+0000] {dag.py:4180} INFO - Setting next_dagrun for dataset_alias_example_alias_consumer to None, run_after=None
[2024-10-06T19:16:33.098+0000] {logging_mixin.py:190} INFO - [2024-10-06T19:16:33.098+0000] {dag.py:4180} INFO - Setting next_dagrun for dataset_alias_example_alias_producer to None, run_after=None
[2024-10-06T19:16:33.099+0000] {logging_mixin.py:190} INFO - [2024-10-06T19:16:33.099+0000] {dag.py:4180} INFO - Setting next_dagrun for dataset_s3_bucket_consumer to None, run_after=None
[2024-10-06T19:16:33.101+0000] {logging_mixin.py:190} INFO - [2024-10-06T19:16:33.101+0000] {dag.py:4180} INFO - Setting next_dagrun for dataset_s3_bucket_producer to None, run_after=None
[2024-10-06T19:16:33.123+0000] {processor.py:208} INFO - Processing /home/airflow/.local/lib/python3.12/site-packages/airflow/example_dags/example_dataset_alias.py took 0.198 seconds
[2024-10-06T19:17:03.226+0000] {processor.py:186} INFO - Started process (PID=4946) to work on /home/airflow/.local/lib/python3.12/site-packages/airflow/example_dags/example_dataset_alias.py
[2024-10-06T19:17:03.227+0000] {processor.py:914} INFO - Processing file /home/airflow/.local/lib/python3.12/site-packages/airflow/example_dags/example_dataset_alias.py for tasks to queue
[2024-10-06T19:17:03.229+0000] {logging_mixin.py:190} INFO - [2024-10-06T19:17:03.228+0000] {dagbag.py:588} INFO - Filling up the DagBag from /home/airflow/.local/lib/python3.12/site-packages/airflow/example_dags/example_dataset_alias.py
[2024-10-06T19:17:03.348+0000] {processor.py:925} INFO - DAG(s) 'dataset_s3_bucket_producer', 'dataset_alias_example_alias_producer', 'dataset_s3_bucket_consumer', 'dataset_alias_example_alias_consumer' retrieved from /home/airflow/.local/lib/python3.12/site-packages/airflow/example_dags/example_dataset_alias.py
[2024-10-06T19:17:03.371+0000] {logging_mixin.py:190} INFO - [2024-10-06T19:17:03.371+0000] {dag.py:3239} INFO - Sync 4 DAGs
[2024-10-06T19:17:03.393+0000] {logging_mixin.py:190} INFO - [2024-10-06T19:17:03.393+0000] {dag.py:4180} INFO - Setting next_dagrun for dataset_alias_example_alias_consumer to None, run_after=None
[2024-10-06T19:17:03.396+0000] {logging_mixin.py:190} INFO - [2024-10-06T19:17:03.396+0000] {dag.py:4180} INFO - Setting next_dagrun for dataset_alias_example_alias_producer to None, run_after=None
[2024-10-06T19:17:03.397+0000] {logging_mixin.py:190} INFO - [2024-10-06T19:17:03.397+0000] {dag.py:4180} INFO - Setting next_dagrun for dataset_s3_bucket_consumer to None, run_after=None
[2024-10-06T19:17:03.399+0000] {logging_mixin.py:190} INFO - [2024-10-06T19:17:03.399+0000] {dag.py:4180} INFO - Setting next_dagrun for dataset_s3_bucket_producer to None, run_after=None
[2024-10-06T19:17:03.421+0000] {processor.py:208} INFO - Processing /home/airflow/.local/lib/python3.12/site-packages/airflow/example_dags/example_dataset_alias.py took 0.200 seconds
[2024-10-06T19:17:33.769+0000] {processor.py:186} INFO - Started process (PID=5237) to work on /home/airflow/.local/lib/python3.12/site-packages/airflow/example_dags/example_dataset_alias.py
[2024-10-06T19:17:33.770+0000] {processor.py:914} INFO - Processing file /home/airflow/.local/lib/python3.12/site-packages/airflow/example_dags/example_dataset_alias.py for tasks to queue
[2024-10-06T19:17:33.772+0000] {logging_mixin.py:190} INFO - [2024-10-06T19:17:33.772+0000] {dagbag.py:588} INFO - Filling up the DagBag from /home/airflow/.local/lib/python3.12/site-packages/airflow/example_dags/example_dataset_alias.py
[2024-10-06T19:17:33.887+0000] {processor.py:925} INFO - DAG(s) 'dataset_s3_bucket_consumer', 'dataset_alias_example_alias_producer', 'dataset_s3_bucket_producer', 'dataset_alias_example_alias_consumer' retrieved from /home/airflow/.local/lib/python3.12/site-packages/airflow/example_dags/example_dataset_alias.py
[2024-10-06T19:17:33.909+0000] {logging_mixin.py:190} INFO - [2024-10-06T19:17:33.908+0000] {dag.py:3239} INFO - Sync 4 DAGs
[2024-10-06T19:17:33.930+0000] {logging_mixin.py:190} INFO - [2024-10-06T19:17:33.929+0000] {dag.py:4180} INFO - Setting next_dagrun for dataset_alias_example_alias_consumer to None, run_after=None
[2024-10-06T19:17:33.933+0000] {logging_mixin.py:190} INFO - [2024-10-06T19:17:33.933+0000] {dag.py:4180} INFO - Setting next_dagrun for dataset_alias_example_alias_producer to None, run_after=None
[2024-10-06T19:17:33.935+0000] {logging_mixin.py:190} INFO - [2024-10-06T19:17:33.934+0000] {dag.py:4180} INFO - Setting next_dagrun for dataset_s3_bucket_consumer to None, run_after=None
[2024-10-06T19:17:33.936+0000] {logging_mixin.py:190} INFO - [2024-10-06T19:17:33.936+0000] {dag.py:4180} INFO - Setting next_dagrun for dataset_s3_bucket_producer to None, run_after=None
[2024-10-06T19:17:33.958+0000] {processor.py:208} INFO - Processing /home/airflow/.local/lib/python3.12/site-packages/airflow/example_dags/example_dataset_alias.py took 0.193 seconds
[2024-10-06T19:18:04.001+0000] {processor.py:186} INFO - Started process (PID=5533) to work on /home/airflow/.local/lib/python3.12/site-packages/airflow/example_dags/example_dataset_alias.py
[2024-10-06T19:18:04.001+0000] {processor.py:914} INFO - Processing file /home/airflow/.local/lib/python3.12/site-packages/airflow/example_dags/example_dataset_alias.py for tasks to queue
[2024-10-06T19:18:04.003+0000] {logging_mixin.py:190} INFO - [2024-10-06T19:18:04.003+0000] {dagbag.py:588} INFO - Filling up the DagBag from /home/airflow/.local/lib/python3.12/site-packages/airflow/example_dags/example_dataset_alias.py
[2024-10-06T19:18:04.109+0000] {processor.py:925} INFO - DAG(s) 'dataset_s3_bucket_consumer', 'dataset_alias_example_alias_producer', 'dataset_alias_example_alias_consumer', 'dataset_s3_bucket_producer' retrieved from /home/airflow/.local/lib/python3.12/site-packages/airflow/example_dags/example_dataset_alias.py
[2024-10-06T19:18:04.131+0000] {logging_mixin.py:190} INFO - [2024-10-06T19:18:04.130+0000] {dag.py:3239} INFO - Sync 4 DAGs
[2024-10-06T19:18:04.150+0000] {logging_mixin.py:190} INFO - [2024-10-06T19:18:04.149+0000] {dag.py:4180} INFO - Setting next_dagrun for dataset_alias_example_alias_consumer to None, run_after=None
[2024-10-06T19:18:04.152+0000] {logging_mixin.py:190} INFO - [2024-10-06T19:18:04.152+0000] {dag.py:4180} INFO - Setting next_dagrun for dataset_alias_example_alias_producer to None, run_after=None
[2024-10-06T19:18:04.153+0000] {logging_mixin.py:190} INFO - [2024-10-06T19:18:04.153+0000] {dag.py:4180} INFO - Setting next_dagrun for dataset_s3_bucket_consumer to None, run_after=None
[2024-10-06T19:18:04.155+0000] {logging_mixin.py:190} INFO - [2024-10-06T19:18:04.154+0000] {dag.py:4180} INFO - Setting next_dagrun for dataset_s3_bucket_producer to None, run_after=None
[2024-10-06T19:18:04.175+0000] {processor.py:208} INFO - Processing /home/airflow/.local/lib/python3.12/site-packages/airflow/example_dags/example_dataset_alias.py took 0.178 seconds
[2024-10-06T19:18:34.212+0000] {processor.py:186} INFO - Started process (PID=5822) to work on /home/airflow/.local/lib/python3.12/site-packages/airflow/example_dags/example_dataset_alias.py
[2024-10-06T19:18:34.214+0000] {processor.py:914} INFO - Processing file /home/airflow/.local/lib/python3.12/site-packages/airflow/example_dags/example_dataset_alias.py for tasks to queue
[2024-10-06T19:18:34.216+0000] {logging_mixin.py:190} INFO - [2024-10-06T19:18:34.216+0000] {dagbag.py:588} INFO - Filling up the DagBag from /home/airflow/.local/lib/python3.12/site-packages/airflow/example_dags/example_dataset_alias.py
[2024-10-06T19:18:34.326+0000] {processor.py:925} INFO - DAG(s) 'dataset_alias_example_alias_consumer', 'dataset_alias_example_alias_producer', 'dataset_s3_bucket_consumer', 'dataset_s3_bucket_producer' retrieved from /home/airflow/.local/lib/python3.12/site-packages/airflow/example_dags/example_dataset_alias.py
[2024-10-06T19:18:34.349+0000] {logging_mixin.py:190} INFO - [2024-10-06T19:18:34.348+0000] {dag.py:3239} INFO - Sync 4 DAGs
[2024-10-06T19:18:34.370+0000] {logging_mixin.py:190} INFO - [2024-10-06T19:18:34.370+0000] {dag.py:4180} INFO - Setting next_dagrun for dataset_alias_example_alias_consumer to None, run_after=None
[2024-10-06T19:18:34.373+0000] {logging_mixin.py:190} INFO - [2024-10-06T19:18:34.373+0000] {dag.py:4180} INFO - Setting next_dagrun for dataset_alias_example_alias_producer to None, run_after=None
[2024-10-06T19:18:34.374+0000] {logging_mixin.py:190} INFO - [2024-10-06T19:18:34.374+0000] {dag.py:4180} INFO - Setting next_dagrun for dataset_s3_bucket_consumer to None, run_after=None
[2024-10-06T19:18:34.376+0000] {logging_mixin.py:190} INFO - [2024-10-06T19:18:34.376+0000] {dag.py:4180} INFO - Setting next_dagrun for dataset_s3_bucket_producer to None, run_after=None
[2024-10-06T19:18:34.394+0000] {processor.py:208} INFO - Processing /home/airflow/.local/lib/python3.12/site-packages/airflow/example_dags/example_dataset_alias.py took 0.185 seconds
[2024-10-06T19:19:04.682+0000] {processor.py:186} INFO - Started process (PID=6115) to work on /home/airflow/.local/lib/python3.12/site-packages/airflow/example_dags/example_dataset_alias.py
[2024-10-06T19:19:04.683+0000] {processor.py:914} INFO - Processing file /home/airflow/.local/lib/python3.12/site-packages/airflow/example_dags/example_dataset_alias.py for tasks to queue
[2024-10-06T19:19:04.685+0000] {logging_mixin.py:190} INFO - [2024-10-06T19:19:04.685+0000] {dagbag.py:588} INFO - Filling up the DagBag from /home/airflow/.local/lib/python3.12/site-packages/airflow/example_dags/example_dataset_alias.py
[2024-10-06T19:19:04.804+0000] {processor.py:925} INFO - DAG(s) 'dataset_alias_example_alias_producer', 'dataset_alias_example_alias_consumer', 'dataset_s3_bucket_producer', 'dataset_s3_bucket_consumer' retrieved from /home/airflow/.local/lib/python3.12/site-packages/airflow/example_dags/example_dataset_alias.py
[2024-10-06T19:19:04.824+0000] {logging_mixin.py:190} INFO - [2024-10-06T19:19:04.824+0000] {dag.py:3239} INFO - Sync 4 DAGs
[2024-10-06T19:19:04.848+0000] {logging_mixin.py:190} INFO - [2024-10-06T19:19:04.847+0000] {dag.py:4180} INFO - Setting next_dagrun for dataset_alias_example_alias_consumer to None, run_after=None
[2024-10-06T19:19:04.851+0000] {logging_mixin.py:190} INFO - [2024-10-06T19:19:04.850+0000] {dag.py:4180} INFO - Setting next_dagrun for dataset_alias_example_alias_producer to None, run_after=None
[2024-10-06T19:19:04.852+0000] {logging_mixin.py:190} INFO - [2024-10-06T19:19:04.852+0000] {dag.py:4180} INFO - Setting next_dagrun for dataset_s3_bucket_consumer to None, run_after=None
[2024-10-06T19:19:04.853+0000] {logging_mixin.py:190} INFO - [2024-10-06T19:19:04.853+0000] {dag.py:4180} INFO - Setting next_dagrun for dataset_s3_bucket_producer to None, run_after=None
[2024-10-06T19:19:04.875+0000] {processor.py:208} INFO - Processing /home/airflow/.local/lib/python3.12/site-packages/airflow/example_dags/example_dataset_alias.py took 0.197 seconds
[2024-10-06T19:19:34.999+0000] {processor.py:186} INFO - Started process (PID=6416) to work on /home/airflow/.local/lib/python3.12/site-packages/airflow/example_dags/example_dataset_alias.py
[2024-10-06T19:19:35.001+0000] {processor.py:914} INFO - Processing file /home/airflow/.local/lib/python3.12/site-packages/airflow/example_dags/example_dataset_alias.py for tasks to queue
[2024-10-06T19:19:35.002+0000] {logging_mixin.py:190} INFO - [2024-10-06T19:19:35.002+0000] {dagbag.py:588} INFO - Filling up the DagBag from /home/airflow/.local/lib/python3.12/site-packages/airflow/example_dags/example_dataset_alias.py
[2024-10-06T19:19:35.108+0000] {processor.py:925} INFO - DAG(s) 'dataset_alias_example_alias_consumer', 'dataset_alias_example_alias_producer', 'dataset_s3_bucket_consumer', 'dataset_s3_bucket_producer' retrieved from /home/airflow/.local/lib/python3.12/site-packages/airflow/example_dags/example_dataset_alias.py
[2024-10-06T19:19:35.127+0000] {logging_mixin.py:190} INFO - [2024-10-06T19:19:35.127+0000] {dag.py:3239} INFO - Sync 4 DAGs
[2024-10-06T19:19:35.147+0000] {logging_mixin.py:190} INFO - [2024-10-06T19:19:35.146+0000] {dag.py:4180} INFO - Setting next_dagrun for dataset_alias_example_alias_consumer to None, run_after=None
[2024-10-06T19:19:35.150+0000] {logging_mixin.py:190} INFO - [2024-10-06T19:19:35.149+0000] {dag.py:4180} INFO - Setting next_dagrun for dataset_alias_example_alias_producer to None, run_after=None
[2024-10-06T19:19:35.151+0000] {logging_mixin.py:190} INFO - [2024-10-06T19:19:35.151+0000] {dag.py:4180} INFO - Setting next_dagrun for dataset_s3_bucket_consumer to None, run_after=None
[2024-10-06T19:19:35.152+0000] {logging_mixin.py:190} INFO - [2024-10-06T19:19:35.152+0000] {dag.py:4180} INFO - Setting next_dagrun for dataset_s3_bucket_producer to None, run_after=None
[2024-10-06T19:19:35.171+0000] {processor.py:208} INFO - Processing /home/airflow/.local/lib/python3.12/site-packages/airflow/example_dags/example_dataset_alias.py took 0.176 seconds
[2024-10-06T19:20:05.348+0000] {processor.py:186} INFO - Started process (PID=6697) to work on /home/airflow/.local/lib/python3.12/site-packages/airflow/example_dags/example_dataset_alias.py
[2024-10-06T19:20:05.349+0000] {processor.py:914} INFO - Processing file /home/airflow/.local/lib/python3.12/site-packages/airflow/example_dags/example_dataset_alias.py for tasks to queue
[2024-10-06T19:20:05.351+0000] {logging_mixin.py:190} INFO - [2024-10-06T19:20:05.351+0000] {dagbag.py:588} INFO - Filling up the DagBag from /home/airflow/.local/lib/python3.12/site-packages/airflow/example_dags/example_dataset_alias.py
[2024-10-06T19:20:05.470+0000] {processor.py:925} INFO - DAG(s) 'dataset_s3_bucket_producer', 'dataset_s3_bucket_consumer', 'dataset_alias_example_alias_producer', 'dataset_alias_example_alias_consumer' retrieved from /home/airflow/.local/lib/python3.12/site-packages/airflow/example_dags/example_dataset_alias.py
[2024-10-06T19:20:05.491+0000] {logging_mixin.py:190} INFO - [2024-10-06T19:20:05.491+0000] {dag.py:3239} INFO - Sync 4 DAGs
[2024-10-06T19:20:05.510+0000] {logging_mixin.py:190} INFO - [2024-10-06T19:20:05.510+0000] {dag.py:4180} INFO - Setting next_dagrun for dataset_alias_example_alias_consumer to None, run_after=None
[2024-10-06T19:20:05.513+0000] {logging_mixin.py:190} INFO - [2024-10-06T19:20:05.513+0000] {dag.py:4180} INFO - Setting next_dagrun for dataset_alias_example_alias_producer to None, run_after=None
[2024-10-06T19:20:05.514+0000] {logging_mixin.py:190} INFO - [2024-10-06T19:20:05.514+0000] {dag.py:4180} INFO - Setting next_dagrun for dataset_s3_bucket_consumer to None, run_after=None
[2024-10-06T19:20:05.515+0000] {logging_mixin.py:190} INFO - [2024-10-06T19:20:05.515+0000] {dag.py:4180} INFO - Setting next_dagrun for dataset_s3_bucket_producer to None, run_after=None
[2024-10-06T19:20:05.539+0000] {processor.py:208} INFO - Processing /home/airflow/.local/lib/python3.12/site-packages/airflow/example_dags/example_dataset_alias.py took 0.196 seconds
[2024-10-06T19:20:35.745+0000] {processor.py:186} INFO - Started process (PID=6988) to work on /home/airflow/.local/lib/python3.12/site-packages/airflow/example_dags/example_dataset_alias.py
[2024-10-06T19:20:35.745+0000] {processor.py:914} INFO - Processing file /home/airflow/.local/lib/python3.12/site-packages/airflow/example_dags/example_dataset_alias.py for tasks to queue
[2024-10-06T19:20:35.747+0000] {logging_mixin.py:190} INFO - [2024-10-06T19:20:35.747+0000] {dagbag.py:588} INFO - Filling up the DagBag from /home/airflow/.local/lib/python3.12/site-packages/airflow/example_dags/example_dataset_alias.py
[2024-10-06T19:20:35.860+0000] {processor.py:925} INFO - DAG(s) 'dataset_s3_bucket_producer', 'dataset_s3_bucket_consumer', 'dataset_alias_example_alias_producer', 'dataset_alias_example_alias_consumer' retrieved from /home/airflow/.local/lib/python3.12/site-packages/airflow/example_dags/example_dataset_alias.py
[2024-10-06T19:20:35.880+0000] {logging_mixin.py:190} INFO - [2024-10-06T19:20:35.880+0000] {dag.py:3239} INFO - Sync 4 DAGs
[2024-10-06T19:20:35.899+0000] {logging_mixin.py:190} INFO - [2024-10-06T19:20:35.899+0000] {dag.py:4180} INFO - Setting next_dagrun for dataset_alias_example_alias_consumer to None, run_after=None
[2024-10-06T19:20:35.903+0000] {logging_mixin.py:190} INFO - [2024-10-06T19:20:35.903+0000] {dag.py:4180} INFO - Setting next_dagrun for dataset_alias_example_alias_producer to None, run_after=None
[2024-10-06T19:20:35.905+0000] {logging_mixin.py:190} INFO - [2024-10-06T19:20:35.904+0000] {dag.py:4180} INFO - Setting next_dagrun for dataset_s3_bucket_consumer to None, run_after=None
[2024-10-06T19:20:35.906+0000] {logging_mixin.py:190} INFO - [2024-10-06T19:20:35.906+0000] {dag.py:4180} INFO - Setting next_dagrun for dataset_s3_bucket_producer to None, run_after=None
[2024-10-06T19:20:35.928+0000] {processor.py:208} INFO - Processing /home/airflow/.local/lib/python3.12/site-packages/airflow/example_dags/example_dataset_alias.py took 0.187 seconds
[2024-10-06T19:21:06.056+0000] {processor.py:186} INFO - Started process (PID=7285) to work on /home/airflow/.local/lib/python3.12/site-packages/airflow/example_dags/example_dataset_alias.py
[2024-10-06T19:21:06.057+0000] {processor.py:914} INFO - Processing file /home/airflow/.local/lib/python3.12/site-packages/airflow/example_dags/example_dataset_alias.py for tasks to queue
[2024-10-06T19:21:06.059+0000] {logging_mixin.py:190} INFO - [2024-10-06T19:21:06.058+0000] {dagbag.py:588} INFO - Filling up the DagBag from /home/airflow/.local/lib/python3.12/site-packages/airflow/example_dags/example_dataset_alias.py
[2024-10-06T19:21:06.175+0000] {processor.py:925} INFO - DAG(s) 'dataset_s3_bucket_producer', 'dataset_s3_bucket_consumer', 'dataset_alias_example_alias_consumer', 'dataset_alias_example_alias_producer' retrieved from /home/airflow/.local/lib/python3.12/site-packages/airflow/example_dags/example_dataset_alias.py
[2024-10-06T19:21:06.195+0000] {logging_mixin.py:190} INFO - [2024-10-06T19:21:06.195+0000] {dag.py:3239} INFO - Sync 4 DAGs
[2024-10-06T19:21:06.217+0000] {logging_mixin.py:190} INFO - [2024-10-06T19:21:06.216+0000] {dag.py:4180} INFO - Setting next_dagrun for dataset_alias_example_alias_consumer to None, run_after=None
[2024-10-06T19:21:06.220+0000] {logging_mixin.py:190} INFO - [2024-10-06T19:21:06.219+0000] {dag.py:4180} INFO - Setting next_dagrun for dataset_alias_example_alias_producer to None, run_after=None
[2024-10-06T19:21:06.221+0000] {logging_mixin.py:190} INFO - [2024-10-06T19:21:06.221+0000] {dag.py:4180} INFO - Setting next_dagrun for dataset_s3_bucket_consumer to None, run_after=None
[2024-10-06T19:21:06.222+0000] {logging_mixin.py:190} INFO - [2024-10-06T19:21:06.222+0000] {dag.py:4180} INFO - Setting next_dagrun for dataset_s3_bucket_producer to None, run_after=None
[2024-10-06T19:21:06.244+0000] {processor.py:208} INFO - Processing /home/airflow/.local/lib/python3.12/site-packages/airflow/example_dags/example_dataset_alias.py took 0.193 seconds
[2024-10-06T19:21:36.583+0000] {processor.py:186} INFO - Started process (PID=7581) to work on /home/airflow/.local/lib/python3.12/site-packages/airflow/example_dags/example_dataset_alias.py
[2024-10-06T19:21:36.584+0000] {processor.py:914} INFO - Processing file /home/airflow/.local/lib/python3.12/site-packages/airflow/example_dags/example_dataset_alias.py for tasks to queue
[2024-10-06T19:21:36.586+0000] {logging_mixin.py:190} INFO - [2024-10-06T19:21:36.586+0000] {dagbag.py:588} INFO - Filling up the DagBag from /home/airflow/.local/lib/python3.12/site-packages/airflow/example_dags/example_dataset_alias.py
[2024-10-06T19:21:36.709+0000] {processor.py:925} INFO - DAG(s) 'dataset_alias_example_alias_consumer', 'dataset_s3_bucket_producer', 'dataset_alias_example_alias_producer', 'dataset_s3_bucket_consumer' retrieved from /home/airflow/.local/lib/python3.12/site-packages/airflow/example_dags/example_dataset_alias.py
[2024-10-06T19:21:36.734+0000] {logging_mixin.py:190} INFO - [2024-10-06T19:21:36.734+0000] {dag.py:3239} INFO - Sync 4 DAGs
[2024-10-06T19:21:36.757+0000] {logging_mixin.py:190} INFO - [2024-10-06T19:21:36.756+0000] {dag.py:4180} INFO - Setting next_dagrun for dataset_alias_example_alias_consumer to None, run_after=None
[2024-10-06T19:21:36.760+0000] {logging_mixin.py:190} INFO - [2024-10-06T19:21:36.760+0000] {dag.py:4180} INFO - Setting next_dagrun for dataset_alias_example_alias_producer to None, run_after=None
[2024-10-06T19:21:36.762+0000] {logging_mixin.py:190} INFO - [2024-10-06T19:21:36.761+0000] {dag.py:4180} INFO - Setting next_dagrun for dataset_s3_bucket_consumer to None, run_after=None
[2024-10-06T19:21:36.763+0000] {logging_mixin.py:190} INFO - [2024-10-06T19:21:36.763+0000] {dag.py:4180} INFO - Setting next_dagrun for dataset_s3_bucket_producer to None, run_after=None
[2024-10-06T19:21:36.786+0000] {processor.py:208} INFO - Processing /home/airflow/.local/lib/python3.12/site-packages/airflow/example_dags/example_dataset_alias.py took 0.207 seconds
