[2024-10-06T19:08:52.800+0000] {processor.py:186} INFO - Started process (PID=196) to work on /home/airflow/.local/lib/python3.12/site-packages/airflow/example_dags/example_display_name.py
[2024-10-06T19:08:52.801+0000] {processor.py:914} INFO - Processing file /home/airflow/.local/lib/python3.12/site-packages/airflow/example_dags/example_display_name.py for tasks to queue
[2024-10-06T19:08:52.804+0000] {logging_mixin.py:190} INFO - [2024-10-06T19:08:52.802+0000] {dagbag.py:588} INFO - Filling up the DagBag from /home/airflow/.local/lib/python3.12/site-packages/airflow/example_dags/example_display_name.py
[2024-10-06T19:08:52.813+0000] {processor.py:925} INFO - DAG(s) 'example_display_name' retrieved from /home/airflow/.local/lib/python3.12/site-packages/airflow/example_dags/example_display_name.py
[2024-10-06T19:08:52.993+0000] {logging_mixin.py:190} INFO - [2024-10-06T19:08:52.992+0000] {override.py:1900} INFO - Created Permission View: can delete on DAG:example_display_name
[2024-10-06T19:08:53.010+0000] {logging_mixin.py:190} INFO - [2024-10-06T19:08:53.009+0000] {override.py:1900} INFO - Created Permission View: can edit on DAG:example_display_name
[2024-10-06T19:08:53.021+0000] {logging_mixin.py:190} INFO - [2024-10-06T19:08:53.021+0000] {override.py:1900} INFO - Created Permission View: can read on DAG:example_display_name
[2024-10-06T19:08:53.034+0000] {logging_mixin.py:190} INFO - [2024-10-06T19:08:53.034+0000] {override.py:1900} INFO - Created Permission View: can delete on DAG Run:example_display_name
[2024-10-06T19:08:53.050+0000] {logging_mixin.py:190} INFO - [2024-10-06T19:08:53.049+0000] {override.py:1900} INFO - Created Permission View: can create on DAG Run:example_display_name
[2024-10-06T19:08:53.059+0000] {logging_mixin.py:190} INFO - [2024-10-06T19:08:53.059+0000] {override.py:1900} INFO - Created Permission View: can read on DAG Run:example_display_name
[2024-10-06T19:08:53.069+0000] {logging_mixin.py:190} INFO - [2024-10-06T19:08:53.069+0000] {override.py:1900} INFO - Created Permission View: menu access on DAG Run:example_display_name
[2024-10-06T19:08:53.070+0000] {logging_mixin.py:190} INFO - [2024-10-06T19:08:53.070+0000] {dag.py:3239} INFO - Sync 1 DAGs
[2024-10-06T19:08:53.087+0000] {logging_mixin.py:190} INFO - [2024-10-06T19:08:53.086+0000] {dag.py:3262} INFO - Creating ORM DAG for example_display_name
[2024-10-06T19:08:53.087+0000] {logging_mixin.py:190} INFO - [2024-10-06T19:08:53.087+0000] {dag.py:4180} INFO - Setting next_dagrun for example_display_name to None, run_after=None
[2024-10-06T19:08:53.107+0000] {processor.py:208} INFO - Processing /home/airflow/.local/lib/python3.12/site-packages/airflow/example_dags/example_display_name.py took 0.312 seconds
[2024-10-06T19:09:23.853+0000] {processor.py:186} INFO - Started process (PID=480) to work on /home/airflow/.local/lib/python3.12/site-packages/airflow/example_dags/example_display_name.py
[2024-10-06T19:09:23.854+0000] {processor.py:914} INFO - Processing file /home/airflow/.local/lib/python3.12/site-packages/airflow/example_dags/example_display_name.py for tasks to queue
[2024-10-06T19:09:23.855+0000] {logging_mixin.py:190} INFO - [2024-10-06T19:09:23.855+0000] {dagbag.py:588} INFO - Filling up the DagBag from /home/airflow/.local/lib/python3.12/site-packages/airflow/example_dags/example_display_name.py
[2024-10-06T19:09:23.862+0000] {processor.py:925} INFO - DAG(s) 'example_display_name' retrieved from /home/airflow/.local/lib/python3.12/site-packages/airflow/example_dags/example_display_name.py
[2024-10-06T19:09:23.878+0000] {logging_mixin.py:190} INFO - [2024-10-06T19:09:23.878+0000] {dag.py:3239} INFO - Sync 1 DAGs
[2024-10-06T19:09:23.894+0000] {logging_mixin.py:190} INFO - [2024-10-06T19:09:23.893+0000] {dag.py:4180} INFO - Setting next_dagrun for example_display_name to None, run_after=None
[2024-10-06T19:09:23.913+0000] {processor.py:208} INFO - Processing /home/airflow/.local/lib/python3.12/site-packages/airflow/example_dags/example_display_name.py took 0.065 seconds
[2024-10-06T19:09:54.037+0000] {processor.py:186} INFO - Started process (PID=766) to work on /home/airflow/.local/lib/python3.12/site-packages/airflow/example_dags/example_display_name.py
[2024-10-06T19:09:54.038+0000] {processor.py:914} INFO - Processing file /home/airflow/.local/lib/python3.12/site-packages/airflow/example_dags/example_display_name.py for tasks to queue
[2024-10-06T19:09:54.040+0000] {logging_mixin.py:190} INFO - [2024-10-06T19:09:54.040+0000] {dagbag.py:588} INFO - Filling up the DagBag from /home/airflow/.local/lib/python3.12/site-packages/airflow/example_dags/example_display_name.py
[2024-10-06T19:09:54.047+0000] {processor.py:925} INFO - DAG(s) 'example_display_name' retrieved from /home/airflow/.local/lib/python3.12/site-packages/airflow/example_dags/example_display_name.py
[2024-10-06T19:09:54.064+0000] {logging_mixin.py:190} INFO - [2024-10-06T19:09:54.064+0000] {dag.py:3239} INFO - Sync 1 DAGs
[2024-10-06T19:09:54.080+0000] {logging_mixin.py:190} INFO - [2024-10-06T19:09:54.079+0000] {dag.py:4180} INFO - Setting next_dagrun for example_display_name to None, run_after=None
[2024-10-06T19:09:54.100+0000] {processor.py:208} INFO - Processing /home/airflow/.local/lib/python3.12/site-packages/airflow/example_dags/example_display_name.py took 0.067 seconds
[2024-10-06T19:10:24.399+0000] {processor.py:186} INFO - Started process (PID=1049) to work on /home/airflow/.local/lib/python3.12/site-packages/airflow/example_dags/example_display_name.py
[2024-10-06T19:10:24.399+0000] {processor.py:914} INFO - Processing file /home/airflow/.local/lib/python3.12/site-packages/airflow/example_dags/example_display_name.py for tasks to queue
[2024-10-06T19:10:24.402+0000] {logging_mixin.py:190} INFO - [2024-10-06T19:10:24.402+0000] {dagbag.py:588} INFO - Filling up the DagBag from /home/airflow/.local/lib/python3.12/site-packages/airflow/example_dags/example_display_name.py
[2024-10-06T19:10:24.408+0000] {processor.py:925} INFO - DAG(s) 'example_display_name' retrieved from /home/airflow/.local/lib/python3.12/site-packages/airflow/example_dags/example_display_name.py
[2024-10-06T19:10:24.427+0000] {logging_mixin.py:190} INFO - [2024-10-06T19:10:24.427+0000] {dag.py:3239} INFO - Sync 1 DAGs
[2024-10-06T19:10:24.443+0000] {logging_mixin.py:190} INFO - [2024-10-06T19:10:24.443+0000] {dag.py:4180} INFO - Setting next_dagrun for example_display_name to None, run_after=None
[2024-10-06T19:10:24.462+0000] {processor.py:208} INFO - Processing /home/airflow/.local/lib/python3.12/site-packages/airflow/example_dags/example_display_name.py took 0.068 seconds
[2024-10-06T19:10:55.107+0000] {processor.py:186} INFO - Started process (PID=1364) to work on /home/airflow/.local/lib/python3.12/site-packages/airflow/example_dags/example_display_name.py
[2024-10-06T19:10:55.108+0000] {processor.py:914} INFO - Processing file /home/airflow/.local/lib/python3.12/site-packages/airflow/example_dags/example_display_name.py for tasks to queue
[2024-10-06T19:10:55.110+0000] {logging_mixin.py:190} INFO - [2024-10-06T19:10:55.109+0000] {dagbag.py:588} INFO - Filling up the DagBag from /home/airflow/.local/lib/python3.12/site-packages/airflow/example_dags/example_display_name.py
[2024-10-06T19:10:55.115+0000] {processor.py:925} INFO - DAG(s) 'example_display_name' retrieved from /home/airflow/.local/lib/python3.12/site-packages/airflow/example_dags/example_display_name.py
[2024-10-06T19:10:55.131+0000] {logging_mixin.py:190} INFO - [2024-10-06T19:10:55.130+0000] {dag.py:3239} INFO - Sync 1 DAGs
[2024-10-06T19:10:55.142+0000] {logging_mixin.py:190} INFO - [2024-10-06T19:10:55.142+0000] {dag.py:4180} INFO - Setting next_dagrun for example_display_name to None, run_after=None
[2024-10-06T19:10:55.160+0000] {processor.py:208} INFO - Processing /home/airflow/.local/lib/python3.12/site-packages/airflow/example_dags/example_display_name.py took 0.057 seconds
[2024-10-06T19:11:25.314+0000] {processor.py:186} INFO - Started process (PID=1650) to work on /home/airflow/.local/lib/python3.12/site-packages/airflow/example_dags/example_display_name.py
[2024-10-06T19:11:25.315+0000] {processor.py:914} INFO - Processing file /home/airflow/.local/lib/python3.12/site-packages/airflow/example_dags/example_display_name.py for tasks to queue
[2024-10-06T19:11:25.318+0000] {logging_mixin.py:190} INFO - [2024-10-06T19:11:25.317+0000] {dagbag.py:588} INFO - Filling up the DagBag from /home/airflow/.local/lib/python3.12/site-packages/airflow/example_dags/example_display_name.py
[2024-10-06T19:11:25.324+0000] {processor.py:925} INFO - DAG(s) 'example_display_name' retrieved from /home/airflow/.local/lib/python3.12/site-packages/airflow/example_dags/example_display_name.py
[2024-10-06T19:11:25.342+0000] {logging_mixin.py:190} INFO - [2024-10-06T19:11:25.342+0000] {dag.py:3239} INFO - Sync 1 DAGs
[2024-10-06T19:11:25.357+0000] {logging_mixin.py:190} INFO - [2024-10-06T19:11:25.357+0000] {dag.py:4180} INFO - Setting next_dagrun for example_display_name to None, run_after=None
[2024-10-06T19:11:25.378+0000] {processor.py:208} INFO - Processing /home/airflow/.local/lib/python3.12/site-packages/airflow/example_dags/example_display_name.py took 0.069 seconds
[2024-10-06T19:11:55.702+0000] {processor.py:186} INFO - Started process (PID=1934) to work on /home/airflow/.local/lib/python3.12/site-packages/airflow/example_dags/example_display_name.py
[2024-10-06T19:11:55.703+0000] {processor.py:914} INFO - Processing file /home/airflow/.local/lib/python3.12/site-packages/airflow/example_dags/example_display_name.py for tasks to queue
[2024-10-06T19:11:55.705+0000] {logging_mixin.py:190} INFO - [2024-10-06T19:11:55.705+0000] {dagbag.py:588} INFO - Filling up the DagBag from /home/airflow/.local/lib/python3.12/site-packages/airflow/example_dags/example_display_name.py
[2024-10-06T19:11:55.711+0000] {processor.py:925} INFO - DAG(s) 'example_display_name' retrieved from /home/airflow/.local/lib/python3.12/site-packages/airflow/example_dags/example_display_name.py
[2024-10-06T19:11:55.729+0000] {logging_mixin.py:190} INFO - [2024-10-06T19:11:55.728+0000] {dag.py:3239} INFO - Sync 1 DAGs
[2024-10-06T19:11:55.743+0000] {logging_mixin.py:190} INFO - [2024-10-06T19:11:55.742+0000] {dag.py:4180} INFO - Setting next_dagrun for example_display_name to None, run_after=None
[2024-10-06T19:11:55.761+0000] {processor.py:208} INFO - Processing /home/airflow/.local/lib/python3.12/site-packages/airflow/example_dags/example_display_name.py took 0.065 seconds
[2024-10-06T19:12:26.140+0000] {processor.py:186} INFO - Started process (PID=2220) to work on /home/airflow/.local/lib/python3.12/site-packages/airflow/example_dags/example_display_name.py
[2024-10-06T19:12:26.141+0000] {processor.py:914} INFO - Processing file /home/airflow/.local/lib/python3.12/site-packages/airflow/example_dags/example_display_name.py for tasks to queue
[2024-10-06T19:12:26.143+0000] {logging_mixin.py:190} INFO - [2024-10-06T19:12:26.143+0000] {dagbag.py:588} INFO - Filling up the DagBag from /home/airflow/.local/lib/python3.12/site-packages/airflow/example_dags/example_display_name.py
[2024-10-06T19:12:26.148+0000] {processor.py:925} INFO - DAG(s) 'example_display_name' retrieved from /home/airflow/.local/lib/python3.12/site-packages/airflow/example_dags/example_display_name.py
[2024-10-06T19:12:26.165+0000] {logging_mixin.py:190} INFO - [2024-10-06T19:12:26.165+0000] {dag.py:3239} INFO - Sync 1 DAGs
[2024-10-06T19:12:26.178+0000] {logging_mixin.py:190} INFO - [2024-10-06T19:12:26.178+0000] {dag.py:4180} INFO - Setting next_dagrun for example_display_name to None, run_after=None
[2024-10-06T19:12:26.194+0000] {processor.py:208} INFO - Processing /home/airflow/.local/lib/python3.12/site-packages/airflow/example_dags/example_display_name.py took 0.058 seconds
[2024-10-06T19:12:56.433+0000] {processor.py:186} INFO - Started process (PID=2506) to work on /home/airflow/.local/lib/python3.12/site-packages/airflow/example_dags/example_display_name.py
[2024-10-06T19:12:56.434+0000] {processor.py:914} INFO - Processing file /home/airflow/.local/lib/python3.12/site-packages/airflow/example_dags/example_display_name.py for tasks to queue
[2024-10-06T19:12:56.436+0000] {logging_mixin.py:190} INFO - [2024-10-06T19:12:56.435+0000] {dagbag.py:588} INFO - Filling up the DagBag from /home/airflow/.local/lib/python3.12/site-packages/airflow/example_dags/example_display_name.py
[2024-10-06T19:12:56.441+0000] {processor.py:925} INFO - DAG(s) 'example_display_name' retrieved from /home/airflow/.local/lib/python3.12/site-packages/airflow/example_dags/example_display_name.py
[2024-10-06T19:12:56.457+0000] {logging_mixin.py:190} INFO - [2024-10-06T19:12:56.457+0000] {dag.py:3239} INFO - Sync 1 DAGs
[2024-10-06T19:12:56.469+0000] {logging_mixin.py:190} INFO - [2024-10-06T19:12:56.469+0000] {dag.py:4180} INFO - Setting next_dagrun for example_display_name to None, run_after=None
[2024-10-06T19:12:56.487+0000] {processor.py:208} INFO - Processing /home/airflow/.local/lib/python3.12/site-packages/airflow/example_dags/example_display_name.py took 0.058 seconds
[2024-10-06T19:13:26.875+0000] {processor.py:186} INFO - Started process (PID=2792) to work on /home/airflow/.local/lib/python3.12/site-packages/airflow/example_dags/example_display_name.py
[2024-10-06T19:13:26.876+0000] {processor.py:914} INFO - Processing file /home/airflow/.local/lib/python3.12/site-packages/airflow/example_dags/example_display_name.py for tasks to queue
[2024-10-06T19:13:26.879+0000] {logging_mixin.py:190} INFO - [2024-10-06T19:13:26.879+0000] {dagbag.py:588} INFO - Filling up the DagBag from /home/airflow/.local/lib/python3.12/site-packages/airflow/example_dags/example_display_name.py
[2024-10-06T19:13:26.886+0000] {processor.py:925} INFO - DAG(s) 'example_display_name' retrieved from /home/airflow/.local/lib/python3.12/site-packages/airflow/example_dags/example_display_name.py
[2024-10-06T19:13:26.903+0000] {logging_mixin.py:190} INFO - [2024-10-06T19:13:26.903+0000] {dag.py:3239} INFO - Sync 1 DAGs
[2024-10-06T19:13:26.917+0000] {logging_mixin.py:190} INFO - [2024-10-06T19:13:26.917+0000] {dag.py:4180} INFO - Setting next_dagrun for example_display_name to None, run_after=None
[2024-10-06T19:13:26.936+0000] {processor.py:208} INFO - Processing /home/airflow/.local/lib/python3.12/site-packages/airflow/example_dags/example_display_name.py took 0.067 seconds
[2024-10-06T19:13:57.288+0000] {processor.py:186} INFO - Started process (PID=3083) to work on /home/airflow/.local/lib/python3.12/site-packages/airflow/example_dags/example_display_name.py
[2024-10-06T19:13:57.289+0000] {processor.py:914} INFO - Processing file /home/airflow/.local/lib/python3.12/site-packages/airflow/example_dags/example_display_name.py for tasks to queue
[2024-10-06T19:13:57.291+0000] {logging_mixin.py:190} INFO - [2024-10-06T19:13:57.291+0000] {dagbag.py:588} INFO - Filling up the DagBag from /home/airflow/.local/lib/python3.12/site-packages/airflow/example_dags/example_display_name.py
[2024-10-06T19:13:57.296+0000] {processor.py:925} INFO - DAG(s) 'example_display_name' retrieved from /home/airflow/.local/lib/python3.12/site-packages/airflow/example_dags/example_display_name.py
[2024-10-06T19:13:57.311+0000] {logging_mixin.py:190} INFO - [2024-10-06T19:13:57.311+0000] {dag.py:3239} INFO - Sync 1 DAGs
[2024-10-06T19:13:57.323+0000] {logging_mixin.py:190} INFO - [2024-10-06T19:13:57.323+0000] {dag.py:4180} INFO - Setting next_dagrun for example_display_name to None, run_after=None
[2024-10-06T19:13:57.339+0000] {processor.py:208} INFO - Processing /home/airflow/.local/lib/python3.12/site-packages/airflow/example_dags/example_display_name.py took 0.055 seconds
[2024-10-06T19:14:27.610+0000] {processor.py:186} INFO - Started process (PID=3374) to work on /home/airflow/.local/lib/python3.12/site-packages/airflow/example_dags/example_display_name.py
[2024-10-06T19:14:27.611+0000] {processor.py:914} INFO - Processing file /home/airflow/.local/lib/python3.12/site-packages/airflow/example_dags/example_display_name.py for tasks to queue
[2024-10-06T19:14:27.613+0000] {logging_mixin.py:190} INFO - [2024-10-06T19:14:27.612+0000] {dagbag.py:588} INFO - Filling up the DagBag from /home/airflow/.local/lib/python3.12/site-packages/airflow/example_dags/example_display_name.py
[2024-10-06T19:14:27.618+0000] {processor.py:925} INFO - DAG(s) 'example_display_name' retrieved from /home/airflow/.local/lib/python3.12/site-packages/airflow/example_dags/example_display_name.py
[2024-10-06T19:14:27.633+0000] {logging_mixin.py:190} INFO - [2024-10-06T19:14:27.633+0000] {dag.py:3239} INFO - Sync 1 DAGs
[2024-10-06T19:14:27.646+0000] {logging_mixin.py:190} INFO - [2024-10-06T19:14:27.646+0000] {dag.py:4180} INFO - Setting next_dagrun for example_display_name to None, run_after=None
[2024-10-06T19:14:27.663+0000] {processor.py:208} INFO - Processing /home/airflow/.local/lib/python3.12/site-packages/airflow/example_dags/example_display_name.py took 0.056 seconds
[2024-10-06T19:14:57.931+0000] {processor.py:186} INFO - Started process (PID=3662) to work on /home/airflow/.local/lib/python3.12/site-packages/airflow/example_dags/example_display_name.py
[2024-10-06T19:14:57.932+0000] {processor.py:914} INFO - Processing file /home/airflow/.local/lib/python3.12/site-packages/airflow/example_dags/example_display_name.py for tasks to queue
[2024-10-06T19:14:57.935+0000] {logging_mixin.py:190} INFO - [2024-10-06T19:14:57.934+0000] {dagbag.py:588} INFO - Filling up the DagBag from /home/airflow/.local/lib/python3.12/site-packages/airflow/example_dags/example_display_name.py
[2024-10-06T19:14:57.940+0000] {processor.py:925} INFO - DAG(s) 'example_display_name' retrieved from /home/airflow/.local/lib/python3.12/site-packages/airflow/example_dags/example_display_name.py
[2024-10-06T19:14:57.956+0000] {logging_mixin.py:190} INFO - [2024-10-06T19:14:57.956+0000] {dag.py:3239} INFO - Sync 1 DAGs
[2024-10-06T19:14:57.969+0000] {logging_mixin.py:190} INFO - [2024-10-06T19:14:57.969+0000] {dag.py:4180} INFO - Setting next_dagrun for example_display_name to None, run_after=None
[2024-10-06T19:14:57.986+0000] {processor.py:208} INFO - Processing /home/airflow/.local/lib/python3.12/site-packages/airflow/example_dags/example_display_name.py took 0.059 seconds
[2024-10-06T19:15:28.239+0000] {processor.py:186} INFO - Started process (PID=3961) to work on /home/airflow/.local/lib/python3.12/site-packages/airflow/example_dags/example_display_name.py
[2024-10-06T19:15:28.240+0000] {processor.py:914} INFO - Processing file /home/airflow/.local/lib/python3.12/site-packages/airflow/example_dags/example_display_name.py for tasks to queue
[2024-10-06T19:15:28.241+0000] {logging_mixin.py:190} INFO - [2024-10-06T19:15:28.241+0000] {dagbag.py:588} INFO - Filling up the DagBag from /home/airflow/.local/lib/python3.12/site-packages/airflow/example_dags/example_display_name.py
[2024-10-06T19:15:28.246+0000] {processor.py:925} INFO - DAG(s) 'example_display_name' retrieved from /home/airflow/.local/lib/python3.12/site-packages/airflow/example_dags/example_display_name.py
[2024-10-06T19:15:28.263+0000] {logging_mixin.py:190} INFO - [2024-10-06T19:15:28.263+0000] {dag.py:3239} INFO - Sync 1 DAGs
[2024-10-06T19:15:28.276+0000] {logging_mixin.py:190} INFO - [2024-10-06T19:15:28.276+0000] {dag.py:4180} INFO - Setting next_dagrun for example_display_name to None, run_after=None
[2024-10-06T19:15:28.293+0000] {processor.py:208} INFO - Processing /home/airflow/.local/lib/python3.12/site-packages/airflow/example_dags/example_display_name.py took 0.059 seconds
[2024-10-06T19:15:58.471+0000] {processor.py:186} INFO - Started process (PID=4252) to work on /home/airflow/.local/lib/python3.12/site-packages/airflow/example_dags/example_display_name.py
[2024-10-06T19:15:58.472+0000] {processor.py:914} INFO - Processing file /home/airflow/.local/lib/python3.12/site-packages/airflow/example_dags/example_display_name.py for tasks to queue
[2024-10-06T19:15:58.474+0000] {logging_mixin.py:190} INFO - [2024-10-06T19:15:58.473+0000] {dagbag.py:588} INFO - Filling up the DagBag from /home/airflow/.local/lib/python3.12/site-packages/airflow/example_dags/example_display_name.py
[2024-10-06T19:15:58.479+0000] {processor.py:925} INFO - DAG(s) 'example_display_name' retrieved from /home/airflow/.local/lib/python3.12/site-packages/airflow/example_dags/example_display_name.py
[2024-10-06T19:15:58.495+0000] {logging_mixin.py:190} INFO - [2024-10-06T19:15:58.495+0000] {dag.py:3239} INFO - Sync 1 DAGs
[2024-10-06T19:15:58.509+0000] {logging_mixin.py:190} INFO - [2024-10-06T19:15:58.508+0000] {dag.py:4180} INFO - Setting next_dagrun for example_display_name to None, run_after=None
[2024-10-06T19:15:58.525+0000] {processor.py:208} INFO - Processing /home/airflow/.local/lib/python3.12/site-packages/airflow/example_dags/example_display_name.py took 0.058 seconds
[2024-10-06T19:16:28.729+0000] {processor.py:186} INFO - Started process (PID=4543) to work on /home/airflow/.local/lib/python3.12/site-packages/airflow/example_dags/example_display_name.py
[2024-10-06T19:16:28.730+0000] {processor.py:914} INFO - Processing file /home/airflow/.local/lib/python3.12/site-packages/airflow/example_dags/example_display_name.py for tasks to queue
[2024-10-06T19:16:28.733+0000] {logging_mixin.py:190} INFO - [2024-10-06T19:16:28.733+0000] {dagbag.py:588} INFO - Filling up the DagBag from /home/airflow/.local/lib/python3.12/site-packages/airflow/example_dags/example_display_name.py
[2024-10-06T19:16:28.739+0000] {processor.py:925} INFO - DAG(s) 'example_display_name' retrieved from /home/airflow/.local/lib/python3.12/site-packages/airflow/example_dags/example_display_name.py
[2024-10-06T19:16:28.759+0000] {logging_mixin.py:190} INFO - [2024-10-06T19:16:28.759+0000] {dag.py:3239} INFO - Sync 1 DAGs
[2024-10-06T19:16:28.777+0000] {logging_mixin.py:190} INFO - [2024-10-06T19:16:28.777+0000] {dag.py:4180} INFO - Setting next_dagrun for example_display_name to None, run_after=None
[2024-10-06T19:16:28.802+0000] {processor.py:208} INFO - Processing /home/airflow/.local/lib/python3.12/site-packages/airflow/example_dags/example_display_name.py took 0.078 seconds
[2024-10-06T19:16:59.056+0000] {processor.py:186} INFO - Started process (PID=4834) to work on /home/airflow/.local/lib/python3.12/site-packages/airflow/example_dags/example_display_name.py
[2024-10-06T19:16:59.057+0000] {processor.py:914} INFO - Processing file /home/airflow/.local/lib/python3.12/site-packages/airflow/example_dags/example_display_name.py for tasks to queue
[2024-10-06T19:16:59.059+0000] {logging_mixin.py:190} INFO - [2024-10-06T19:16:59.059+0000] {dagbag.py:588} INFO - Filling up the DagBag from /home/airflow/.local/lib/python3.12/site-packages/airflow/example_dags/example_display_name.py
[2024-10-06T19:16:59.065+0000] {processor.py:925} INFO - DAG(s) 'example_display_name' retrieved from /home/airflow/.local/lib/python3.12/site-packages/airflow/example_dags/example_display_name.py
[2024-10-06T19:16:59.082+0000] {logging_mixin.py:190} INFO - [2024-10-06T19:16:59.082+0000] {dag.py:3239} INFO - Sync 1 DAGs
[2024-10-06T19:16:59.096+0000] {logging_mixin.py:190} INFO - [2024-10-06T19:16:59.096+0000] {dag.py:4180} INFO - Setting next_dagrun for example_display_name to None, run_after=None
[2024-10-06T19:16:59.113+0000] {processor.py:208} INFO - Processing /home/airflow/.local/lib/python3.12/site-packages/airflow/example_dags/example_display_name.py took 0.060 seconds
[2024-10-06T19:17:29.428+0000] {processor.py:186} INFO - Started process (PID=5125) to work on /home/airflow/.local/lib/python3.12/site-packages/airflow/example_dags/example_display_name.py
[2024-10-06T19:17:29.428+0000] {processor.py:914} INFO - Processing file /home/airflow/.local/lib/python3.12/site-packages/airflow/example_dags/example_display_name.py for tasks to queue
[2024-10-06T19:17:29.430+0000] {logging_mixin.py:190} INFO - [2024-10-06T19:17:29.430+0000] {dagbag.py:588} INFO - Filling up the DagBag from /home/airflow/.local/lib/python3.12/site-packages/airflow/example_dags/example_display_name.py
[2024-10-06T19:17:29.437+0000] {processor.py:925} INFO - DAG(s) 'example_display_name' retrieved from /home/airflow/.local/lib/python3.12/site-packages/airflow/example_dags/example_display_name.py
[2024-10-06T19:17:29.454+0000] {logging_mixin.py:190} INFO - [2024-10-06T19:17:29.453+0000] {dag.py:3239} INFO - Sync 1 DAGs
[2024-10-06T19:17:29.469+0000] {logging_mixin.py:190} INFO - [2024-10-06T19:17:29.469+0000] {dag.py:4180} INFO - Setting next_dagrun for example_display_name to None, run_after=None
[2024-10-06T19:17:29.486+0000] {processor.py:208} INFO - Processing /home/airflow/.local/lib/python3.12/site-packages/airflow/example_dags/example_display_name.py took 0.063 seconds
[2024-10-06T19:17:59.712+0000] {processor.py:186} INFO - Started process (PID=5416) to work on /home/airflow/.local/lib/python3.12/site-packages/airflow/example_dags/example_display_name.py
[2024-10-06T19:17:59.713+0000] {processor.py:914} INFO - Processing file /home/airflow/.local/lib/python3.12/site-packages/airflow/example_dags/example_display_name.py for tasks to queue
[2024-10-06T19:17:59.714+0000] {logging_mixin.py:190} INFO - [2024-10-06T19:17:59.714+0000] {dagbag.py:588} INFO - Filling up the DagBag from /home/airflow/.local/lib/python3.12/site-packages/airflow/example_dags/example_display_name.py
[2024-10-06T19:17:59.720+0000] {processor.py:925} INFO - DAG(s) 'example_display_name' retrieved from /home/airflow/.local/lib/python3.12/site-packages/airflow/example_dags/example_display_name.py
[2024-10-06T19:17:59.737+0000] {logging_mixin.py:190} INFO - [2024-10-06T19:17:59.737+0000] {dag.py:3239} INFO - Sync 1 DAGs
[2024-10-06T19:17:59.750+0000] {logging_mixin.py:190} INFO - [2024-10-06T19:17:59.750+0000] {dag.py:4180} INFO - Setting next_dagrun for example_display_name to None, run_after=None
[2024-10-06T19:17:59.767+0000] {processor.py:208} INFO - Processing /home/airflow/.local/lib/python3.12/site-packages/airflow/example_dags/example_display_name.py took 0.059 seconds
[2024-10-06T19:18:30.075+0000] {processor.py:186} INFO - Started process (PID=5707) to work on /home/airflow/.local/lib/python3.12/site-packages/airflow/example_dags/example_display_name.py
[2024-10-06T19:18:30.076+0000] {processor.py:914} INFO - Processing file /home/airflow/.local/lib/python3.12/site-packages/airflow/example_dags/example_display_name.py for tasks to queue
[2024-10-06T19:18:30.077+0000] {logging_mixin.py:190} INFO - [2024-10-06T19:18:30.077+0000] {dagbag.py:588} INFO - Filling up the DagBag from /home/airflow/.local/lib/python3.12/site-packages/airflow/example_dags/example_display_name.py
[2024-10-06T19:18:30.082+0000] {processor.py:925} INFO - DAG(s) 'example_display_name' retrieved from /home/airflow/.local/lib/python3.12/site-packages/airflow/example_dags/example_display_name.py
[2024-10-06T19:18:30.097+0000] {logging_mixin.py:190} INFO - [2024-10-06T19:18:30.097+0000] {dag.py:3239} INFO - Sync 1 DAGs
[2024-10-06T19:18:30.110+0000] {logging_mixin.py:190} INFO - [2024-10-06T19:18:30.110+0000] {dag.py:4180} INFO - Setting next_dagrun for example_display_name to None, run_after=None
[2024-10-06T19:18:30.127+0000] {processor.py:208} INFO - Processing /home/airflow/.local/lib/python3.12/site-packages/airflow/example_dags/example_display_name.py took 0.057 seconds
[2024-10-06T19:19:00.422+0000] {processor.py:186} INFO - Started process (PID=6003) to work on /home/airflow/.local/lib/python3.12/site-packages/airflow/example_dags/example_display_name.py
[2024-10-06T19:19:00.423+0000] {processor.py:914} INFO - Processing file /home/airflow/.local/lib/python3.12/site-packages/airflow/example_dags/example_display_name.py for tasks to queue
[2024-10-06T19:19:00.426+0000] {logging_mixin.py:190} INFO - [2024-10-06T19:19:00.426+0000] {dagbag.py:588} INFO - Filling up the DagBag from /home/airflow/.local/lib/python3.12/site-packages/airflow/example_dags/example_display_name.py
[2024-10-06T19:19:00.432+0000] {processor.py:925} INFO - DAG(s) 'example_display_name' retrieved from /home/airflow/.local/lib/python3.12/site-packages/airflow/example_dags/example_display_name.py
[2024-10-06T19:19:00.449+0000] {logging_mixin.py:190} INFO - [2024-10-06T19:19:00.449+0000] {dag.py:3239} INFO - Sync 1 DAGs
[2024-10-06T19:19:00.464+0000] {logging_mixin.py:190} INFO - [2024-10-06T19:19:00.463+0000] {dag.py:4180} INFO - Setting next_dagrun for example_display_name to None, run_after=None
[2024-10-06T19:19:00.484+0000] {processor.py:208} INFO - Processing /home/airflow/.local/lib/python3.12/site-packages/airflow/example_dags/example_display_name.py took 0.066 seconds
[2024-10-06T19:19:30.826+0000] {processor.py:186} INFO - Started process (PID=6296) to work on /home/airflow/.local/lib/python3.12/site-packages/airflow/example_dags/example_display_name.py
[2024-10-06T19:19:30.827+0000] {processor.py:914} INFO - Processing file /home/airflow/.local/lib/python3.12/site-packages/airflow/example_dags/example_display_name.py for tasks to queue
[2024-10-06T19:19:30.829+0000] {logging_mixin.py:190} INFO - [2024-10-06T19:19:30.829+0000] {dagbag.py:588} INFO - Filling up the DagBag from /home/airflow/.local/lib/python3.12/site-packages/airflow/example_dags/example_display_name.py
[2024-10-06T19:19:30.837+0000] {processor.py:925} INFO - DAG(s) 'example_display_name' retrieved from /home/airflow/.local/lib/python3.12/site-packages/airflow/example_dags/example_display_name.py
[2024-10-06T19:19:30.854+0000] {logging_mixin.py:190} INFO - [2024-10-06T19:19:30.854+0000] {dag.py:3239} INFO - Sync 1 DAGs
[2024-10-06T19:19:30.866+0000] {logging_mixin.py:190} INFO - [2024-10-06T19:19:30.866+0000] {dag.py:4180} INFO - Setting next_dagrun for example_display_name to None, run_after=None
[2024-10-06T19:19:30.881+0000] {processor.py:208} INFO - Processing /home/airflow/.local/lib/python3.12/site-packages/airflow/example_dags/example_display_name.py took 0.060 seconds
[2024-10-06T19:20:01.030+0000] {processor.py:186} INFO - Started process (PID=6585) to work on /home/airflow/.local/lib/python3.12/site-packages/airflow/example_dags/example_display_name.py
[2024-10-06T19:20:01.030+0000] {processor.py:914} INFO - Processing file /home/airflow/.local/lib/python3.12/site-packages/airflow/example_dags/example_display_name.py for tasks to queue
[2024-10-06T19:20:01.032+0000] {logging_mixin.py:190} INFO - [2024-10-06T19:20:01.032+0000] {dagbag.py:588} INFO - Filling up the DagBag from /home/airflow/.local/lib/python3.12/site-packages/airflow/example_dags/example_display_name.py
[2024-10-06T19:20:01.037+0000] {processor.py:925} INFO - DAG(s) 'example_display_name' retrieved from /home/airflow/.local/lib/python3.12/site-packages/airflow/example_dags/example_display_name.py
[2024-10-06T19:20:01.058+0000] {logging_mixin.py:190} INFO - [2024-10-06T19:20:01.058+0000] {dag.py:3239} INFO - Sync 1 DAGs
[2024-10-06T19:20:01.075+0000] {logging_mixin.py:190} INFO - [2024-10-06T19:20:01.074+0000] {dag.py:4180} INFO - Setting next_dagrun for example_display_name to None, run_after=None
[2024-10-06T19:20:01.092+0000] {processor.py:208} INFO - Processing /home/airflow/.local/lib/python3.12/site-packages/airflow/example_dags/example_display_name.py took 0.067 seconds
[2024-10-06T19:20:31.381+0000] {processor.py:186} INFO - Started process (PID=6876) to work on /home/airflow/.local/lib/python3.12/site-packages/airflow/example_dags/example_display_name.py
[2024-10-06T19:20:31.381+0000] {processor.py:914} INFO - Processing file /home/airflow/.local/lib/python3.12/site-packages/airflow/example_dags/example_display_name.py for tasks to queue
[2024-10-06T19:20:31.383+0000] {logging_mixin.py:190} INFO - [2024-10-06T19:20:31.382+0000] {dagbag.py:588} INFO - Filling up the DagBag from /home/airflow/.local/lib/python3.12/site-packages/airflow/example_dags/example_display_name.py
[2024-10-06T19:20:31.388+0000] {processor.py:925} INFO - DAG(s) 'example_display_name' retrieved from /home/airflow/.local/lib/python3.12/site-packages/airflow/example_dags/example_display_name.py
[2024-10-06T19:20:31.405+0000] {logging_mixin.py:190} INFO - [2024-10-06T19:20:31.404+0000] {dag.py:3239} INFO - Sync 1 DAGs
[2024-10-06T19:20:31.418+0000] {logging_mixin.py:190} INFO - [2024-10-06T19:20:31.418+0000] {dag.py:4180} INFO - Setting next_dagrun for example_display_name to None, run_after=None
[2024-10-06T19:20:31.436+0000] {processor.py:208} INFO - Processing /home/airflow/.local/lib/python3.12/site-packages/airflow/example_dags/example_display_name.py took 0.059 seconds
[2024-10-06T19:21:01.901+0000] {processor.py:186} INFO - Started process (PID=7167) to work on /home/airflow/.local/lib/python3.12/site-packages/airflow/example_dags/example_display_name.py
[2024-10-06T19:21:01.902+0000] {processor.py:914} INFO - Processing file /home/airflow/.local/lib/python3.12/site-packages/airflow/example_dags/example_display_name.py for tasks to queue
[2024-10-06T19:21:01.904+0000] {logging_mixin.py:190} INFO - [2024-10-06T19:21:01.903+0000] {dagbag.py:588} INFO - Filling up the DagBag from /home/airflow/.local/lib/python3.12/site-packages/airflow/example_dags/example_display_name.py
[2024-10-06T19:21:01.910+0000] {processor.py:925} INFO - DAG(s) 'example_display_name' retrieved from /home/airflow/.local/lib/python3.12/site-packages/airflow/example_dags/example_display_name.py
[2024-10-06T19:21:01.928+0000] {logging_mixin.py:190} INFO - [2024-10-06T19:21:01.928+0000] {dag.py:3239} INFO - Sync 1 DAGs
[2024-10-06T19:21:01.945+0000] {logging_mixin.py:190} INFO - [2024-10-06T19:21:01.945+0000] {dag.py:4180} INFO - Setting next_dagrun for example_display_name to None, run_after=None
[2024-10-06T19:21:01.962+0000] {processor.py:208} INFO - Processing /home/airflow/.local/lib/python3.12/site-packages/airflow/example_dags/example_display_name.py took 0.066 seconds
[2024-10-06T19:21:32.380+0000] {processor.py:186} INFO - Started process (PID=7463) to work on /home/airflow/.local/lib/python3.12/site-packages/airflow/example_dags/example_display_name.py
[2024-10-06T19:21:32.381+0000] {processor.py:914} INFO - Processing file /home/airflow/.local/lib/python3.12/site-packages/airflow/example_dags/example_display_name.py for tasks to queue
[2024-10-06T19:21:32.383+0000] {logging_mixin.py:190} INFO - [2024-10-06T19:21:32.383+0000] {dagbag.py:588} INFO - Filling up the DagBag from /home/airflow/.local/lib/python3.12/site-packages/airflow/example_dags/example_display_name.py
[2024-10-06T19:21:32.389+0000] {processor.py:925} INFO - DAG(s) 'example_display_name' retrieved from /home/airflow/.local/lib/python3.12/site-packages/airflow/example_dags/example_display_name.py
[2024-10-06T19:21:32.405+0000] {logging_mixin.py:190} INFO - [2024-10-06T19:21:32.405+0000] {dag.py:3239} INFO - Sync 1 DAGs
[2024-10-06T19:21:32.418+0000] {logging_mixin.py:190} INFO - [2024-10-06T19:21:32.417+0000] {dag.py:4180} INFO - Setting next_dagrun for example_display_name to None, run_after=None
[2024-10-06T19:21:32.434+0000] {processor.py:208} INFO - Processing /home/airflow/.local/lib/python3.12/site-packages/airflow/example_dags/example_display_name.py took 0.058 seconds
[2024-10-06T19:22:02.812+0000] {processor.py:186} INFO - Started process (PID=7774) to work on /home/airflow/.local/lib/python3.12/site-packages/airflow/example_dags/example_display_name.py
[2024-10-06T19:22:02.817+0000] {processor.py:914} INFO - Processing file /home/airflow/.local/lib/python3.12/site-packages/airflow/example_dags/example_display_name.py for tasks to queue
[2024-10-06T19:22:02.826+0000] {logging_mixin.py:190} INFO - [2024-10-06T19:22:02.826+0000] {dagbag.py:588} INFO - Filling up the DagBag from /home/airflow/.local/lib/python3.12/site-packages/airflow/example_dags/example_display_name.py
[2024-10-06T19:22:02.875+0000] {processor.py:925} INFO - DAG(s) 'example_display_name' retrieved from /home/airflow/.local/lib/python3.12/site-packages/airflow/example_dags/example_display_name.py
[2024-10-06T19:22:02.972+0000] {logging_mixin.py:190} INFO - [2024-10-06T19:22:02.972+0000] {dag.py:3239} INFO - Sync 1 DAGs
[2024-10-06T19:22:03.021+0000] {logging_mixin.py:190} INFO - [2024-10-06T19:22:03.021+0000] {dag.py:4180} INFO - Setting next_dagrun for example_display_name to None, run_after=None
[2024-10-06T19:22:03.063+0000] {processor.py:208} INFO - Processing /home/airflow/.local/lib/python3.12/site-packages/airflow/example_dags/example_display_name.py took 0.271 seconds
