[2024-10-06T19:08:59.615+0000] {processor.py:186} INFO - Started process (PID=384) to work on /home/airflow/.local/lib/python3.12/site-packages/airflow/example_dags/example_params_ui_tutorial.py
[2024-10-06T19:08:59.616+0000] {processor.py:914} INFO - Processing file /home/airflow/.local/lib/python3.12/site-packages/airflow/example_dags/example_params_ui_tutorial.py for tasks to queue
[2024-10-06T19:08:59.618+0000] {logging_mixin.py:190} INFO - [2024-10-06T19:08:59.618+0000] {dagbag.py:588} INFO - Filling up the DagBag from /home/airflow/.local/lib/python3.12/site-packages/airflow/example_dags/example_params_ui_tutorial.py
[2024-10-06T19:08:59.630+0000] {processor.py:925} INFO - DAG(s) 'example_params_ui_tutorial' retrieved from /home/airflow/.local/lib/python3.12/site-packages/airflow/example_dags/example_params_ui_tutorial.py
[2024-10-06T19:08:59.767+0000] {logging_mixin.py:190} INFO - [2024-10-06T19:08:59.765+0000] {override.py:1900} INFO - Created Permission View: can delete on DAG:example_params_ui_tutorial
[2024-10-06T19:08:59.783+0000] {logging_mixin.py:190} INFO - [2024-10-06T19:08:59.782+0000] {override.py:1900} INFO - Created Permission View: can edit on DAG:example_params_ui_tutorial
[2024-10-06T19:08:59.795+0000] {logging_mixin.py:190} INFO - [2024-10-06T19:08:59.794+0000] {override.py:1900} INFO - Created Permission View: can read on DAG:example_params_ui_tutorial
[2024-10-06T19:08:59.809+0000] {logging_mixin.py:190} INFO - [2024-10-06T19:08:59.808+0000] {override.py:1900} INFO - Created Permission View: can delete on DAG Run:example_params_ui_tutorial
[2024-10-06T19:08:59.816+0000] {logging_mixin.py:190} INFO - [2024-10-06T19:08:59.816+0000] {override.py:1900} INFO - Created Permission View: can create on DAG Run:example_params_ui_tutorial
[2024-10-06T19:08:59.823+0000] {logging_mixin.py:190} INFO - [2024-10-06T19:08:59.823+0000] {override.py:1900} INFO - Created Permission View: can read on DAG Run:example_params_ui_tutorial
[2024-10-06T19:08:59.831+0000] {logging_mixin.py:190} INFO - [2024-10-06T19:08:59.831+0000] {override.py:1900} INFO - Created Permission View: menu access on DAG Run:example_params_ui_tutorial
[2024-10-06T19:08:59.832+0000] {logging_mixin.py:190} INFO - [2024-10-06T19:08:59.832+0000] {dag.py:3239} INFO - Sync 1 DAGs
[2024-10-06T19:08:59.848+0000] {logging_mixin.py:190} INFO - [2024-10-06T19:08:59.847+0000] {dag.py:3262} INFO - Creating ORM DAG for example_params_ui_tutorial
[2024-10-06T19:08:59.848+0000] {logging_mixin.py:190} INFO - [2024-10-06T19:08:59.848+0000] {dag.py:4180} INFO - Setting next_dagrun for example_params_ui_tutorial to None, run_after=None
[2024-10-06T19:08:59.869+0000] {processor.py:208} INFO - Processing /home/airflow/.local/lib/python3.12/site-packages/airflow/example_dags/example_params_ui_tutorial.py took 0.259 seconds
[2024-10-06T19:09:30.805+0000] {processor.py:186} INFO - Started process (PID=672) to work on /home/airflow/.local/lib/python3.12/site-packages/airflow/example_dags/example_params_ui_tutorial.py
[2024-10-06T19:09:30.806+0000] {processor.py:914} INFO - Processing file /home/airflow/.local/lib/python3.12/site-packages/airflow/example_dags/example_params_ui_tutorial.py for tasks to queue
[2024-10-06T19:09:30.808+0000] {logging_mixin.py:190} INFO - [2024-10-06T19:09:30.808+0000] {dagbag.py:588} INFO - Filling up the DagBag from /home/airflow/.local/lib/python3.12/site-packages/airflow/example_dags/example_params_ui_tutorial.py
[2024-10-06T19:09:30.815+0000] {processor.py:925} INFO - DAG(s) 'example_params_ui_tutorial' retrieved from /home/airflow/.local/lib/python3.12/site-packages/airflow/example_dags/example_params_ui_tutorial.py
[2024-10-06T19:09:30.856+0000] {logging_mixin.py:190} INFO - [2024-10-06T19:09:30.855+0000] {dag.py:3239} INFO - Sync 1 DAGs
[2024-10-06T19:09:30.869+0000] {logging_mixin.py:190} INFO - [2024-10-06T19:09:30.869+0000] {dag.py:4180} INFO - Setting next_dagrun for example_params_ui_tutorial to None, run_after=None
[2024-10-06T19:09:30.889+0000] {processor.py:208} INFO - Processing /home/airflow/.local/lib/python3.12/site-packages/airflow/example_dags/example_params_ui_tutorial.py took 0.088 seconds
[2024-10-06T19:10:01.439+0000] {processor.py:186} INFO - Started process (PID=958) to work on /home/airflow/.local/lib/python3.12/site-packages/airflow/example_dags/example_params_ui_tutorial.py
[2024-10-06T19:10:01.439+0000] {processor.py:914} INFO - Processing file /home/airflow/.local/lib/python3.12/site-packages/airflow/example_dags/example_params_ui_tutorial.py for tasks to queue
[2024-10-06T19:10:01.441+0000] {logging_mixin.py:190} INFO - [2024-10-06T19:10:01.441+0000] {dagbag.py:588} INFO - Filling up the DagBag from /home/airflow/.local/lib/python3.12/site-packages/airflow/example_dags/example_params_ui_tutorial.py
[2024-10-06T19:10:01.448+0000] {processor.py:925} INFO - DAG(s) 'example_params_ui_tutorial' retrieved from /home/airflow/.local/lib/python3.12/site-packages/airflow/example_dags/example_params_ui_tutorial.py
[2024-10-06T19:10:01.485+0000] {logging_mixin.py:190} INFO - [2024-10-06T19:10:01.484+0000] {dag.py:3239} INFO - Sync 1 DAGs
[2024-10-06T19:10:01.497+0000] {logging_mixin.py:190} INFO - [2024-10-06T19:10:01.497+0000] {dag.py:4180} INFO - Setting next_dagrun for example_params_ui_tutorial to None, run_after=None
[2024-10-06T19:10:01.516+0000] {processor.py:208} INFO - Processing /home/airflow/.local/lib/python3.12/site-packages/airflow/example_dags/example_params_ui_tutorial.py took 0.081 seconds
[2024-10-06T19:10:31.892+0000] {processor.py:186} INFO - Started process (PID=1244) to work on /home/airflow/.local/lib/python3.12/site-packages/airflow/example_dags/example_params_ui_tutorial.py
[2024-10-06T19:10:31.893+0000] {processor.py:914} INFO - Processing file /home/airflow/.local/lib/python3.12/site-packages/airflow/example_dags/example_params_ui_tutorial.py for tasks to queue
[2024-10-06T19:10:31.895+0000] {logging_mixin.py:190} INFO - [2024-10-06T19:10:31.894+0000] {dagbag.py:588} INFO - Filling up the DagBag from /home/airflow/.local/lib/python3.12/site-packages/airflow/example_dags/example_params_ui_tutorial.py
[2024-10-06T19:10:31.902+0000] {processor.py:925} INFO - DAG(s) 'example_params_ui_tutorial' retrieved from /home/airflow/.local/lib/python3.12/site-packages/airflow/example_dags/example_params_ui_tutorial.py
[2024-10-06T19:10:31.937+0000] {logging_mixin.py:190} INFO - [2024-10-06T19:10:31.936+0000] {dag.py:3239} INFO - Sync 1 DAGs
[2024-10-06T19:10:31.949+0000] {logging_mixin.py:190} INFO - [2024-10-06T19:10:31.949+0000] {dag.py:4180} INFO - Setting next_dagrun for example_params_ui_tutorial to None, run_after=None
[2024-10-06T19:10:31.968+0000] {processor.py:208} INFO - Processing /home/airflow/.local/lib/python3.12/site-packages/airflow/example_dags/example_params_ui_tutorial.py took 0.081 seconds
[2024-10-06T19:11:02.170+0000] {processor.py:186} INFO - Started process (PID=1554) to work on /home/airflow/.local/lib/python3.12/site-packages/airflow/example_dags/example_params_ui_tutorial.py
[2024-10-06T19:11:02.170+0000] {processor.py:914} INFO - Processing file /home/airflow/.local/lib/python3.12/site-packages/airflow/example_dags/example_params_ui_tutorial.py for tasks to queue
[2024-10-06T19:11:02.172+0000] {logging_mixin.py:190} INFO - [2024-10-06T19:11:02.172+0000] {dagbag.py:588} INFO - Filling up the DagBag from /home/airflow/.local/lib/python3.12/site-packages/airflow/example_dags/example_params_ui_tutorial.py
[2024-10-06T19:11:02.180+0000] {processor.py:925} INFO - DAG(s) 'example_params_ui_tutorial' retrieved from /home/airflow/.local/lib/python3.12/site-packages/airflow/example_dags/example_params_ui_tutorial.py
[2024-10-06T19:11:02.222+0000] {logging_mixin.py:190} INFO - [2024-10-06T19:11:02.222+0000] {dag.py:3239} INFO - Sync 1 DAGs
[2024-10-06T19:11:02.238+0000] {logging_mixin.py:190} INFO - [2024-10-06T19:11:02.238+0000] {dag.py:4180} INFO - Setting next_dagrun for example_params_ui_tutorial to None, run_after=None
[2024-10-06T19:11:02.258+0000] {processor.py:208} INFO - Processing /home/airflow/.local/lib/python3.12/site-packages/airflow/example_dags/example_params_ui_tutorial.py took 0.093 seconds
[2024-10-06T19:11:32.622+0000] {processor.py:186} INFO - Started process (PID=1840) to work on /home/airflow/.local/lib/python3.12/site-packages/airflow/example_dags/example_params_ui_tutorial.py
[2024-10-06T19:11:32.623+0000] {processor.py:914} INFO - Processing file /home/airflow/.local/lib/python3.12/site-packages/airflow/example_dags/example_params_ui_tutorial.py for tasks to queue
[2024-10-06T19:11:32.625+0000] {logging_mixin.py:190} INFO - [2024-10-06T19:11:32.625+0000] {dagbag.py:588} INFO - Filling up the DagBag from /home/airflow/.local/lib/python3.12/site-packages/airflow/example_dags/example_params_ui_tutorial.py
[2024-10-06T19:11:32.632+0000] {processor.py:925} INFO - DAG(s) 'example_params_ui_tutorial' retrieved from /home/airflow/.local/lib/python3.12/site-packages/airflow/example_dags/example_params_ui_tutorial.py
[2024-10-06T19:11:32.669+0000] {logging_mixin.py:190} INFO - [2024-10-06T19:11:32.668+0000] {dag.py:3239} INFO - Sync 1 DAGs
[2024-10-06T19:11:32.683+0000] {logging_mixin.py:190} INFO - [2024-10-06T19:11:32.683+0000] {dag.py:4180} INFO - Setting next_dagrun for example_params_ui_tutorial to None, run_after=None
[2024-10-06T19:11:32.702+0000] {processor.py:208} INFO - Processing /home/airflow/.local/lib/python3.12/site-packages/airflow/example_dags/example_params_ui_tutorial.py took 0.084 seconds
[2024-10-06T19:12:03.033+0000] {processor.py:186} INFO - Started process (PID=2126) to work on /home/airflow/.local/lib/python3.12/site-packages/airflow/example_dags/example_params_ui_tutorial.py
[2024-10-06T19:12:03.034+0000] {processor.py:914} INFO - Processing file /home/airflow/.local/lib/python3.12/site-packages/airflow/example_dags/example_params_ui_tutorial.py for tasks to queue
[2024-10-06T19:12:03.037+0000] {logging_mixin.py:190} INFO - [2024-10-06T19:12:03.036+0000] {dagbag.py:588} INFO - Filling up the DagBag from /home/airflow/.local/lib/python3.12/site-packages/airflow/example_dags/example_params_ui_tutorial.py
[2024-10-06T19:12:03.044+0000] {processor.py:925} INFO - DAG(s) 'example_params_ui_tutorial' retrieved from /home/airflow/.local/lib/python3.12/site-packages/airflow/example_dags/example_params_ui_tutorial.py
[2024-10-06T19:12:03.086+0000] {logging_mixin.py:190} INFO - [2024-10-06T19:12:03.086+0000] {dag.py:3239} INFO - Sync 1 DAGs
[2024-10-06T19:12:03.101+0000] {logging_mixin.py:190} INFO - [2024-10-06T19:12:03.100+0000] {dag.py:4180} INFO - Setting next_dagrun for example_params_ui_tutorial to None, run_after=None
[2024-10-06T19:12:03.125+0000] {processor.py:208} INFO - Processing /home/airflow/.local/lib/python3.12/site-packages/airflow/example_dags/example_params_ui_tutorial.py took 0.096 seconds
[2024-10-06T19:12:33.409+0000] {processor.py:186} INFO - Started process (PID=2412) to work on /home/airflow/.local/lib/python3.12/site-packages/airflow/example_dags/example_params_ui_tutorial.py
[2024-10-06T19:12:33.410+0000] {processor.py:914} INFO - Processing file /home/airflow/.local/lib/python3.12/site-packages/airflow/example_dags/example_params_ui_tutorial.py for tasks to queue
[2024-10-06T19:12:33.412+0000] {logging_mixin.py:190} INFO - [2024-10-06T19:12:33.412+0000] {dagbag.py:588} INFO - Filling up the DagBag from /home/airflow/.local/lib/python3.12/site-packages/airflow/example_dags/example_params_ui_tutorial.py
[2024-10-06T19:12:33.419+0000] {processor.py:925} INFO - DAG(s) 'example_params_ui_tutorial' retrieved from /home/airflow/.local/lib/python3.12/site-packages/airflow/example_dags/example_params_ui_tutorial.py
[2024-10-06T19:12:33.456+0000] {logging_mixin.py:190} INFO - [2024-10-06T19:12:33.456+0000] {dag.py:3239} INFO - Sync 1 DAGs
[2024-10-06T19:12:33.468+0000] {logging_mixin.py:190} INFO - [2024-10-06T19:12:33.467+0000] {dag.py:4180} INFO - Setting next_dagrun for example_params_ui_tutorial to None, run_after=None
[2024-10-06T19:12:33.484+0000] {processor.py:208} INFO - Processing /home/airflow/.local/lib/python3.12/site-packages/airflow/example_dags/example_params_ui_tutorial.py took 0.079 seconds
[2024-10-06T19:13:03.759+0000] {processor.py:186} INFO - Started process (PID=2698) to work on /home/airflow/.local/lib/python3.12/site-packages/airflow/example_dags/example_params_ui_tutorial.py
[2024-10-06T19:13:03.760+0000] {processor.py:914} INFO - Processing file /home/airflow/.local/lib/python3.12/site-packages/airflow/example_dags/example_params_ui_tutorial.py for tasks to queue
[2024-10-06T19:13:03.762+0000] {logging_mixin.py:190} INFO - [2024-10-06T19:13:03.762+0000] {dagbag.py:588} INFO - Filling up the DagBag from /home/airflow/.local/lib/python3.12/site-packages/airflow/example_dags/example_params_ui_tutorial.py
[2024-10-06T19:13:03.768+0000] {processor.py:925} INFO - DAG(s) 'example_params_ui_tutorial' retrieved from /home/airflow/.local/lib/python3.12/site-packages/airflow/example_dags/example_params_ui_tutorial.py
[2024-10-06T19:13:03.809+0000] {logging_mixin.py:190} INFO - [2024-10-06T19:13:03.809+0000] {dag.py:3239} INFO - Sync 1 DAGs
[2024-10-06T19:13:03.822+0000] {logging_mixin.py:190} INFO - [2024-10-06T19:13:03.821+0000] {dag.py:4180} INFO - Setting next_dagrun for example_params_ui_tutorial to None, run_after=None
[2024-10-06T19:13:03.840+0000] {processor.py:208} INFO - Processing /home/airflow/.local/lib/python3.12/site-packages/airflow/example_dags/example_params_ui_tutorial.py took 0.085 seconds
[2024-10-06T19:13:34.195+0000] {processor.py:186} INFO - Started process (PID=2984) to work on /home/airflow/.local/lib/python3.12/site-packages/airflow/example_dags/example_params_ui_tutorial.py
[2024-10-06T19:13:34.196+0000] {processor.py:914} INFO - Processing file /home/airflow/.local/lib/python3.12/site-packages/airflow/example_dags/example_params_ui_tutorial.py for tasks to queue
[2024-10-06T19:13:34.198+0000] {logging_mixin.py:190} INFO - [2024-10-06T19:13:34.197+0000] {dagbag.py:588} INFO - Filling up the DagBag from /home/airflow/.local/lib/python3.12/site-packages/airflow/example_dags/example_params_ui_tutorial.py
[2024-10-06T19:13:34.205+0000] {processor.py:925} INFO - DAG(s) 'example_params_ui_tutorial' retrieved from /home/airflow/.local/lib/python3.12/site-packages/airflow/example_dags/example_params_ui_tutorial.py
[2024-10-06T19:13:34.243+0000] {logging_mixin.py:190} INFO - [2024-10-06T19:13:34.243+0000] {dag.py:3239} INFO - Sync 1 DAGs
[2024-10-06T19:13:34.257+0000] {logging_mixin.py:190} INFO - [2024-10-06T19:13:34.257+0000] {dag.py:4180} INFO - Setting next_dagrun for example_params_ui_tutorial to None, run_after=None
[2024-10-06T19:13:34.277+0000] {processor.py:208} INFO - Processing /home/airflow/.local/lib/python3.12/site-packages/airflow/example_dags/example_params_ui_tutorial.py took 0.087 seconds
[2024-10-06T19:14:04.549+0000] {processor.py:186} INFO - Started process (PID=3275) to work on /home/airflow/.local/lib/python3.12/site-packages/airflow/example_dags/example_params_ui_tutorial.py
[2024-10-06T19:14:04.550+0000] {processor.py:914} INFO - Processing file /home/airflow/.local/lib/python3.12/site-packages/airflow/example_dags/example_params_ui_tutorial.py for tasks to queue
[2024-10-06T19:14:04.552+0000] {logging_mixin.py:190} INFO - [2024-10-06T19:14:04.551+0000] {dagbag.py:588} INFO - Filling up the DagBag from /home/airflow/.local/lib/python3.12/site-packages/airflow/example_dags/example_params_ui_tutorial.py
[2024-10-06T19:14:04.558+0000] {processor.py:925} INFO - DAG(s) 'example_params_ui_tutorial' retrieved from /home/airflow/.local/lib/python3.12/site-packages/airflow/example_dags/example_params_ui_tutorial.py
[2024-10-06T19:14:04.596+0000] {logging_mixin.py:190} INFO - [2024-10-06T19:14:04.596+0000] {dag.py:3239} INFO - Sync 1 DAGs
[2024-10-06T19:14:04.608+0000] {logging_mixin.py:190} INFO - [2024-10-06T19:14:04.608+0000] {dag.py:4180} INFO - Setting next_dagrun for example_params_ui_tutorial to None, run_after=None
[2024-10-06T19:14:04.627+0000] {processor.py:208} INFO - Processing /home/airflow/.local/lib/python3.12/site-packages/airflow/example_dags/example_params_ui_tutorial.py took 0.081 seconds
[2024-10-06T19:14:34.893+0000] {processor.py:186} INFO - Started process (PID=3566) to work on /home/airflow/.local/lib/python3.12/site-packages/airflow/example_dags/example_params_ui_tutorial.py
[2024-10-06T19:14:34.894+0000] {processor.py:914} INFO - Processing file /home/airflow/.local/lib/python3.12/site-packages/airflow/example_dags/example_params_ui_tutorial.py for tasks to queue
[2024-10-06T19:14:34.896+0000] {logging_mixin.py:190} INFO - [2024-10-06T19:14:34.896+0000] {dagbag.py:588} INFO - Filling up the DagBag from /home/airflow/.local/lib/python3.12/site-packages/airflow/example_dags/example_params_ui_tutorial.py
[2024-10-06T19:14:34.903+0000] {processor.py:925} INFO - DAG(s) 'example_params_ui_tutorial' retrieved from /home/airflow/.local/lib/python3.12/site-packages/airflow/example_dags/example_params_ui_tutorial.py
[2024-10-06T19:14:34.940+0000] {logging_mixin.py:190} INFO - [2024-10-06T19:14:34.940+0000] {dag.py:3239} INFO - Sync 1 DAGs
[2024-10-06T19:14:34.959+0000] {logging_mixin.py:190} INFO - [2024-10-06T19:14:34.958+0000] {dag.py:4180} INFO - Setting next_dagrun for example_params_ui_tutorial to None, run_after=None
[2024-10-06T19:14:34.984+0000] {processor.py:208} INFO - Processing /home/airflow/.local/lib/python3.12/site-packages/airflow/example_dags/example_params_ui_tutorial.py took 0.095 seconds
[2024-10-06T19:15:05.182+0000] {processor.py:186} INFO - Started process (PID=3857) to work on /home/airflow/.local/lib/python3.12/site-packages/airflow/example_dags/example_params_ui_tutorial.py
[2024-10-06T19:15:05.183+0000] {processor.py:914} INFO - Processing file /home/airflow/.local/lib/python3.12/site-packages/airflow/example_dags/example_params_ui_tutorial.py for tasks to queue
[2024-10-06T19:15:05.185+0000] {logging_mixin.py:190} INFO - [2024-10-06T19:15:05.184+0000] {dagbag.py:588} INFO - Filling up the DagBag from /home/airflow/.local/lib/python3.12/site-packages/airflow/example_dags/example_params_ui_tutorial.py
[2024-10-06T19:15:05.191+0000] {processor.py:925} INFO - DAG(s) 'example_params_ui_tutorial' retrieved from /home/airflow/.local/lib/python3.12/site-packages/airflow/example_dags/example_params_ui_tutorial.py
[2024-10-06T19:15:05.234+0000] {logging_mixin.py:190} INFO - [2024-10-06T19:15:05.234+0000] {dag.py:3239} INFO - Sync 1 DAGs
[2024-10-06T19:15:05.248+0000] {logging_mixin.py:190} INFO - [2024-10-06T19:15:05.248+0000] {dag.py:4180} INFO - Setting next_dagrun for example_params_ui_tutorial to None, run_after=None
[2024-10-06T19:15:05.268+0000] {processor.py:208} INFO - Processing /home/airflow/.local/lib/python3.12/site-packages/airflow/example_dags/example_params_ui_tutorial.py took 0.090 seconds
[2024-10-06T19:15:35.439+0000] {processor.py:186} INFO - Started process (PID=4153) to work on /home/airflow/.local/lib/python3.12/site-packages/airflow/example_dags/example_params_ui_tutorial.py
[2024-10-06T19:15:35.440+0000] {processor.py:914} INFO - Processing file /home/airflow/.local/lib/python3.12/site-packages/airflow/example_dags/example_params_ui_tutorial.py for tasks to queue
[2024-10-06T19:15:35.441+0000] {logging_mixin.py:190} INFO - [2024-10-06T19:15:35.441+0000] {dagbag.py:588} INFO - Filling up the DagBag from /home/airflow/.local/lib/python3.12/site-packages/airflow/example_dags/example_params_ui_tutorial.py
[2024-10-06T19:15:35.448+0000] {processor.py:925} INFO - DAG(s) 'example_params_ui_tutorial' retrieved from /home/airflow/.local/lib/python3.12/site-packages/airflow/example_dags/example_params_ui_tutorial.py
[2024-10-06T19:15:35.487+0000] {logging_mixin.py:190} INFO - [2024-10-06T19:15:35.487+0000] {dag.py:3239} INFO - Sync 1 DAGs
[2024-10-06T19:15:35.500+0000] {logging_mixin.py:190} INFO - [2024-10-06T19:15:35.500+0000] {dag.py:4180} INFO - Setting next_dagrun for example_params_ui_tutorial to None, run_after=None
[2024-10-06T19:15:35.516+0000] {processor.py:208} INFO - Processing /home/airflow/.local/lib/python3.12/site-packages/airflow/example_dags/example_params_ui_tutorial.py took 0.081 seconds
[2024-10-06T19:16:05.699+0000] {processor.py:186} INFO - Started process (PID=4450) to work on /home/airflow/.local/lib/python3.12/site-packages/airflow/example_dags/example_params_ui_tutorial.py
[2024-10-06T19:16:05.700+0000] {processor.py:914} INFO - Processing file /home/airflow/.local/lib/python3.12/site-packages/airflow/example_dags/example_params_ui_tutorial.py for tasks to queue
[2024-10-06T19:16:05.702+0000] {logging_mixin.py:190} INFO - [2024-10-06T19:16:05.701+0000] {dagbag.py:588} INFO - Filling up the DagBag from /home/airflow/.local/lib/python3.12/site-packages/airflow/example_dags/example_params_ui_tutorial.py
[2024-10-06T19:16:05.710+0000] {processor.py:925} INFO - DAG(s) 'example_params_ui_tutorial' retrieved from /home/airflow/.local/lib/python3.12/site-packages/airflow/example_dags/example_params_ui_tutorial.py
[2024-10-06T19:16:05.746+0000] {logging_mixin.py:190} INFO - [2024-10-06T19:16:05.746+0000] {dag.py:3239} INFO - Sync 1 DAGs
[2024-10-06T19:16:05.758+0000] {logging_mixin.py:190} INFO - [2024-10-06T19:16:05.758+0000] {dag.py:4180} INFO - Setting next_dagrun for example_params_ui_tutorial to None, run_after=None
[2024-10-06T19:16:05.776+0000] {processor.py:208} INFO - Processing /home/airflow/.local/lib/python3.12/site-packages/airflow/example_dags/example_params_ui_tutorial.py took 0.081 seconds
[2024-10-06T19:16:36.038+0000] {processor.py:186} INFO - Started process (PID=4741) to work on /home/airflow/.local/lib/python3.12/site-packages/airflow/example_dags/example_params_ui_tutorial.py
[2024-10-06T19:16:36.038+0000] {processor.py:914} INFO - Processing file /home/airflow/.local/lib/python3.12/site-packages/airflow/example_dags/example_params_ui_tutorial.py for tasks to queue
[2024-10-06T19:16:36.041+0000] {logging_mixin.py:190} INFO - [2024-10-06T19:16:36.041+0000] {dagbag.py:588} INFO - Filling up the DagBag from /home/airflow/.local/lib/python3.12/site-packages/airflow/example_dags/example_params_ui_tutorial.py
[2024-10-06T19:16:36.050+0000] {processor.py:925} INFO - DAG(s) 'example_params_ui_tutorial' retrieved from /home/airflow/.local/lib/python3.12/site-packages/airflow/example_dags/example_params_ui_tutorial.py
[2024-10-06T19:16:36.091+0000] {logging_mixin.py:190} INFO - [2024-10-06T19:16:36.091+0000] {dag.py:3239} INFO - Sync 1 DAGs
[2024-10-06T19:16:36.103+0000] {logging_mixin.py:190} INFO - [2024-10-06T19:16:36.103+0000] {dag.py:4180} INFO - Setting next_dagrun for example_params_ui_tutorial to None, run_after=None
[2024-10-06T19:16:36.120+0000] {processor.py:208} INFO - Processing /home/airflow/.local/lib/python3.12/site-packages/airflow/example_dags/example_params_ui_tutorial.py took 0.087 seconds
[2024-10-06T19:17:06.366+0000] {processor.py:186} INFO - Started process (PID=5032) to work on /home/airflow/.local/lib/python3.12/site-packages/airflow/example_dags/example_params_ui_tutorial.py
[2024-10-06T19:17:06.367+0000] {processor.py:914} INFO - Processing file /home/airflow/.local/lib/python3.12/site-packages/airflow/example_dags/example_params_ui_tutorial.py for tasks to queue
[2024-10-06T19:17:06.369+0000] {logging_mixin.py:190} INFO - [2024-10-06T19:17:06.369+0000] {dagbag.py:588} INFO - Filling up the DagBag from /home/airflow/.local/lib/python3.12/site-packages/airflow/example_dags/example_params_ui_tutorial.py
[2024-10-06T19:17:06.376+0000] {processor.py:925} INFO - DAG(s) 'example_params_ui_tutorial' retrieved from /home/airflow/.local/lib/python3.12/site-packages/airflow/example_dags/example_params_ui_tutorial.py
[2024-10-06T19:17:06.416+0000] {logging_mixin.py:190} INFO - [2024-10-06T19:17:06.415+0000] {dag.py:3239} INFO - Sync 1 DAGs
[2024-10-06T19:17:06.428+0000] {logging_mixin.py:190} INFO - [2024-10-06T19:17:06.428+0000] {dag.py:4180} INFO - Setting next_dagrun for example_params_ui_tutorial to None, run_after=None
[2024-10-06T19:17:06.448+0000] {processor.py:208} INFO - Processing /home/airflow/.local/lib/python3.12/site-packages/airflow/example_dags/example_params_ui_tutorial.py took 0.086 seconds
[2024-10-06T19:17:36.699+0000] {processor.py:186} INFO - Started process (PID=5323) to work on /home/airflow/.local/lib/python3.12/site-packages/airflow/example_dags/example_params_ui_tutorial.py
[2024-10-06T19:17:36.700+0000] {processor.py:914} INFO - Processing file /home/airflow/.local/lib/python3.12/site-packages/airflow/example_dags/example_params_ui_tutorial.py for tasks to queue
[2024-10-06T19:17:36.702+0000] {logging_mixin.py:190} INFO - [2024-10-06T19:17:36.702+0000] {dagbag.py:588} INFO - Filling up the DagBag from /home/airflow/.local/lib/python3.12/site-packages/airflow/example_dags/example_params_ui_tutorial.py
[2024-10-06T19:17:36.708+0000] {processor.py:925} INFO - DAG(s) 'example_params_ui_tutorial' retrieved from /home/airflow/.local/lib/python3.12/site-packages/airflow/example_dags/example_params_ui_tutorial.py
[2024-10-06T19:17:36.745+0000] {logging_mixin.py:190} INFO - [2024-10-06T19:17:36.745+0000] {dag.py:3239} INFO - Sync 1 DAGs
[2024-10-06T19:17:36.759+0000] {logging_mixin.py:190} INFO - [2024-10-06T19:17:36.759+0000] {dag.py:4180} INFO - Setting next_dagrun for example_params_ui_tutorial to None, run_after=None
[2024-10-06T19:17:36.777+0000] {processor.py:208} INFO - Processing /home/airflow/.local/lib/python3.12/site-packages/airflow/example_dags/example_params_ui_tutorial.py took 0.082 seconds
[2024-10-06T19:18:06.995+0000] {processor.py:186} INFO - Started process (PID=5614) to work on /home/airflow/.local/lib/python3.12/site-packages/airflow/example_dags/example_params_ui_tutorial.py
[2024-10-06T19:18:06.996+0000] {processor.py:914} INFO - Processing file /home/airflow/.local/lib/python3.12/site-packages/airflow/example_dags/example_params_ui_tutorial.py for tasks to queue
[2024-10-06T19:18:06.998+0000] {logging_mixin.py:190} INFO - [2024-10-06T19:18:06.998+0000] {dagbag.py:588} INFO - Filling up the DagBag from /home/airflow/.local/lib/python3.12/site-packages/airflow/example_dags/example_params_ui_tutorial.py
[2024-10-06T19:18:07.006+0000] {processor.py:925} INFO - DAG(s) 'example_params_ui_tutorial' retrieved from /home/airflow/.local/lib/python3.12/site-packages/airflow/example_dags/example_params_ui_tutorial.py
[2024-10-06T19:18:07.041+0000] {logging_mixin.py:190} INFO - [2024-10-06T19:18:07.040+0000] {dag.py:3239} INFO - Sync 1 DAGs
[2024-10-06T19:18:07.052+0000] {logging_mixin.py:190} INFO - [2024-10-06T19:18:07.052+0000] {dag.py:4180} INFO - Setting next_dagrun for example_params_ui_tutorial to None, run_after=None
[2024-10-06T19:18:07.071+0000] {processor.py:208} INFO - Processing /home/airflow/.local/lib/python3.12/site-packages/airflow/example_dags/example_params_ui_tutorial.py took 0.080 seconds
[2024-10-06T19:18:37.290+0000] {processor.py:186} INFO - Started process (PID=5905) to work on /home/airflow/.local/lib/python3.12/site-packages/airflow/example_dags/example_params_ui_tutorial.py
[2024-10-06T19:18:37.291+0000] {processor.py:914} INFO - Processing file /home/airflow/.local/lib/python3.12/site-packages/airflow/example_dags/example_params_ui_tutorial.py for tasks to queue
[2024-10-06T19:18:37.293+0000] {logging_mixin.py:190} INFO - [2024-10-06T19:18:37.293+0000] {dagbag.py:588} INFO - Filling up the DagBag from /home/airflow/.local/lib/python3.12/site-packages/airflow/example_dags/example_params_ui_tutorial.py
[2024-10-06T19:18:37.299+0000] {processor.py:925} INFO - DAG(s) 'example_params_ui_tutorial' retrieved from /home/airflow/.local/lib/python3.12/site-packages/airflow/example_dags/example_params_ui_tutorial.py
[2024-10-06T19:18:37.338+0000] {logging_mixin.py:190} INFO - [2024-10-06T19:18:37.338+0000] {dag.py:3239} INFO - Sync 1 DAGs
[2024-10-06T19:18:37.350+0000] {logging_mixin.py:190} INFO - [2024-10-06T19:18:37.349+0000] {dag.py:4180} INFO - Setting next_dagrun for example_params_ui_tutorial to None, run_after=None
[2024-10-06T19:18:37.368+0000] {processor.py:208} INFO - Processing /home/airflow/.local/lib/python3.12/site-packages/airflow/example_dags/example_params_ui_tutorial.py took 0.081 seconds
[2024-10-06T19:19:07.654+0000] {processor.py:186} INFO - Started process (PID=6201) to work on /home/airflow/.local/lib/python3.12/site-packages/airflow/example_dags/example_params_ui_tutorial.py
[2024-10-06T19:19:07.655+0000] {processor.py:914} INFO - Processing file /home/airflow/.local/lib/python3.12/site-packages/airflow/example_dags/example_params_ui_tutorial.py for tasks to queue
[2024-10-06T19:19:07.657+0000] {logging_mixin.py:190} INFO - [2024-10-06T19:19:07.656+0000] {dagbag.py:588} INFO - Filling up the DagBag from /home/airflow/.local/lib/python3.12/site-packages/airflow/example_dags/example_params_ui_tutorial.py
[2024-10-06T19:19:07.663+0000] {processor.py:925} INFO - DAG(s) 'example_params_ui_tutorial' retrieved from /home/airflow/.local/lib/python3.12/site-packages/airflow/example_dags/example_params_ui_tutorial.py
[2024-10-06T19:19:07.702+0000] {logging_mixin.py:190} INFO - [2024-10-06T19:19:07.702+0000] {dag.py:3239} INFO - Sync 1 DAGs
[2024-10-06T19:19:07.714+0000] {logging_mixin.py:190} INFO - [2024-10-06T19:19:07.714+0000] {dag.py:4180} INFO - Setting next_dagrun for example_params_ui_tutorial to None, run_after=None
[2024-10-06T19:19:07.730+0000] {processor.py:208} INFO - Processing /home/airflow/.local/lib/python3.12/site-packages/airflow/example_dags/example_params_ui_tutorial.py took 0.080 seconds
[2024-10-06T19:19:37.889+0000] {processor.py:186} INFO - Started process (PID=6492) to work on /home/airflow/.local/lib/python3.12/site-packages/airflow/example_dags/example_params_ui_tutorial.py
[2024-10-06T19:19:37.890+0000] {processor.py:914} INFO - Processing file /home/airflow/.local/lib/python3.12/site-packages/airflow/example_dags/example_params_ui_tutorial.py for tasks to queue
[2024-10-06T19:19:37.892+0000] {logging_mixin.py:190} INFO - [2024-10-06T19:19:37.891+0000] {dagbag.py:588} INFO - Filling up the DagBag from /home/airflow/.local/lib/python3.12/site-packages/airflow/example_dags/example_params_ui_tutorial.py
[2024-10-06T19:19:37.899+0000] {processor.py:925} INFO - DAG(s) 'example_params_ui_tutorial' retrieved from /home/airflow/.local/lib/python3.12/site-packages/airflow/example_dags/example_params_ui_tutorial.py
[2024-10-06T19:19:37.936+0000] {logging_mixin.py:190} INFO - [2024-10-06T19:19:37.936+0000] {dag.py:3239} INFO - Sync 1 DAGs
[2024-10-06T19:19:37.950+0000] {logging_mixin.py:190} INFO - [2024-10-06T19:19:37.950+0000] {dag.py:4180} INFO - Setting next_dagrun for example_params_ui_tutorial to None, run_after=None
[2024-10-06T19:19:37.969+0000] {processor.py:208} INFO - Processing /home/airflow/.local/lib/python3.12/site-packages/airflow/example_dags/example_params_ui_tutorial.py took 0.085 seconds
[2024-10-06T19:20:08.293+0000] {processor.py:186} INFO - Started process (PID=6783) to work on /home/airflow/.local/lib/python3.12/site-packages/airflow/example_dags/example_params_ui_tutorial.py
[2024-10-06T19:20:08.294+0000] {processor.py:914} INFO - Processing file /home/airflow/.local/lib/python3.12/site-packages/airflow/example_dags/example_params_ui_tutorial.py for tasks to queue
[2024-10-06T19:20:08.296+0000] {logging_mixin.py:190} INFO - [2024-10-06T19:20:08.296+0000] {dagbag.py:588} INFO - Filling up the DagBag from /home/airflow/.local/lib/python3.12/site-packages/airflow/example_dags/example_params_ui_tutorial.py
[2024-10-06T19:20:08.303+0000] {processor.py:925} INFO - DAG(s) 'example_params_ui_tutorial' retrieved from /home/airflow/.local/lib/python3.12/site-packages/airflow/example_dags/example_params_ui_tutorial.py
[2024-10-06T19:20:08.339+0000] {logging_mixin.py:190} INFO - [2024-10-06T19:20:08.338+0000] {dag.py:3239} INFO - Sync 1 DAGs
[2024-10-06T19:20:08.351+0000] {logging_mixin.py:190} INFO - [2024-10-06T19:20:08.351+0000] {dag.py:4180} INFO - Setting next_dagrun for example_params_ui_tutorial to None, run_after=None
[2024-10-06T19:20:08.369+0000] {processor.py:208} INFO - Processing /home/airflow/.local/lib/python3.12/site-packages/airflow/example_dags/example_params_ui_tutorial.py took 0.080 seconds
[2024-10-06T19:20:38.564+0000] {processor.py:186} INFO - Started process (PID=7072) to work on /home/airflow/.local/lib/python3.12/site-packages/airflow/example_dags/example_params_ui_tutorial.py
[2024-10-06T19:20:38.564+0000] {processor.py:914} INFO - Processing file /home/airflow/.local/lib/python3.12/site-packages/airflow/example_dags/example_params_ui_tutorial.py for tasks to queue
[2024-10-06T19:20:38.566+0000] {logging_mixin.py:190} INFO - [2024-10-06T19:20:38.566+0000] {dagbag.py:588} INFO - Filling up the DagBag from /home/airflow/.local/lib/python3.12/site-packages/airflow/example_dags/example_params_ui_tutorial.py
[2024-10-06T19:20:38.573+0000] {processor.py:925} INFO - DAG(s) 'example_params_ui_tutorial' retrieved from /home/airflow/.local/lib/python3.12/site-packages/airflow/example_dags/example_params_ui_tutorial.py
[2024-10-06T19:20:38.610+0000] {logging_mixin.py:190} INFO - [2024-10-06T19:20:38.610+0000] {dag.py:3239} INFO - Sync 1 DAGs
[2024-10-06T19:20:38.623+0000] {logging_mixin.py:190} INFO - [2024-10-06T19:20:38.622+0000] {dag.py:4180} INFO - Setting next_dagrun for example_params_ui_tutorial to None, run_after=None
[2024-10-06T19:20:38.640+0000] {processor.py:208} INFO - Processing /home/airflow/.local/lib/python3.12/site-packages/airflow/example_dags/example_params_ui_tutorial.py took 0.081 seconds
[2024-10-06T19:21:08.916+0000] {processor.py:186} INFO - Started process (PID=7360) to work on /home/airflow/.local/lib/python3.12/site-packages/airflow/example_dags/example_params_ui_tutorial.py
[2024-10-06T19:21:08.917+0000] {processor.py:914} INFO - Processing file /home/airflow/.local/lib/python3.12/site-packages/airflow/example_dags/example_params_ui_tutorial.py for tasks to queue
[2024-10-06T19:21:08.919+0000] {logging_mixin.py:190} INFO - [2024-10-06T19:21:08.919+0000] {dagbag.py:588} INFO - Filling up the DagBag from /home/airflow/.local/lib/python3.12/site-packages/airflow/example_dags/example_params_ui_tutorial.py
[2024-10-06T19:21:08.926+0000] {processor.py:925} INFO - DAG(s) 'example_params_ui_tutorial' retrieved from /home/airflow/.local/lib/python3.12/site-packages/airflow/example_dags/example_params_ui_tutorial.py
[2024-10-06T19:21:08.965+0000] {logging_mixin.py:190} INFO - [2024-10-06T19:21:08.965+0000] {dag.py:3239} INFO - Sync 1 DAGs
[2024-10-06T19:21:08.979+0000] {logging_mixin.py:190} INFO - [2024-10-06T19:21:08.979+0000] {dag.py:4180} INFO - Setting next_dagrun for example_params_ui_tutorial to None, run_after=None
[2024-10-06T19:21:08.999+0000] {processor.py:208} INFO - Processing /home/airflow/.local/lib/python3.12/site-packages/airflow/example_dags/example_params_ui_tutorial.py took 0.087 seconds
[2024-10-06T19:21:39.461+0000] {processor.py:186} INFO - Started process (PID=7659) to work on /home/airflow/.local/lib/python3.12/site-packages/airflow/example_dags/example_params_ui_tutorial.py
[2024-10-06T19:21:39.462+0000] {processor.py:914} INFO - Processing file /home/airflow/.local/lib/python3.12/site-packages/airflow/example_dags/example_params_ui_tutorial.py for tasks to queue
[2024-10-06T19:21:39.464+0000] {logging_mixin.py:190} INFO - [2024-10-06T19:21:39.464+0000] {dagbag.py:588} INFO - Filling up the DagBag from /home/airflow/.local/lib/python3.12/site-packages/airflow/example_dags/example_params_ui_tutorial.py
[2024-10-06T19:21:39.473+0000] {processor.py:925} INFO - DAG(s) 'example_params_ui_tutorial' retrieved from /home/airflow/.local/lib/python3.12/site-packages/airflow/example_dags/example_params_ui_tutorial.py
[2024-10-06T19:21:39.517+0000] {logging_mixin.py:190} INFO - [2024-10-06T19:21:39.517+0000] {dag.py:3239} INFO - Sync 1 DAGs
[2024-10-06T19:21:39.531+0000] {logging_mixin.py:190} INFO - [2024-10-06T19:21:39.531+0000] {dag.py:4180} INFO - Setting next_dagrun for example_params_ui_tutorial to None, run_after=None
[2024-10-06T19:21:39.552+0000] {processor.py:208} INFO - Processing /home/airflow/.local/lib/python3.12/site-packages/airflow/example_dags/example_params_ui_tutorial.py took 0.097 seconds
