[2024-10-06T19:08:53.821+0000] {processor.py:186} INFO - Started process (PID=229) to work on /home/airflow/.local/lib/python3.12/site-packages/airflow/example_dags/example_branch_operator.py
[2024-10-06T19:08:53.822+0000] {processor.py:914} INFO - Processing file /home/airflow/.local/lib/python3.12/site-packages/airflow/example_dags/example_branch_operator.py for tasks to queue
[2024-10-06T19:08:53.825+0000] {logging_mixin.py:190} INFO - [2024-10-06T19:08:53.824+0000] {dagbag.py:588} INFO - Filling up the DagBag from /home/airflow/.local/lib/python3.12/site-packages/airflow/example_dags/example_branch_operator.py
[2024-10-06T19:08:53.846+0000] {processor.py:925} INFO - DAG(s) 'example_branch_operator' retrieved from /home/airflow/.local/lib/python3.12/site-packages/airflow/example_dags/example_branch_operator.py
[2024-10-06T19:08:53.967+0000] {logging_mixin.py:190} INFO - [2024-10-06T19:08:53.966+0000] {override.py:1900} INFO - Created Permission View: can delete on DAG:example_branch_operator
[2024-10-06T19:08:53.978+0000] {logging_mixin.py:190} INFO - [2024-10-06T19:08:53.978+0000] {override.py:1900} INFO - Created Permission View: can edit on DAG:example_branch_operator
[2024-10-06T19:08:53.986+0000] {logging_mixin.py:190} INFO - [2024-10-06T19:08:53.985+0000] {override.py:1900} INFO - Created Permission View: can read on DAG:example_branch_operator
[2024-10-06T19:08:53.995+0000] {logging_mixin.py:190} INFO - [2024-10-06T19:08:53.994+0000] {override.py:1900} INFO - Created Permission View: can delete on DAG Run:example_branch_operator
[2024-10-06T19:08:54.002+0000] {logging_mixin.py:190} INFO - [2024-10-06T19:08:54.002+0000] {override.py:1900} INFO - Created Permission View: can create on DAG Run:example_branch_operator
[2024-10-06T19:08:54.009+0000] {logging_mixin.py:190} INFO - [2024-10-06T19:08:54.009+0000] {override.py:1900} INFO - Created Permission View: can read on DAG Run:example_branch_operator
[2024-10-06T19:08:54.016+0000] {logging_mixin.py:190} INFO - [2024-10-06T19:08:54.016+0000] {override.py:1900} INFO - Created Permission View: menu access on DAG Run:example_branch_operator
[2024-10-06T19:08:54.017+0000] {logging_mixin.py:190} INFO - [2024-10-06T19:08:54.017+0000] {dag.py:3239} INFO - Sync 1 DAGs
[2024-10-06T19:08:54.031+0000] {logging_mixin.py:190} INFO - [2024-10-06T19:08:54.030+0000] {dag.py:3262} INFO - Creating ORM DAG for example_branch_operator
[2024-10-06T19:08:54.042+0000] {logging_mixin.py:190} INFO - [2024-10-06T19:08:54.042+0000] {dag.py:4180} INFO - Setting next_dagrun for example_branch_operator to 2024-10-05 00:00:00+00:00, run_after=2024-10-06 00:00:00+00:00
[2024-10-06T19:08:54.061+0000] {processor.py:208} INFO - Processing /home/airflow/.local/lib/python3.12/site-packages/airflow/example_dags/example_branch_operator.py took 0.246 seconds
[2024-10-06T19:09:24.333+0000] {processor.py:186} INFO - Started process (PID=515) to work on /home/airflow/.local/lib/python3.12/site-packages/airflow/example_dags/example_branch_operator.py
[2024-10-06T19:09:24.335+0000] {processor.py:914} INFO - Processing file /home/airflow/.local/lib/python3.12/site-packages/airflow/example_dags/example_branch_operator.py for tasks to queue
[2024-10-06T19:09:24.337+0000] {logging_mixin.py:190} INFO - [2024-10-06T19:09:24.337+0000] {dagbag.py:588} INFO - Filling up the DagBag from /home/airflow/.local/lib/python3.12/site-packages/airflow/example_dags/example_branch_operator.py
[2024-10-06T19:09:24.355+0000] {processor.py:925} INFO - DAG(s) 'example_branch_operator' retrieved from /home/airflow/.local/lib/python3.12/site-packages/airflow/example_dags/example_branch_operator.py
[2024-10-06T19:09:24.383+0000] {logging_mixin.py:190} INFO - [2024-10-06T19:09:24.382+0000] {dag.py:3239} INFO - Sync 1 DAGs
[2024-10-06T19:09:24.409+0000] {logging_mixin.py:190} INFO - [2024-10-06T19:09:24.408+0000] {dag.py:4180} INFO - Setting next_dagrun for example_branch_operator to 2024-10-05 00:00:00+00:00, run_after=2024-10-06 00:00:00+00:00
[2024-10-06T19:09:24.432+0000] {processor.py:208} INFO - Processing /home/airflow/.local/lib/python3.12/site-packages/airflow/example_dags/example_branch_operator.py took 0.104 seconds
[2024-10-06T19:09:54.546+0000] {processor.py:186} INFO - Started process (PID=801) to work on /home/airflow/.local/lib/python3.12/site-packages/airflow/example_dags/example_branch_operator.py
[2024-10-06T19:09:54.547+0000] {processor.py:914} INFO - Processing file /home/airflow/.local/lib/python3.12/site-packages/airflow/example_dags/example_branch_operator.py for tasks to queue
[2024-10-06T19:09:54.549+0000] {logging_mixin.py:190} INFO - [2024-10-06T19:09:54.549+0000] {dagbag.py:588} INFO - Filling up the DagBag from /home/airflow/.local/lib/python3.12/site-packages/airflow/example_dags/example_branch_operator.py
[2024-10-06T19:09:54.569+0000] {processor.py:925} INFO - DAG(s) 'example_branch_operator' retrieved from /home/airflow/.local/lib/python3.12/site-packages/airflow/example_dags/example_branch_operator.py
[2024-10-06T19:09:54.600+0000] {logging_mixin.py:190} INFO - [2024-10-06T19:09:54.600+0000] {dag.py:3239} INFO - Sync 1 DAGs
[2024-10-06T19:09:54.625+0000] {logging_mixin.py:190} INFO - [2024-10-06T19:09:54.624+0000] {dag.py:4180} INFO - Setting next_dagrun for example_branch_operator to 2024-10-05 00:00:00+00:00, run_after=2024-10-06 00:00:00+00:00
[2024-10-06T19:09:54.643+0000] {processor.py:208} INFO - Processing /home/airflow/.local/lib/python3.12/site-packages/airflow/example_dags/example_branch_operator.py took 0.101 seconds
[2024-10-06T19:10:24.912+0000] {processor.py:186} INFO - Started process (PID=1089) to work on /home/airflow/.local/lib/python3.12/site-packages/airflow/example_dags/example_branch_operator.py
[2024-10-06T19:10:24.913+0000] {processor.py:914} INFO - Processing file /home/airflow/.local/lib/python3.12/site-packages/airflow/example_dags/example_branch_operator.py for tasks to queue
[2024-10-06T19:10:24.915+0000] {logging_mixin.py:190} INFO - [2024-10-06T19:10:24.915+0000] {dagbag.py:588} INFO - Filling up the DagBag from /home/airflow/.local/lib/python3.12/site-packages/airflow/example_dags/example_branch_operator.py
[2024-10-06T19:10:24.931+0000] {processor.py:925} INFO - DAG(s) 'example_branch_operator' retrieved from /home/airflow/.local/lib/python3.12/site-packages/airflow/example_dags/example_branch_operator.py
[2024-10-06T19:10:24.956+0000] {logging_mixin.py:190} INFO - [2024-10-06T19:10:24.956+0000] {dag.py:3239} INFO - Sync 1 DAGs
[2024-10-06T19:10:24.979+0000] {logging_mixin.py:190} INFO - [2024-10-06T19:10:24.979+0000] {dag.py:4180} INFO - Setting next_dagrun for example_branch_operator to 2024-10-05 00:00:00+00:00, run_after=2024-10-06 00:00:00+00:00
[2024-10-06T19:10:24.998+0000] {processor.py:208} INFO - Processing /home/airflow/.local/lib/python3.12/site-packages/airflow/example_dags/example_branch_operator.py took 0.092 seconds
[2024-10-06T19:10:55.443+0000] {processor.py:186} INFO - Started process (PID=1397) to work on /home/airflow/.local/lib/python3.12/site-packages/airflow/example_dags/example_branch_operator.py
[2024-10-06T19:10:55.444+0000] {processor.py:914} INFO - Processing file /home/airflow/.local/lib/python3.12/site-packages/airflow/example_dags/example_branch_operator.py for tasks to queue
[2024-10-06T19:10:55.446+0000] {logging_mixin.py:190} INFO - [2024-10-06T19:10:55.445+0000] {dagbag.py:588} INFO - Filling up the DagBag from /home/airflow/.local/lib/python3.12/site-packages/airflow/example_dags/example_branch_operator.py
[2024-10-06T19:10:55.461+0000] {processor.py:925} INFO - DAG(s) 'example_branch_operator' retrieved from /home/airflow/.local/lib/python3.12/site-packages/airflow/example_dags/example_branch_operator.py
[2024-10-06T19:10:55.490+0000] {logging_mixin.py:190} INFO - [2024-10-06T19:10:55.490+0000] {dag.py:3239} INFO - Sync 1 DAGs
[2024-10-06T19:10:55.517+0000] {logging_mixin.py:190} INFO - [2024-10-06T19:10:55.517+0000] {dag.py:4180} INFO - Setting next_dagrun for example_branch_operator to 2024-10-05 00:00:00+00:00, run_after=2024-10-06 00:00:00+00:00
[2024-10-06T19:10:55.539+0000] {processor.py:208} INFO - Processing /home/airflow/.local/lib/python3.12/site-packages/airflow/example_dags/example_branch_operator.py took 0.100 seconds
[2024-10-06T19:11:25.735+0000] {processor.py:186} INFO - Started process (PID=1683) to work on /home/airflow/.local/lib/python3.12/site-packages/airflow/example_dags/example_branch_operator.py
[2024-10-06T19:11:25.736+0000] {processor.py:914} INFO - Processing file /home/airflow/.local/lib/python3.12/site-packages/airflow/example_dags/example_branch_operator.py for tasks to queue
[2024-10-06T19:11:25.738+0000] {logging_mixin.py:190} INFO - [2024-10-06T19:11:25.738+0000] {dagbag.py:588} INFO - Filling up the DagBag from /home/airflow/.local/lib/python3.12/site-packages/airflow/example_dags/example_branch_operator.py
[2024-10-06T19:11:25.756+0000] {processor.py:925} INFO - DAG(s) 'example_branch_operator' retrieved from /home/airflow/.local/lib/python3.12/site-packages/airflow/example_dags/example_branch_operator.py
[2024-10-06T19:11:25.782+0000] {logging_mixin.py:190} INFO - [2024-10-06T19:11:25.782+0000] {dag.py:3239} INFO - Sync 1 DAGs
[2024-10-06T19:11:25.810+0000] {logging_mixin.py:190} INFO - [2024-10-06T19:11:25.810+0000] {dag.py:4180} INFO - Setting next_dagrun for example_branch_operator to 2024-10-05 00:00:00+00:00, run_after=2024-10-06 00:00:00+00:00
[2024-10-06T19:11:25.830+0000] {processor.py:208} INFO - Processing /home/airflow/.local/lib/python3.12/site-packages/airflow/example_dags/example_branch_operator.py took 0.100 seconds
[2024-10-06T19:11:56.144+0000] {processor.py:186} INFO - Started process (PID=1971) to work on /home/airflow/.local/lib/python3.12/site-packages/airflow/example_dags/example_branch_operator.py
[2024-10-06T19:11:56.145+0000] {processor.py:914} INFO - Processing file /home/airflow/.local/lib/python3.12/site-packages/airflow/example_dags/example_branch_operator.py for tasks to queue
[2024-10-06T19:11:56.148+0000] {logging_mixin.py:190} INFO - [2024-10-06T19:11:56.147+0000] {dagbag.py:588} INFO - Filling up the DagBag from /home/airflow/.local/lib/python3.12/site-packages/airflow/example_dags/example_branch_operator.py
[2024-10-06T19:11:56.162+0000] {processor.py:925} INFO - DAG(s) 'example_branch_operator' retrieved from /home/airflow/.local/lib/python3.12/site-packages/airflow/example_dags/example_branch_operator.py
[2024-10-06T19:11:56.188+0000] {logging_mixin.py:190} INFO - [2024-10-06T19:11:56.188+0000] {dag.py:3239} INFO - Sync 1 DAGs
[2024-10-06T19:11:56.211+0000] {logging_mixin.py:190} INFO - [2024-10-06T19:11:56.211+0000] {dag.py:4180} INFO - Setting next_dagrun for example_branch_operator to 2024-10-05 00:00:00+00:00, run_after=2024-10-06 00:00:00+00:00
[2024-10-06T19:11:56.229+0000] {processor.py:208} INFO - Processing /home/airflow/.local/lib/python3.12/site-packages/airflow/example_dags/example_branch_operator.py took 0.089 seconds
[2024-10-06T19:12:26.561+0000] {processor.py:186} INFO - Started process (PID=2257) to work on /home/airflow/.local/lib/python3.12/site-packages/airflow/example_dags/example_branch_operator.py
[2024-10-06T19:12:26.562+0000] {processor.py:914} INFO - Processing file /home/airflow/.local/lib/python3.12/site-packages/airflow/example_dags/example_branch_operator.py for tasks to queue
[2024-10-06T19:12:26.564+0000] {logging_mixin.py:190} INFO - [2024-10-06T19:12:26.564+0000] {dagbag.py:588} INFO - Filling up the DagBag from /home/airflow/.local/lib/python3.12/site-packages/airflow/example_dags/example_branch_operator.py
[2024-10-06T19:12:26.581+0000] {processor.py:925} INFO - DAG(s) 'example_branch_operator' retrieved from /home/airflow/.local/lib/python3.12/site-packages/airflow/example_dags/example_branch_operator.py
[2024-10-06T19:12:26.609+0000] {logging_mixin.py:190} INFO - [2024-10-06T19:12:26.608+0000] {dag.py:3239} INFO - Sync 1 DAGs
[2024-10-06T19:12:26.632+0000] {logging_mixin.py:190} INFO - [2024-10-06T19:12:26.632+0000] {dag.py:4180} INFO - Setting next_dagrun for example_branch_operator to 2024-10-05 00:00:00+00:00, run_after=2024-10-06 00:00:00+00:00
[2024-10-06T19:12:26.653+0000] {processor.py:208} INFO - Processing /home/airflow/.local/lib/python3.12/site-packages/airflow/example_dags/example_branch_operator.py took 0.097 seconds
[2024-10-06T19:12:56.954+0000] {processor.py:186} INFO - Started process (PID=2541) to work on /home/airflow/.local/lib/python3.12/site-packages/airflow/example_dags/example_branch_operator.py
[2024-10-06T19:12:56.955+0000] {processor.py:914} INFO - Processing file /home/airflow/.local/lib/python3.12/site-packages/airflow/example_dags/example_branch_operator.py for tasks to queue
[2024-10-06T19:12:56.957+0000] {logging_mixin.py:190} INFO - [2024-10-06T19:12:56.957+0000] {dagbag.py:588} INFO - Filling up the DagBag from /home/airflow/.local/lib/python3.12/site-packages/airflow/example_dags/example_branch_operator.py
[2024-10-06T19:12:56.970+0000] {processor.py:925} INFO - DAG(s) 'example_branch_operator' retrieved from /home/airflow/.local/lib/python3.12/site-packages/airflow/example_dags/example_branch_operator.py
[2024-10-06T19:12:56.995+0000] {logging_mixin.py:190} INFO - [2024-10-06T19:12:56.995+0000] {dag.py:3239} INFO - Sync 1 DAGs
[2024-10-06T19:12:57.016+0000] {logging_mixin.py:190} INFO - [2024-10-06T19:12:57.016+0000] {dag.py:4180} INFO - Setting next_dagrun for example_branch_operator to 2024-10-05 00:00:00+00:00, run_after=2024-10-06 00:00:00+00:00
[2024-10-06T19:12:57.034+0000] {processor.py:208} INFO - Processing /home/airflow/.local/lib/python3.12/site-packages/airflow/example_dags/example_branch_operator.py took 0.084 seconds
[2024-10-06T19:13:27.388+0000] {processor.py:186} INFO - Started process (PID=2827) to work on /home/airflow/.local/lib/python3.12/site-packages/airflow/example_dags/example_branch_operator.py
[2024-10-06T19:13:27.389+0000] {processor.py:914} INFO - Processing file /home/airflow/.local/lib/python3.12/site-packages/airflow/example_dags/example_branch_operator.py for tasks to queue
[2024-10-06T19:13:27.391+0000] {logging_mixin.py:190} INFO - [2024-10-06T19:13:27.391+0000] {dagbag.py:588} INFO - Filling up the DagBag from /home/airflow/.local/lib/python3.12/site-packages/airflow/example_dags/example_branch_operator.py
[2024-10-06T19:13:27.410+0000] {processor.py:925} INFO - DAG(s) 'example_branch_operator' retrieved from /home/airflow/.local/lib/python3.12/site-packages/airflow/example_dags/example_branch_operator.py
[2024-10-06T19:13:27.440+0000] {logging_mixin.py:190} INFO - [2024-10-06T19:13:27.440+0000] {dag.py:3239} INFO - Sync 1 DAGs
[2024-10-06T19:13:27.466+0000] {logging_mixin.py:190} INFO - [2024-10-06T19:13:27.466+0000] {dag.py:4180} INFO - Setting next_dagrun for example_branch_operator to 2024-10-05 00:00:00+00:00, run_after=2024-10-06 00:00:00+00:00
[2024-10-06T19:13:27.488+0000] {processor.py:208} INFO - Processing /home/airflow/.local/lib/python3.12/site-packages/airflow/example_dags/example_branch_operator.py took 0.104 seconds
[2024-10-06T19:13:57.731+0000] {processor.py:186} INFO - Started process (PID=3118) to work on /home/airflow/.local/lib/python3.12/site-packages/airflow/example_dags/example_branch_operator.py
[2024-10-06T19:13:57.732+0000] {processor.py:914} INFO - Processing file /home/airflow/.local/lib/python3.12/site-packages/airflow/example_dags/example_branch_operator.py for tasks to queue
[2024-10-06T19:13:57.735+0000] {logging_mixin.py:190} INFO - [2024-10-06T19:13:57.734+0000] {dagbag.py:588} INFO - Filling up the DagBag from /home/airflow/.local/lib/python3.12/site-packages/airflow/example_dags/example_branch_operator.py
[2024-10-06T19:13:57.751+0000] {processor.py:925} INFO - DAG(s) 'example_branch_operator' retrieved from /home/airflow/.local/lib/python3.12/site-packages/airflow/example_dags/example_branch_operator.py
[2024-10-06T19:13:57.777+0000] {logging_mixin.py:190} INFO - [2024-10-06T19:13:57.777+0000] {dag.py:3239} INFO - Sync 1 DAGs
[2024-10-06T19:13:57.802+0000] {logging_mixin.py:190} INFO - [2024-10-06T19:13:57.802+0000] {dag.py:4180} INFO - Setting next_dagrun for example_branch_operator to 2024-10-05 00:00:00+00:00, run_after=2024-10-06 00:00:00+00:00
[2024-10-06T19:13:57.821+0000] {processor.py:208} INFO - Processing /home/airflow/.local/lib/python3.12/site-packages/airflow/example_dags/example_branch_operator.py took 0.095 seconds
[2024-10-06T19:14:28.007+0000] {processor.py:186} INFO - Started process (PID=3409) to work on /home/airflow/.local/lib/python3.12/site-packages/airflow/example_dags/example_branch_operator.py
[2024-10-06T19:14:28.008+0000] {processor.py:914} INFO - Processing file /home/airflow/.local/lib/python3.12/site-packages/airflow/example_dags/example_branch_operator.py for tasks to queue
[2024-10-06T19:14:28.010+0000] {logging_mixin.py:190} INFO - [2024-10-06T19:14:28.009+0000] {dagbag.py:588} INFO - Filling up the DagBag from /home/airflow/.local/lib/python3.12/site-packages/airflow/example_dags/example_branch_operator.py
[2024-10-06T19:14:28.026+0000] {processor.py:925} INFO - DAG(s) 'example_branch_operator' retrieved from /home/airflow/.local/lib/python3.12/site-packages/airflow/example_dags/example_branch_operator.py
[2024-10-06T19:14:28.053+0000] {logging_mixin.py:190} INFO - [2024-10-06T19:14:28.052+0000] {dag.py:3239} INFO - Sync 1 DAGs
[2024-10-06T19:14:28.073+0000] {logging_mixin.py:190} INFO - [2024-10-06T19:14:28.073+0000] {dag.py:4180} INFO - Setting next_dagrun for example_branch_operator to 2024-10-05 00:00:00+00:00, run_after=2024-10-06 00:00:00+00:00
[2024-10-06T19:14:28.091+0000] {processor.py:208} INFO - Processing /home/airflow/.local/lib/python3.12/site-packages/airflow/example_dags/example_branch_operator.py took 0.089 seconds
[2024-10-06T19:14:58.399+0000] {processor.py:186} INFO - Started process (PID=3700) to work on /home/airflow/.local/lib/python3.12/site-packages/airflow/example_dags/example_branch_operator.py
[2024-10-06T19:14:58.400+0000] {processor.py:914} INFO - Processing file /home/airflow/.local/lib/python3.12/site-packages/airflow/example_dags/example_branch_operator.py for tasks to queue
[2024-10-06T19:14:58.402+0000] {logging_mixin.py:190} INFO - [2024-10-06T19:14:58.401+0000] {dagbag.py:588} INFO - Filling up the DagBag from /home/airflow/.local/lib/python3.12/site-packages/airflow/example_dags/example_branch_operator.py
[2024-10-06T19:14:58.416+0000] {processor.py:925} INFO - DAG(s) 'example_branch_operator' retrieved from /home/airflow/.local/lib/python3.12/site-packages/airflow/example_dags/example_branch_operator.py
[2024-10-06T19:14:58.443+0000] {logging_mixin.py:190} INFO - [2024-10-06T19:14:58.443+0000] {dag.py:3239} INFO - Sync 1 DAGs
[2024-10-06T19:14:58.465+0000] {logging_mixin.py:190} INFO - [2024-10-06T19:14:58.465+0000] {dag.py:4180} INFO - Setting next_dagrun for example_branch_operator to 2024-10-05 00:00:00+00:00, run_after=2024-10-06 00:00:00+00:00
[2024-10-06T19:14:58.485+0000] {processor.py:208} INFO - Processing /home/airflow/.local/lib/python3.12/site-packages/airflow/example_dags/example_branch_operator.py took 0.092 seconds
[2024-10-06T19:15:28.671+0000] {processor.py:186} INFO - Started process (PID=3996) to work on /home/airflow/.local/lib/python3.12/site-packages/airflow/example_dags/example_branch_operator.py
[2024-10-06T19:15:28.672+0000] {processor.py:914} INFO - Processing file /home/airflow/.local/lib/python3.12/site-packages/airflow/example_dags/example_branch_operator.py for tasks to queue
[2024-10-06T19:15:28.674+0000] {logging_mixin.py:190} INFO - [2024-10-06T19:15:28.674+0000] {dagbag.py:588} INFO - Filling up the DagBag from /home/airflow/.local/lib/python3.12/site-packages/airflow/example_dags/example_branch_operator.py
[2024-10-06T19:15:28.689+0000] {processor.py:925} INFO - DAG(s) 'example_branch_operator' retrieved from /home/airflow/.local/lib/python3.12/site-packages/airflow/example_dags/example_branch_operator.py
[2024-10-06T19:15:28.714+0000] {logging_mixin.py:190} INFO - [2024-10-06T19:15:28.714+0000] {dag.py:3239} INFO - Sync 1 DAGs
[2024-10-06T19:15:28.738+0000] {logging_mixin.py:190} INFO - [2024-10-06T19:15:28.737+0000] {dag.py:4180} INFO - Setting next_dagrun for example_branch_operator to 2024-10-05 00:00:00+00:00, run_after=2024-10-06 00:00:00+00:00
[2024-10-06T19:15:28.755+0000] {processor.py:208} INFO - Processing /home/airflow/.local/lib/python3.12/site-packages/airflow/example_dags/example_branch_operator.py took 0.089 seconds
[2024-10-06T19:15:58.882+0000] {processor.py:186} INFO - Started process (PID=4287) to work on /home/airflow/.local/lib/python3.12/site-packages/airflow/example_dags/example_branch_operator.py
[2024-10-06T19:15:58.883+0000] {processor.py:914} INFO - Processing file /home/airflow/.local/lib/python3.12/site-packages/airflow/example_dags/example_branch_operator.py for tasks to queue
[2024-10-06T19:15:58.884+0000] {logging_mixin.py:190} INFO - [2024-10-06T19:15:58.884+0000] {dagbag.py:588} INFO - Filling up the DagBag from /home/airflow/.local/lib/python3.12/site-packages/airflow/example_dags/example_branch_operator.py
[2024-10-06T19:15:58.898+0000] {processor.py:925} INFO - DAG(s) 'example_branch_operator' retrieved from /home/airflow/.local/lib/python3.12/site-packages/airflow/example_dags/example_branch_operator.py
[2024-10-06T19:15:58.922+0000] {logging_mixin.py:190} INFO - [2024-10-06T19:15:58.922+0000] {dag.py:3239} INFO - Sync 1 DAGs
[2024-10-06T19:15:58.944+0000] {logging_mixin.py:190} INFO - [2024-10-06T19:15:58.943+0000] {dag.py:4180} INFO - Setting next_dagrun for example_branch_operator to 2024-10-05 00:00:00+00:00, run_after=2024-10-06 00:00:00+00:00
[2024-10-06T19:15:58.966+0000] {processor.py:208} INFO - Processing /home/airflow/.local/lib/python3.12/site-packages/airflow/example_dags/example_branch_operator.py took 0.089 seconds
[2024-10-06T19:16:29.155+0000] {processor.py:186} INFO - Started process (PID=4578) to work on /home/airflow/.local/lib/python3.12/site-packages/airflow/example_dags/example_branch_operator.py
[2024-10-06T19:16:29.156+0000] {processor.py:914} INFO - Processing file /home/airflow/.local/lib/python3.12/site-packages/airflow/example_dags/example_branch_operator.py for tasks to queue
[2024-10-06T19:16:29.158+0000] {logging_mixin.py:190} INFO - [2024-10-06T19:16:29.157+0000] {dagbag.py:588} INFO - Filling up the DagBag from /home/airflow/.local/lib/python3.12/site-packages/airflow/example_dags/example_branch_operator.py
[2024-10-06T19:16:29.172+0000] {processor.py:925} INFO - DAG(s) 'example_branch_operator' retrieved from /home/airflow/.local/lib/python3.12/site-packages/airflow/example_dags/example_branch_operator.py
[2024-10-06T19:16:29.196+0000] {logging_mixin.py:190} INFO - [2024-10-06T19:16:29.196+0000] {dag.py:3239} INFO - Sync 1 DAGs
[2024-10-06T19:16:29.219+0000] {logging_mixin.py:190} INFO - [2024-10-06T19:16:29.219+0000] {dag.py:4180} INFO - Setting next_dagrun for example_branch_operator to 2024-10-05 00:00:00+00:00, run_after=2024-10-06 00:00:00+00:00
[2024-10-06T19:16:29.236+0000] {processor.py:208} INFO - Processing /home/airflow/.local/lib/python3.12/site-packages/airflow/example_dags/example_branch_operator.py took 0.085 seconds
[2024-10-06T19:16:59.480+0000] {processor.py:186} INFO - Started process (PID=4869) to work on /home/airflow/.local/lib/python3.12/site-packages/airflow/example_dags/example_branch_operator.py
[2024-10-06T19:16:59.481+0000] {processor.py:914} INFO - Processing file /home/airflow/.local/lib/python3.12/site-packages/airflow/example_dags/example_branch_operator.py for tasks to queue
[2024-10-06T19:16:59.483+0000] {logging_mixin.py:190} INFO - [2024-10-06T19:16:59.483+0000] {dagbag.py:588} INFO - Filling up the DagBag from /home/airflow/.local/lib/python3.12/site-packages/airflow/example_dags/example_branch_operator.py
[2024-10-06T19:16:59.496+0000] {processor.py:925} INFO - DAG(s) 'example_branch_operator' retrieved from /home/airflow/.local/lib/python3.12/site-packages/airflow/example_dags/example_branch_operator.py
[2024-10-06T19:16:59.519+0000] {logging_mixin.py:190} INFO - [2024-10-06T19:16:59.519+0000] {dag.py:3239} INFO - Sync 1 DAGs
[2024-10-06T19:16:59.540+0000] {logging_mixin.py:190} INFO - [2024-10-06T19:16:59.540+0000] {dag.py:4180} INFO - Setting next_dagrun for example_branch_operator to 2024-10-05 00:00:00+00:00, run_after=2024-10-06 00:00:00+00:00
[2024-10-06T19:16:59.559+0000] {processor.py:208} INFO - Processing /home/airflow/.local/lib/python3.12/site-packages/airflow/example_dags/example_branch_operator.py took 0.083 seconds
[2024-10-06T19:17:29.865+0000] {processor.py:186} INFO - Started process (PID=5160) to work on /home/airflow/.local/lib/python3.12/site-packages/airflow/example_dags/example_branch_operator.py
[2024-10-06T19:17:29.865+0000] {processor.py:914} INFO - Processing file /home/airflow/.local/lib/python3.12/site-packages/airflow/example_dags/example_branch_operator.py for tasks to queue
[2024-10-06T19:17:29.867+0000] {logging_mixin.py:190} INFO - [2024-10-06T19:17:29.867+0000] {dagbag.py:588} INFO - Filling up the DagBag from /home/airflow/.local/lib/python3.12/site-packages/airflow/example_dags/example_branch_operator.py
[2024-10-06T19:17:29.881+0000] {processor.py:925} INFO - DAG(s) 'example_branch_operator' retrieved from /home/airflow/.local/lib/python3.12/site-packages/airflow/example_dags/example_branch_operator.py
[2024-10-06T19:17:29.906+0000] {logging_mixin.py:190} INFO - [2024-10-06T19:17:29.906+0000] {dag.py:3239} INFO - Sync 1 DAGs
[2024-10-06T19:17:29.926+0000] {logging_mixin.py:190} INFO - [2024-10-06T19:17:29.926+0000] {dag.py:4180} INFO - Setting next_dagrun for example_branch_operator to 2024-10-05 00:00:00+00:00, run_after=2024-10-06 00:00:00+00:00
[2024-10-06T19:17:29.945+0000] {processor.py:208} INFO - Processing /home/airflow/.local/lib/python3.12/site-packages/airflow/example_dags/example_branch_operator.py took 0.084 seconds
[2024-10-06T19:18:00.154+0000] {processor.py:186} INFO - Started process (PID=5451) to work on /home/airflow/.local/lib/python3.12/site-packages/airflow/example_dags/example_branch_operator.py
[2024-10-06T19:18:00.154+0000] {processor.py:914} INFO - Processing file /home/airflow/.local/lib/python3.12/site-packages/airflow/example_dags/example_branch_operator.py for tasks to queue
[2024-10-06T19:18:00.157+0000] {logging_mixin.py:190} INFO - [2024-10-06T19:18:00.156+0000] {dagbag.py:588} INFO - Filling up the DagBag from /home/airflow/.local/lib/python3.12/site-packages/airflow/example_dags/example_branch_operator.py
[2024-10-06T19:18:00.170+0000] {processor.py:925} INFO - DAG(s) 'example_branch_operator' retrieved from /home/airflow/.local/lib/python3.12/site-packages/airflow/example_dags/example_branch_operator.py
[2024-10-06T19:18:00.193+0000] {logging_mixin.py:190} INFO - [2024-10-06T19:18:00.192+0000] {dag.py:3239} INFO - Sync 1 DAGs
[2024-10-06T19:18:00.212+0000] {logging_mixin.py:190} INFO - [2024-10-06T19:18:00.212+0000] {dag.py:4180} INFO - Setting next_dagrun for example_branch_operator to 2024-10-05 00:00:00+00:00, run_after=2024-10-06 00:00:00+00:00
[2024-10-06T19:18:00.229+0000] {processor.py:208} INFO - Processing /home/airflow/.local/lib/python3.12/site-packages/airflow/example_dags/example_branch_operator.py took 0.079 seconds
[2024-10-06T19:18:30.457+0000] {processor.py:186} INFO - Started process (PID=5744) to work on /home/airflow/.local/lib/python3.12/site-packages/airflow/example_dags/example_branch_operator.py
[2024-10-06T19:18:30.458+0000] {processor.py:914} INFO - Processing file /home/airflow/.local/lib/python3.12/site-packages/airflow/example_dags/example_branch_operator.py for tasks to queue
[2024-10-06T19:18:30.460+0000] {logging_mixin.py:190} INFO - [2024-10-06T19:18:30.459+0000] {dagbag.py:588} INFO - Filling up the DagBag from /home/airflow/.local/lib/python3.12/site-packages/airflow/example_dags/example_branch_operator.py
[2024-10-06T19:18:30.474+0000] {processor.py:925} INFO - DAG(s) 'example_branch_operator' retrieved from /home/airflow/.local/lib/python3.12/site-packages/airflow/example_dags/example_branch_operator.py
[2024-10-06T19:18:30.497+0000] {logging_mixin.py:190} INFO - [2024-10-06T19:18:30.497+0000] {dag.py:3239} INFO - Sync 1 DAGs
[2024-10-06T19:18:30.515+0000] {logging_mixin.py:190} INFO - [2024-10-06T19:18:30.515+0000] {dag.py:4180} INFO - Setting next_dagrun for example_branch_operator to 2024-10-05 00:00:00+00:00, run_after=2024-10-06 00:00:00+00:00
[2024-10-06T19:18:30.531+0000] {processor.py:208} INFO - Processing /home/airflow/.local/lib/python3.12/site-packages/airflow/example_dags/example_branch_operator.py took 0.079 seconds
[2024-10-06T19:19:00.889+0000] {processor.py:186} INFO - Started process (PID=6038) to work on /home/airflow/.local/lib/python3.12/site-packages/airflow/example_dags/example_branch_operator.py
[2024-10-06T19:19:00.890+0000] {processor.py:914} INFO - Processing file /home/airflow/.local/lib/python3.12/site-packages/airflow/example_dags/example_branch_operator.py for tasks to queue
[2024-10-06T19:19:00.893+0000] {logging_mixin.py:190} INFO - [2024-10-06T19:19:00.892+0000] {dagbag.py:588} INFO - Filling up the DagBag from /home/airflow/.local/lib/python3.12/site-packages/airflow/example_dags/example_branch_operator.py
[2024-10-06T19:19:00.910+0000] {processor.py:925} INFO - DAG(s) 'example_branch_operator' retrieved from /home/airflow/.local/lib/python3.12/site-packages/airflow/example_dags/example_branch_operator.py
[2024-10-06T19:19:00.937+0000] {logging_mixin.py:190} INFO - [2024-10-06T19:19:00.936+0000] {dag.py:3239} INFO - Sync 1 DAGs
[2024-10-06T19:19:00.961+0000] {logging_mixin.py:190} INFO - [2024-10-06T19:19:00.961+0000] {dag.py:4180} INFO - Setting next_dagrun for example_branch_operator to 2024-10-05 00:00:00+00:00, run_after=2024-10-06 00:00:00+00:00
[2024-10-06T19:19:00.980+0000] {processor.py:208} INFO - Processing /home/airflow/.local/lib/python3.12/site-packages/airflow/example_dags/example_branch_operator.py took 0.095 seconds
[2024-10-06T19:19:31.205+0000] {processor.py:186} INFO - Started process (PID=6329) to work on /home/airflow/.local/lib/python3.12/site-packages/airflow/example_dags/example_branch_operator.py
[2024-10-06T19:19:31.206+0000] {processor.py:914} INFO - Processing file /home/airflow/.local/lib/python3.12/site-packages/airflow/example_dags/example_branch_operator.py for tasks to queue
[2024-10-06T19:19:31.208+0000] {logging_mixin.py:190} INFO - [2024-10-06T19:19:31.208+0000] {dagbag.py:588} INFO - Filling up the DagBag from /home/airflow/.local/lib/python3.12/site-packages/airflow/example_dags/example_branch_operator.py
[2024-10-06T19:19:31.222+0000] {processor.py:925} INFO - DAG(s) 'example_branch_operator' retrieved from /home/airflow/.local/lib/python3.12/site-packages/airflow/example_dags/example_branch_operator.py
[2024-10-06T19:19:31.245+0000] {logging_mixin.py:190} INFO - [2024-10-06T19:19:31.245+0000] {dag.py:3239} INFO - Sync 1 DAGs
[2024-10-06T19:19:31.265+0000] {logging_mixin.py:190} INFO - [2024-10-06T19:19:31.265+0000] {dag.py:4180} INFO - Setting next_dagrun for example_branch_operator to 2024-10-05 00:00:00+00:00, run_after=2024-10-06 00:00:00+00:00
[2024-10-06T19:19:31.284+0000] {processor.py:208} INFO - Processing /home/airflow/.local/lib/python3.12/site-packages/airflow/example_dags/example_branch_operator.py took 0.083 seconds
[2024-10-06T19:20:01.579+0000] {processor.py:186} INFO - Started process (PID=6620) to work on /home/airflow/.local/lib/python3.12/site-packages/airflow/example_dags/example_branch_operator.py
[2024-10-06T19:20:01.579+0000] {processor.py:914} INFO - Processing file /home/airflow/.local/lib/python3.12/site-packages/airflow/example_dags/example_branch_operator.py for tasks to queue
[2024-10-06T19:20:01.581+0000] {logging_mixin.py:190} INFO - [2024-10-06T19:20:01.581+0000] {dagbag.py:588} INFO - Filling up the DagBag from /home/airflow/.local/lib/python3.12/site-packages/airflow/example_dags/example_branch_operator.py
[2024-10-06T19:20:01.595+0000] {processor.py:925} INFO - DAG(s) 'example_branch_operator' retrieved from /home/airflow/.local/lib/python3.12/site-packages/airflow/example_dags/example_branch_operator.py
[2024-10-06T19:20:01.620+0000] {logging_mixin.py:190} INFO - [2024-10-06T19:20:01.619+0000] {dag.py:3239} INFO - Sync 1 DAGs
[2024-10-06T19:20:01.642+0000] {logging_mixin.py:190} INFO - [2024-10-06T19:20:01.642+0000] {dag.py:4180} INFO - Setting next_dagrun for example_branch_operator to 2024-10-05 00:00:00+00:00, run_after=2024-10-06 00:00:00+00:00
[2024-10-06T19:20:01.662+0000] {processor.py:208} INFO - Processing /home/airflow/.local/lib/python3.12/site-packages/airflow/example_dags/example_branch_operator.py took 0.088 seconds
[2024-10-06T19:20:32.012+0000] {processor.py:186} INFO - Started process (PID=6913) to work on /home/airflow/.local/lib/python3.12/site-packages/airflow/example_dags/example_branch_operator.py
[2024-10-06T19:20:32.013+0000] {processor.py:914} INFO - Processing file /home/airflow/.local/lib/python3.12/site-packages/airflow/example_dags/example_branch_operator.py for tasks to queue
[2024-10-06T19:20:32.015+0000] {logging_mixin.py:190} INFO - [2024-10-06T19:20:32.015+0000] {dagbag.py:588} INFO - Filling up the DagBag from /home/airflow/.local/lib/python3.12/site-packages/airflow/example_dags/example_branch_operator.py
[2024-10-06T19:20:32.029+0000] {processor.py:925} INFO - DAG(s) 'example_branch_operator' retrieved from /home/airflow/.local/lib/python3.12/site-packages/airflow/example_dags/example_branch_operator.py
[2024-10-06T19:20:32.053+0000] {logging_mixin.py:190} INFO - [2024-10-06T19:20:32.053+0000] {dag.py:3239} INFO - Sync 1 DAGs
[2024-10-06T19:20:32.076+0000] {logging_mixin.py:190} INFO - [2024-10-06T19:20:32.076+0000] {dag.py:4180} INFO - Setting next_dagrun for example_branch_operator to 2024-10-05 00:00:00+00:00, run_after=2024-10-06 00:00:00+00:00
[2024-10-06T19:20:32.097+0000] {processor.py:208} INFO - Processing /home/airflow/.local/lib/python3.12/site-packages/airflow/example_dags/example_branch_operator.py took 0.088 seconds
[2024-10-06T19:21:02.306+0000] {processor.py:186} INFO - Started process (PID=7202) to work on /home/airflow/.local/lib/python3.12/site-packages/airflow/example_dags/example_branch_operator.py
[2024-10-06T19:21:02.306+0000] {processor.py:914} INFO - Processing file /home/airflow/.local/lib/python3.12/site-packages/airflow/example_dags/example_branch_operator.py for tasks to queue
[2024-10-06T19:21:02.308+0000] {logging_mixin.py:190} INFO - [2024-10-06T19:21:02.308+0000] {dagbag.py:588} INFO - Filling up the DagBag from /home/airflow/.local/lib/python3.12/site-packages/airflow/example_dags/example_branch_operator.py
[2024-10-06T19:21:02.321+0000] {processor.py:925} INFO - DAG(s) 'example_branch_operator' retrieved from /home/airflow/.local/lib/python3.12/site-packages/airflow/example_dags/example_branch_operator.py
[2024-10-06T19:21:02.345+0000] {logging_mixin.py:190} INFO - [2024-10-06T19:21:02.344+0000] {dag.py:3239} INFO - Sync 1 DAGs
[2024-10-06T19:21:02.367+0000] {logging_mixin.py:190} INFO - [2024-10-06T19:21:02.367+0000] {dag.py:4180} INFO - Setting next_dagrun for example_branch_operator to 2024-10-05 00:00:00+00:00, run_after=2024-10-06 00:00:00+00:00
[2024-10-06T19:21:02.383+0000] {processor.py:208} INFO - Processing /home/airflow/.local/lib/python3.12/site-packages/airflow/example_dags/example_branch_operator.py took 0.082 seconds
[2024-10-06T19:21:32.781+0000] {processor.py:186} INFO - Started process (PID=7500) to work on /home/airflow/.local/lib/python3.12/site-packages/airflow/example_dags/example_branch_operator.py
[2024-10-06T19:21:32.782+0000] {processor.py:914} INFO - Processing file /home/airflow/.local/lib/python3.12/site-packages/airflow/example_dags/example_branch_operator.py for tasks to queue
[2024-10-06T19:21:32.784+0000] {logging_mixin.py:190} INFO - [2024-10-06T19:21:32.784+0000] {dagbag.py:588} INFO - Filling up the DagBag from /home/airflow/.local/lib/python3.12/site-packages/airflow/example_dags/example_branch_operator.py
[2024-10-06T19:21:32.798+0000] {processor.py:925} INFO - DAG(s) 'example_branch_operator' retrieved from /home/airflow/.local/lib/python3.12/site-packages/airflow/example_dags/example_branch_operator.py
[2024-10-06T19:21:32.825+0000] {logging_mixin.py:190} INFO - [2024-10-06T19:21:32.825+0000] {dag.py:3239} INFO - Sync 1 DAGs
[2024-10-06T19:21:32.847+0000] {logging_mixin.py:190} INFO - [2024-10-06T19:21:32.846+0000] {dag.py:4180} INFO - Setting next_dagrun for example_branch_operator to 2024-10-05 00:00:00+00:00, run_after=2024-10-06 00:00:00+00:00
[2024-10-06T19:21:32.866+0000] {processor.py:208} INFO - Processing /home/airflow/.local/lib/python3.12/site-packages/airflow/example_dags/example_branch_operator.py took 0.089 seconds
