[2024-10-06T19:08:55.063+0000] {processor.py:186} INFO - Started process (PID=264) to work on /home/airflow/.local/lib/python3.12/site-packages/airflow/example_dags/example_setup_teardown_taskflow.py
[2024-10-06T19:08:55.064+0000] {processor.py:914} INFO - Processing file /home/airflow/.local/lib/python3.12/site-packages/airflow/example_dags/example_setup_teardown_taskflow.py for tasks to queue
[2024-10-06T19:08:55.065+0000] {logging_mixin.py:190} INFO - [2024-10-06T19:08:55.065+0000] {dagbag.py:588} INFO - Filling up the DagBag from /home/airflow/.local/lib/python3.12/site-packages/airflow/example_dags/example_setup_teardown_taskflow.py
[2024-10-06T19:08:55.078+0000] {processor.py:925} INFO - DAG(s) 'example_setup_teardown_taskflow' retrieved from /home/airflow/.local/lib/python3.12/site-packages/airflow/example_dags/example_setup_teardown_taskflow.py
[2024-10-06T19:08:55.204+0000] {logging_mixin.py:190} INFO - [2024-10-06T19:08:55.203+0000] {override.py:1900} INFO - Created Permission View: can delete on DAG:example_setup_teardown_taskflow
[2024-10-06T19:08:55.214+0000] {logging_mixin.py:190} INFO - [2024-10-06T19:08:55.214+0000] {override.py:1900} INFO - Created Permission View: can edit on DAG:example_setup_teardown_taskflow
[2024-10-06T19:08:55.221+0000] {logging_mixin.py:190} INFO - [2024-10-06T19:08:55.221+0000] {override.py:1900} INFO - Created Permission View: can read on DAG:example_setup_teardown_taskflow
[2024-10-06T19:08:55.229+0000] {logging_mixin.py:190} INFO - [2024-10-06T19:08:55.228+0000] {override.py:1900} INFO - Created Permission View: can delete on DAG Run:example_setup_teardown_taskflow
[2024-10-06T19:08:55.236+0000] {logging_mixin.py:190} INFO - [2024-10-06T19:08:55.236+0000] {override.py:1900} INFO - Created Permission View: can create on DAG Run:example_setup_teardown_taskflow
[2024-10-06T19:08:55.243+0000] {logging_mixin.py:190} INFO - [2024-10-06T19:08:55.243+0000] {override.py:1900} INFO - Created Permission View: can read on DAG Run:example_setup_teardown_taskflow
[2024-10-06T19:08:55.250+0000] {logging_mixin.py:190} INFO - [2024-10-06T19:08:55.249+0000] {override.py:1900} INFO - Created Permission View: menu access on DAG Run:example_setup_teardown_taskflow
[2024-10-06T19:08:55.251+0000] {logging_mixin.py:190} INFO - [2024-10-06T19:08:55.250+0000] {dag.py:3239} INFO - Sync 1 DAGs
[2024-10-06T19:08:55.268+0000] {logging_mixin.py:190} INFO - [2024-10-06T19:08:55.268+0000] {dag.py:3262} INFO - Creating ORM DAG for example_setup_teardown_taskflow
[2024-10-06T19:08:55.270+0000] {logging_mixin.py:190} INFO - [2024-10-06T19:08:55.269+0000] {dag.py:4180} INFO - Setting next_dagrun for example_setup_teardown_taskflow to None, run_after=None
[2024-10-06T19:08:55.294+0000] {processor.py:208} INFO - Processing /home/airflow/.local/lib/python3.12/site-packages/airflow/example_dags/example_setup_teardown_taskflow.py took 0.237 seconds
[2024-10-06T19:09:25.774+0000] {processor.py:186} INFO - Started process (PID=550) to work on /home/airflow/.local/lib/python3.12/site-packages/airflow/example_dags/example_setup_teardown_taskflow.py
[2024-10-06T19:09:25.775+0000] {processor.py:914} INFO - Processing file /home/airflow/.local/lib/python3.12/site-packages/airflow/example_dags/example_setup_teardown_taskflow.py for tasks to queue
[2024-10-06T19:09:25.778+0000] {logging_mixin.py:190} INFO - [2024-10-06T19:09:25.778+0000] {dagbag.py:588} INFO - Filling up the DagBag from /home/airflow/.local/lib/python3.12/site-packages/airflow/example_dags/example_setup_teardown_taskflow.py
[2024-10-06T19:09:25.788+0000] {processor.py:925} INFO - DAG(s) 'example_setup_teardown_taskflow' retrieved from /home/airflow/.local/lib/python3.12/site-packages/airflow/example_dags/example_setup_teardown_taskflow.py
[2024-10-06T19:09:25.813+0000] {logging_mixin.py:190} INFO - [2024-10-06T19:09:25.812+0000] {dag.py:3239} INFO - Sync 1 DAGs
[2024-10-06T19:09:25.828+0000] {logging_mixin.py:190} INFO - [2024-10-06T19:09:25.828+0000] {dag.py:4180} INFO - Setting next_dagrun for example_setup_teardown_taskflow to None, run_after=None
[2024-10-06T19:09:25.854+0000] {processor.py:208} INFO - Processing /home/airflow/.local/lib/python3.12/site-packages/airflow/example_dags/example_setup_teardown_taskflow.py took 0.085 seconds
[2024-10-06T19:09:55.960+0000] {processor.py:186} INFO - Started process (PID=836) to work on /home/airflow/.local/lib/python3.12/site-packages/airflow/example_dags/example_setup_teardown_taskflow.py
[2024-10-06T19:09:55.961+0000] {processor.py:914} INFO - Processing file /home/airflow/.local/lib/python3.12/site-packages/airflow/example_dags/example_setup_teardown_taskflow.py for tasks to queue
[2024-10-06T19:09:55.963+0000] {logging_mixin.py:190} INFO - [2024-10-06T19:09:55.962+0000] {dagbag.py:588} INFO - Filling up the DagBag from /home/airflow/.local/lib/python3.12/site-packages/airflow/example_dags/example_setup_teardown_taskflow.py
[2024-10-06T19:09:55.972+0000] {processor.py:925} INFO - DAG(s) 'example_setup_teardown_taskflow' retrieved from /home/airflow/.local/lib/python3.12/site-packages/airflow/example_dags/example_setup_teardown_taskflow.py
[2024-10-06T19:09:55.992+0000] {logging_mixin.py:190} INFO - [2024-10-06T19:09:55.992+0000] {dag.py:3239} INFO - Sync 1 DAGs
[2024-10-06T19:09:56.006+0000] {logging_mixin.py:190} INFO - [2024-10-06T19:09:56.006+0000] {dag.py:4180} INFO - Setting next_dagrun for example_setup_teardown_taskflow to None, run_after=None
[2024-10-06T19:09:56.033+0000] {processor.py:208} INFO - Processing /home/airflow/.local/lib/python3.12/site-packages/airflow/example_dags/example_setup_teardown_taskflow.py took 0.078 seconds
[2024-10-06T19:10:26.312+0000] {processor.py:186} INFO - Started process (PID=1122) to work on /home/airflow/.local/lib/python3.12/site-packages/airflow/example_dags/example_setup_teardown_taskflow.py
[2024-10-06T19:10:26.313+0000] {processor.py:914} INFO - Processing file /home/airflow/.local/lib/python3.12/site-packages/airflow/example_dags/example_setup_teardown_taskflow.py for tasks to queue
[2024-10-06T19:10:26.316+0000] {logging_mixin.py:190} INFO - [2024-10-06T19:10:26.315+0000] {dagbag.py:588} INFO - Filling up the DagBag from /home/airflow/.local/lib/python3.12/site-packages/airflow/example_dags/example_setup_teardown_taskflow.py
[2024-10-06T19:10:26.328+0000] {processor.py:925} INFO - DAG(s) 'example_setup_teardown_taskflow' retrieved from /home/airflow/.local/lib/python3.12/site-packages/airflow/example_dags/example_setup_teardown_taskflow.py
[2024-10-06T19:10:26.349+0000] {logging_mixin.py:190} INFO - [2024-10-06T19:10:26.349+0000] {dag.py:3239} INFO - Sync 1 DAGs
[2024-10-06T19:10:26.366+0000] {logging_mixin.py:190} INFO - [2024-10-06T19:10:26.366+0000] {dag.py:4180} INFO - Setting next_dagrun for example_setup_teardown_taskflow to None, run_after=None
[2024-10-06T19:10:26.387+0000] {processor.py:208} INFO - Processing /home/airflow/.local/lib/python3.12/site-packages/airflow/example_dags/example_setup_teardown_taskflow.py took 0.079 seconds
[2024-10-06T19:10:56.840+0000] {processor.py:186} INFO - Started process (PID=1432) to work on /home/airflow/.local/lib/python3.12/site-packages/airflow/example_dags/example_setup_teardown_taskflow.py
[2024-10-06T19:10:56.841+0000] {processor.py:914} INFO - Processing file /home/airflow/.local/lib/python3.12/site-packages/airflow/example_dags/example_setup_teardown_taskflow.py for tasks to queue
[2024-10-06T19:10:56.842+0000] {logging_mixin.py:190} INFO - [2024-10-06T19:10:56.842+0000] {dagbag.py:588} INFO - Filling up the DagBag from /home/airflow/.local/lib/python3.12/site-packages/airflow/example_dags/example_setup_teardown_taskflow.py
[2024-10-06T19:10:56.850+0000] {processor.py:925} INFO - DAG(s) 'example_setup_teardown_taskflow' retrieved from /home/airflow/.local/lib/python3.12/site-packages/airflow/example_dags/example_setup_teardown_taskflow.py
[2024-10-06T19:10:56.868+0000] {logging_mixin.py:190} INFO - [2024-10-06T19:10:56.867+0000] {dag.py:3239} INFO - Sync 1 DAGs
[2024-10-06T19:10:56.879+0000] {logging_mixin.py:190} INFO - [2024-10-06T19:10:56.879+0000] {dag.py:4180} INFO - Setting next_dagrun for example_setup_teardown_taskflow to None, run_after=None
[2024-10-06T19:10:56.896+0000] {processor.py:208} INFO - Processing /home/airflow/.local/lib/python3.12/site-packages/airflow/example_dags/example_setup_teardown_taskflow.py took 0.060 seconds
[2024-10-06T19:11:27.154+0000] {processor.py:186} INFO - Started process (PID=1718) to work on /home/airflow/.local/lib/python3.12/site-packages/airflow/example_dags/example_setup_teardown_taskflow.py
[2024-10-06T19:11:27.154+0000] {processor.py:914} INFO - Processing file /home/airflow/.local/lib/python3.12/site-packages/airflow/example_dags/example_setup_teardown_taskflow.py for tasks to queue
[2024-10-06T19:11:27.156+0000] {logging_mixin.py:190} INFO - [2024-10-06T19:11:27.156+0000] {dagbag.py:588} INFO - Filling up the DagBag from /home/airflow/.local/lib/python3.12/site-packages/airflow/example_dags/example_setup_teardown_taskflow.py
[2024-10-06T19:11:27.167+0000] {processor.py:925} INFO - DAG(s) 'example_setup_teardown_taskflow' retrieved from /home/airflow/.local/lib/python3.12/site-packages/airflow/example_dags/example_setup_teardown_taskflow.py
[2024-10-06T19:11:27.187+0000] {logging_mixin.py:190} INFO - [2024-10-06T19:11:27.187+0000] {dag.py:3239} INFO - Sync 1 DAGs
[2024-10-06T19:11:27.200+0000] {logging_mixin.py:190} INFO - [2024-10-06T19:11:27.200+0000] {dag.py:4180} INFO - Setting next_dagrun for example_setup_teardown_taskflow to None, run_after=None
[2024-10-06T19:11:27.222+0000] {processor.py:208} INFO - Processing /home/airflow/.local/lib/python3.12/site-packages/airflow/example_dags/example_setup_teardown_taskflow.py took 0.072 seconds
[2024-10-06T19:11:57.541+0000] {processor.py:186} INFO - Started process (PID=2004) to work on /home/airflow/.local/lib/python3.12/site-packages/airflow/example_dags/example_setup_teardown_taskflow.py
[2024-10-06T19:11:57.542+0000] {processor.py:914} INFO - Processing file /home/airflow/.local/lib/python3.12/site-packages/airflow/example_dags/example_setup_teardown_taskflow.py for tasks to queue
[2024-10-06T19:11:57.545+0000] {logging_mixin.py:190} INFO - [2024-10-06T19:11:57.544+0000] {dagbag.py:588} INFO - Filling up the DagBag from /home/airflow/.local/lib/python3.12/site-packages/airflow/example_dags/example_setup_teardown_taskflow.py
[2024-10-06T19:11:57.554+0000] {processor.py:925} INFO - DAG(s) 'example_setup_teardown_taskflow' retrieved from /home/airflow/.local/lib/python3.12/site-packages/airflow/example_dags/example_setup_teardown_taskflow.py
[2024-10-06T19:11:57.575+0000] {logging_mixin.py:190} INFO - [2024-10-06T19:11:57.574+0000] {dag.py:3239} INFO - Sync 1 DAGs
[2024-10-06T19:11:57.590+0000] {logging_mixin.py:190} INFO - [2024-10-06T19:11:57.590+0000] {dag.py:4180} INFO - Setting next_dagrun for example_setup_teardown_taskflow to None, run_after=None
[2024-10-06T19:11:57.609+0000] {processor.py:208} INFO - Processing /home/airflow/.local/lib/python3.12/site-packages/airflow/example_dags/example_setup_teardown_taskflow.py took 0.073 seconds
[2024-10-06T19:12:27.957+0000] {processor.py:186} INFO - Started process (PID=2290) to work on /home/airflow/.local/lib/python3.12/site-packages/airflow/example_dags/example_setup_teardown_taskflow.py
[2024-10-06T19:12:27.958+0000] {processor.py:914} INFO - Processing file /home/airflow/.local/lib/python3.12/site-packages/airflow/example_dags/example_setup_teardown_taskflow.py for tasks to queue
[2024-10-06T19:12:27.959+0000] {logging_mixin.py:190} INFO - [2024-10-06T19:12:27.959+0000] {dagbag.py:588} INFO - Filling up the DagBag from /home/airflow/.local/lib/python3.12/site-packages/airflow/example_dags/example_setup_teardown_taskflow.py
[2024-10-06T19:12:27.968+0000] {processor.py:925} INFO - DAG(s) 'example_setup_teardown_taskflow' retrieved from /home/airflow/.local/lib/python3.12/site-packages/airflow/example_dags/example_setup_teardown_taskflow.py
[2024-10-06T19:12:27.988+0000] {logging_mixin.py:190} INFO - [2024-10-06T19:12:27.987+0000] {dag.py:3239} INFO - Sync 1 DAGs
[2024-10-06T19:12:28.001+0000] {logging_mixin.py:190} INFO - [2024-10-06T19:12:28.001+0000] {dag.py:4180} INFO - Setting next_dagrun for example_setup_teardown_taskflow to None, run_after=None
[2024-10-06T19:12:28.020+0000] {processor.py:208} INFO - Processing /home/airflow/.local/lib/python3.12/site-packages/airflow/example_dags/example_setup_teardown_taskflow.py took 0.067 seconds
[2024-10-06T19:12:58.327+0000] {processor.py:186} INFO - Started process (PID=2576) to work on /home/airflow/.local/lib/python3.12/site-packages/airflow/example_dags/example_setup_teardown_taskflow.py
[2024-10-06T19:12:58.327+0000] {processor.py:914} INFO - Processing file /home/airflow/.local/lib/python3.12/site-packages/airflow/example_dags/example_setup_teardown_taskflow.py for tasks to queue
[2024-10-06T19:12:58.329+0000] {logging_mixin.py:190} INFO - [2024-10-06T19:12:58.329+0000] {dagbag.py:588} INFO - Filling up the DagBag from /home/airflow/.local/lib/python3.12/site-packages/airflow/example_dags/example_setup_teardown_taskflow.py
[2024-10-06T19:12:58.338+0000] {processor.py:925} INFO - DAG(s) 'example_setup_teardown_taskflow' retrieved from /home/airflow/.local/lib/python3.12/site-packages/airflow/example_dags/example_setup_teardown_taskflow.py
[2024-10-06T19:12:58.359+0000] {logging_mixin.py:190} INFO - [2024-10-06T19:12:58.359+0000] {dag.py:3239} INFO - Sync 1 DAGs
[2024-10-06T19:12:58.373+0000] {logging_mixin.py:190} INFO - [2024-10-06T19:12:58.373+0000] {dag.py:4180} INFO - Setting next_dagrun for example_setup_teardown_taskflow to None, run_after=None
[2024-10-06T19:12:58.393+0000] {processor.py:208} INFO - Processing /home/airflow/.local/lib/python3.12/site-packages/airflow/example_dags/example_setup_teardown_taskflow.py took 0.073 seconds
[2024-10-06T19:13:28.806+0000] {processor.py:186} INFO - Started process (PID=2862) to work on /home/airflow/.local/lib/python3.12/site-packages/airflow/example_dags/example_setup_teardown_taskflow.py
[2024-10-06T19:13:28.807+0000] {processor.py:914} INFO - Processing file /home/airflow/.local/lib/python3.12/site-packages/airflow/example_dags/example_setup_teardown_taskflow.py for tasks to queue
[2024-10-06T19:13:28.809+0000] {logging_mixin.py:190} INFO - [2024-10-06T19:13:28.808+0000] {dagbag.py:588} INFO - Filling up the DagBag from /home/airflow/.local/lib/python3.12/site-packages/airflow/example_dags/example_setup_teardown_taskflow.py
[2024-10-06T19:13:28.817+0000] {processor.py:925} INFO - DAG(s) 'example_setup_teardown_taskflow' retrieved from /home/airflow/.local/lib/python3.12/site-packages/airflow/example_dags/example_setup_teardown_taskflow.py
[2024-10-06T19:13:28.836+0000] {logging_mixin.py:190} INFO - [2024-10-06T19:13:28.836+0000] {dag.py:3239} INFO - Sync 1 DAGs
[2024-10-06T19:13:28.850+0000] {logging_mixin.py:190} INFO - [2024-10-06T19:13:28.850+0000] {dag.py:4180} INFO - Setting next_dagrun for example_setup_teardown_taskflow to None, run_after=None
[2024-10-06T19:13:28.868+0000] {processor.py:208} INFO - Processing /home/airflow/.local/lib/python3.12/site-packages/airflow/example_dags/example_setup_teardown_taskflow.py took 0.066 seconds
[2024-10-06T19:13:59.136+0000] {processor.py:186} INFO - Started process (PID=3153) to work on /home/airflow/.local/lib/python3.12/site-packages/airflow/example_dags/example_setup_teardown_taskflow.py
[2024-10-06T19:13:59.137+0000] {processor.py:914} INFO - Processing file /home/airflow/.local/lib/python3.12/site-packages/airflow/example_dags/example_setup_teardown_taskflow.py for tasks to queue
[2024-10-06T19:13:59.139+0000] {logging_mixin.py:190} INFO - [2024-10-06T19:13:59.139+0000] {dagbag.py:588} INFO - Filling up the DagBag from /home/airflow/.local/lib/python3.12/site-packages/airflow/example_dags/example_setup_teardown_taskflow.py
[2024-10-06T19:13:59.149+0000] {processor.py:925} INFO - DAG(s) 'example_setup_teardown_taskflow' retrieved from /home/airflow/.local/lib/python3.12/site-packages/airflow/example_dags/example_setup_teardown_taskflow.py
[2024-10-06T19:13:59.169+0000] {logging_mixin.py:190} INFO - [2024-10-06T19:13:59.169+0000] {dag.py:3239} INFO - Sync 1 DAGs
[2024-10-06T19:13:59.182+0000] {logging_mixin.py:190} INFO - [2024-10-06T19:13:59.182+0000] {dag.py:4180} INFO - Setting next_dagrun for example_setup_teardown_taskflow to None, run_after=None
[2024-10-06T19:13:59.203+0000] {processor.py:208} INFO - Processing /home/airflow/.local/lib/python3.12/site-packages/airflow/example_dags/example_setup_teardown_taskflow.py took 0.072 seconds
[2024-10-06T19:14:29.361+0000] {processor.py:186} INFO - Started process (PID=3444) to work on /home/airflow/.local/lib/python3.12/site-packages/airflow/example_dags/example_setup_teardown_taskflow.py
[2024-10-06T19:14:29.362+0000] {processor.py:914} INFO - Processing file /home/airflow/.local/lib/python3.12/site-packages/airflow/example_dags/example_setup_teardown_taskflow.py for tasks to queue
[2024-10-06T19:14:29.364+0000] {logging_mixin.py:190} INFO - [2024-10-06T19:14:29.363+0000] {dagbag.py:588} INFO - Filling up the DagBag from /home/airflow/.local/lib/python3.12/site-packages/airflow/example_dags/example_setup_teardown_taskflow.py
[2024-10-06T19:14:29.371+0000] {processor.py:925} INFO - DAG(s) 'example_setup_teardown_taskflow' retrieved from /home/airflow/.local/lib/python3.12/site-packages/airflow/example_dags/example_setup_teardown_taskflow.py
[2024-10-06T19:14:29.388+0000] {logging_mixin.py:190} INFO - [2024-10-06T19:14:29.388+0000] {dag.py:3239} INFO - Sync 1 DAGs
[2024-10-06T19:14:29.401+0000] {logging_mixin.py:190} INFO - [2024-10-06T19:14:29.401+0000] {dag.py:4180} INFO - Setting next_dagrun for example_setup_teardown_taskflow to None, run_after=None
[2024-10-06T19:14:29.418+0000] {processor.py:208} INFO - Processing /home/airflow/.local/lib/python3.12/site-packages/airflow/example_dags/example_setup_teardown_taskflow.py took 0.060 seconds
[2024-10-06T19:14:59.776+0000] {processor.py:186} INFO - Started process (PID=3735) to work on /home/airflow/.local/lib/python3.12/site-packages/airflow/example_dags/example_setup_teardown_taskflow.py
[2024-10-06T19:14:59.777+0000] {processor.py:914} INFO - Processing file /home/airflow/.local/lib/python3.12/site-packages/airflow/example_dags/example_setup_teardown_taskflow.py for tasks to queue
[2024-10-06T19:14:59.779+0000] {logging_mixin.py:190} INFO - [2024-10-06T19:14:59.779+0000] {dagbag.py:588} INFO - Filling up the DagBag from /home/airflow/.local/lib/python3.12/site-packages/airflow/example_dags/example_setup_teardown_taskflow.py
[2024-10-06T19:14:59.787+0000] {processor.py:925} INFO - DAG(s) 'example_setup_teardown_taskflow' retrieved from /home/airflow/.local/lib/python3.12/site-packages/airflow/example_dags/example_setup_teardown_taskflow.py
[2024-10-06T19:14:59.806+0000] {logging_mixin.py:190} INFO - [2024-10-06T19:14:59.805+0000] {dag.py:3239} INFO - Sync 1 DAGs
[2024-10-06T19:14:59.819+0000] {logging_mixin.py:190} INFO - [2024-10-06T19:14:59.818+0000] {dag.py:4180} INFO - Setting next_dagrun for example_setup_teardown_taskflow to None, run_after=None
[2024-10-06T19:14:59.835+0000] {processor.py:208} INFO - Processing /home/airflow/.local/lib/python3.12/site-packages/airflow/example_dags/example_setup_teardown_taskflow.py took 0.063 seconds
[2024-10-06T19:15:30.039+0000] {processor.py:186} INFO - Started process (PID=4031) to work on /home/airflow/.local/lib/python3.12/site-packages/airflow/example_dags/example_setup_teardown_taskflow.py
[2024-10-06T19:15:30.040+0000] {processor.py:914} INFO - Processing file /home/airflow/.local/lib/python3.12/site-packages/airflow/example_dags/example_setup_teardown_taskflow.py for tasks to queue
[2024-10-06T19:15:30.042+0000] {logging_mixin.py:190} INFO - [2024-10-06T19:15:30.042+0000] {dagbag.py:588} INFO - Filling up the DagBag from /home/airflow/.local/lib/python3.12/site-packages/airflow/example_dags/example_setup_teardown_taskflow.py
[2024-10-06T19:15:30.051+0000] {processor.py:925} INFO - DAG(s) 'example_setup_teardown_taskflow' retrieved from /home/airflow/.local/lib/python3.12/site-packages/airflow/example_dags/example_setup_teardown_taskflow.py
[2024-10-06T19:15:30.070+0000] {logging_mixin.py:190} INFO - [2024-10-06T19:15:30.070+0000] {dag.py:3239} INFO - Sync 1 DAGs
[2024-10-06T19:15:30.085+0000] {logging_mixin.py:190} INFO - [2024-10-06T19:15:30.084+0000] {dag.py:4180} INFO - Setting next_dagrun for example_setup_teardown_taskflow to None, run_after=None
[2024-10-06T19:15:30.106+0000] {processor.py:208} INFO - Processing /home/airflow/.local/lib/python3.12/site-packages/airflow/example_dags/example_setup_teardown_taskflow.py took 0.071 seconds
[2024-10-06T19:16:00.247+0000] {processor.py:186} INFO - Started process (PID=4322) to work on /home/airflow/.local/lib/python3.12/site-packages/airflow/example_dags/example_setup_teardown_taskflow.py
[2024-10-06T19:16:00.248+0000] {processor.py:914} INFO - Processing file /home/airflow/.local/lib/python3.12/site-packages/airflow/example_dags/example_setup_teardown_taskflow.py for tasks to queue
[2024-10-06T19:16:00.251+0000] {logging_mixin.py:190} INFO - [2024-10-06T19:16:00.250+0000] {dagbag.py:588} INFO - Filling up the DagBag from /home/airflow/.local/lib/python3.12/site-packages/airflow/example_dags/example_setup_teardown_taskflow.py
[2024-10-06T19:16:00.260+0000] {processor.py:925} INFO - DAG(s) 'example_setup_teardown_taskflow' retrieved from /home/airflow/.local/lib/python3.12/site-packages/airflow/example_dags/example_setup_teardown_taskflow.py
[2024-10-06T19:16:00.279+0000] {logging_mixin.py:190} INFO - [2024-10-06T19:16:00.279+0000] {dag.py:3239} INFO - Sync 1 DAGs
[2024-10-06T19:16:00.292+0000] {logging_mixin.py:190} INFO - [2024-10-06T19:16:00.292+0000] {dag.py:4180} INFO - Setting next_dagrun for example_setup_teardown_taskflow to None, run_after=None
[2024-10-06T19:16:00.310+0000] {processor.py:208} INFO - Processing /home/airflow/.local/lib/python3.12/site-packages/airflow/example_dags/example_setup_teardown_taskflow.py took 0.067 seconds
[2024-10-06T19:16:30.521+0000] {processor.py:186} INFO - Started process (PID=4613) to work on /home/airflow/.local/lib/python3.12/site-packages/airflow/example_dags/example_setup_teardown_taskflow.py
[2024-10-06T19:16:30.522+0000] {processor.py:914} INFO - Processing file /home/airflow/.local/lib/python3.12/site-packages/airflow/example_dags/example_setup_teardown_taskflow.py for tasks to queue
[2024-10-06T19:16:30.524+0000] {logging_mixin.py:190} INFO - [2024-10-06T19:16:30.523+0000] {dagbag.py:588} INFO - Filling up the DagBag from /home/airflow/.local/lib/python3.12/site-packages/airflow/example_dags/example_setup_teardown_taskflow.py
[2024-10-06T19:16:30.532+0000] {processor.py:925} INFO - DAG(s) 'example_setup_teardown_taskflow' retrieved from /home/airflow/.local/lib/python3.12/site-packages/airflow/example_dags/example_setup_teardown_taskflow.py
[2024-10-06T19:16:30.556+0000] {logging_mixin.py:190} INFO - [2024-10-06T19:16:30.556+0000] {dag.py:3239} INFO - Sync 1 DAGs
[2024-10-06T19:16:30.573+0000] {logging_mixin.py:190} INFO - [2024-10-06T19:16:30.573+0000] {dag.py:4180} INFO - Setting next_dagrun for example_setup_teardown_taskflow to None, run_after=None
[2024-10-06T19:16:30.590+0000] {processor.py:208} INFO - Processing /home/airflow/.local/lib/python3.12/site-packages/airflow/example_dags/example_setup_teardown_taskflow.py took 0.072 seconds
[2024-10-06T19:17:00.852+0000] {processor.py:186} INFO - Started process (PID=4904) to work on /home/airflow/.local/lib/python3.12/site-packages/airflow/example_dags/example_setup_teardown_taskflow.py
[2024-10-06T19:17:00.853+0000] {processor.py:914} INFO - Processing file /home/airflow/.local/lib/python3.12/site-packages/airflow/example_dags/example_setup_teardown_taskflow.py for tasks to queue
[2024-10-06T19:17:00.855+0000] {logging_mixin.py:190} INFO - [2024-10-06T19:17:00.854+0000] {dagbag.py:588} INFO - Filling up the DagBag from /home/airflow/.local/lib/python3.12/site-packages/airflow/example_dags/example_setup_teardown_taskflow.py
[2024-10-06T19:17:00.863+0000] {processor.py:925} INFO - DAG(s) 'example_setup_teardown_taskflow' retrieved from /home/airflow/.local/lib/python3.12/site-packages/airflow/example_dags/example_setup_teardown_taskflow.py
[2024-10-06T19:17:00.881+0000] {logging_mixin.py:190} INFO - [2024-10-06T19:17:00.881+0000] {dag.py:3239} INFO - Sync 1 DAGs
[2024-10-06T19:17:00.894+0000] {logging_mixin.py:190} INFO - [2024-10-06T19:17:00.893+0000] {dag.py:4180} INFO - Setting next_dagrun for example_setup_teardown_taskflow to None, run_after=None
[2024-10-06T19:17:00.911+0000] {processor.py:208} INFO - Processing /home/airflow/.local/lib/python3.12/site-packages/airflow/example_dags/example_setup_teardown_taskflow.py took 0.063 seconds
[2024-10-06T19:17:31.296+0000] {processor.py:186} INFO - Started process (PID=5195) to work on /home/airflow/.local/lib/python3.12/site-packages/airflow/example_dags/example_setup_teardown_taskflow.py
[2024-10-06T19:17:31.301+0000] {processor.py:914} INFO - Processing file /home/airflow/.local/lib/python3.12/site-packages/airflow/example_dags/example_setup_teardown_taskflow.py for tasks to queue
[2024-10-06T19:17:31.306+0000] {logging_mixin.py:190} INFO - [2024-10-06T19:17:31.305+0000] {dagbag.py:588} INFO - Filling up the DagBag from /home/airflow/.local/lib/python3.12/site-packages/airflow/example_dags/example_setup_teardown_taskflow.py
[2024-10-06T19:17:31.335+0000] {processor.py:925} INFO - DAG(s) 'example_setup_teardown_taskflow' retrieved from /home/airflow/.local/lib/python3.12/site-packages/airflow/example_dags/example_setup_teardown_taskflow.py
[2024-10-06T19:17:31.364+0000] {logging_mixin.py:190} INFO - [2024-10-06T19:17:31.363+0000] {dag.py:3239} INFO - Sync 1 DAGs
[2024-10-06T19:17:31.380+0000] {logging_mixin.py:190} INFO - [2024-10-06T19:17:31.380+0000] {dag.py:4180} INFO - Setting next_dagrun for example_setup_teardown_taskflow to None, run_after=None
[2024-10-06T19:17:31.400+0000] {processor.py:208} INFO - Processing /home/airflow/.local/lib/python3.12/site-packages/airflow/example_dags/example_setup_teardown_taskflow.py took 0.115 seconds
[2024-10-06T19:18:01.503+0000] {processor.py:186} INFO - Started process (PID=5486) to work on /home/airflow/.local/lib/python3.12/site-packages/airflow/example_dags/example_setup_teardown_taskflow.py
[2024-10-06T19:18:01.504+0000] {processor.py:914} INFO - Processing file /home/airflow/.local/lib/python3.12/site-packages/airflow/example_dags/example_setup_teardown_taskflow.py for tasks to queue
[2024-10-06T19:18:01.506+0000] {logging_mixin.py:190} INFO - [2024-10-06T19:18:01.506+0000] {dagbag.py:588} INFO - Filling up the DagBag from /home/airflow/.local/lib/python3.12/site-packages/airflow/example_dags/example_setup_teardown_taskflow.py
[2024-10-06T19:18:01.514+0000] {processor.py:925} INFO - DAG(s) 'example_setup_teardown_taskflow' retrieved from /home/airflow/.local/lib/python3.12/site-packages/airflow/example_dags/example_setup_teardown_taskflow.py
[2024-10-06T19:18:01.531+0000] {logging_mixin.py:190} INFO - [2024-10-06T19:18:01.531+0000] {dag.py:3239} INFO - Sync 1 DAGs
[2024-10-06T19:18:01.543+0000] {logging_mixin.py:190} INFO - [2024-10-06T19:18:01.543+0000] {dag.py:4180} INFO - Setting next_dagrun for example_setup_teardown_taskflow to None, run_after=None
[2024-10-06T19:18:01.565+0000] {processor.py:208} INFO - Processing /home/airflow/.local/lib/python3.12/site-packages/airflow/example_dags/example_setup_teardown_taskflow.py took 0.066 seconds
[2024-10-06T19:18:31.819+0000] {processor.py:186} INFO - Started process (PID=5777) to work on /home/airflow/.local/lib/python3.12/site-packages/airflow/example_dags/example_setup_teardown_taskflow.py
[2024-10-06T19:18:31.820+0000] {processor.py:914} INFO - Processing file /home/airflow/.local/lib/python3.12/site-packages/airflow/example_dags/example_setup_teardown_taskflow.py for tasks to queue
[2024-10-06T19:18:31.822+0000] {logging_mixin.py:190} INFO - [2024-10-06T19:18:31.822+0000] {dagbag.py:588} INFO - Filling up the DagBag from /home/airflow/.local/lib/python3.12/site-packages/airflow/example_dags/example_setup_teardown_taskflow.py
[2024-10-06T19:18:31.830+0000] {processor.py:925} INFO - DAG(s) 'example_setup_teardown_taskflow' retrieved from /home/airflow/.local/lib/python3.12/site-packages/airflow/example_dags/example_setup_teardown_taskflow.py
[2024-10-06T19:18:31.848+0000] {logging_mixin.py:190} INFO - [2024-10-06T19:18:31.848+0000] {dag.py:3239} INFO - Sync 1 DAGs
[2024-10-06T19:18:31.860+0000] {logging_mixin.py:190} INFO - [2024-10-06T19:18:31.860+0000] {dag.py:4180} INFO - Setting next_dagrun for example_setup_teardown_taskflow to None, run_after=None
[2024-10-06T19:18:31.877+0000] {processor.py:208} INFO - Processing /home/airflow/.local/lib/python3.12/site-packages/airflow/example_dags/example_setup_teardown_taskflow.py took 0.062 seconds
[2024-10-06T19:19:02.282+0000] {processor.py:186} INFO - Started process (PID=6073) to work on /home/airflow/.local/lib/python3.12/site-packages/airflow/example_dags/example_setup_teardown_taskflow.py
[2024-10-06T19:19:02.283+0000] {processor.py:914} INFO - Processing file /home/airflow/.local/lib/python3.12/site-packages/airflow/example_dags/example_setup_teardown_taskflow.py for tasks to queue
[2024-10-06T19:19:02.285+0000] {logging_mixin.py:190} INFO - [2024-10-06T19:19:02.285+0000] {dagbag.py:588} INFO - Filling up the DagBag from /home/airflow/.local/lib/python3.12/site-packages/airflow/example_dags/example_setup_teardown_taskflow.py
[2024-10-06T19:19:02.294+0000] {processor.py:925} INFO - DAG(s) 'example_setup_teardown_taskflow' retrieved from /home/airflow/.local/lib/python3.12/site-packages/airflow/example_dags/example_setup_teardown_taskflow.py
[2024-10-06T19:19:02.313+0000] {logging_mixin.py:190} INFO - [2024-10-06T19:19:02.313+0000] {dag.py:3239} INFO - Sync 1 DAGs
[2024-10-06T19:19:02.326+0000] {logging_mixin.py:190} INFO - [2024-10-06T19:19:02.326+0000] {dag.py:4180} INFO - Setting next_dagrun for example_setup_teardown_taskflow to None, run_after=None
[2024-10-06T19:19:02.344+0000] {processor.py:208} INFO - Processing /home/airflow/.local/lib/python3.12/site-packages/airflow/example_dags/example_setup_teardown_taskflow.py took 0.067 seconds
[2024-10-06T19:19:32.479+0000] {processor.py:186} INFO - Started process (PID=6364) to work on /home/airflow/.local/lib/python3.12/site-packages/airflow/example_dags/example_setup_teardown_taskflow.py
[2024-10-06T19:19:32.480+0000] {processor.py:914} INFO - Processing file /home/airflow/.local/lib/python3.12/site-packages/airflow/example_dags/example_setup_teardown_taskflow.py for tasks to queue
[2024-10-06T19:19:32.482+0000] {logging_mixin.py:190} INFO - [2024-10-06T19:19:32.481+0000] {dagbag.py:588} INFO - Filling up the DagBag from /home/airflow/.local/lib/python3.12/site-packages/airflow/example_dags/example_setup_teardown_taskflow.py
[2024-10-06T19:19:32.490+0000] {processor.py:925} INFO - DAG(s) 'example_setup_teardown_taskflow' retrieved from /home/airflow/.local/lib/python3.12/site-packages/airflow/example_dags/example_setup_teardown_taskflow.py
[2024-10-06T19:19:32.509+0000] {logging_mixin.py:190} INFO - [2024-10-06T19:19:32.509+0000] {dag.py:3239} INFO - Sync 1 DAGs
[2024-10-06T19:19:32.521+0000] {logging_mixin.py:190} INFO - [2024-10-06T19:19:32.521+0000] {dag.py:4180} INFO - Setting next_dagrun for example_setup_teardown_taskflow to None, run_after=None
[2024-10-06T19:19:32.538+0000] {processor.py:208} INFO - Processing /home/airflow/.local/lib/python3.12/site-packages/airflow/example_dags/example_setup_teardown_taskflow.py took 0.065 seconds
[2024-10-06T19:20:02.952+0000] {processor.py:186} INFO - Started process (PID=6655) to work on /home/airflow/.local/lib/python3.12/site-packages/airflow/example_dags/example_setup_teardown_taskflow.py
[2024-10-06T19:20:02.952+0000] {processor.py:914} INFO - Processing file /home/airflow/.local/lib/python3.12/site-packages/airflow/example_dags/example_setup_teardown_taskflow.py for tasks to queue
[2024-10-06T19:20:02.954+0000] {logging_mixin.py:190} INFO - [2024-10-06T19:20:02.954+0000] {dagbag.py:588} INFO - Filling up the DagBag from /home/airflow/.local/lib/python3.12/site-packages/airflow/example_dags/example_setup_teardown_taskflow.py
[2024-10-06T19:20:02.963+0000] {processor.py:925} INFO - DAG(s) 'example_setup_teardown_taskflow' retrieved from /home/airflow/.local/lib/python3.12/site-packages/airflow/example_dags/example_setup_teardown_taskflow.py
[2024-10-06T19:20:02.982+0000] {logging_mixin.py:190} INFO - [2024-10-06T19:20:02.982+0000] {dag.py:3239} INFO - Sync 1 DAGs
[2024-10-06T19:20:02.995+0000] {logging_mixin.py:190} INFO - [2024-10-06T19:20:02.995+0000] {dag.py:4180} INFO - Setting next_dagrun for example_setup_teardown_taskflow to None, run_after=None
[2024-10-06T19:20:03.012+0000] {processor.py:208} INFO - Processing /home/airflow/.local/lib/python3.12/site-packages/airflow/example_dags/example_setup_teardown_taskflow.py took 0.065 seconds
[2024-10-06T19:20:33.359+0000] {processor.py:186} INFO - Started process (PID=6946) to work on /home/airflow/.local/lib/python3.12/site-packages/airflow/example_dags/example_setup_teardown_taskflow.py
[2024-10-06T19:20:33.360+0000] {processor.py:914} INFO - Processing file /home/airflow/.local/lib/python3.12/site-packages/airflow/example_dags/example_setup_teardown_taskflow.py for tasks to queue
[2024-10-06T19:20:33.362+0000] {logging_mixin.py:190} INFO - [2024-10-06T19:20:33.361+0000] {dagbag.py:588} INFO - Filling up the DagBag from /home/airflow/.local/lib/python3.12/site-packages/airflow/example_dags/example_setup_teardown_taskflow.py
[2024-10-06T19:20:33.369+0000] {processor.py:925} INFO - DAG(s) 'example_setup_teardown_taskflow' retrieved from /home/airflow/.local/lib/python3.12/site-packages/airflow/example_dags/example_setup_teardown_taskflow.py
[2024-10-06T19:20:33.387+0000] {logging_mixin.py:190} INFO - [2024-10-06T19:20:33.387+0000] {dag.py:3239} INFO - Sync 1 DAGs
[2024-10-06T19:20:33.400+0000] {logging_mixin.py:190} INFO - [2024-10-06T19:20:33.400+0000] {dag.py:4180} INFO - Setting next_dagrun for example_setup_teardown_taskflow to None, run_after=None
[2024-10-06T19:20:33.419+0000] {processor.py:208} INFO - Processing /home/airflow/.local/lib/python3.12/site-packages/airflow/example_dags/example_setup_teardown_taskflow.py took 0.064 seconds
[2024-10-06T19:21:03.668+0000] {processor.py:186} INFO - Started process (PID=7237) to work on /home/airflow/.local/lib/python3.12/site-packages/airflow/example_dags/example_setup_teardown_taskflow.py
[2024-10-06T19:21:03.669+0000] {processor.py:914} INFO - Processing file /home/airflow/.local/lib/python3.12/site-packages/airflow/example_dags/example_setup_teardown_taskflow.py for tasks to queue
[2024-10-06T19:21:03.671+0000] {logging_mixin.py:190} INFO - [2024-10-06T19:21:03.670+0000] {dagbag.py:588} INFO - Filling up the DagBag from /home/airflow/.local/lib/python3.12/site-packages/airflow/example_dags/example_setup_teardown_taskflow.py
[2024-10-06T19:21:03.679+0000] {processor.py:925} INFO - DAG(s) 'example_setup_teardown_taskflow' retrieved from /home/airflow/.local/lib/python3.12/site-packages/airflow/example_dags/example_setup_teardown_taskflow.py
[2024-10-06T19:21:03.698+0000] {logging_mixin.py:190} INFO - [2024-10-06T19:21:03.698+0000] {dag.py:3239} INFO - Sync 1 DAGs
[2024-10-06T19:21:03.712+0000] {logging_mixin.py:190} INFO - [2024-10-06T19:21:03.712+0000] {dag.py:4180} INFO - Setting next_dagrun for example_setup_teardown_taskflow to None, run_after=None
[2024-10-06T19:21:03.732+0000] {processor.py:208} INFO - Processing /home/airflow/.local/lib/python3.12/site-packages/airflow/example_dags/example_setup_teardown_taskflow.py took 0.068 seconds
[2024-10-06T19:21:34.196+0000] {processor.py:186} INFO - Started process (PID=7533) to work on /home/airflow/.local/lib/python3.12/site-packages/airflow/example_dags/example_setup_teardown_taskflow.py
[2024-10-06T19:21:34.196+0000] {processor.py:914} INFO - Processing file /home/airflow/.local/lib/python3.12/site-packages/airflow/example_dags/example_setup_teardown_taskflow.py for tasks to queue
[2024-10-06T19:21:34.198+0000] {logging_mixin.py:190} INFO - [2024-10-06T19:21:34.198+0000] {dagbag.py:588} INFO - Filling up the DagBag from /home/airflow/.local/lib/python3.12/site-packages/airflow/example_dags/example_setup_teardown_taskflow.py
[2024-10-06T19:21:34.206+0000] {processor.py:925} INFO - DAG(s) 'example_setup_teardown_taskflow' retrieved from /home/airflow/.local/lib/python3.12/site-packages/airflow/example_dags/example_setup_teardown_taskflow.py
[2024-10-06T19:21:34.225+0000] {logging_mixin.py:190} INFO - [2024-10-06T19:21:34.225+0000] {dag.py:3239} INFO - Sync 1 DAGs
[2024-10-06T19:21:34.238+0000] {logging_mixin.py:190} INFO - [2024-10-06T19:21:34.238+0000] {dag.py:4180} INFO - Setting next_dagrun for example_setup_teardown_taskflow to None, run_after=None
[2024-10-06T19:21:34.256+0000] {processor.py:208} INFO - Processing /home/airflow/.local/lib/python3.12/site-packages/airflow/example_dags/example_setup_teardown_taskflow.py took 0.064 seconds
