[2024-10-06T19:08:57.545+0000] {processor.py:186} INFO - Started process (PID=324) to work on /home/airflow/.local/lib/python3.12/site-packages/airflow/example_dags/example_branch_datetime_operator.py
[2024-10-06T19:08:57.546+0000] {processor.py:914} INFO - Processing file /home/airflow/.local/lib/python3.12/site-packages/airflow/example_dags/example_branch_datetime_operator.py for tasks to queue
[2024-10-06T19:08:57.549+0000] {logging_mixin.py:190} INFO - [2024-10-06T19:08:57.548+0000] {dagbag.py:588} INFO - Filling up the DagBag from /home/airflow/.local/lib/python3.12/site-packages/airflow/example_dags/example_branch_datetime_operator.py
[2024-10-06T19:08:57.565+0000] {processor.py:925} INFO - DAG(s) 'example_branch_datetime_operator_2', 'example_branch_datetime_operator', 'example_branch_datetime_operator_3' retrieved from /home/airflow/.local/lib/python3.12/site-packages/airflow/example_dags/example_branch_datetime_operator.py
[2024-10-06T19:08:57.674+0000] {logging_mixin.py:190} INFO - [2024-10-06T19:08:57.673+0000] {override.py:1900} INFO - Created Permission View: can delete on DAG:example_branch_datetime_operator_2
[2024-10-06T19:08:57.685+0000] {logging_mixin.py:190} INFO - [2024-10-06T19:08:57.684+0000] {override.py:1900} INFO - Created Permission View: can edit on DAG:example_branch_datetime_operator_2
[2024-10-06T19:08:57.692+0000] {logging_mixin.py:190} INFO - [2024-10-06T19:08:57.692+0000] {override.py:1900} INFO - Created Permission View: can read on DAG:example_branch_datetime_operator_2
[2024-10-06T19:08:57.701+0000] {logging_mixin.py:190} INFO - [2024-10-06T19:08:57.700+0000] {override.py:1900} INFO - Created Permission View: can delete on DAG Run:example_branch_datetime_operator_2
[2024-10-06T19:08:57.708+0000] {logging_mixin.py:190} INFO - [2024-10-06T19:08:57.708+0000] {override.py:1900} INFO - Created Permission View: can create on DAG Run:example_branch_datetime_operator_2
[2024-10-06T19:08:57.715+0000] {logging_mixin.py:190} INFO - [2024-10-06T19:08:57.715+0000] {override.py:1900} INFO - Created Permission View: can read on DAG Run:example_branch_datetime_operator_2
[2024-10-06T19:08:57.722+0000] {logging_mixin.py:190} INFO - [2024-10-06T19:08:57.721+0000] {override.py:1900} INFO - Created Permission View: menu access on DAG Run:example_branch_datetime_operator_2
[2024-10-06T19:08:57.736+0000] {logging_mixin.py:190} INFO - [2024-10-06T19:08:57.736+0000] {override.py:1900} INFO - Created Permission View: can delete on DAG:example_branch_datetime_operator
[2024-10-06T19:08:57.743+0000] {logging_mixin.py:190} INFO - [2024-10-06T19:08:57.743+0000] {override.py:1900} INFO - Created Permission View: can edit on DAG:example_branch_datetime_operator
[2024-10-06T19:08:57.750+0000] {logging_mixin.py:190} INFO - [2024-10-06T19:08:57.749+0000] {override.py:1900} INFO - Created Permission View: can read on DAG:example_branch_datetime_operator
[2024-10-06T19:08:57.757+0000] {logging_mixin.py:190} INFO - [2024-10-06T19:08:57.757+0000] {override.py:1900} INFO - Created Permission View: can delete on DAG Run:example_branch_datetime_operator
[2024-10-06T19:08:57.765+0000] {logging_mixin.py:190} INFO - [2024-10-06T19:08:57.765+0000] {override.py:1900} INFO - Created Permission View: can create on DAG Run:example_branch_datetime_operator
[2024-10-06T19:08:57.772+0000] {logging_mixin.py:190} INFO - [2024-10-06T19:08:57.771+0000] {override.py:1900} INFO - Created Permission View: can read on DAG Run:example_branch_datetime_operator
[2024-10-06T19:08:57.779+0000] {logging_mixin.py:190} INFO - [2024-10-06T19:08:57.778+0000] {override.py:1900} INFO - Created Permission View: menu access on DAG Run:example_branch_datetime_operator
[2024-10-06T19:08:57.792+0000] {logging_mixin.py:190} INFO - [2024-10-06T19:08:57.792+0000] {override.py:1900} INFO - Created Permission View: can delete on DAG:example_branch_datetime_operator_3
[2024-10-06T19:08:57.801+0000] {logging_mixin.py:190} INFO - [2024-10-06T19:08:57.800+0000] {override.py:1900} INFO - Created Permission View: can edit on DAG:example_branch_datetime_operator_3
[2024-10-06T19:08:57.808+0000] {logging_mixin.py:190} INFO - [2024-10-06T19:08:57.808+0000] {override.py:1900} INFO - Created Permission View: can read on DAG:example_branch_datetime_operator_3
[2024-10-06T19:08:57.816+0000] {logging_mixin.py:190} INFO - [2024-10-06T19:08:57.816+0000] {override.py:1900} INFO - Created Permission View: can delete on DAG Run:example_branch_datetime_operator_3
[2024-10-06T19:08:57.824+0000] {logging_mixin.py:190} INFO - [2024-10-06T19:08:57.823+0000] {override.py:1900} INFO - Created Permission View: can create on DAG Run:example_branch_datetime_operator_3
[2024-10-06T19:08:57.832+0000] {logging_mixin.py:190} INFO - [2024-10-06T19:08:57.832+0000] {override.py:1900} INFO - Created Permission View: can read on DAG Run:example_branch_datetime_operator_3
[2024-10-06T19:08:57.839+0000] {logging_mixin.py:190} INFO - [2024-10-06T19:08:57.839+0000] {override.py:1900} INFO - Created Permission View: menu access on DAG Run:example_branch_datetime_operator_3
[2024-10-06T19:08:57.840+0000] {logging_mixin.py:190} INFO - [2024-10-06T19:08:57.840+0000] {dag.py:3239} INFO - Sync 3 DAGs
[2024-10-06T19:08:57.853+0000] {logging_mixin.py:190} INFO - [2024-10-06T19:08:57.852+0000] {dag.py:3262} INFO - Creating ORM DAG for example_branch_datetime_operator_2
[2024-10-06T19:08:57.853+0000] {logging_mixin.py:190} INFO - [2024-10-06T19:08:57.853+0000] {dag.py:3262} INFO - Creating ORM DAG for example_branch_datetime_operator
[2024-10-06T19:08:57.854+0000] {logging_mixin.py:190} INFO - [2024-10-06T19:08:57.854+0000] {dag.py:3262} INFO - Creating ORM DAG for example_branch_datetime_operator_3
[2024-10-06T19:08:57.867+0000] {logging_mixin.py:190} INFO - [2024-10-06T19:08:57.867+0000] {dag.py:4180} INFO - Setting next_dagrun for example_branch_datetime_operator to 2024-10-05 00:00:00+00:00, run_after=2024-10-06 00:00:00+00:00
[2024-10-06T19:08:57.868+0000] {logging_mixin.py:190} INFO - [2024-10-06T19:08:57.868+0000] {dag.py:4180} INFO - Setting next_dagrun for example_branch_datetime_operator_2 to 2024-10-05 00:00:00+00:00, run_after=2024-10-06 00:00:00+00:00
[2024-10-06T19:08:57.870+0000] {logging_mixin.py:190} INFO - [2024-10-06T19:08:57.870+0000] {dag.py:4180} INFO - Setting next_dagrun for example_branch_datetime_operator_3 to 2024-10-05 00:00:00+00:00, run_after=2024-10-06 00:00:00+00:00
[2024-10-06T19:08:57.886+0000] {processor.py:208} INFO - Processing /home/airflow/.local/lib/python3.12/site-packages/airflow/example_dags/example_branch_datetime_operator.py took 0.347 seconds
[2024-10-06T19:09:28.042+0000] {processor.py:186} INFO - Started process (PID=617) to work on /home/airflow/.local/lib/python3.12/site-packages/airflow/example_dags/example_branch_datetime_operator.py
[2024-10-06T19:09:28.043+0000] {processor.py:914} INFO - Processing file /home/airflow/.local/lib/python3.12/site-packages/airflow/example_dags/example_branch_datetime_operator.py for tasks to queue
[2024-10-06T19:09:28.045+0000] {logging_mixin.py:190} INFO - [2024-10-06T19:09:28.045+0000] {dagbag.py:588} INFO - Filling up the DagBag from /home/airflow/.local/lib/python3.12/site-packages/airflow/example_dags/example_branch_datetime_operator.py
[2024-10-06T19:09:28.055+0000] {processor.py:925} INFO - DAG(s) 'example_branch_datetime_operator', 'example_branch_datetime_operator_2', 'example_branch_datetime_operator_3' retrieved from /home/airflow/.local/lib/python3.12/site-packages/airflow/example_dags/example_branch_datetime_operator.py
[2024-10-06T19:09:28.084+0000] {logging_mixin.py:190} INFO - [2024-10-06T19:09:28.083+0000] {dag.py:3239} INFO - Sync 3 DAGs
[2024-10-06T19:09:28.107+0000] {logging_mixin.py:190} INFO - [2024-10-06T19:09:28.107+0000] {dag.py:4180} INFO - Setting next_dagrun for example_branch_datetime_operator to 2024-10-05 00:00:00+00:00, run_after=2024-10-06 00:00:00+00:00
[2024-10-06T19:09:28.112+0000] {logging_mixin.py:190} INFO - [2024-10-06T19:09:28.111+0000] {dag.py:4180} INFO - Setting next_dagrun for example_branch_datetime_operator_2 to 2024-10-05 00:00:00+00:00, run_after=2024-10-06 00:00:00+00:00
[2024-10-06T19:09:28.115+0000] {logging_mixin.py:190} INFO - [2024-10-06T19:09:28.114+0000] {dag.py:4180} INFO - Setting next_dagrun for example_branch_datetime_operator_3 to 2024-10-05 00:00:00+00:00, run_after=2024-10-06 00:00:00+00:00
[2024-10-06T19:09:28.134+0000] {processor.py:208} INFO - Processing /home/airflow/.local/lib/python3.12/site-packages/airflow/example_dags/example_branch_datetime_operator.py took 0.096 seconds
[2024-10-06T19:09:58.778+0000] {processor.py:186} INFO - Started process (PID=898) to work on /home/airflow/.local/lib/python3.12/site-packages/airflow/example_dags/example_branch_datetime_operator.py
[2024-10-06T19:09:58.779+0000] {processor.py:914} INFO - Processing file /home/airflow/.local/lib/python3.12/site-packages/airflow/example_dags/example_branch_datetime_operator.py for tasks to queue
[2024-10-06T19:09:58.781+0000] {logging_mixin.py:190} INFO - [2024-10-06T19:09:58.781+0000] {dagbag.py:588} INFO - Filling up the DagBag from /home/airflow/.local/lib/python3.12/site-packages/airflow/example_dags/example_branch_datetime_operator.py
[2024-10-06T19:09:58.790+0000] {processor.py:925} INFO - DAG(s) 'example_branch_datetime_operator_3', 'example_branch_datetime_operator_2', 'example_branch_datetime_operator' retrieved from /home/airflow/.local/lib/python3.12/site-packages/airflow/example_dags/example_branch_datetime_operator.py
[2024-10-06T19:09:58.815+0000] {logging_mixin.py:190} INFO - [2024-10-06T19:09:58.815+0000] {dag.py:3239} INFO - Sync 3 DAGs
[2024-10-06T19:09:58.840+0000] {logging_mixin.py:190} INFO - [2024-10-06T19:09:58.840+0000] {dag.py:4180} INFO - Setting next_dagrun for example_branch_datetime_operator to 2024-10-05 00:00:00+00:00, run_after=2024-10-06 00:00:00+00:00
[2024-10-06T19:09:58.846+0000] {logging_mixin.py:190} INFO - [2024-10-06T19:09:58.846+0000] {dag.py:4180} INFO - Setting next_dagrun for example_branch_datetime_operator_2 to 2024-10-05 00:00:00+00:00, run_after=2024-10-06 00:00:00+00:00
[2024-10-06T19:09:58.849+0000] {logging_mixin.py:190} INFO - [2024-10-06T19:09:58.849+0000] {dag.py:4180} INFO - Setting next_dagrun for example_branch_datetime_operator_3 to 2024-10-05 00:00:00+00:00, run_after=2024-10-06 00:00:00+00:00
[2024-10-06T19:09:58.867+0000] {processor.py:208} INFO - Processing /home/airflow/.local/lib/python3.12/site-packages/airflow/example_dags/example_branch_datetime_operator.py took 0.093 seconds
[2024-10-06T19:10:29.143+0000] {processor.py:186} INFO - Started process (PID=1184) to work on /home/airflow/.local/lib/python3.12/site-packages/airflow/example_dags/example_branch_datetime_operator.py
[2024-10-06T19:10:29.143+0000] {processor.py:914} INFO - Processing file /home/airflow/.local/lib/python3.12/site-packages/airflow/example_dags/example_branch_datetime_operator.py for tasks to queue
[2024-10-06T19:10:29.146+0000] {logging_mixin.py:190} INFO - [2024-10-06T19:10:29.146+0000] {dagbag.py:588} INFO - Filling up the DagBag from /home/airflow/.local/lib/python3.12/site-packages/airflow/example_dags/example_branch_datetime_operator.py
[2024-10-06T19:10:29.157+0000] {processor.py:925} INFO - DAG(s) 'example_branch_datetime_operator_3', 'example_branch_datetime_operator_2', 'example_branch_datetime_operator' retrieved from /home/airflow/.local/lib/python3.12/site-packages/airflow/example_dags/example_branch_datetime_operator.py
[2024-10-06T19:10:29.187+0000] {logging_mixin.py:190} INFO - [2024-10-06T19:10:29.187+0000] {dag.py:3239} INFO - Sync 3 DAGs
[2024-10-06T19:10:29.212+0000] {logging_mixin.py:190} INFO - [2024-10-06T19:10:29.212+0000] {dag.py:4180} INFO - Setting next_dagrun for example_branch_datetime_operator to 2024-10-05 00:00:00+00:00, run_after=2024-10-06 00:00:00+00:00
[2024-10-06T19:10:29.218+0000] {logging_mixin.py:190} INFO - [2024-10-06T19:10:29.217+0000] {dag.py:4180} INFO - Setting next_dagrun for example_branch_datetime_operator_2 to 2024-10-05 00:00:00+00:00, run_after=2024-10-06 00:00:00+00:00
[2024-10-06T19:10:29.221+0000] {logging_mixin.py:190} INFO - [2024-10-06T19:10:29.221+0000] {dag.py:4180} INFO - Setting next_dagrun for example_branch_datetime_operator_3 to 2024-10-05 00:00:00+00:00, run_after=2024-10-06 00:00:00+00:00
[2024-10-06T19:10:29.242+0000] {processor.py:208} INFO - Processing /home/airflow/.local/lib/python3.12/site-packages/airflow/example_dags/example_branch_datetime_operator.py took 0.104 seconds
[2024-10-06T19:10:59.566+0000] {processor.py:186} INFO - Started process (PID=1499) to work on /home/airflow/.local/lib/python3.12/site-packages/airflow/example_dags/example_branch_datetime_operator.py
[2024-10-06T19:10:59.566+0000] {processor.py:914} INFO - Processing file /home/airflow/.local/lib/python3.12/site-packages/airflow/example_dags/example_branch_datetime_operator.py for tasks to queue
[2024-10-06T19:10:59.569+0000] {logging_mixin.py:190} INFO - [2024-10-06T19:10:59.568+0000] {dagbag.py:588} INFO - Filling up the DagBag from /home/airflow/.local/lib/python3.12/site-packages/airflow/example_dags/example_branch_datetime_operator.py
[2024-10-06T19:10:59.577+0000] {processor.py:925} INFO - DAG(s) 'example_branch_datetime_operator_3', 'example_branch_datetime_operator', 'example_branch_datetime_operator_2' retrieved from /home/airflow/.local/lib/python3.12/site-packages/airflow/example_dags/example_branch_datetime_operator.py
[2024-10-06T19:10:59.602+0000] {logging_mixin.py:190} INFO - [2024-10-06T19:10:59.601+0000] {dag.py:3239} INFO - Sync 3 DAGs
[2024-10-06T19:10:59.626+0000] {logging_mixin.py:190} INFO - [2024-10-06T19:10:59.626+0000] {dag.py:4180} INFO - Setting next_dagrun for example_branch_datetime_operator to 2024-10-05 00:00:00+00:00, run_after=2024-10-06 00:00:00+00:00
[2024-10-06T19:10:59.630+0000] {logging_mixin.py:190} INFO - [2024-10-06T19:10:59.630+0000] {dag.py:4180} INFO - Setting next_dagrun for example_branch_datetime_operator_2 to 2024-10-05 00:00:00+00:00, run_after=2024-10-06 00:00:00+00:00
[2024-10-06T19:10:59.633+0000] {logging_mixin.py:190} INFO - [2024-10-06T19:10:59.633+0000] {dag.py:4180} INFO - Setting next_dagrun for example_branch_datetime_operator_3 to 2024-10-05 00:00:00+00:00, run_after=2024-10-06 00:00:00+00:00
[2024-10-06T19:10:59.649+0000] {processor.py:208} INFO - Processing /home/airflow/.local/lib/python3.12/site-packages/airflow/example_dags/example_branch_datetime_operator.py took 0.087 seconds
[2024-10-06T19:11:29.941+0000] {processor.py:186} INFO - Started process (PID=1785) to work on /home/airflow/.local/lib/python3.12/site-packages/airflow/example_dags/example_branch_datetime_operator.py
[2024-10-06T19:11:29.941+0000] {processor.py:914} INFO - Processing file /home/airflow/.local/lib/python3.12/site-packages/airflow/example_dags/example_branch_datetime_operator.py for tasks to queue
[2024-10-06T19:11:29.944+0000] {logging_mixin.py:190} INFO - [2024-10-06T19:11:29.944+0000] {dagbag.py:588} INFO - Filling up the DagBag from /home/airflow/.local/lib/python3.12/site-packages/airflow/example_dags/example_branch_datetime_operator.py
[2024-10-06T19:11:29.954+0000] {processor.py:925} INFO - DAG(s) 'example_branch_datetime_operator', 'example_branch_datetime_operator_3', 'example_branch_datetime_operator_2' retrieved from /home/airflow/.local/lib/python3.12/site-packages/airflow/example_dags/example_branch_datetime_operator.py
[2024-10-06T19:11:29.979+0000] {logging_mixin.py:190} INFO - [2024-10-06T19:11:29.978+0000] {dag.py:3239} INFO - Sync 3 DAGs
[2024-10-06T19:11:30.002+0000] {logging_mixin.py:190} INFO - [2024-10-06T19:11:30.002+0000] {dag.py:4180} INFO - Setting next_dagrun for example_branch_datetime_operator to 2024-10-05 00:00:00+00:00, run_after=2024-10-06 00:00:00+00:00
[2024-10-06T19:11:30.007+0000] {logging_mixin.py:190} INFO - [2024-10-06T19:11:30.007+0000] {dag.py:4180} INFO - Setting next_dagrun for example_branch_datetime_operator_2 to 2024-10-05 00:00:00+00:00, run_after=2024-10-06 00:00:00+00:00
[2024-10-06T19:11:30.010+0000] {logging_mixin.py:190} INFO - [2024-10-06T19:11:30.010+0000] {dag.py:4180} INFO - Setting next_dagrun for example_branch_datetime_operator_3 to 2024-10-05 00:00:00+00:00, run_after=2024-10-06 00:00:00+00:00
[2024-10-06T19:11:30.026+0000] {processor.py:208} INFO - Processing /home/airflow/.local/lib/python3.12/site-packages/airflow/example_dags/example_branch_datetime_operator.py took 0.090 seconds
[2024-10-06T19:12:00.369+0000] {processor.py:186} INFO - Started process (PID=2071) to work on /home/airflow/.local/lib/python3.12/site-packages/airflow/example_dags/example_branch_datetime_operator.py
[2024-10-06T19:12:00.370+0000] {processor.py:914} INFO - Processing file /home/airflow/.local/lib/python3.12/site-packages/airflow/example_dags/example_branch_datetime_operator.py for tasks to queue
[2024-10-06T19:12:00.372+0000] {logging_mixin.py:190} INFO - [2024-10-06T19:12:00.372+0000] {dagbag.py:588} INFO - Filling up the DagBag from /home/airflow/.local/lib/python3.12/site-packages/airflow/example_dags/example_branch_datetime_operator.py
[2024-10-06T19:12:00.383+0000] {processor.py:925} INFO - DAG(s) 'example_branch_datetime_operator', 'example_branch_datetime_operator_2', 'example_branch_datetime_operator_3' retrieved from /home/airflow/.local/lib/python3.12/site-packages/airflow/example_dags/example_branch_datetime_operator.py
[2024-10-06T19:12:00.409+0000] {logging_mixin.py:190} INFO - [2024-10-06T19:12:00.409+0000] {dag.py:3239} INFO - Sync 3 DAGs
[2024-10-06T19:12:00.433+0000] {logging_mixin.py:190} INFO - [2024-10-06T19:12:00.432+0000] {dag.py:4180} INFO - Setting next_dagrun for example_branch_datetime_operator to 2024-10-05 00:00:00+00:00, run_after=2024-10-06 00:00:00+00:00
[2024-10-06T19:12:00.439+0000] {logging_mixin.py:190} INFO - [2024-10-06T19:12:00.438+0000] {dag.py:4180} INFO - Setting next_dagrun for example_branch_datetime_operator_2 to 2024-10-05 00:00:00+00:00, run_after=2024-10-06 00:00:00+00:00
[2024-10-06T19:12:00.441+0000] {logging_mixin.py:190} INFO - [2024-10-06T19:12:00.441+0000] {dag.py:4180} INFO - Setting next_dagrun for example_branch_datetime_operator_3 to 2024-10-05 00:00:00+00:00, run_after=2024-10-06 00:00:00+00:00
[2024-10-06T19:12:00.459+0000] {processor.py:208} INFO - Processing /home/airflow/.local/lib/python3.12/site-packages/airflow/example_dags/example_branch_datetime_operator.py took 0.096 seconds
[2024-10-06T19:12:30.722+0000] {processor.py:186} INFO - Started process (PID=2357) to work on /home/airflow/.local/lib/python3.12/site-packages/airflow/example_dags/example_branch_datetime_operator.py
[2024-10-06T19:12:30.722+0000] {processor.py:914} INFO - Processing file /home/airflow/.local/lib/python3.12/site-packages/airflow/example_dags/example_branch_datetime_operator.py for tasks to queue
[2024-10-06T19:12:30.725+0000] {logging_mixin.py:190} INFO - [2024-10-06T19:12:30.724+0000] {dagbag.py:588} INFO - Filling up the DagBag from /home/airflow/.local/lib/python3.12/site-packages/airflow/example_dags/example_branch_datetime_operator.py
[2024-10-06T19:12:30.734+0000] {processor.py:925} INFO - DAG(s) 'example_branch_datetime_operator_3', 'example_branch_datetime_operator_2', 'example_branch_datetime_operator' retrieved from /home/airflow/.local/lib/python3.12/site-packages/airflow/example_dags/example_branch_datetime_operator.py
[2024-10-06T19:12:30.759+0000] {logging_mixin.py:190} INFO - [2024-10-06T19:12:30.759+0000] {dag.py:3239} INFO - Sync 3 DAGs
[2024-10-06T19:12:30.782+0000] {logging_mixin.py:190} INFO - [2024-10-06T19:12:30.782+0000] {dag.py:4180} INFO - Setting next_dagrun for example_branch_datetime_operator to 2024-10-05 00:00:00+00:00, run_after=2024-10-06 00:00:00+00:00
[2024-10-06T19:12:30.788+0000] {logging_mixin.py:190} INFO - [2024-10-06T19:12:30.787+0000] {dag.py:4180} INFO - Setting next_dagrun for example_branch_datetime_operator_2 to 2024-10-05 00:00:00+00:00, run_after=2024-10-06 00:00:00+00:00
[2024-10-06T19:12:30.791+0000] {logging_mixin.py:190} INFO - [2024-10-06T19:12:30.791+0000] {dag.py:4180} INFO - Setting next_dagrun for example_branch_datetime_operator_3 to 2024-10-05 00:00:00+00:00, run_after=2024-10-06 00:00:00+00:00
[2024-10-06T19:12:30.809+0000] {processor.py:208} INFO - Processing /home/airflow/.local/lib/python3.12/site-packages/airflow/example_dags/example_branch_datetime_operator.py took 0.092 seconds
[2024-10-06T19:13:01.091+0000] {processor.py:186} INFO - Started process (PID=2643) to work on /home/airflow/.local/lib/python3.12/site-packages/airflow/example_dags/example_branch_datetime_operator.py
[2024-10-06T19:13:01.092+0000] {processor.py:914} INFO - Processing file /home/airflow/.local/lib/python3.12/site-packages/airflow/example_dags/example_branch_datetime_operator.py for tasks to queue
[2024-10-06T19:13:01.094+0000] {logging_mixin.py:190} INFO - [2024-10-06T19:13:01.093+0000] {dagbag.py:588} INFO - Filling up the DagBag from /home/airflow/.local/lib/python3.12/site-packages/airflow/example_dags/example_branch_datetime_operator.py
[2024-10-06T19:13:01.103+0000] {processor.py:925} INFO - DAG(s) 'example_branch_datetime_operator_3', 'example_branch_datetime_operator_2', 'example_branch_datetime_operator' retrieved from /home/airflow/.local/lib/python3.12/site-packages/airflow/example_dags/example_branch_datetime_operator.py
[2024-10-06T19:13:01.128+0000] {logging_mixin.py:190} INFO - [2024-10-06T19:13:01.128+0000] {dag.py:3239} INFO - Sync 3 DAGs
[2024-10-06T19:13:01.151+0000] {logging_mixin.py:190} INFO - [2024-10-06T19:13:01.151+0000] {dag.py:4180} INFO - Setting next_dagrun for example_branch_datetime_operator to 2024-10-05 00:00:00+00:00, run_after=2024-10-06 00:00:00+00:00
[2024-10-06T19:13:01.156+0000] {logging_mixin.py:190} INFO - [2024-10-06T19:13:01.156+0000] {dag.py:4180} INFO - Setting next_dagrun for example_branch_datetime_operator_2 to 2024-10-05 00:00:00+00:00, run_after=2024-10-06 00:00:00+00:00
[2024-10-06T19:13:01.158+0000] {logging_mixin.py:190} INFO - [2024-10-06T19:13:01.158+0000] {dag.py:4180} INFO - Setting next_dagrun for example_branch_datetime_operator_3 to 2024-10-05 00:00:00+00:00, run_after=2024-10-06 00:00:00+00:00
[2024-10-06T19:13:01.173+0000] {processor.py:208} INFO - Processing /home/airflow/.local/lib/python3.12/site-packages/airflow/example_dags/example_branch_datetime_operator.py took 0.086 seconds
[2024-10-06T19:13:31.565+0000] {processor.py:186} INFO - Started process (PID=2929) to work on /home/airflow/.local/lib/python3.12/site-packages/airflow/example_dags/example_branch_datetime_operator.py
[2024-10-06T19:13:31.566+0000] {processor.py:914} INFO - Processing file /home/airflow/.local/lib/python3.12/site-packages/airflow/example_dags/example_branch_datetime_operator.py for tasks to queue
[2024-10-06T19:13:31.568+0000] {logging_mixin.py:190} INFO - [2024-10-06T19:13:31.568+0000] {dagbag.py:588} INFO - Filling up the DagBag from /home/airflow/.local/lib/python3.12/site-packages/airflow/example_dags/example_branch_datetime_operator.py
[2024-10-06T19:13:31.577+0000] {processor.py:925} INFO - DAG(s) 'example_branch_datetime_operator_2', 'example_branch_datetime_operator', 'example_branch_datetime_operator_3' retrieved from /home/airflow/.local/lib/python3.12/site-packages/airflow/example_dags/example_branch_datetime_operator.py
[2024-10-06T19:13:31.603+0000] {logging_mixin.py:190} INFO - [2024-10-06T19:13:31.603+0000] {dag.py:3239} INFO - Sync 3 DAGs
[2024-10-06T19:13:31.627+0000] {logging_mixin.py:190} INFO - [2024-10-06T19:13:31.627+0000] {dag.py:4180} INFO - Setting next_dagrun for example_branch_datetime_operator to 2024-10-05 00:00:00+00:00, run_after=2024-10-06 00:00:00+00:00
[2024-10-06T19:13:31.633+0000] {logging_mixin.py:190} INFO - [2024-10-06T19:13:31.632+0000] {dag.py:4180} INFO - Setting next_dagrun for example_branch_datetime_operator_2 to 2024-10-05 00:00:00+00:00, run_after=2024-10-06 00:00:00+00:00
[2024-10-06T19:13:31.636+0000] {logging_mixin.py:190} INFO - [2024-10-06T19:13:31.635+0000] {dag.py:4180} INFO - Setting next_dagrun for example_branch_datetime_operator_3 to 2024-10-05 00:00:00+00:00, run_after=2024-10-06 00:00:00+00:00
[2024-10-06T19:13:31.652+0000] {processor.py:208} INFO - Processing /home/airflow/.local/lib/python3.12/site-packages/airflow/example_dags/example_branch_datetime_operator.py took 0.091 seconds
[2024-10-06T19:14:01.917+0000] {processor.py:186} INFO - Started process (PID=3220) to work on /home/airflow/.local/lib/python3.12/site-packages/airflow/example_dags/example_branch_datetime_operator.py
[2024-10-06T19:14:01.918+0000] {processor.py:914} INFO - Processing file /home/airflow/.local/lib/python3.12/site-packages/airflow/example_dags/example_branch_datetime_operator.py for tasks to queue
[2024-10-06T19:14:01.920+0000] {logging_mixin.py:190} INFO - [2024-10-06T19:14:01.919+0000] {dagbag.py:588} INFO - Filling up the DagBag from /home/airflow/.local/lib/python3.12/site-packages/airflow/example_dags/example_branch_datetime_operator.py
[2024-10-06T19:14:01.932+0000] {processor.py:925} INFO - DAG(s) 'example_branch_datetime_operator_2', 'example_branch_datetime_operator', 'example_branch_datetime_operator_3' retrieved from /home/airflow/.local/lib/python3.12/site-packages/airflow/example_dags/example_branch_datetime_operator.py
[2024-10-06T19:14:01.961+0000] {logging_mixin.py:190} INFO - [2024-10-06T19:14:01.961+0000] {dag.py:3239} INFO - Sync 3 DAGs
[2024-10-06T19:14:01.986+0000] {logging_mixin.py:190} INFO - [2024-10-06T19:14:01.986+0000] {dag.py:4180} INFO - Setting next_dagrun for example_branch_datetime_operator to 2024-10-05 00:00:00+00:00, run_after=2024-10-06 00:00:00+00:00
[2024-10-06T19:14:01.991+0000] {logging_mixin.py:190} INFO - [2024-10-06T19:14:01.991+0000] {dag.py:4180} INFO - Setting next_dagrun for example_branch_datetime_operator_2 to 2024-10-05 00:00:00+00:00, run_after=2024-10-06 00:00:00+00:00
[2024-10-06T19:14:01.994+0000] {logging_mixin.py:190} INFO - [2024-10-06T19:14:01.994+0000] {dag.py:4180} INFO - Setting next_dagrun for example_branch_datetime_operator_3 to 2024-10-05 00:00:00+00:00, run_after=2024-10-06 00:00:00+00:00
[2024-10-06T19:14:02.010+0000] {processor.py:208} INFO - Processing /home/airflow/.local/lib/python3.12/site-packages/airflow/example_dags/example_branch_datetime_operator.py took 0.098 seconds
[2024-10-06T19:14:32.174+0000] {processor.py:186} INFO - Started process (PID=3509) to work on /home/airflow/.local/lib/python3.12/site-packages/airflow/example_dags/example_branch_datetime_operator.py
[2024-10-06T19:14:32.175+0000] {processor.py:914} INFO - Processing file /home/airflow/.local/lib/python3.12/site-packages/airflow/example_dags/example_branch_datetime_operator.py for tasks to queue
[2024-10-06T19:14:32.176+0000] {logging_mixin.py:190} INFO - [2024-10-06T19:14:32.176+0000] {dagbag.py:588} INFO - Filling up the DagBag from /home/airflow/.local/lib/python3.12/site-packages/airflow/example_dags/example_branch_datetime_operator.py
[2024-10-06T19:14:32.185+0000] {processor.py:925} INFO - DAG(s) 'example_branch_datetime_operator_3', 'example_branch_datetime_operator_2', 'example_branch_datetime_operator' retrieved from /home/airflow/.local/lib/python3.12/site-packages/airflow/example_dags/example_branch_datetime_operator.py
[2024-10-06T19:14:32.206+0000] {logging_mixin.py:190} INFO - [2024-10-06T19:14:32.206+0000] {dag.py:3239} INFO - Sync 3 DAGs
[2024-10-06T19:14:32.227+0000] {logging_mixin.py:190} INFO - [2024-10-06T19:14:32.226+0000] {dag.py:4180} INFO - Setting next_dagrun for example_branch_datetime_operator to 2024-10-05 00:00:00+00:00, run_after=2024-10-06 00:00:00+00:00
[2024-10-06T19:14:32.231+0000] {logging_mixin.py:190} INFO - [2024-10-06T19:14:32.231+0000] {dag.py:4180} INFO - Setting next_dagrun for example_branch_datetime_operator_2 to 2024-10-05 00:00:00+00:00, run_after=2024-10-06 00:00:00+00:00
[2024-10-06T19:14:32.233+0000] {logging_mixin.py:190} INFO - [2024-10-06T19:14:32.233+0000] {dag.py:4180} INFO - Setting next_dagrun for example_branch_datetime_operator_3 to 2024-10-05 00:00:00+00:00, run_after=2024-10-06 00:00:00+00:00
[2024-10-06T19:14:32.247+0000] {processor.py:208} INFO - Processing /home/airflow/.local/lib/python3.12/site-packages/airflow/example_dags/example_branch_datetime_operator.py took 0.077 seconds
[2024-10-06T19:15:02.567+0000] {processor.py:186} INFO - Started process (PID=3802) to work on /home/airflow/.local/lib/python3.12/site-packages/airflow/example_dags/example_branch_datetime_operator.py
[2024-10-06T19:15:02.568+0000] {processor.py:914} INFO - Processing file /home/airflow/.local/lib/python3.12/site-packages/airflow/example_dags/example_branch_datetime_operator.py for tasks to queue
[2024-10-06T19:15:02.570+0000] {logging_mixin.py:190} INFO - [2024-10-06T19:15:02.569+0000] {dagbag.py:588} INFO - Filling up the DagBag from /home/airflow/.local/lib/python3.12/site-packages/airflow/example_dags/example_branch_datetime_operator.py
[2024-10-06T19:15:02.579+0000] {processor.py:925} INFO - DAG(s) 'example_branch_datetime_operator_3', 'example_branch_datetime_operator_2', 'example_branch_datetime_operator' retrieved from /home/airflow/.local/lib/python3.12/site-packages/airflow/example_dags/example_branch_datetime_operator.py
[2024-10-06T19:15:02.603+0000] {logging_mixin.py:190} INFO - [2024-10-06T19:15:02.603+0000] {dag.py:3239} INFO - Sync 3 DAGs
[2024-10-06T19:15:02.629+0000] {logging_mixin.py:190} INFO - [2024-10-06T19:15:02.628+0000] {dag.py:4180} INFO - Setting next_dagrun for example_branch_datetime_operator to 2024-10-05 00:00:00+00:00, run_after=2024-10-06 00:00:00+00:00
[2024-10-06T19:15:02.637+0000] {logging_mixin.py:190} INFO - [2024-10-06T19:15:02.636+0000] {dag.py:4180} INFO - Setting next_dagrun for example_branch_datetime_operator_2 to 2024-10-05 00:00:00+00:00, run_after=2024-10-06 00:00:00+00:00
[2024-10-06T19:15:02.640+0000] {logging_mixin.py:190} INFO - [2024-10-06T19:15:02.640+0000] {dag.py:4180} INFO - Setting next_dagrun for example_branch_datetime_operator_3 to 2024-10-05 00:00:00+00:00, run_after=2024-10-06 00:00:00+00:00
[2024-10-06T19:15:02.661+0000] {processor.py:208} INFO - Processing /home/airflow/.local/lib/python3.12/site-packages/airflow/example_dags/example_branch_datetime_operator.py took 0.098 seconds
[2024-10-06T19:15:32.792+0000] {processor.py:186} INFO - Started process (PID=4098) to work on /home/airflow/.local/lib/python3.12/site-packages/airflow/example_dags/example_branch_datetime_operator.py
[2024-10-06T19:15:32.793+0000] {processor.py:914} INFO - Processing file /home/airflow/.local/lib/python3.12/site-packages/airflow/example_dags/example_branch_datetime_operator.py for tasks to queue
[2024-10-06T19:15:32.794+0000] {logging_mixin.py:190} INFO - [2024-10-06T19:15:32.794+0000] {dagbag.py:588} INFO - Filling up the DagBag from /home/airflow/.local/lib/python3.12/site-packages/airflow/example_dags/example_branch_datetime_operator.py
[2024-10-06T19:15:32.803+0000] {processor.py:925} INFO - DAG(s) 'example_branch_datetime_operator_2', 'example_branch_datetime_operator', 'example_branch_datetime_operator_3' retrieved from /home/airflow/.local/lib/python3.12/site-packages/airflow/example_dags/example_branch_datetime_operator.py
[2024-10-06T19:15:32.827+0000] {logging_mixin.py:190} INFO - [2024-10-06T19:15:32.827+0000] {dag.py:3239} INFO - Sync 3 DAGs
[2024-10-06T19:15:32.849+0000] {logging_mixin.py:190} INFO - [2024-10-06T19:15:32.849+0000] {dag.py:4180} INFO - Setting next_dagrun for example_branch_datetime_operator to 2024-10-05 00:00:00+00:00, run_after=2024-10-06 00:00:00+00:00
[2024-10-06T19:15:32.854+0000] {logging_mixin.py:190} INFO - [2024-10-06T19:15:32.854+0000] {dag.py:4180} INFO - Setting next_dagrun for example_branch_datetime_operator_2 to 2024-10-05 00:00:00+00:00, run_after=2024-10-06 00:00:00+00:00
[2024-10-06T19:15:32.857+0000] {logging_mixin.py:190} INFO - [2024-10-06T19:15:32.857+0000] {dag.py:4180} INFO - Setting next_dagrun for example_branch_datetime_operator_3 to 2024-10-05 00:00:00+00:00, run_after=2024-10-06 00:00:00+00:00
[2024-10-06T19:15:32.880+0000] {processor.py:208} INFO - Processing /home/airflow/.local/lib/python3.12/site-packages/airflow/example_dags/example_branch_datetime_operator.py took 0.093 seconds
[2024-10-06T19:16:03.017+0000] {processor.py:186} INFO - Started process (PID=4387) to work on /home/airflow/.local/lib/python3.12/site-packages/airflow/example_dags/example_branch_datetime_operator.py
[2024-10-06T19:16:03.018+0000] {processor.py:914} INFO - Processing file /home/airflow/.local/lib/python3.12/site-packages/airflow/example_dags/example_branch_datetime_operator.py for tasks to queue
[2024-10-06T19:16:03.020+0000] {logging_mixin.py:190} INFO - [2024-10-06T19:16:03.020+0000] {dagbag.py:588} INFO - Filling up the DagBag from /home/airflow/.local/lib/python3.12/site-packages/airflow/example_dags/example_branch_datetime_operator.py
[2024-10-06T19:16:03.029+0000] {processor.py:925} INFO - DAG(s) 'example_branch_datetime_operator_2', 'example_branch_datetime_operator_3', 'example_branch_datetime_operator' retrieved from /home/airflow/.local/lib/python3.12/site-packages/airflow/example_dags/example_branch_datetime_operator.py
[2024-10-06T19:16:03.051+0000] {logging_mixin.py:190} INFO - [2024-10-06T19:16:03.051+0000] {dag.py:3239} INFO - Sync 3 DAGs
[2024-10-06T19:16:03.075+0000] {logging_mixin.py:190} INFO - [2024-10-06T19:16:03.075+0000] {dag.py:4180} INFO - Setting next_dagrun for example_branch_datetime_operator to 2024-10-05 00:00:00+00:00, run_after=2024-10-06 00:00:00+00:00
[2024-10-06T19:16:03.079+0000] {logging_mixin.py:190} INFO - [2024-10-06T19:16:03.079+0000] {dag.py:4180} INFO - Setting next_dagrun for example_branch_datetime_operator_2 to 2024-10-05 00:00:00+00:00, run_after=2024-10-06 00:00:00+00:00
[2024-10-06T19:16:03.082+0000] {logging_mixin.py:190} INFO - [2024-10-06T19:16:03.081+0000] {dag.py:4180} INFO - Setting next_dagrun for example_branch_datetime_operator_3 to 2024-10-05 00:00:00+00:00, run_after=2024-10-06 00:00:00+00:00
[2024-10-06T19:16:03.096+0000] {processor.py:208} INFO - Processing /home/airflow/.local/lib/python3.12/site-packages/airflow/example_dags/example_branch_datetime_operator.py took 0.083 seconds
[2024-10-06T19:16:33.258+0000] {processor.py:186} INFO - Started process (PID=4678) to work on /home/airflow/.local/lib/python3.12/site-packages/airflow/example_dags/example_branch_datetime_operator.py
[2024-10-06T19:16:33.259+0000] {processor.py:914} INFO - Processing file /home/airflow/.local/lib/python3.12/site-packages/airflow/example_dags/example_branch_datetime_operator.py for tasks to queue
[2024-10-06T19:16:33.261+0000] {logging_mixin.py:190} INFO - [2024-10-06T19:16:33.261+0000] {dagbag.py:588} INFO - Filling up the DagBag from /home/airflow/.local/lib/python3.12/site-packages/airflow/example_dags/example_branch_datetime_operator.py
[2024-10-06T19:16:33.272+0000] {processor.py:925} INFO - DAG(s) 'example_branch_datetime_operator_3', 'example_branch_datetime_operator_2', 'example_branch_datetime_operator' retrieved from /home/airflow/.local/lib/python3.12/site-packages/airflow/example_dags/example_branch_datetime_operator.py
[2024-10-06T19:16:33.302+0000] {logging_mixin.py:190} INFO - [2024-10-06T19:16:33.302+0000] {dag.py:3239} INFO - Sync 3 DAGs
[2024-10-06T19:16:33.328+0000] {logging_mixin.py:190} INFO - [2024-10-06T19:16:33.328+0000] {dag.py:4180} INFO - Setting next_dagrun for example_branch_datetime_operator to 2024-10-05 00:00:00+00:00, run_after=2024-10-06 00:00:00+00:00
[2024-10-06T19:16:33.333+0000] {logging_mixin.py:190} INFO - [2024-10-06T19:16:33.333+0000] {dag.py:4180} INFO - Setting next_dagrun for example_branch_datetime_operator_2 to 2024-10-05 00:00:00+00:00, run_after=2024-10-06 00:00:00+00:00
[2024-10-06T19:16:33.337+0000] {logging_mixin.py:190} INFO - [2024-10-06T19:16:33.336+0000] {dag.py:4180} INFO - Setting next_dagrun for example_branch_datetime_operator_3 to 2024-10-05 00:00:00+00:00, run_after=2024-10-06 00:00:00+00:00
[2024-10-06T19:16:33.355+0000] {processor.py:208} INFO - Processing /home/airflow/.local/lib/python3.12/site-packages/airflow/example_dags/example_branch_datetime_operator.py took 0.101 seconds
[2024-10-06T19:17:03.686+0000] {processor.py:186} INFO - Started process (PID=4969) to work on /home/airflow/.local/lib/python3.12/site-packages/airflow/example_dags/example_branch_datetime_operator.py
[2024-10-06T19:17:03.687+0000] {processor.py:914} INFO - Processing file /home/airflow/.local/lib/python3.12/site-packages/airflow/example_dags/example_branch_datetime_operator.py for tasks to queue
[2024-10-06T19:17:03.689+0000] {logging_mixin.py:190} INFO - [2024-10-06T19:17:03.689+0000] {dagbag.py:588} INFO - Filling up the DagBag from /home/airflow/.local/lib/python3.12/site-packages/airflow/example_dags/example_branch_datetime_operator.py
[2024-10-06T19:17:03.698+0000] {processor.py:925} INFO - DAG(s) 'example_branch_datetime_operator', 'example_branch_datetime_operator_2', 'example_branch_datetime_operator_3' retrieved from /home/airflow/.local/lib/python3.12/site-packages/airflow/example_dags/example_branch_datetime_operator.py
[2024-10-06T19:17:03.722+0000] {logging_mixin.py:190} INFO - [2024-10-06T19:17:03.722+0000] {dag.py:3239} INFO - Sync 3 DAGs
[2024-10-06T19:17:03.745+0000] {logging_mixin.py:190} INFO - [2024-10-06T19:17:03.745+0000] {dag.py:4180} INFO - Setting next_dagrun for example_branch_datetime_operator to 2024-10-05 00:00:00+00:00, run_after=2024-10-06 00:00:00+00:00
[2024-10-06T19:17:03.750+0000] {logging_mixin.py:190} INFO - [2024-10-06T19:17:03.750+0000] {dag.py:4180} INFO - Setting next_dagrun for example_branch_datetime_operator_2 to 2024-10-05 00:00:00+00:00, run_after=2024-10-06 00:00:00+00:00
[2024-10-06T19:17:03.753+0000] {logging_mixin.py:190} INFO - [2024-10-06T19:17:03.753+0000] {dag.py:4180} INFO - Setting next_dagrun for example_branch_datetime_operator_3 to 2024-10-05 00:00:00+00:00, run_after=2024-10-06 00:00:00+00:00
[2024-10-06T19:17:03.770+0000] {processor.py:208} INFO - Processing /home/airflow/.local/lib/python3.12/site-packages/airflow/example_dags/example_branch_datetime_operator.py took 0.087 seconds
[2024-10-06T19:17:34.106+0000] {processor.py:186} INFO - Started process (PID=5260) to work on /home/airflow/.local/lib/python3.12/site-packages/airflow/example_dags/example_branch_datetime_operator.py
[2024-10-06T19:17:34.107+0000] {processor.py:914} INFO - Processing file /home/airflow/.local/lib/python3.12/site-packages/airflow/example_dags/example_branch_datetime_operator.py for tasks to queue
[2024-10-06T19:17:34.109+0000] {logging_mixin.py:190} INFO - [2024-10-06T19:17:34.108+0000] {dagbag.py:588} INFO - Filling up the DagBag from /home/airflow/.local/lib/python3.12/site-packages/airflow/example_dags/example_branch_datetime_operator.py
[2024-10-06T19:17:34.119+0000] {processor.py:925} INFO - DAG(s) 'example_branch_datetime_operator_2', 'example_branch_datetime_operator_3', 'example_branch_datetime_operator' retrieved from /home/airflow/.local/lib/python3.12/site-packages/airflow/example_dags/example_branch_datetime_operator.py
[2024-10-06T19:17:34.143+0000] {logging_mixin.py:190} INFO - [2024-10-06T19:17:34.143+0000] {dag.py:3239} INFO - Sync 3 DAGs
[2024-10-06T19:17:34.172+0000] {logging_mixin.py:190} INFO - [2024-10-06T19:17:34.172+0000] {dag.py:4180} INFO - Setting next_dagrun for example_branch_datetime_operator to 2024-10-05 00:00:00+00:00, run_after=2024-10-06 00:00:00+00:00
[2024-10-06T19:17:34.178+0000] {logging_mixin.py:190} INFO - [2024-10-06T19:17:34.178+0000] {dag.py:4180} INFO - Setting next_dagrun for example_branch_datetime_operator_2 to 2024-10-05 00:00:00+00:00, run_after=2024-10-06 00:00:00+00:00
[2024-10-06T19:17:34.181+0000] {logging_mixin.py:190} INFO - [2024-10-06T19:17:34.181+0000] {dag.py:4180} INFO - Setting next_dagrun for example_branch_datetime_operator_3 to 2024-10-05 00:00:00+00:00, run_after=2024-10-06 00:00:00+00:00
[2024-10-06T19:17:34.198+0000] {processor.py:208} INFO - Processing /home/airflow/.local/lib/python3.12/site-packages/airflow/example_dags/example_branch_datetime_operator.py took 0.098 seconds
[2024-10-06T19:18:04.445+0000] {processor.py:186} INFO - Started process (PID=5553) to work on /home/airflow/.local/lib/python3.12/site-packages/airflow/example_dags/example_branch_datetime_operator.py
[2024-10-06T19:18:04.447+0000] {processor.py:914} INFO - Processing file /home/airflow/.local/lib/python3.12/site-packages/airflow/example_dags/example_branch_datetime_operator.py for tasks to queue
[2024-10-06T19:18:04.449+0000] {logging_mixin.py:190} INFO - [2024-10-06T19:18:04.449+0000] {dagbag.py:588} INFO - Filling up the DagBag from /home/airflow/.local/lib/python3.12/site-packages/airflow/example_dags/example_branch_datetime_operator.py
[2024-10-06T19:18:04.461+0000] {processor.py:925} INFO - DAG(s) 'example_branch_datetime_operator', 'example_branch_datetime_operator_2', 'example_branch_datetime_operator_3' retrieved from /home/airflow/.local/lib/python3.12/site-packages/airflow/example_dags/example_branch_datetime_operator.py
[2024-10-06T19:18:04.491+0000] {logging_mixin.py:190} INFO - [2024-10-06T19:18:04.491+0000] {dag.py:3239} INFO - Sync 3 DAGs
[2024-10-06T19:18:04.521+0000] {logging_mixin.py:190} INFO - [2024-10-06T19:18:04.520+0000] {dag.py:4180} INFO - Setting next_dagrun for example_branch_datetime_operator to 2024-10-05 00:00:00+00:00, run_after=2024-10-06 00:00:00+00:00
[2024-10-06T19:18:04.527+0000] {logging_mixin.py:190} INFO - [2024-10-06T19:18:04.526+0000] {dag.py:4180} INFO - Setting next_dagrun for example_branch_datetime_operator_2 to 2024-10-05 00:00:00+00:00, run_after=2024-10-06 00:00:00+00:00
[2024-10-06T19:18:04.530+0000] {logging_mixin.py:190} INFO - [2024-10-06T19:18:04.530+0000] {dag.py:4180} INFO - Setting next_dagrun for example_branch_datetime_operator_3 to 2024-10-05 00:00:00+00:00, run_after=2024-10-06 00:00:00+00:00
[2024-10-06T19:18:04.548+0000] {processor.py:208} INFO - Processing /home/airflow/.local/lib/python3.12/site-packages/airflow/example_dags/example_branch_datetime_operator.py took 0.109 seconds
[2024-10-06T19:18:34.751+0000] {processor.py:186} INFO - Started process (PID=5844) to work on /home/airflow/.local/lib/python3.12/site-packages/airflow/example_dags/example_branch_datetime_operator.py
[2024-10-06T19:18:34.752+0000] {processor.py:914} INFO - Processing file /home/airflow/.local/lib/python3.12/site-packages/airflow/example_dags/example_branch_datetime_operator.py for tasks to queue
[2024-10-06T19:18:34.754+0000] {logging_mixin.py:190} INFO - [2024-10-06T19:18:34.754+0000] {dagbag.py:588} INFO - Filling up the DagBag from /home/airflow/.local/lib/python3.12/site-packages/airflow/example_dags/example_branch_datetime_operator.py
[2024-10-06T19:18:34.765+0000] {processor.py:925} INFO - DAG(s) 'example_branch_datetime_operator_3', 'example_branch_datetime_operator_2', 'example_branch_datetime_operator' retrieved from /home/airflow/.local/lib/python3.12/site-packages/airflow/example_dags/example_branch_datetime_operator.py
[2024-10-06T19:18:34.786+0000] {logging_mixin.py:190} INFO - [2024-10-06T19:18:34.786+0000] {dag.py:3239} INFO - Sync 3 DAGs
[2024-10-06T19:18:34.807+0000] {logging_mixin.py:190} INFO - [2024-10-06T19:18:34.807+0000] {dag.py:4180} INFO - Setting next_dagrun for example_branch_datetime_operator to 2024-10-05 00:00:00+00:00, run_after=2024-10-06 00:00:00+00:00
[2024-10-06T19:18:34.812+0000] {logging_mixin.py:190} INFO - [2024-10-06T19:18:34.812+0000] {dag.py:4180} INFO - Setting next_dagrun for example_branch_datetime_operator_2 to 2024-10-05 00:00:00+00:00, run_after=2024-10-06 00:00:00+00:00
[2024-10-06T19:18:34.815+0000] {logging_mixin.py:190} INFO - [2024-10-06T19:18:34.815+0000] {dag.py:4180} INFO - Setting next_dagrun for example_branch_datetime_operator_3 to 2024-10-05 00:00:00+00:00, run_after=2024-10-06 00:00:00+00:00
[2024-10-06T19:18:34.831+0000] {processor.py:208} INFO - Processing /home/airflow/.local/lib/python3.12/site-packages/airflow/example_dags/example_branch_datetime_operator.py took 0.085 seconds
[2024-10-06T19:19:04.990+0000] {processor.py:186} INFO - Started process (PID=6138) to work on /home/airflow/.local/lib/python3.12/site-packages/airflow/example_dags/example_branch_datetime_operator.py
[2024-10-06T19:19:04.991+0000] {processor.py:914} INFO - Processing file /home/airflow/.local/lib/python3.12/site-packages/airflow/example_dags/example_branch_datetime_operator.py for tasks to queue
[2024-10-06T19:19:04.993+0000] {logging_mixin.py:190} INFO - [2024-10-06T19:19:04.993+0000] {dagbag.py:588} INFO - Filling up the DagBag from /home/airflow/.local/lib/python3.12/site-packages/airflow/example_dags/example_branch_datetime_operator.py
[2024-10-06T19:19:05.002+0000] {processor.py:925} INFO - DAG(s) 'example_branch_datetime_operator', 'example_branch_datetime_operator_3', 'example_branch_datetime_operator_2' retrieved from /home/airflow/.local/lib/python3.12/site-packages/airflow/example_dags/example_branch_datetime_operator.py
[2024-10-06T19:19:05.026+0000] {logging_mixin.py:190} INFO - [2024-10-06T19:19:05.025+0000] {dag.py:3239} INFO - Sync 3 DAGs
[2024-10-06T19:19:05.047+0000] {logging_mixin.py:190} INFO - [2024-10-06T19:19:05.047+0000] {dag.py:4180} INFO - Setting next_dagrun for example_branch_datetime_operator to 2024-10-05 00:00:00+00:00, run_after=2024-10-06 00:00:00+00:00
[2024-10-06T19:19:05.051+0000] {logging_mixin.py:190} INFO - [2024-10-06T19:19:05.051+0000] {dag.py:4180} INFO - Setting next_dagrun for example_branch_datetime_operator_2 to 2024-10-05 00:00:00+00:00, run_after=2024-10-06 00:00:00+00:00
[2024-10-06T19:19:05.054+0000] {logging_mixin.py:190} INFO - [2024-10-06T19:19:05.053+0000] {dag.py:4180} INFO - Setting next_dagrun for example_branch_datetime_operator_3 to 2024-10-05 00:00:00+00:00, run_after=2024-10-06 00:00:00+00:00
[2024-10-06T19:19:05.068+0000] {processor.py:208} INFO - Processing /home/airflow/.local/lib/python3.12/site-packages/airflow/example_dags/example_branch_datetime_operator.py took 0.081 seconds
[2024-10-06T19:19:35.210+0000] {processor.py:186} INFO - Started process (PID=6424) to work on /home/airflow/.local/lib/python3.12/site-packages/airflow/example_dags/example_branch_datetime_operator.py
[2024-10-06T19:19:35.211+0000] {processor.py:914} INFO - Processing file /home/airflow/.local/lib/python3.12/site-packages/airflow/example_dags/example_branch_datetime_operator.py for tasks to queue
[2024-10-06T19:19:35.213+0000] {logging_mixin.py:190} INFO - [2024-10-06T19:19:35.213+0000] {dagbag.py:588} INFO - Filling up the DagBag from /home/airflow/.local/lib/python3.12/site-packages/airflow/example_dags/example_branch_datetime_operator.py
[2024-10-06T19:19:35.221+0000] {processor.py:925} INFO - DAG(s) 'example_branch_datetime_operator_2', 'example_branch_datetime_operator', 'example_branch_datetime_operator_3' retrieved from /home/airflow/.local/lib/python3.12/site-packages/airflow/example_dags/example_branch_datetime_operator.py
[2024-10-06T19:19:35.243+0000] {logging_mixin.py:190} INFO - [2024-10-06T19:19:35.243+0000] {dag.py:3239} INFO - Sync 3 DAGs
[2024-10-06T19:19:35.264+0000] {logging_mixin.py:190} INFO - [2024-10-06T19:19:35.264+0000] {dag.py:4180} INFO - Setting next_dagrun for example_branch_datetime_operator to 2024-10-05 00:00:00+00:00, run_after=2024-10-06 00:00:00+00:00
[2024-10-06T19:19:35.269+0000] {logging_mixin.py:190} INFO - [2024-10-06T19:19:35.269+0000] {dag.py:4180} INFO - Setting next_dagrun for example_branch_datetime_operator_2 to 2024-10-05 00:00:00+00:00, run_after=2024-10-06 00:00:00+00:00
[2024-10-06T19:19:35.271+0000] {logging_mixin.py:190} INFO - [2024-10-06T19:19:35.271+0000] {dag.py:4180} INFO - Setting next_dagrun for example_branch_datetime_operator_3 to 2024-10-05 00:00:00+00:00, run_after=2024-10-06 00:00:00+00:00
[2024-10-06T19:19:35.286+0000] {processor.py:208} INFO - Processing /home/airflow/.local/lib/python3.12/site-packages/airflow/example_dags/example_branch_datetime_operator.py took 0.080 seconds
[2024-10-06T19:20:05.550+0000] {processor.py:186} INFO - Started process (PID=6710) to work on /home/airflow/.local/lib/python3.12/site-packages/airflow/example_dags/example_branch_datetime_operator.py
[2024-10-06T19:20:05.551+0000] {processor.py:914} INFO - Processing file /home/airflow/.local/lib/python3.12/site-packages/airflow/example_dags/example_branch_datetime_operator.py for tasks to queue
[2024-10-06T19:20:05.553+0000] {logging_mixin.py:190} INFO - [2024-10-06T19:20:05.553+0000] {dagbag.py:588} INFO - Filling up the DagBag from /home/airflow/.local/lib/python3.12/site-packages/airflow/example_dags/example_branch_datetime_operator.py
[2024-10-06T19:20:05.565+0000] {processor.py:925} INFO - DAG(s) 'example_branch_datetime_operator', 'example_branch_datetime_operator_3', 'example_branch_datetime_operator_2' retrieved from /home/airflow/.local/lib/python3.12/site-packages/airflow/example_dags/example_branch_datetime_operator.py
[2024-10-06T19:20:05.588+0000] {logging_mixin.py:190} INFO - [2024-10-06T19:20:05.588+0000] {dag.py:3239} INFO - Sync 3 DAGs
[2024-10-06T19:20:05.610+0000] {logging_mixin.py:190} INFO - [2024-10-06T19:20:05.610+0000] {dag.py:4180} INFO - Setting next_dagrun for example_branch_datetime_operator to 2024-10-05 00:00:00+00:00, run_after=2024-10-06 00:00:00+00:00
[2024-10-06T19:20:05.615+0000] {logging_mixin.py:190} INFO - [2024-10-06T19:20:05.614+0000] {dag.py:4180} INFO - Setting next_dagrun for example_branch_datetime_operator_2 to 2024-10-05 00:00:00+00:00, run_after=2024-10-06 00:00:00+00:00
[2024-10-06T19:20:05.617+0000] {logging_mixin.py:190} INFO - [2024-10-06T19:20:05.617+0000] {dag.py:4180} INFO - Setting next_dagrun for example_branch_datetime_operator_3 to 2024-10-05 00:00:00+00:00, run_after=2024-10-06 00:00:00+00:00
[2024-10-06T19:20:05.633+0000] {processor.py:208} INFO - Processing /home/airflow/.local/lib/python3.12/site-packages/airflow/example_dags/example_branch_datetime_operator.py took 0.087 seconds
[2024-10-06T19:20:35.938+0000] {processor.py:186} INFO - Started process (PID=7001) to work on /home/airflow/.local/lib/python3.12/site-packages/airflow/example_dags/example_branch_datetime_operator.py
[2024-10-06T19:20:35.939+0000] {processor.py:914} INFO - Processing file /home/airflow/.local/lib/python3.12/site-packages/airflow/example_dags/example_branch_datetime_operator.py for tasks to queue
[2024-10-06T19:20:35.941+0000] {logging_mixin.py:190} INFO - [2024-10-06T19:20:35.941+0000] {dagbag.py:588} INFO - Filling up the DagBag from /home/airflow/.local/lib/python3.12/site-packages/airflow/example_dags/example_branch_datetime_operator.py
[2024-10-06T19:20:35.954+0000] {processor.py:925} INFO - DAG(s) 'example_branch_datetime_operator_2', 'example_branch_datetime_operator', 'example_branch_datetime_operator_3' retrieved from /home/airflow/.local/lib/python3.12/site-packages/airflow/example_dags/example_branch_datetime_operator.py
[2024-10-06T19:20:35.978+0000] {logging_mixin.py:190} INFO - [2024-10-06T19:20:35.978+0000] {dag.py:3239} INFO - Sync 3 DAGs
[2024-10-06T19:20:36.002+0000] {logging_mixin.py:190} INFO - [2024-10-06T19:20:36.002+0000] {dag.py:4180} INFO - Setting next_dagrun for example_branch_datetime_operator to 2024-10-05 00:00:00+00:00, run_after=2024-10-06 00:00:00+00:00
[2024-10-06T19:20:36.007+0000] {logging_mixin.py:190} INFO - [2024-10-06T19:20:36.007+0000] {dag.py:4180} INFO - Setting next_dagrun for example_branch_datetime_operator_2 to 2024-10-05 00:00:00+00:00, run_after=2024-10-06 00:00:00+00:00
[2024-10-06T19:20:36.010+0000] {logging_mixin.py:190} INFO - [2024-10-06T19:20:36.010+0000] {dag.py:4180} INFO - Setting next_dagrun for example_branch_datetime_operator_3 to 2024-10-05 00:00:00+00:00, run_after=2024-10-06 00:00:00+00:00
[2024-10-06T19:20:36.025+0000] {processor.py:208} INFO - Processing /home/airflow/.local/lib/python3.12/site-packages/airflow/example_dags/example_branch_datetime_operator.py took 0.092 seconds
[2024-10-06T19:21:06.280+0000] {processor.py:186} INFO - Started process (PID=7303) to work on /home/airflow/.local/lib/python3.12/site-packages/airflow/example_dags/example_branch_datetime_operator.py
[2024-10-06T19:21:06.281+0000] {processor.py:914} INFO - Processing file /home/airflow/.local/lib/python3.12/site-packages/airflow/example_dags/example_branch_datetime_operator.py for tasks to queue
[2024-10-06T19:21:06.283+0000] {logging_mixin.py:190} INFO - [2024-10-06T19:21:06.283+0000] {dagbag.py:588} INFO - Filling up the DagBag from /home/airflow/.local/lib/python3.12/site-packages/airflow/example_dags/example_branch_datetime_operator.py
[2024-10-06T19:21:06.295+0000] {processor.py:925} INFO - DAG(s) 'example_branch_datetime_operator_2', 'example_branch_datetime_operator_3', 'example_branch_datetime_operator' retrieved from /home/airflow/.local/lib/python3.12/site-packages/airflow/example_dags/example_branch_datetime_operator.py
[2024-10-06T19:21:06.321+0000] {logging_mixin.py:190} INFO - [2024-10-06T19:21:06.321+0000] {dag.py:3239} INFO - Sync 3 DAGs
[2024-10-06T19:21:06.346+0000] {logging_mixin.py:190} INFO - [2024-10-06T19:21:06.346+0000] {dag.py:4180} INFO - Setting next_dagrun for example_branch_datetime_operator to 2024-10-05 00:00:00+00:00, run_after=2024-10-06 00:00:00+00:00
[2024-10-06T19:21:06.353+0000] {logging_mixin.py:190} INFO - [2024-10-06T19:21:06.353+0000] {dag.py:4180} INFO - Setting next_dagrun for example_branch_datetime_operator_2 to 2024-10-05 00:00:00+00:00, run_after=2024-10-06 00:00:00+00:00
[2024-10-06T19:21:06.356+0000] {logging_mixin.py:190} INFO - [2024-10-06T19:21:06.356+0000] {dag.py:4180} INFO - Setting next_dagrun for example_branch_datetime_operator_3 to 2024-10-05 00:00:00+00:00, run_after=2024-10-06 00:00:00+00:00
[2024-10-06T19:21:06.371+0000] {processor.py:208} INFO - Processing /home/airflow/.local/lib/python3.12/site-packages/airflow/example_dags/example_branch_datetime_operator.py took 0.095 seconds
[2024-10-06T19:21:36.915+0000] {processor.py:186} INFO - Started process (PID=7601) to work on /home/airflow/.local/lib/python3.12/site-packages/airflow/example_dags/example_branch_datetime_operator.py
[2024-10-06T19:21:36.915+0000] {processor.py:914} INFO - Processing file /home/airflow/.local/lib/python3.12/site-packages/airflow/example_dags/example_branch_datetime_operator.py for tasks to queue
[2024-10-06T19:21:36.917+0000] {logging_mixin.py:190} INFO - [2024-10-06T19:21:36.917+0000] {dagbag.py:588} INFO - Filling up the DagBag from /home/airflow/.local/lib/python3.12/site-packages/airflow/example_dags/example_branch_datetime_operator.py
[2024-10-06T19:21:36.927+0000] {processor.py:925} INFO - DAG(s) 'example_branch_datetime_operator_2', 'example_branch_datetime_operator', 'example_branch_datetime_operator_3' retrieved from /home/airflow/.local/lib/python3.12/site-packages/airflow/example_dags/example_branch_datetime_operator.py
[2024-10-06T19:21:36.954+0000] {logging_mixin.py:190} INFO - [2024-10-06T19:21:36.953+0000] {dag.py:3239} INFO - Sync 3 DAGs
[2024-10-06T19:21:36.975+0000] {logging_mixin.py:190} INFO - [2024-10-06T19:21:36.974+0000] {dag.py:4180} INFO - Setting next_dagrun for example_branch_datetime_operator to 2024-10-05 00:00:00+00:00, run_after=2024-10-06 00:00:00+00:00
[2024-10-06T19:21:36.979+0000] {logging_mixin.py:190} INFO - [2024-10-06T19:21:36.979+0000] {dag.py:4180} INFO - Setting next_dagrun for example_branch_datetime_operator_2 to 2024-10-05 00:00:00+00:00, run_after=2024-10-06 00:00:00+00:00
[2024-10-06T19:21:36.982+0000] {logging_mixin.py:190} INFO - [2024-10-06T19:21:36.982+0000] {dag.py:4180} INFO - Setting next_dagrun for example_branch_datetime_operator_3 to 2024-10-05 00:00:00+00:00, run_after=2024-10-06 00:00:00+00:00
[2024-10-06T19:21:37.000+0000] {processor.py:208} INFO - Processing /home/airflow/.local/lib/python3.12/site-packages/airflow/example_dags/example_branch_datetime_operator.py took 0.090 seconds
