[2024-10-06T19:08:55.966+0000] {processor.py:186} INFO - Started process (PID=294) to work on /home/airflow/.local/lib/python3.12/site-packages/airflow/example_dags/example_external_task_marker_dag.py
[2024-10-06T19:08:55.967+0000] {processor.py:914} INFO - Processing file /home/airflow/.local/lib/python3.12/site-packages/airflow/example_dags/example_external_task_marker_dag.py for tasks to queue
[2024-10-06T19:08:55.969+0000] {logging_mixin.py:190} INFO - [2024-10-06T19:08:55.969+0000] {dagbag.py:588} INFO - Filling up the DagBag from /home/airflow/.local/lib/python3.12/site-packages/airflow/example_dags/example_external_task_marker_dag.py
[2024-10-06T19:08:55.977+0000] {processor.py:925} INFO - DAG(s) 'example_external_task_marker_parent', 'example_external_task_marker_child' retrieved from /home/airflow/.local/lib/python3.12/site-packages/airflow/example_dags/example_external_task_marker_dag.py
[2024-10-06T19:08:56.084+0000] {logging_mixin.py:190} INFO - [2024-10-06T19:08:56.084+0000] {override.py:1900} INFO - Created Permission View: can delete on DAG:example_external_task_marker_parent
[2024-10-06T19:08:56.096+0000] {logging_mixin.py:190} INFO - [2024-10-06T19:08:56.095+0000] {override.py:1900} INFO - Created Permission View: can edit on DAG:example_external_task_marker_parent
[2024-10-06T19:08:56.104+0000] {logging_mixin.py:190} INFO - [2024-10-06T19:08:56.104+0000] {override.py:1900} INFO - Created Permission View: can read on DAG:example_external_task_marker_parent
[2024-10-06T19:08:56.113+0000] {logging_mixin.py:190} INFO - [2024-10-06T19:08:56.113+0000] {override.py:1900} INFO - Created Permission View: can delete on DAG Run:example_external_task_marker_parent
[2024-10-06T19:08:56.120+0000] {logging_mixin.py:190} INFO - [2024-10-06T19:08:56.120+0000] {override.py:1900} INFO - Created Permission View: can create on DAG Run:example_external_task_marker_parent
[2024-10-06T19:08:56.129+0000] {logging_mixin.py:190} INFO - [2024-10-06T19:08:56.128+0000] {override.py:1900} INFO - Created Permission View: can read on DAG Run:example_external_task_marker_parent
[2024-10-06T19:08:56.136+0000] {logging_mixin.py:190} INFO - [2024-10-06T19:08:56.136+0000] {override.py:1900} INFO - Created Permission View: menu access on DAG Run:example_external_task_marker_parent
[2024-10-06T19:08:56.152+0000] {logging_mixin.py:190} INFO - [2024-10-06T19:08:56.151+0000] {override.py:1900} INFO - Created Permission View: can delete on DAG:example_external_task_marker_child
[2024-10-06T19:08:56.161+0000] {logging_mixin.py:190} INFO - [2024-10-06T19:08:56.160+0000] {override.py:1900} INFO - Created Permission View: can edit on DAG:example_external_task_marker_child
[2024-10-06T19:08:56.169+0000] {logging_mixin.py:190} INFO - [2024-10-06T19:08:56.168+0000] {override.py:1900} INFO - Created Permission View: can read on DAG:example_external_task_marker_child
[2024-10-06T19:08:56.178+0000] {logging_mixin.py:190} INFO - [2024-10-06T19:08:56.178+0000] {override.py:1900} INFO - Created Permission View: can delete on DAG Run:example_external_task_marker_child
[2024-10-06T19:08:56.185+0000] {logging_mixin.py:190} INFO - [2024-10-06T19:08:56.184+0000] {override.py:1900} INFO - Created Permission View: can create on DAG Run:example_external_task_marker_child
[2024-10-06T19:08:56.192+0000] {logging_mixin.py:190} INFO - [2024-10-06T19:08:56.191+0000] {override.py:1900} INFO - Created Permission View: can read on DAG Run:example_external_task_marker_child
[2024-10-06T19:08:56.199+0000] {logging_mixin.py:190} INFO - [2024-10-06T19:08:56.198+0000] {override.py:1900} INFO - Created Permission View: menu access on DAG Run:example_external_task_marker_child
[2024-10-06T19:08:56.199+0000] {logging_mixin.py:190} INFO - [2024-10-06T19:08:56.199+0000] {dag.py:3239} INFO - Sync 2 DAGs
[2024-10-06T19:08:56.212+0000] {logging_mixin.py:190} INFO - [2024-10-06T19:08:56.211+0000] {dag.py:3262} INFO - Creating ORM DAG for example_external_task_marker_child
[2024-10-06T19:08:56.212+0000] {logging_mixin.py:190} INFO - [2024-10-06T19:08:56.212+0000] {dag.py:3262} INFO - Creating ORM DAG for example_external_task_marker_parent
[2024-10-06T19:08:56.213+0000] {logging_mixin.py:190} INFO - [2024-10-06T19:08:56.213+0000] {dag.py:4180} INFO - Setting next_dagrun for example_external_task_marker_child to None, run_after=None
[2024-10-06T19:08:56.214+0000] {logging_mixin.py:190} INFO - [2024-10-06T19:08:56.214+0000] {dag.py:4180} INFO - Setting next_dagrun for example_external_task_marker_parent to None, run_after=None
[2024-10-06T19:08:56.231+0000] {processor.py:208} INFO - Processing /home/airflow/.local/lib/python3.12/site-packages/airflow/example_dags/example_external_task_marker_dag.py took 0.269 seconds
[2024-10-06T19:09:27.126+0000] {processor.py:186} INFO - Started process (PID=582) to work on /home/airflow/.local/lib/python3.12/site-packages/airflow/example_dags/example_external_task_marker_dag.py
[2024-10-06T19:09:27.127+0000] {processor.py:914} INFO - Processing file /home/airflow/.local/lib/python3.12/site-packages/airflow/example_dags/example_external_task_marker_dag.py for tasks to queue
[2024-10-06T19:09:27.129+0000] {logging_mixin.py:190} INFO - [2024-10-06T19:09:27.129+0000] {dagbag.py:588} INFO - Filling up the DagBag from /home/airflow/.local/lib/python3.12/site-packages/airflow/example_dags/example_external_task_marker_dag.py
[2024-10-06T19:09:27.141+0000] {processor.py:925} INFO - DAG(s) 'example_external_task_marker_parent', 'example_external_task_marker_child' retrieved from /home/airflow/.local/lib/python3.12/site-packages/airflow/example_dags/example_external_task_marker_dag.py
[2024-10-06T19:09:27.161+0000] {logging_mixin.py:190} INFO - [2024-10-06T19:09:27.161+0000] {dag.py:3239} INFO - Sync 2 DAGs
[2024-10-06T19:09:27.176+0000] {logging_mixin.py:190} INFO - [2024-10-06T19:09:27.176+0000] {dag.py:4180} INFO - Setting next_dagrun for example_external_task_marker_child to None, run_after=None
[2024-10-06T19:09:27.181+0000] {logging_mixin.py:190} INFO - [2024-10-06T19:09:27.180+0000] {dag.py:4180} INFO - Setting next_dagrun for example_external_task_marker_parent to None, run_after=None
[2024-10-06T19:09:27.197+0000] {processor.py:208} INFO - Processing /home/airflow/.local/lib/python3.12/site-packages/airflow/example_dags/example_external_task_marker_dag.py took 0.076 seconds
[2024-10-06T19:09:57.323+0000] {processor.py:186} INFO - Started process (PID=868) to work on /home/airflow/.local/lib/python3.12/site-packages/airflow/example_dags/example_external_task_marker_dag.py
[2024-10-06T19:09:57.324+0000] {processor.py:914} INFO - Processing file /home/airflow/.local/lib/python3.12/site-packages/airflow/example_dags/example_external_task_marker_dag.py for tasks to queue
[2024-10-06T19:09:57.326+0000] {logging_mixin.py:190} INFO - [2024-10-06T19:09:57.326+0000] {dagbag.py:588} INFO - Filling up the DagBag from /home/airflow/.local/lib/python3.12/site-packages/airflow/example_dags/example_external_task_marker_dag.py
[2024-10-06T19:09:57.332+0000] {processor.py:925} INFO - DAG(s) 'example_external_task_marker_parent', 'example_external_task_marker_child' retrieved from /home/airflow/.local/lib/python3.12/site-packages/airflow/example_dags/example_external_task_marker_dag.py
[2024-10-06T19:09:57.354+0000] {logging_mixin.py:190} INFO - [2024-10-06T19:09:57.354+0000] {dag.py:3239} INFO - Sync 2 DAGs
[2024-10-06T19:09:57.369+0000] {logging_mixin.py:190} INFO - [2024-10-06T19:09:57.368+0000] {dag.py:4180} INFO - Setting next_dagrun for example_external_task_marker_child to None, run_after=None
[2024-10-06T19:09:57.373+0000] {logging_mixin.py:190} INFO - [2024-10-06T19:09:57.373+0000] {dag.py:4180} INFO - Setting next_dagrun for example_external_task_marker_parent to None, run_after=None
[2024-10-06T19:09:57.390+0000] {processor.py:208} INFO - Processing /home/airflow/.local/lib/python3.12/site-packages/airflow/example_dags/example_external_task_marker_dag.py took 0.071 seconds
[2024-10-06T19:10:27.639+0000] {processor.py:186} INFO - Started process (PID=1154) to work on /home/airflow/.local/lib/python3.12/site-packages/airflow/example_dags/example_external_task_marker_dag.py
[2024-10-06T19:10:27.639+0000] {processor.py:914} INFO - Processing file /home/airflow/.local/lib/python3.12/site-packages/airflow/example_dags/example_external_task_marker_dag.py for tasks to queue
[2024-10-06T19:10:27.641+0000] {logging_mixin.py:190} INFO - [2024-10-06T19:10:27.641+0000] {dagbag.py:588} INFO - Filling up the DagBag from /home/airflow/.local/lib/python3.12/site-packages/airflow/example_dags/example_external_task_marker_dag.py
[2024-10-06T19:10:27.650+0000] {processor.py:925} INFO - DAG(s) 'example_external_task_marker_parent', 'example_external_task_marker_child' retrieved from /home/airflow/.local/lib/python3.12/site-packages/airflow/example_dags/example_external_task_marker_dag.py
[2024-10-06T19:10:27.671+0000] {logging_mixin.py:190} INFO - [2024-10-06T19:10:27.670+0000] {dag.py:3239} INFO - Sync 2 DAGs
[2024-10-06T19:10:27.687+0000] {logging_mixin.py:190} INFO - [2024-10-06T19:10:27.687+0000] {dag.py:4180} INFO - Setting next_dagrun for example_external_task_marker_child to None, run_after=None
[2024-10-06T19:10:27.691+0000] {logging_mixin.py:190} INFO - [2024-10-06T19:10:27.691+0000] {dag.py:4180} INFO - Setting next_dagrun for example_external_task_marker_parent to None, run_after=None
[2024-10-06T19:10:27.716+0000] {processor.py:208} INFO - Processing /home/airflow/.local/lib/python3.12/site-packages/airflow/example_dags/example_external_task_marker_dag.py took 0.082 seconds
[2024-10-06T19:10:58.128+0000] {processor.py:186} INFO - Started process (PID=1467) to work on /home/airflow/.local/lib/python3.12/site-packages/airflow/example_dags/example_external_task_marker_dag.py
[2024-10-06T19:10:58.129+0000] {processor.py:914} INFO - Processing file /home/airflow/.local/lib/python3.12/site-packages/airflow/example_dags/example_external_task_marker_dag.py for tasks to queue
[2024-10-06T19:10:58.130+0000] {logging_mixin.py:190} INFO - [2024-10-06T19:10:58.130+0000] {dagbag.py:588} INFO - Filling up the DagBag from /home/airflow/.local/lib/python3.12/site-packages/airflow/example_dags/example_external_task_marker_dag.py
[2024-10-06T19:10:58.137+0000] {processor.py:925} INFO - DAG(s) 'example_external_task_marker_child', 'example_external_task_marker_parent' retrieved from /home/airflow/.local/lib/python3.12/site-packages/airflow/example_dags/example_external_task_marker_dag.py
[2024-10-06T19:10:58.156+0000] {logging_mixin.py:190} INFO - [2024-10-06T19:10:58.156+0000] {dag.py:3239} INFO - Sync 2 DAGs
[2024-10-06T19:10:58.170+0000] {logging_mixin.py:190} INFO - [2024-10-06T19:10:58.170+0000] {dag.py:4180} INFO - Setting next_dagrun for example_external_task_marker_child to None, run_after=None
[2024-10-06T19:10:58.174+0000] {logging_mixin.py:190} INFO - [2024-10-06T19:10:58.174+0000] {dag.py:4180} INFO - Setting next_dagrun for example_external_task_marker_parent to None, run_after=None
[2024-10-06T19:10:58.190+0000] {processor.py:208} INFO - Processing /home/airflow/.local/lib/python3.12/site-packages/airflow/example_dags/example_external_task_marker_dag.py took 0.066 seconds
[2024-10-06T19:11:28.482+0000] {processor.py:186} INFO - Started process (PID=1750) to work on /home/airflow/.local/lib/python3.12/site-packages/airflow/example_dags/example_external_task_marker_dag.py
[2024-10-06T19:11:28.483+0000] {processor.py:914} INFO - Processing file /home/airflow/.local/lib/python3.12/site-packages/airflow/example_dags/example_external_task_marker_dag.py for tasks to queue
[2024-10-06T19:11:28.484+0000] {logging_mixin.py:190} INFO - [2024-10-06T19:11:28.484+0000] {dagbag.py:588} INFO - Filling up the DagBag from /home/airflow/.local/lib/python3.12/site-packages/airflow/example_dags/example_external_task_marker_dag.py
[2024-10-06T19:11:28.492+0000] {processor.py:925} INFO - DAG(s) 'example_external_task_marker_parent', 'example_external_task_marker_child' retrieved from /home/airflow/.local/lib/python3.12/site-packages/airflow/example_dags/example_external_task_marker_dag.py
[2024-10-06T19:11:28.514+0000] {logging_mixin.py:190} INFO - [2024-10-06T19:11:28.514+0000] {dag.py:3239} INFO - Sync 2 DAGs
[2024-10-06T19:11:28.529+0000] {logging_mixin.py:190} INFO - [2024-10-06T19:11:28.528+0000] {dag.py:4180} INFO - Setting next_dagrun for example_external_task_marker_child to None, run_after=None
[2024-10-06T19:11:28.533+0000] {logging_mixin.py:190} INFO - [2024-10-06T19:11:28.533+0000] {dag.py:4180} INFO - Setting next_dagrun for example_external_task_marker_parent to None, run_after=None
[2024-10-06T19:11:28.549+0000] {processor.py:208} INFO - Processing /home/airflow/.local/lib/python3.12/site-packages/airflow/example_dags/example_external_task_marker_dag.py took 0.073 seconds
[2024-10-06T19:11:58.876+0000] {processor.py:186} INFO - Started process (PID=2036) to work on /home/airflow/.local/lib/python3.12/site-packages/airflow/example_dags/example_external_task_marker_dag.py
[2024-10-06T19:11:58.878+0000] {processor.py:914} INFO - Processing file /home/airflow/.local/lib/python3.12/site-packages/airflow/example_dags/example_external_task_marker_dag.py for tasks to queue
[2024-10-06T19:11:58.879+0000] {logging_mixin.py:190} INFO - [2024-10-06T19:11:58.879+0000] {dagbag.py:588} INFO - Filling up the DagBag from /home/airflow/.local/lib/python3.12/site-packages/airflow/example_dags/example_external_task_marker_dag.py
[2024-10-06T19:11:58.888+0000] {processor.py:925} INFO - DAG(s) 'example_external_task_marker_child', 'example_external_task_marker_parent' retrieved from /home/airflow/.local/lib/python3.12/site-packages/airflow/example_dags/example_external_task_marker_dag.py
[2024-10-06T19:11:58.927+0000] {logging_mixin.py:190} INFO - [2024-10-06T19:11:58.926+0000] {dag.py:3239} INFO - Sync 2 DAGs
[2024-10-06T19:11:58.942+0000] {logging_mixin.py:190} INFO - [2024-10-06T19:11:58.941+0000] {dag.py:4180} INFO - Setting next_dagrun for example_external_task_marker_child to None, run_after=None
[2024-10-06T19:11:58.946+0000] {logging_mixin.py:190} INFO - [2024-10-06T19:11:58.946+0000] {dag.py:4180} INFO - Setting next_dagrun for example_external_task_marker_parent to None, run_after=None
[2024-10-06T19:11:58.966+0000] {processor.py:208} INFO - Processing /home/airflow/.local/lib/python3.12/site-packages/airflow/example_dags/example_external_task_marker_dag.py took 0.096 seconds
[2024-10-06T19:12:29.281+0000] {processor.py:186} INFO - Started process (PID=2322) to work on /home/airflow/.local/lib/python3.12/site-packages/airflow/example_dags/example_external_task_marker_dag.py
[2024-10-06T19:12:29.282+0000] {processor.py:914} INFO - Processing file /home/airflow/.local/lib/python3.12/site-packages/airflow/example_dags/example_external_task_marker_dag.py for tasks to queue
[2024-10-06T19:12:29.284+0000] {logging_mixin.py:190} INFO - [2024-10-06T19:12:29.284+0000] {dagbag.py:588} INFO - Filling up the DagBag from /home/airflow/.local/lib/python3.12/site-packages/airflow/example_dags/example_external_task_marker_dag.py
[2024-10-06T19:12:29.291+0000] {processor.py:925} INFO - DAG(s) 'example_external_task_marker_parent', 'example_external_task_marker_child' retrieved from /home/airflow/.local/lib/python3.12/site-packages/airflow/example_dags/example_external_task_marker_dag.py
[2024-10-06T19:12:29.311+0000] {logging_mixin.py:190} INFO - [2024-10-06T19:12:29.311+0000] {dag.py:3239} INFO - Sync 2 DAGs
[2024-10-06T19:12:29.324+0000] {logging_mixin.py:190} INFO - [2024-10-06T19:12:29.324+0000] {dag.py:4180} INFO - Setting next_dagrun for example_external_task_marker_child to None, run_after=None
[2024-10-06T19:12:29.328+0000] {logging_mixin.py:190} INFO - [2024-10-06T19:12:29.327+0000] {dag.py:4180} INFO - Setting next_dagrun for example_external_task_marker_parent to None, run_after=None
[2024-10-06T19:12:29.344+0000] {processor.py:208} INFO - Processing /home/airflow/.local/lib/python3.12/site-packages/airflow/example_dags/example_external_task_marker_dag.py took 0.068 seconds
[2024-10-06T19:12:59.643+0000] {processor.py:186} INFO - Started process (PID=2608) to work on /home/airflow/.local/lib/python3.12/site-packages/airflow/example_dags/example_external_task_marker_dag.py
[2024-10-06T19:12:59.644+0000] {processor.py:914} INFO - Processing file /home/airflow/.local/lib/python3.12/site-packages/airflow/example_dags/example_external_task_marker_dag.py for tasks to queue
[2024-10-06T19:12:59.646+0000] {logging_mixin.py:190} INFO - [2024-10-06T19:12:59.646+0000] {dagbag.py:588} INFO - Filling up the DagBag from /home/airflow/.local/lib/python3.12/site-packages/airflow/example_dags/example_external_task_marker_dag.py
[2024-10-06T19:12:59.652+0000] {processor.py:925} INFO - DAG(s) 'example_external_task_marker_child', 'example_external_task_marker_parent' retrieved from /home/airflow/.local/lib/python3.12/site-packages/airflow/example_dags/example_external_task_marker_dag.py
[2024-10-06T19:12:59.672+0000] {logging_mixin.py:190} INFO - [2024-10-06T19:12:59.672+0000] {dag.py:3239} INFO - Sync 2 DAGs
[2024-10-06T19:12:59.685+0000] {logging_mixin.py:190} INFO - [2024-10-06T19:12:59.685+0000] {dag.py:4180} INFO - Setting next_dagrun for example_external_task_marker_child to None, run_after=None
[2024-10-06T19:12:59.690+0000] {logging_mixin.py:190} INFO - [2024-10-06T19:12:59.689+0000] {dag.py:4180} INFO - Setting next_dagrun for example_external_task_marker_parent to None, run_after=None
[2024-10-06T19:12:59.705+0000] {processor.py:208} INFO - Processing /home/airflow/.local/lib/python3.12/site-packages/airflow/example_dags/example_external_task_marker_dag.py took 0.065 seconds
[2024-10-06T19:13:30.100+0000] {processor.py:186} INFO - Started process (PID=2894) to work on /home/airflow/.local/lib/python3.12/site-packages/airflow/example_dags/example_external_task_marker_dag.py
[2024-10-06T19:13:30.101+0000] {processor.py:914} INFO - Processing file /home/airflow/.local/lib/python3.12/site-packages/airflow/example_dags/example_external_task_marker_dag.py for tasks to queue
[2024-10-06T19:13:30.104+0000] {logging_mixin.py:190} INFO - [2024-10-06T19:13:30.103+0000] {dagbag.py:588} INFO - Filling up the DagBag from /home/airflow/.local/lib/python3.12/site-packages/airflow/example_dags/example_external_task_marker_dag.py
[2024-10-06T19:13:30.109+0000] {processor.py:925} INFO - DAG(s) 'example_external_task_marker_parent', 'example_external_task_marker_child' retrieved from /home/airflow/.local/lib/python3.12/site-packages/airflow/example_dags/example_external_task_marker_dag.py
[2024-10-06T19:13:30.128+0000] {logging_mixin.py:190} INFO - [2024-10-06T19:13:30.128+0000] {dag.py:3239} INFO - Sync 2 DAGs
[2024-10-06T19:13:30.141+0000] {logging_mixin.py:190} INFO - [2024-10-06T19:13:30.141+0000] {dag.py:4180} INFO - Setting next_dagrun for example_external_task_marker_child to None, run_after=None
[2024-10-06T19:13:30.145+0000] {logging_mixin.py:190} INFO - [2024-10-06T19:13:30.144+0000] {dag.py:4180} INFO - Setting next_dagrun for example_external_task_marker_parent to None, run_after=None
[2024-10-06T19:13:30.162+0000] {processor.py:208} INFO - Processing /home/airflow/.local/lib/python3.12/site-packages/airflow/example_dags/example_external_task_marker_dag.py took 0.066 seconds
[2024-10-06T19:14:00.455+0000] {processor.py:186} INFO - Started process (PID=3185) to work on /home/airflow/.local/lib/python3.12/site-packages/airflow/example_dags/example_external_task_marker_dag.py
[2024-10-06T19:14:00.455+0000] {processor.py:914} INFO - Processing file /home/airflow/.local/lib/python3.12/site-packages/airflow/example_dags/example_external_task_marker_dag.py for tasks to queue
[2024-10-06T19:14:00.458+0000] {logging_mixin.py:190} INFO - [2024-10-06T19:14:00.457+0000] {dagbag.py:588} INFO - Filling up the DagBag from /home/airflow/.local/lib/python3.12/site-packages/airflow/example_dags/example_external_task_marker_dag.py
[2024-10-06T19:14:00.464+0000] {processor.py:925} INFO - DAG(s) 'example_external_task_marker_parent', 'example_external_task_marker_child' retrieved from /home/airflow/.local/lib/python3.12/site-packages/airflow/example_dags/example_external_task_marker_dag.py
[2024-10-06T19:14:00.487+0000] {logging_mixin.py:190} INFO - [2024-10-06T19:14:00.486+0000] {dag.py:3239} INFO - Sync 2 DAGs
[2024-10-06T19:14:00.500+0000] {logging_mixin.py:190} INFO - [2024-10-06T19:14:00.500+0000] {dag.py:4180} INFO - Setting next_dagrun for example_external_task_marker_child to None, run_after=None
[2024-10-06T19:14:00.504+0000] {logging_mixin.py:190} INFO - [2024-10-06T19:14:00.504+0000] {dag.py:4180} INFO - Setting next_dagrun for example_external_task_marker_parent to None, run_after=None
[2024-10-06T19:14:00.523+0000] {processor.py:208} INFO - Processing /home/airflow/.local/lib/python3.12/site-packages/airflow/example_dags/example_external_task_marker_dag.py took 0.073 seconds
[2024-10-06T19:14:30.649+0000] {processor.py:186} INFO - Started process (PID=3476) to work on /home/airflow/.local/lib/python3.12/site-packages/airflow/example_dags/example_external_task_marker_dag.py
[2024-10-06T19:14:30.649+0000] {processor.py:914} INFO - Processing file /home/airflow/.local/lib/python3.12/site-packages/airflow/example_dags/example_external_task_marker_dag.py for tasks to queue
[2024-10-06T19:14:30.651+0000] {logging_mixin.py:190} INFO - [2024-10-06T19:14:30.651+0000] {dagbag.py:588} INFO - Filling up the DagBag from /home/airflow/.local/lib/python3.12/site-packages/airflow/example_dags/example_external_task_marker_dag.py
[2024-10-06T19:14:30.657+0000] {processor.py:925} INFO - DAG(s) 'example_external_task_marker_child', 'example_external_task_marker_parent' retrieved from /home/airflow/.local/lib/python3.12/site-packages/airflow/example_dags/example_external_task_marker_dag.py
[2024-10-06T19:14:30.676+0000] {logging_mixin.py:190} INFO - [2024-10-06T19:14:30.676+0000] {dag.py:3239} INFO - Sync 2 DAGs
[2024-10-06T19:14:30.688+0000] {logging_mixin.py:190} INFO - [2024-10-06T19:14:30.687+0000] {dag.py:4180} INFO - Setting next_dagrun for example_external_task_marker_child to None, run_after=None
[2024-10-06T19:14:30.692+0000] {logging_mixin.py:190} INFO - [2024-10-06T19:14:30.692+0000] {dag.py:4180} INFO - Setting next_dagrun for example_external_task_marker_parent to None, run_after=None
[2024-10-06T19:14:30.708+0000] {processor.py:208} INFO - Processing /home/airflow/.local/lib/python3.12/site-packages/airflow/example_dags/example_external_task_marker_dag.py took 0.064 seconds
[2024-10-06T19:15:01.067+0000] {processor.py:186} INFO - Started process (PID=3767) to work on /home/airflow/.local/lib/python3.12/site-packages/airflow/example_dags/example_external_task_marker_dag.py
[2024-10-06T19:15:01.068+0000] {processor.py:914} INFO - Processing file /home/airflow/.local/lib/python3.12/site-packages/airflow/example_dags/example_external_task_marker_dag.py for tasks to queue
[2024-10-06T19:15:01.070+0000] {logging_mixin.py:190} INFO - [2024-10-06T19:15:01.070+0000] {dagbag.py:588} INFO - Filling up the DagBag from /home/airflow/.local/lib/python3.12/site-packages/airflow/example_dags/example_external_task_marker_dag.py
[2024-10-06T19:15:01.076+0000] {processor.py:925} INFO - DAG(s) 'example_external_task_marker_child', 'example_external_task_marker_parent' retrieved from /home/airflow/.local/lib/python3.12/site-packages/airflow/example_dags/example_external_task_marker_dag.py
[2024-10-06T19:15:01.095+0000] {logging_mixin.py:190} INFO - [2024-10-06T19:15:01.095+0000] {dag.py:3239} INFO - Sync 2 DAGs
[2024-10-06T19:15:01.107+0000] {logging_mixin.py:190} INFO - [2024-10-06T19:15:01.107+0000] {dag.py:4180} INFO - Setting next_dagrun for example_external_task_marker_child to None, run_after=None
[2024-10-06T19:15:01.111+0000] {logging_mixin.py:190} INFO - [2024-10-06T19:15:01.110+0000] {dag.py:4180} INFO - Setting next_dagrun for example_external_task_marker_parent to None, run_after=None
[2024-10-06T19:15:01.126+0000] {processor.py:208} INFO - Processing /home/airflow/.local/lib/python3.12/site-packages/airflow/example_dags/example_external_task_marker_dag.py took 0.064 seconds
[2024-10-06T19:15:31.368+0000] {processor.py:186} INFO - Started process (PID=4063) to work on /home/airflow/.local/lib/python3.12/site-packages/airflow/example_dags/example_external_task_marker_dag.py
[2024-10-06T19:15:31.369+0000] {processor.py:914} INFO - Processing file /home/airflow/.local/lib/python3.12/site-packages/airflow/example_dags/example_external_task_marker_dag.py for tasks to queue
[2024-10-06T19:15:31.371+0000] {logging_mixin.py:190} INFO - [2024-10-06T19:15:31.371+0000] {dagbag.py:588} INFO - Filling up the DagBag from /home/airflow/.local/lib/python3.12/site-packages/airflow/example_dags/example_external_task_marker_dag.py
[2024-10-06T19:15:31.377+0000] {processor.py:925} INFO - DAG(s) 'example_external_task_marker_parent', 'example_external_task_marker_child' retrieved from /home/airflow/.local/lib/python3.12/site-packages/airflow/example_dags/example_external_task_marker_dag.py
[2024-10-06T19:15:31.397+0000] {logging_mixin.py:190} INFO - [2024-10-06T19:15:31.396+0000] {dag.py:3239} INFO - Sync 2 DAGs
[2024-10-06T19:15:31.410+0000] {logging_mixin.py:190} INFO - [2024-10-06T19:15:31.410+0000] {dag.py:4180} INFO - Setting next_dagrun for example_external_task_marker_child to None, run_after=None
[2024-10-06T19:15:31.414+0000] {logging_mixin.py:190} INFO - [2024-10-06T19:15:31.414+0000] {dag.py:4180} INFO - Setting next_dagrun for example_external_task_marker_parent to None, run_after=None
[2024-10-06T19:15:31.431+0000] {processor.py:208} INFO - Processing /home/airflow/.local/lib/python3.12/site-packages/airflow/example_dags/example_external_task_marker_dag.py took 0.067 seconds
[2024-10-06T19:16:01.558+0000] {processor.py:186} INFO - Started process (PID=4354) to work on /home/airflow/.local/lib/python3.12/site-packages/airflow/example_dags/example_external_task_marker_dag.py
[2024-10-06T19:16:01.559+0000] {processor.py:914} INFO - Processing file /home/airflow/.local/lib/python3.12/site-packages/airflow/example_dags/example_external_task_marker_dag.py for tasks to queue
[2024-10-06T19:16:01.561+0000] {logging_mixin.py:190} INFO - [2024-10-06T19:16:01.561+0000] {dagbag.py:588} INFO - Filling up the DagBag from /home/airflow/.local/lib/python3.12/site-packages/airflow/example_dags/example_external_task_marker_dag.py
[2024-10-06T19:16:01.566+0000] {processor.py:925} INFO - DAG(s) 'example_external_task_marker_parent', 'example_external_task_marker_child' retrieved from /home/airflow/.local/lib/python3.12/site-packages/airflow/example_dags/example_external_task_marker_dag.py
[2024-10-06T19:16:01.585+0000] {logging_mixin.py:190} INFO - [2024-10-06T19:16:01.585+0000] {dag.py:3239} INFO - Sync 2 DAGs
[2024-10-06T19:16:01.598+0000] {logging_mixin.py:190} INFO - [2024-10-06T19:16:01.598+0000] {dag.py:4180} INFO - Setting next_dagrun for example_external_task_marker_child to None, run_after=None
[2024-10-06T19:16:01.602+0000] {logging_mixin.py:190} INFO - [2024-10-06T19:16:01.602+0000] {dag.py:4180} INFO - Setting next_dagrun for example_external_task_marker_parent to None, run_after=None
[2024-10-06T19:16:01.619+0000] {processor.py:208} INFO - Processing /home/airflow/.local/lib/python3.12/site-packages/airflow/example_dags/example_external_task_marker_dag.py took 0.064 seconds
[2024-10-06T19:16:31.825+0000] {processor.py:186} INFO - Started process (PID=4645) to work on /home/airflow/.local/lib/python3.12/site-packages/airflow/example_dags/example_external_task_marker_dag.py
[2024-10-06T19:16:31.826+0000] {processor.py:914} INFO - Processing file /home/airflow/.local/lib/python3.12/site-packages/airflow/example_dags/example_external_task_marker_dag.py for tasks to queue
[2024-10-06T19:16:31.829+0000] {logging_mixin.py:190} INFO - [2024-10-06T19:16:31.828+0000] {dagbag.py:588} INFO - Filling up the DagBag from /home/airflow/.local/lib/python3.12/site-packages/airflow/example_dags/example_external_task_marker_dag.py
[2024-10-06T19:16:31.835+0000] {processor.py:925} INFO - DAG(s) 'example_external_task_marker_child', 'example_external_task_marker_parent' retrieved from /home/airflow/.local/lib/python3.12/site-packages/airflow/example_dags/example_external_task_marker_dag.py
[2024-10-06T19:16:31.855+0000] {logging_mixin.py:190} INFO - [2024-10-06T19:16:31.855+0000] {dag.py:3239} INFO - Sync 2 DAGs
[2024-10-06T19:16:31.869+0000] {logging_mixin.py:190} INFO - [2024-10-06T19:16:31.868+0000] {dag.py:4180} INFO - Setting next_dagrun for example_external_task_marker_child to None, run_after=None
[2024-10-06T19:16:31.873+0000] {logging_mixin.py:190} INFO - [2024-10-06T19:16:31.873+0000] {dag.py:4180} INFO - Setting next_dagrun for example_external_task_marker_parent to None, run_after=None
[2024-10-06T19:16:31.888+0000] {processor.py:208} INFO - Processing /home/airflow/.local/lib/python3.12/site-packages/airflow/example_dags/example_external_task_marker_dag.py took 0.066 seconds
[2024-10-06T19:17:02.144+0000] {processor.py:186} INFO - Started process (PID=4936) to work on /home/airflow/.local/lib/python3.12/site-packages/airflow/example_dags/example_external_task_marker_dag.py
[2024-10-06T19:17:02.145+0000] {processor.py:914} INFO - Processing file /home/airflow/.local/lib/python3.12/site-packages/airflow/example_dags/example_external_task_marker_dag.py for tasks to queue
[2024-10-06T19:17:02.147+0000] {logging_mixin.py:190} INFO - [2024-10-06T19:17:02.147+0000] {dagbag.py:588} INFO - Filling up the DagBag from /home/airflow/.local/lib/python3.12/site-packages/airflow/example_dags/example_external_task_marker_dag.py
[2024-10-06T19:17:02.152+0000] {processor.py:925} INFO - DAG(s) 'example_external_task_marker_parent', 'example_external_task_marker_child' retrieved from /home/airflow/.local/lib/python3.12/site-packages/airflow/example_dags/example_external_task_marker_dag.py
[2024-10-06T19:17:02.173+0000] {logging_mixin.py:190} INFO - [2024-10-06T19:17:02.172+0000] {dag.py:3239} INFO - Sync 2 DAGs
[2024-10-06T19:17:02.189+0000] {logging_mixin.py:190} INFO - [2024-10-06T19:17:02.189+0000] {dag.py:4180} INFO - Setting next_dagrun for example_external_task_marker_child to None, run_after=None
[2024-10-06T19:17:02.192+0000] {logging_mixin.py:190} INFO - [2024-10-06T19:17:02.192+0000] {dag.py:4180} INFO - Setting next_dagrun for example_external_task_marker_parent to None, run_after=None
[2024-10-06T19:17:02.209+0000] {processor.py:208} INFO - Processing /home/airflow/.local/lib/python3.12/site-packages/airflow/example_dags/example_external_task_marker_dag.py took 0.069 seconds
[2024-10-06T19:17:32.675+0000] {processor.py:186} INFO - Started process (PID=5227) to work on /home/airflow/.local/lib/python3.12/site-packages/airflow/example_dags/example_external_task_marker_dag.py
[2024-10-06T19:17:32.676+0000] {processor.py:914} INFO - Processing file /home/airflow/.local/lib/python3.12/site-packages/airflow/example_dags/example_external_task_marker_dag.py for tasks to queue
[2024-10-06T19:17:32.678+0000] {logging_mixin.py:190} INFO - [2024-10-06T19:17:32.678+0000] {dagbag.py:588} INFO - Filling up the DagBag from /home/airflow/.local/lib/python3.12/site-packages/airflow/example_dags/example_external_task_marker_dag.py
[2024-10-06T19:17:32.684+0000] {processor.py:925} INFO - DAG(s) 'example_external_task_marker_child', 'example_external_task_marker_parent' retrieved from /home/airflow/.local/lib/python3.12/site-packages/airflow/example_dags/example_external_task_marker_dag.py
[2024-10-06T19:17:32.704+0000] {logging_mixin.py:190} INFO - [2024-10-06T19:17:32.703+0000] {dag.py:3239} INFO - Sync 2 DAGs
[2024-10-06T19:17:32.719+0000] {logging_mixin.py:190} INFO - [2024-10-06T19:17:32.719+0000] {dag.py:4180} INFO - Setting next_dagrun for example_external_task_marker_child to None, run_after=None
[2024-10-06T19:17:32.724+0000] {logging_mixin.py:190} INFO - [2024-10-06T19:17:32.724+0000] {dag.py:4180} INFO - Setting next_dagrun for example_external_task_marker_parent to None, run_after=None
[2024-10-06T19:17:32.741+0000] {processor.py:208} INFO - Processing /home/airflow/.local/lib/python3.12/site-packages/airflow/example_dags/example_external_task_marker_dag.py took 0.070 seconds
[2024-10-06T19:18:02.802+0000] {processor.py:186} INFO - Started process (PID=5518) to work on /home/airflow/.local/lib/python3.12/site-packages/airflow/example_dags/example_external_task_marker_dag.py
[2024-10-06T19:18:02.803+0000] {processor.py:914} INFO - Processing file /home/airflow/.local/lib/python3.12/site-packages/airflow/example_dags/example_external_task_marker_dag.py for tasks to queue
[2024-10-06T19:18:02.805+0000] {logging_mixin.py:190} INFO - [2024-10-06T19:18:02.804+0000] {dagbag.py:588} INFO - Filling up the DagBag from /home/airflow/.local/lib/python3.12/site-packages/airflow/example_dags/example_external_task_marker_dag.py
[2024-10-06T19:18:02.810+0000] {processor.py:925} INFO - DAG(s) 'example_external_task_marker_child', 'example_external_task_marker_parent' retrieved from /home/airflow/.local/lib/python3.12/site-packages/airflow/example_dags/example_external_task_marker_dag.py
[2024-10-06T19:18:02.829+0000] {logging_mixin.py:190} INFO - [2024-10-06T19:18:02.828+0000] {dag.py:3239} INFO - Sync 2 DAGs
[2024-10-06T19:18:02.841+0000] {logging_mixin.py:190} INFO - [2024-10-06T19:18:02.841+0000] {dag.py:4180} INFO - Setting next_dagrun for example_external_task_marker_child to None, run_after=None
[2024-10-06T19:18:02.844+0000] {logging_mixin.py:190} INFO - [2024-10-06T19:18:02.844+0000] {dag.py:4180} INFO - Setting next_dagrun for example_external_task_marker_parent to None, run_after=None
[2024-10-06T19:18:02.861+0000] {processor.py:208} INFO - Processing /home/airflow/.local/lib/python3.12/site-packages/airflow/example_dags/example_external_task_marker_dag.py took 0.063 seconds
[2024-10-06T19:18:33.114+0000] {processor.py:186} INFO - Started process (PID=5809) to work on /home/airflow/.local/lib/python3.12/site-packages/airflow/example_dags/example_external_task_marker_dag.py
[2024-10-06T19:18:33.115+0000] {processor.py:914} INFO - Processing file /home/airflow/.local/lib/python3.12/site-packages/airflow/example_dags/example_external_task_marker_dag.py for tasks to queue
[2024-10-06T19:18:33.117+0000] {logging_mixin.py:190} INFO - [2024-10-06T19:18:33.116+0000] {dagbag.py:588} INFO - Filling up the DagBag from /home/airflow/.local/lib/python3.12/site-packages/airflow/example_dags/example_external_task_marker_dag.py
[2024-10-06T19:18:33.122+0000] {processor.py:925} INFO - DAG(s) 'example_external_task_marker_parent', 'example_external_task_marker_child' retrieved from /home/airflow/.local/lib/python3.12/site-packages/airflow/example_dags/example_external_task_marker_dag.py
[2024-10-06T19:18:33.143+0000] {logging_mixin.py:190} INFO - [2024-10-06T19:18:33.142+0000] {dag.py:3239} INFO - Sync 2 DAGs
[2024-10-06T19:18:33.156+0000] {logging_mixin.py:190} INFO - [2024-10-06T19:18:33.156+0000] {dag.py:4180} INFO - Setting next_dagrun for example_external_task_marker_child to None, run_after=None
[2024-10-06T19:18:33.160+0000] {logging_mixin.py:190} INFO - [2024-10-06T19:18:33.160+0000] {dag.py:4180} INFO - Setting next_dagrun for example_external_task_marker_parent to None, run_after=None
[2024-10-06T19:18:33.175+0000] {processor.py:208} INFO - Processing /home/airflow/.local/lib/python3.12/site-packages/airflow/example_dags/example_external_task_marker_dag.py took 0.066 seconds
[2024-10-06T19:19:03.587+0000] {processor.py:186} INFO - Started process (PID=6105) to work on /home/airflow/.local/lib/python3.12/site-packages/airflow/example_dags/example_external_task_marker_dag.py
[2024-10-06T19:19:03.588+0000] {processor.py:914} INFO - Processing file /home/airflow/.local/lib/python3.12/site-packages/airflow/example_dags/example_external_task_marker_dag.py for tasks to queue
[2024-10-06T19:19:03.589+0000] {logging_mixin.py:190} INFO - [2024-10-06T19:19:03.589+0000] {dagbag.py:588} INFO - Filling up the DagBag from /home/airflow/.local/lib/python3.12/site-packages/airflow/example_dags/example_external_task_marker_dag.py
[2024-10-06T19:19:03.596+0000] {processor.py:925} INFO - DAG(s) 'example_external_task_marker_parent', 'example_external_task_marker_child' retrieved from /home/airflow/.local/lib/python3.12/site-packages/airflow/example_dags/example_external_task_marker_dag.py
[2024-10-06T19:19:03.613+0000] {logging_mixin.py:190} INFO - [2024-10-06T19:19:03.613+0000] {dag.py:3239} INFO - Sync 2 DAGs
[2024-10-06T19:19:03.624+0000] {logging_mixin.py:190} INFO - [2024-10-06T19:19:03.624+0000] {dag.py:4180} INFO - Setting next_dagrun for example_external_task_marker_child to None, run_after=None
[2024-10-06T19:19:03.628+0000] {logging_mixin.py:190} INFO - [2024-10-06T19:19:03.628+0000] {dag.py:4180} INFO - Setting next_dagrun for example_external_task_marker_parent to None, run_after=None
[2024-10-06T19:19:03.642+0000] {processor.py:208} INFO - Processing /home/airflow/.local/lib/python3.12/site-packages/airflow/example_dags/example_external_task_marker_dag.py took 0.060 seconds
[2024-10-06T19:19:33.881+0000] {processor.py:186} INFO - Started process (PID=6396) to work on /home/airflow/.local/lib/python3.12/site-packages/airflow/example_dags/example_external_task_marker_dag.py
[2024-10-06T19:19:33.882+0000] {processor.py:914} INFO - Processing file /home/airflow/.local/lib/python3.12/site-packages/airflow/example_dags/example_external_task_marker_dag.py for tasks to queue
[2024-10-06T19:19:33.884+0000] {logging_mixin.py:190} INFO - [2024-10-06T19:19:33.883+0000] {dagbag.py:588} INFO - Filling up the DagBag from /home/airflow/.local/lib/python3.12/site-packages/airflow/example_dags/example_external_task_marker_dag.py
[2024-10-06T19:19:33.889+0000] {processor.py:925} INFO - DAG(s) 'example_external_task_marker_child', 'example_external_task_marker_parent' retrieved from /home/airflow/.local/lib/python3.12/site-packages/airflow/example_dags/example_external_task_marker_dag.py
[2024-10-06T19:19:33.908+0000] {logging_mixin.py:190} INFO - [2024-10-06T19:19:33.908+0000] {dag.py:3239} INFO - Sync 2 DAGs
[2024-10-06T19:19:33.922+0000] {logging_mixin.py:190} INFO - [2024-10-06T19:19:33.921+0000] {dag.py:4180} INFO - Setting next_dagrun for example_external_task_marker_child to None, run_after=None
[2024-10-06T19:19:33.925+0000] {logging_mixin.py:190} INFO - [2024-10-06T19:19:33.925+0000] {dag.py:4180} INFO - Setting next_dagrun for example_external_task_marker_parent to None, run_after=None
[2024-10-06T19:19:33.940+0000] {processor.py:208} INFO - Processing /home/airflow/.local/lib/python3.12/site-packages/airflow/example_dags/example_external_task_marker_dag.py took 0.063 seconds
[2024-10-06T19:20:04.267+0000] {processor.py:186} INFO - Started process (PID=6687) to work on /home/airflow/.local/lib/python3.12/site-packages/airflow/example_dags/example_external_task_marker_dag.py
[2024-10-06T19:20:04.268+0000] {processor.py:914} INFO - Processing file /home/airflow/.local/lib/python3.12/site-packages/airflow/example_dags/example_external_task_marker_dag.py for tasks to queue
[2024-10-06T19:20:04.270+0000] {logging_mixin.py:190} INFO - [2024-10-06T19:20:04.270+0000] {dagbag.py:588} INFO - Filling up the DagBag from /home/airflow/.local/lib/python3.12/site-packages/airflow/example_dags/example_external_task_marker_dag.py
[2024-10-06T19:20:04.276+0000] {processor.py:925} INFO - DAG(s) 'example_external_task_marker_child', 'example_external_task_marker_parent' retrieved from /home/airflow/.local/lib/python3.12/site-packages/airflow/example_dags/example_external_task_marker_dag.py
[2024-10-06T19:20:04.297+0000] {logging_mixin.py:190} INFO - [2024-10-06T19:20:04.297+0000] {dag.py:3239} INFO - Sync 2 DAGs
[2024-10-06T19:20:04.311+0000] {logging_mixin.py:190} INFO - [2024-10-06T19:20:04.310+0000] {dag.py:4180} INFO - Setting next_dagrun for example_external_task_marker_child to None, run_after=None
[2024-10-06T19:20:04.314+0000] {logging_mixin.py:190} INFO - [2024-10-06T19:20:04.314+0000] {dag.py:4180} INFO - Setting next_dagrun for example_external_task_marker_parent to None, run_after=None
[2024-10-06T19:20:04.332+0000] {processor.py:208} INFO - Processing /home/airflow/.local/lib/python3.12/site-packages/airflow/example_dags/example_external_task_marker_dag.py took 0.069 seconds
[2024-10-06T19:20:34.659+0000] {processor.py:186} INFO - Started process (PID=6978) to work on /home/airflow/.local/lib/python3.12/site-packages/airflow/example_dags/example_external_task_marker_dag.py
[2024-10-06T19:20:34.660+0000] {processor.py:914} INFO - Processing file /home/airflow/.local/lib/python3.12/site-packages/airflow/example_dags/example_external_task_marker_dag.py for tasks to queue
[2024-10-06T19:20:34.662+0000] {logging_mixin.py:190} INFO - [2024-10-06T19:20:34.662+0000] {dagbag.py:588} INFO - Filling up the DagBag from /home/airflow/.local/lib/python3.12/site-packages/airflow/example_dags/example_external_task_marker_dag.py
[2024-10-06T19:20:34.668+0000] {processor.py:925} INFO - DAG(s) 'example_external_task_marker_parent', 'example_external_task_marker_child' retrieved from /home/airflow/.local/lib/python3.12/site-packages/airflow/example_dags/example_external_task_marker_dag.py
[2024-10-06T19:20:34.686+0000] {logging_mixin.py:190} INFO - [2024-10-06T19:20:34.686+0000] {dag.py:3239} INFO - Sync 2 DAGs
[2024-10-06T19:20:34.699+0000] {logging_mixin.py:190} INFO - [2024-10-06T19:20:34.699+0000] {dag.py:4180} INFO - Setting next_dagrun for example_external_task_marker_child to None, run_after=None
[2024-10-06T19:20:34.702+0000] {logging_mixin.py:190} INFO - [2024-10-06T19:20:34.702+0000] {dag.py:4180} INFO - Setting next_dagrun for example_external_task_marker_parent to None, run_after=None
[2024-10-06T19:20:34.718+0000] {processor.py:208} INFO - Processing /home/airflow/.local/lib/python3.12/site-packages/airflow/example_dags/example_external_task_marker_dag.py took 0.063 seconds
[2024-10-06T19:21:04.976+0000] {processor.py:186} INFO - Started process (PID=7269) to work on /home/airflow/.local/lib/python3.12/site-packages/airflow/example_dags/example_external_task_marker_dag.py
[2024-10-06T19:21:04.977+0000] {processor.py:914} INFO - Processing file /home/airflow/.local/lib/python3.12/site-packages/airflow/example_dags/example_external_task_marker_dag.py for tasks to queue
[2024-10-06T19:21:04.979+0000] {logging_mixin.py:190} INFO - [2024-10-06T19:21:04.978+0000] {dagbag.py:588} INFO - Filling up the DagBag from /home/airflow/.local/lib/python3.12/site-packages/airflow/example_dags/example_external_task_marker_dag.py
[2024-10-06T19:21:04.986+0000] {processor.py:925} INFO - DAG(s) 'example_external_task_marker_parent', 'example_external_task_marker_child' retrieved from /home/airflow/.local/lib/python3.12/site-packages/airflow/example_dags/example_external_task_marker_dag.py
[2024-10-06T19:21:05.006+0000] {logging_mixin.py:190} INFO - [2024-10-06T19:21:05.006+0000] {dag.py:3239} INFO - Sync 2 DAGs
[2024-10-06T19:21:05.018+0000] {logging_mixin.py:190} INFO - [2024-10-06T19:21:05.018+0000] {dag.py:4180} INFO - Setting next_dagrun for example_external_task_marker_child to None, run_after=None
[2024-10-06T19:21:05.023+0000] {logging_mixin.py:190} INFO - [2024-10-06T19:21:05.023+0000] {dag.py:4180} INFO - Setting next_dagrun for example_external_task_marker_parent to None, run_after=None
[2024-10-06T19:21:05.039+0000] {processor.py:208} INFO - Processing /home/airflow/.local/lib/python3.12/site-packages/airflow/example_dags/example_external_task_marker_dag.py took 0.068 seconds
[2024-10-06T19:21:35.504+0000] {processor.py:186} INFO - Started process (PID=7565) to work on /home/airflow/.local/lib/python3.12/site-packages/airflow/example_dags/example_external_task_marker_dag.py
[2024-10-06T19:21:35.505+0000] {processor.py:914} INFO - Processing file /home/airflow/.local/lib/python3.12/site-packages/airflow/example_dags/example_external_task_marker_dag.py for tasks to queue
[2024-10-06T19:21:35.507+0000] {logging_mixin.py:190} INFO - [2024-10-06T19:21:35.507+0000] {dagbag.py:588} INFO - Filling up the DagBag from /home/airflow/.local/lib/python3.12/site-packages/airflow/example_dags/example_external_task_marker_dag.py
[2024-10-06T19:21:35.514+0000] {processor.py:925} INFO - DAG(s) 'example_external_task_marker_child', 'example_external_task_marker_parent' retrieved from /home/airflow/.local/lib/python3.12/site-packages/airflow/example_dags/example_external_task_marker_dag.py
[2024-10-06T19:21:35.537+0000] {logging_mixin.py:190} INFO - [2024-10-06T19:21:35.537+0000] {dag.py:3239} INFO - Sync 2 DAGs
[2024-10-06T19:21:35.554+0000] {logging_mixin.py:190} INFO - [2024-10-06T19:21:35.553+0000] {dag.py:4180} INFO - Setting next_dagrun for example_external_task_marker_child to None, run_after=None
[2024-10-06T19:21:35.557+0000] {logging_mixin.py:190} INFO - [2024-10-06T19:21:35.557+0000] {dag.py:4180} INFO - Setting next_dagrun for example_external_task_marker_parent to None, run_after=None
[2024-10-06T19:21:35.575+0000] {processor.py:208} INFO - Processing /home/airflow/.local/lib/python3.12/site-packages/airflow/example_dags/example_external_task_marker_dag.py took 0.075 seconds
