[2024-10-06T19:08:52.562+0000] {processor.py:186} INFO - Started process (PID=189) to work on /home/airflow/.local/lib/python3.12/site-packages/airflow/example_dags/example_dag_decorator.py
[2024-10-06T19:08:52.563+0000] {processor.py:914} INFO - Processing file /home/airflow/.local/lib/python3.12/site-packages/airflow/example_dags/example_dag_decorator.py for tasks to queue
[2024-10-06T19:08:52.564+0000] {logging_mixin.py:190} INFO - [2024-10-06T19:08:52.564+0000] {dagbag.py:588} INFO - Filling up the DagBag from /home/airflow/.local/lib/python3.12/site-packages/airflow/example_dags/example_dag_decorator.py
[2024-10-06T19:08:52.581+0000] {processor.py:925} INFO - DAG(s) 'example_dag_decorator' retrieved from /home/airflow/.local/lib/python3.12/site-packages/airflow/example_dags/example_dag_decorator.py
[2024-10-06T19:08:52.684+0000] {logging_mixin.py:190} INFO - [2024-10-06T19:08:52.683+0000] {override.py:1900} INFO - Created Permission View: can delete on DAG:example_dag_decorator
[2024-10-06T19:08:52.694+0000] {logging_mixin.py:190} INFO - [2024-10-06T19:08:52.693+0000] {override.py:1900} INFO - Created Permission View: can edit on DAG:example_dag_decorator
[2024-10-06T19:08:52.702+0000] {logging_mixin.py:190} INFO - [2024-10-06T19:08:52.701+0000] {override.py:1900} INFO - Created Permission View: can read on DAG:example_dag_decorator
[2024-10-06T19:08:52.710+0000] {logging_mixin.py:190} INFO - [2024-10-06T19:08:52.710+0000] {override.py:1900} INFO - Created Permission View: can delete on DAG Run:example_dag_decorator
[2024-10-06T19:08:52.717+0000] {logging_mixin.py:190} INFO - [2024-10-06T19:08:52.716+0000] {override.py:1900} INFO - Created Permission View: can create on DAG Run:example_dag_decorator
[2024-10-06T19:08:52.724+0000] {logging_mixin.py:190} INFO - [2024-10-06T19:08:52.724+0000] {override.py:1900} INFO - Created Permission View: can read on DAG Run:example_dag_decorator
[2024-10-06T19:08:52.732+0000] {logging_mixin.py:190} INFO - [2024-10-06T19:08:52.732+0000] {override.py:1900} INFO - Created Permission View: menu access on DAG Run:example_dag_decorator
[2024-10-06T19:08:52.733+0000] {logging_mixin.py:190} INFO - [2024-10-06T19:08:52.733+0000] {dag.py:3239} INFO - Sync 1 DAGs
[2024-10-06T19:08:52.748+0000] {logging_mixin.py:190} INFO - [2024-10-06T19:08:52.747+0000] {dag.py:3262} INFO - Creating ORM DAG for example_dag_decorator
[2024-10-06T19:08:52.749+0000] {logging_mixin.py:190} INFO - [2024-10-06T19:08:52.748+0000] {dag.py:4180} INFO - Setting next_dagrun for example_dag_decorator to None, run_after=None
[2024-10-06T19:08:52.767+0000] {processor.py:208} INFO - Processing /home/airflow/.local/lib/python3.12/site-packages/airflow/example_dags/example_dag_decorator.py took 0.210 seconds
[2024-10-06T19:09:23.750+0000] {processor.py:186} INFO - Started process (PID=475) to work on /home/airflow/.local/lib/python3.12/site-packages/airflow/example_dags/example_dag_decorator.py
[2024-10-06T19:09:23.751+0000] {processor.py:914} INFO - Processing file /home/airflow/.local/lib/python3.12/site-packages/airflow/example_dags/example_dag_decorator.py for tasks to queue
[2024-10-06T19:09:23.753+0000] {logging_mixin.py:190} INFO - [2024-10-06T19:09:23.753+0000] {dagbag.py:588} INFO - Filling up the DagBag from /home/airflow/.local/lib/python3.12/site-packages/airflow/example_dags/example_dag_decorator.py
[2024-10-06T19:09:23.762+0000] {processor.py:925} INFO - DAG(s) 'example_dag_decorator' retrieved from /home/airflow/.local/lib/python3.12/site-packages/airflow/example_dags/example_dag_decorator.py
[2024-10-06T19:09:23.878+0000] {logging_mixin.py:190} INFO - [2024-10-06T19:09:23.878+0000] {dag.py:3239} INFO - Sync 1 DAGs
[2024-10-06T19:09:23.891+0000] {logging_mixin.py:190} INFO - [2024-10-06T19:09:23.891+0000] {dag.py:4180} INFO - Setting next_dagrun for example_dag_decorator to None, run_after=None
[2024-10-06T19:09:23.911+0000] {processor.py:208} INFO - Processing /home/airflow/.local/lib/python3.12/site-packages/airflow/example_dags/example_dag_decorator.py took 0.165 seconds
[2024-10-06T19:09:54.034+0000] {processor.py:186} INFO - Started process (PID=763) to work on /home/airflow/.local/lib/python3.12/site-packages/airflow/example_dags/example_dag_decorator.py
[2024-10-06T19:09:54.036+0000] {processor.py:914} INFO - Processing file /home/airflow/.local/lib/python3.12/site-packages/airflow/example_dags/example_dag_decorator.py for tasks to queue
[2024-10-06T19:09:54.038+0000] {logging_mixin.py:190} INFO - [2024-10-06T19:09:54.037+0000] {dagbag.py:588} INFO - Filling up the DagBag from /home/airflow/.local/lib/python3.12/site-packages/airflow/example_dags/example_dag_decorator.py
[2024-10-06T19:09:54.047+0000] {processor.py:925} INFO - DAG(s) 'example_dag_decorator' retrieved from /home/airflow/.local/lib/python3.12/site-packages/airflow/example_dags/example_dag_decorator.py
[2024-10-06T19:09:54.157+0000] {logging_mixin.py:190} INFO - [2024-10-06T19:09:54.157+0000] {dag.py:3239} INFO - Sync 1 DAGs
[2024-10-06T19:09:54.173+0000] {logging_mixin.py:190} INFO - [2024-10-06T19:09:54.173+0000] {dag.py:4180} INFO - Setting next_dagrun for example_dag_decorator to None, run_after=None
[2024-10-06T19:09:54.194+0000] {processor.py:208} INFO - Processing /home/airflow/.local/lib/python3.12/site-packages/airflow/example_dags/example_dag_decorator.py took 0.163 seconds
[2024-10-06T19:10:24.501+0000] {processor.py:186} INFO - Started process (PID=1054) to work on /home/airflow/.local/lib/python3.12/site-packages/airflow/example_dags/example_dag_decorator.py
[2024-10-06T19:10:24.502+0000] {processor.py:914} INFO - Processing file /home/airflow/.local/lib/python3.12/site-packages/airflow/example_dags/example_dag_decorator.py for tasks to queue
[2024-10-06T19:10:24.503+0000] {logging_mixin.py:190} INFO - [2024-10-06T19:10:24.503+0000] {dagbag.py:588} INFO - Filling up the DagBag from /home/airflow/.local/lib/python3.12/site-packages/airflow/example_dags/example_dag_decorator.py
[2024-10-06T19:10:24.513+0000] {processor.py:925} INFO - DAG(s) 'example_dag_decorator' retrieved from /home/airflow/.local/lib/python3.12/site-packages/airflow/example_dags/example_dag_decorator.py
[2024-10-06T19:10:24.620+0000] {logging_mixin.py:190} INFO - [2024-10-06T19:10:24.619+0000] {dag.py:3239} INFO - Sync 1 DAGs
[2024-10-06T19:10:24.632+0000] {logging_mixin.py:190} INFO - [2024-10-06T19:10:24.632+0000] {dag.py:4180} INFO - Setting next_dagrun for example_dag_decorator to None, run_after=None
[2024-10-06T19:10:24.653+0000] {processor.py:208} INFO - Processing /home/airflow/.local/lib/python3.12/site-packages/airflow/example_dags/example_dag_decorator.py took 0.157 seconds
[2024-10-06T19:10:54.931+0000] {processor.py:186} INFO - Started process (PID=1359) to work on /home/airflow/.local/lib/python3.12/site-packages/airflow/example_dags/example_dag_decorator.py
[2024-10-06T19:10:54.932+0000] {processor.py:914} INFO - Processing file /home/airflow/.local/lib/python3.12/site-packages/airflow/example_dags/example_dag_decorator.py for tasks to queue
[2024-10-06T19:10:54.934+0000] {logging_mixin.py:190} INFO - [2024-10-06T19:10:54.934+0000] {dagbag.py:588} INFO - Filling up the DagBag from /home/airflow/.local/lib/python3.12/site-packages/airflow/example_dags/example_dag_decorator.py
[2024-10-06T19:10:54.943+0000] {processor.py:925} INFO - DAG(s) 'example_dag_decorator' retrieved from /home/airflow/.local/lib/python3.12/site-packages/airflow/example_dags/example_dag_decorator.py
[2024-10-06T19:10:55.038+0000] {logging_mixin.py:190} INFO - [2024-10-06T19:10:55.038+0000] {dag.py:3239} INFO - Sync 1 DAGs
[2024-10-06T19:10:55.051+0000] {logging_mixin.py:190} INFO - [2024-10-06T19:10:55.051+0000] {dag.py:4180} INFO - Setting next_dagrun for example_dag_decorator to None, run_after=None
[2024-10-06T19:10:55.069+0000] {processor.py:208} INFO - Processing /home/airflow/.local/lib/python3.12/site-packages/airflow/example_dags/example_dag_decorator.py took 0.142 seconds
[2024-10-06T19:11:25.126+0000] {processor.py:186} INFO - Started process (PID=1645) to work on /home/airflow/.local/lib/python3.12/site-packages/airflow/example_dags/example_dag_decorator.py
[2024-10-06T19:11:25.127+0000] {processor.py:914} INFO - Processing file /home/airflow/.local/lib/python3.12/site-packages/airflow/example_dags/example_dag_decorator.py for tasks to queue
[2024-10-06T19:11:25.129+0000] {logging_mixin.py:190} INFO - [2024-10-06T19:11:25.129+0000] {dagbag.py:588} INFO - Filling up the DagBag from /home/airflow/.local/lib/python3.12/site-packages/airflow/example_dags/example_dag_decorator.py
[2024-10-06T19:11:25.138+0000] {processor.py:925} INFO - DAG(s) 'example_dag_decorator' retrieved from /home/airflow/.local/lib/python3.12/site-packages/airflow/example_dags/example_dag_decorator.py
[2024-10-06T19:11:25.239+0000] {logging_mixin.py:190} INFO - [2024-10-06T19:11:25.238+0000] {dag.py:3239} INFO - Sync 1 DAGs
[2024-10-06T19:11:25.251+0000] {logging_mixin.py:190} INFO - [2024-10-06T19:11:25.250+0000] {dag.py:4180} INFO - Setting next_dagrun for example_dag_decorator to None, run_after=None
[2024-10-06T19:11:25.273+0000] {processor.py:208} INFO - Processing /home/airflow/.local/lib/python3.12/site-packages/airflow/example_dags/example_dag_decorator.py took 0.151 seconds
[2024-10-06T19:11:55.608+0000] {processor.py:186} INFO - Started process (PID=1929) to work on /home/airflow/.local/lib/python3.12/site-packages/airflow/example_dags/example_dag_decorator.py
[2024-10-06T19:11:55.609+0000] {processor.py:914} INFO - Processing file /home/airflow/.local/lib/python3.12/site-packages/airflow/example_dags/example_dag_decorator.py for tasks to queue
[2024-10-06T19:11:55.610+0000] {logging_mixin.py:190} INFO - [2024-10-06T19:11:55.610+0000] {dagbag.py:588} INFO - Filling up the DagBag from /home/airflow/.local/lib/python3.12/site-packages/airflow/example_dags/example_dag_decorator.py
[2024-10-06T19:11:55.619+0000] {processor.py:925} INFO - DAG(s) 'example_dag_decorator' retrieved from /home/airflow/.local/lib/python3.12/site-packages/airflow/example_dags/example_dag_decorator.py
[2024-10-06T19:11:55.731+0000] {logging_mixin.py:190} INFO - [2024-10-06T19:11:55.730+0000] {dag.py:3239} INFO - Sync 1 DAGs
[2024-10-06T19:11:55.743+0000] {logging_mixin.py:190} INFO - [2024-10-06T19:11:55.742+0000] {dag.py:4180} INFO - Setting next_dagrun for example_dag_decorator to None, run_after=None
[2024-10-06T19:11:55.761+0000] {processor.py:208} INFO - Processing /home/airflow/.local/lib/python3.12/site-packages/airflow/example_dags/example_dag_decorator.py took 0.157 seconds
[2024-10-06T19:12:26.050+0000] {processor.py:186} INFO - Started process (PID=2215) to work on /home/airflow/.local/lib/python3.12/site-packages/airflow/example_dags/example_dag_decorator.py
[2024-10-06T19:12:26.051+0000] {processor.py:914} INFO - Processing file /home/airflow/.local/lib/python3.12/site-packages/airflow/example_dags/example_dag_decorator.py for tasks to queue
[2024-10-06T19:12:26.053+0000] {logging_mixin.py:190} INFO - [2024-10-06T19:12:26.053+0000] {dagbag.py:588} INFO - Filling up the DagBag from /home/airflow/.local/lib/python3.12/site-packages/airflow/example_dags/example_dag_decorator.py
[2024-10-06T19:12:26.061+0000] {processor.py:925} INFO - DAG(s) 'example_dag_decorator' retrieved from /home/airflow/.local/lib/python3.12/site-packages/airflow/example_dags/example_dag_decorator.py
[2024-10-06T19:12:26.166+0000] {logging_mixin.py:190} INFO - [2024-10-06T19:12:26.166+0000] {dag.py:3239} INFO - Sync 1 DAGs
[2024-10-06T19:12:26.178+0000] {logging_mixin.py:190} INFO - [2024-10-06T19:12:26.178+0000] {dag.py:4180} INFO - Setting next_dagrun for example_dag_decorator to None, run_after=None
[2024-10-06T19:12:26.195+0000] {processor.py:208} INFO - Processing /home/airflow/.local/lib/python3.12/site-packages/airflow/example_dags/example_dag_decorator.py took 0.148 seconds
[2024-10-06T19:12:56.432+0000] {processor.py:186} INFO - Started process (PID=2503) to work on /home/airflow/.local/lib/python3.12/site-packages/airflow/example_dags/example_dag_decorator.py
[2024-10-06T19:12:56.432+0000] {processor.py:914} INFO - Processing file /home/airflow/.local/lib/python3.12/site-packages/airflow/example_dags/example_dag_decorator.py for tasks to queue
[2024-10-06T19:12:56.434+0000] {logging_mixin.py:190} INFO - [2024-10-06T19:12:56.434+0000] {dagbag.py:588} INFO - Filling up the DagBag from /home/airflow/.local/lib/python3.12/site-packages/airflow/example_dags/example_dag_decorator.py
[2024-10-06T19:12:56.443+0000] {processor.py:925} INFO - DAG(s) 'example_dag_decorator' retrieved from /home/airflow/.local/lib/python3.12/site-packages/airflow/example_dags/example_dag_decorator.py
[2024-10-06T19:12:56.462+0000] {logging_mixin.py:190} INFO - [2024-10-06T19:12:56.461+0000] {dag.py:3239} INFO - Sync 1 DAGs
[2024-10-06T19:12:56.474+0000] {logging_mixin.py:190} INFO - [2024-10-06T19:12:56.474+0000] {dag.py:4180} INFO - Setting next_dagrun for example_dag_decorator to None, run_after=None
[2024-10-06T19:12:56.492+0000] {processor.py:208} INFO - Processing /home/airflow/.local/lib/python3.12/site-packages/airflow/example_dags/example_dag_decorator.py took 0.064 seconds
[2024-10-06T19:13:26.771+0000] {processor.py:186} INFO - Started process (PID=2787) to work on /home/airflow/.local/lib/python3.12/site-packages/airflow/example_dags/example_dag_decorator.py
[2024-10-06T19:13:26.772+0000] {processor.py:914} INFO - Processing file /home/airflow/.local/lib/python3.12/site-packages/airflow/example_dags/example_dag_decorator.py for tasks to queue
[2024-10-06T19:13:26.774+0000] {logging_mixin.py:190} INFO - [2024-10-06T19:13:26.774+0000] {dagbag.py:588} INFO - Filling up the DagBag from /home/airflow/.local/lib/python3.12/site-packages/airflow/example_dags/example_dag_decorator.py
[2024-10-06T19:13:26.784+0000] {processor.py:925} INFO - DAG(s) 'example_dag_decorator' retrieved from /home/airflow/.local/lib/python3.12/site-packages/airflow/example_dags/example_dag_decorator.py
[2024-10-06T19:13:26.902+0000] {logging_mixin.py:190} INFO - [2024-10-06T19:13:26.902+0000] {dag.py:3239} INFO - Sync 1 DAGs
[2024-10-06T19:13:26.917+0000] {logging_mixin.py:190} INFO - [2024-10-06T19:13:26.917+0000] {dag.py:4180} INFO - Setting next_dagrun for example_dag_decorator to None, run_after=None
[2024-10-06T19:13:26.939+0000] {processor.py:208} INFO - Processing /home/airflow/.local/lib/python3.12/site-packages/airflow/example_dags/example_dag_decorator.py took 0.173 seconds
[2024-10-06T19:13:57.202+0000] {processor.py:186} INFO - Started process (PID=3078) to work on /home/airflow/.local/lib/python3.12/site-packages/airflow/example_dags/example_dag_decorator.py
[2024-10-06T19:13:57.203+0000] {processor.py:914} INFO - Processing file /home/airflow/.local/lib/python3.12/site-packages/airflow/example_dags/example_dag_decorator.py for tasks to queue
[2024-10-06T19:13:57.204+0000] {logging_mixin.py:190} INFO - [2024-10-06T19:13:57.204+0000] {dagbag.py:588} INFO - Filling up the DagBag from /home/airflow/.local/lib/python3.12/site-packages/airflow/example_dags/example_dag_decorator.py
[2024-10-06T19:13:57.212+0000] {processor.py:925} INFO - DAG(s) 'example_dag_decorator' retrieved from /home/airflow/.local/lib/python3.12/site-packages/airflow/example_dags/example_dag_decorator.py
[2024-10-06T19:13:57.305+0000] {logging_mixin.py:190} INFO - [2024-10-06T19:13:57.304+0000] {dag.py:3239} INFO - Sync 1 DAGs
[2024-10-06T19:13:57.316+0000] {logging_mixin.py:190} INFO - [2024-10-06T19:13:57.316+0000] {dag.py:4180} INFO - Setting next_dagrun for example_dag_decorator to None, run_after=None
[2024-10-06T19:13:57.333+0000] {processor.py:208} INFO - Processing /home/airflow/.local/lib/python3.12/site-packages/airflow/example_dags/example_dag_decorator.py took 0.134 seconds
[2024-10-06T19:14:27.609+0000] {processor.py:186} INFO - Started process (PID=3371) to work on /home/airflow/.local/lib/python3.12/site-packages/airflow/example_dags/example_dag_decorator.py
[2024-10-06T19:14:27.611+0000] {processor.py:914} INFO - Processing file /home/airflow/.local/lib/python3.12/site-packages/airflow/example_dags/example_dag_decorator.py for tasks to queue
[2024-10-06T19:14:27.612+0000] {logging_mixin.py:190} INFO - [2024-10-06T19:14:27.612+0000] {dagbag.py:588} INFO - Filling up the DagBag from /home/airflow/.local/lib/python3.12/site-packages/airflow/example_dags/example_dag_decorator.py
[2024-10-06T19:14:27.620+0000] {processor.py:925} INFO - DAG(s) 'example_dag_decorator' retrieved from /home/airflow/.local/lib/python3.12/site-packages/airflow/example_dags/example_dag_decorator.py
[2024-10-06T19:14:27.711+0000] {logging_mixin.py:190} INFO - [2024-10-06T19:14:27.711+0000] {dag.py:3239} INFO - Sync 1 DAGs
[2024-10-06T19:14:27.721+0000] {logging_mixin.py:190} INFO - [2024-10-06T19:14:27.721+0000] {dag.py:4180} INFO - Setting next_dagrun for example_dag_decorator to None, run_after=None
[2024-10-06T19:14:27.739+0000] {processor.py:208} INFO - Processing /home/airflow/.local/lib/python3.12/site-packages/airflow/example_dags/example_dag_decorator.py took 0.134 seconds
[2024-10-06T19:14:58.024+0000] {processor.py:186} INFO - Started process (PID=3667) to work on /home/airflow/.local/lib/python3.12/site-packages/airflow/example_dags/example_dag_decorator.py
[2024-10-06T19:14:58.024+0000] {processor.py:914} INFO - Processing file /home/airflow/.local/lib/python3.12/site-packages/airflow/example_dags/example_dag_decorator.py for tasks to queue
[2024-10-06T19:14:58.026+0000] {logging_mixin.py:190} INFO - [2024-10-06T19:14:58.026+0000] {dagbag.py:588} INFO - Filling up the DagBag from /home/airflow/.local/lib/python3.12/site-packages/airflow/example_dags/example_dag_decorator.py
[2024-10-06T19:14:58.034+0000] {processor.py:925} INFO - DAG(s) 'example_dag_decorator' retrieved from /home/airflow/.local/lib/python3.12/site-packages/airflow/example_dags/example_dag_decorator.py
[2024-10-06T19:14:58.123+0000] {logging_mixin.py:190} INFO - [2024-10-06T19:14:58.123+0000] {dag.py:3239} INFO - Sync 1 DAGs
[2024-10-06T19:14:58.134+0000] {logging_mixin.py:190} INFO - [2024-10-06T19:14:58.134+0000] {dag.py:4180} INFO - Setting next_dagrun for example_dag_decorator to None, run_after=None
[2024-10-06T19:14:58.152+0000] {processor.py:208} INFO - Processing /home/airflow/.local/lib/python3.12/site-packages/airflow/example_dags/example_dag_decorator.py took 0.133 seconds
[2024-10-06T19:15:28.190+0000] {processor.py:186} INFO - Started process (PID=3956) to work on /home/airflow/.local/lib/python3.12/site-packages/airflow/example_dags/example_dag_decorator.py
[2024-10-06T19:15:28.191+0000] {processor.py:914} INFO - Processing file /home/airflow/.local/lib/python3.12/site-packages/airflow/example_dags/example_dag_decorator.py for tasks to queue
[2024-10-06T19:15:28.193+0000] {logging_mixin.py:190} INFO - [2024-10-06T19:15:28.192+0000] {dagbag.py:588} INFO - Filling up the DagBag from /home/airflow/.local/lib/python3.12/site-packages/airflow/example_dags/example_dag_decorator.py
[2024-10-06T19:15:28.201+0000] {processor.py:925} INFO - DAG(s) 'example_dag_decorator' retrieved from /home/airflow/.local/lib/python3.12/site-packages/airflow/example_dags/example_dag_decorator.py
[2024-10-06T19:15:28.301+0000] {logging_mixin.py:190} INFO - [2024-10-06T19:15:28.301+0000] {dag.py:3239} INFO - Sync 1 DAGs
[2024-10-06T19:15:28.312+0000] {logging_mixin.py:190} INFO - [2024-10-06T19:15:28.312+0000] {dag.py:4180} INFO - Setting next_dagrun for example_dag_decorator to None, run_after=None
[2024-10-06T19:15:28.330+0000] {processor.py:208} INFO - Processing /home/airflow/.local/lib/python3.12/site-packages/airflow/example_dags/example_dag_decorator.py took 0.144 seconds
[2024-10-06T19:15:58.420+0000] {processor.py:186} INFO - Started process (PID=4247) to work on /home/airflow/.local/lib/python3.12/site-packages/airflow/example_dags/example_dag_decorator.py
[2024-10-06T19:15:58.420+0000] {processor.py:914} INFO - Processing file /home/airflow/.local/lib/python3.12/site-packages/airflow/example_dags/example_dag_decorator.py for tasks to queue
[2024-10-06T19:15:58.422+0000] {logging_mixin.py:190} INFO - [2024-10-06T19:15:58.422+0000] {dagbag.py:588} INFO - Filling up the DagBag from /home/airflow/.local/lib/python3.12/site-packages/airflow/example_dags/example_dag_decorator.py
[2024-10-06T19:15:58.430+0000] {processor.py:925} INFO - DAG(s) 'example_dag_decorator' retrieved from /home/airflow/.local/lib/python3.12/site-packages/airflow/example_dags/example_dag_decorator.py
[2024-10-06T19:15:58.525+0000] {logging_mixin.py:190} INFO - [2024-10-06T19:15:58.524+0000] {dag.py:3239} INFO - Sync 1 DAGs
[2024-10-06T19:15:58.539+0000] {logging_mixin.py:190} INFO - [2024-10-06T19:15:58.538+0000] {dag.py:4180} INFO - Setting next_dagrun for example_dag_decorator to None, run_after=None
[2024-10-06T19:15:58.555+0000] {processor.py:208} INFO - Processing /home/airflow/.local/lib/python3.12/site-packages/airflow/example_dags/example_dag_decorator.py took 0.140 seconds
[2024-10-06T19:16:28.667+0000] {processor.py:186} INFO - Started process (PID=4538) to work on /home/airflow/.local/lib/python3.12/site-packages/airflow/example_dags/example_dag_decorator.py
[2024-10-06T19:16:28.668+0000] {processor.py:914} INFO - Processing file /home/airflow/.local/lib/python3.12/site-packages/airflow/example_dags/example_dag_decorator.py for tasks to queue
[2024-10-06T19:16:28.670+0000] {logging_mixin.py:190} INFO - [2024-10-06T19:16:28.670+0000] {dagbag.py:588} INFO - Filling up the DagBag from /home/airflow/.local/lib/python3.12/site-packages/airflow/example_dags/example_dag_decorator.py
[2024-10-06T19:16:28.682+0000] {processor.py:925} INFO - DAG(s) 'example_dag_decorator' retrieved from /home/airflow/.local/lib/python3.12/site-packages/airflow/example_dags/example_dag_decorator.py
[2024-10-06T19:16:28.812+0000] {logging_mixin.py:190} INFO - [2024-10-06T19:16:28.811+0000] {dag.py:3239} INFO - Sync 1 DAGs
[2024-10-06T19:16:28.823+0000] {logging_mixin.py:190} INFO - [2024-10-06T19:16:28.823+0000] {dag.py:4180} INFO - Setting next_dagrun for example_dag_decorator to None, run_after=None
[2024-10-06T19:16:28.847+0000] {processor.py:208} INFO - Processing /home/airflow/.local/lib/python3.12/site-packages/airflow/example_dags/example_dag_decorator.py took 0.185 seconds
[2024-10-06T19:16:59.009+0000] {processor.py:186} INFO - Started process (PID=4829) to work on /home/airflow/.local/lib/python3.12/site-packages/airflow/example_dags/example_dag_decorator.py
[2024-10-06T19:16:59.010+0000] {processor.py:914} INFO - Processing file /home/airflow/.local/lib/python3.12/site-packages/airflow/example_dags/example_dag_decorator.py for tasks to queue
[2024-10-06T19:16:59.012+0000] {logging_mixin.py:190} INFO - [2024-10-06T19:16:59.012+0000] {dagbag.py:588} INFO - Filling up the DagBag from /home/airflow/.local/lib/python3.12/site-packages/airflow/example_dags/example_dag_decorator.py
[2024-10-06T19:16:59.020+0000] {processor.py:925} INFO - DAG(s) 'example_dag_decorator' retrieved from /home/airflow/.local/lib/python3.12/site-packages/airflow/example_dags/example_dag_decorator.py
[2024-10-06T19:16:59.115+0000] {logging_mixin.py:190} INFO - [2024-10-06T19:16:59.115+0000] {dag.py:3239} INFO - Sync 1 DAGs
[2024-10-06T19:16:59.125+0000] {logging_mixin.py:190} INFO - [2024-10-06T19:16:59.125+0000] {dag.py:4180} INFO - Setting next_dagrun for example_dag_decorator to None, run_after=None
[2024-10-06T19:16:59.143+0000] {processor.py:208} INFO - Processing /home/airflow/.local/lib/python3.12/site-packages/airflow/example_dags/example_dag_decorator.py took 0.138 seconds
[2024-10-06T19:17:29.376+0000] {processor.py:186} INFO - Started process (PID=5120) to work on /home/airflow/.local/lib/python3.12/site-packages/airflow/example_dags/example_dag_decorator.py
[2024-10-06T19:17:29.377+0000] {processor.py:914} INFO - Processing file /home/airflow/.local/lib/python3.12/site-packages/airflow/example_dags/example_dag_decorator.py for tasks to queue
[2024-10-06T19:17:29.379+0000] {logging_mixin.py:190} INFO - [2024-10-06T19:17:29.378+0000] {dagbag.py:588} INFO - Filling up the DagBag from /home/airflow/.local/lib/python3.12/site-packages/airflow/example_dags/example_dag_decorator.py
[2024-10-06T19:17:29.388+0000] {processor.py:925} INFO - DAG(s) 'example_dag_decorator' retrieved from /home/airflow/.local/lib/python3.12/site-packages/airflow/example_dags/example_dag_decorator.py
[2024-10-06T19:17:29.488+0000] {logging_mixin.py:190} INFO - [2024-10-06T19:17:29.487+0000] {dag.py:3239} INFO - Sync 1 DAGs
[2024-10-06T19:17:29.498+0000] {logging_mixin.py:190} INFO - [2024-10-06T19:17:29.498+0000] {dag.py:4180} INFO - Setting next_dagrun for example_dag_decorator to None, run_after=None
[2024-10-06T19:17:29.517+0000] {processor.py:208} INFO - Processing /home/airflow/.local/lib/python3.12/site-packages/airflow/example_dags/example_dag_decorator.py took 0.144 seconds
[2024-10-06T19:17:59.669+0000] {processor.py:186} INFO - Started process (PID=5411) to work on /home/airflow/.local/lib/python3.12/site-packages/airflow/example_dags/example_dag_decorator.py
[2024-10-06T19:17:59.670+0000] {processor.py:914} INFO - Processing file /home/airflow/.local/lib/python3.12/site-packages/airflow/example_dags/example_dag_decorator.py for tasks to queue
[2024-10-06T19:17:59.672+0000] {logging_mixin.py:190} INFO - [2024-10-06T19:17:59.671+0000] {dagbag.py:588} INFO - Filling up the DagBag from /home/airflow/.local/lib/python3.12/site-packages/airflow/example_dags/example_dag_decorator.py
[2024-10-06T19:17:59.680+0000] {processor.py:925} INFO - DAG(s) 'example_dag_decorator' retrieved from /home/airflow/.local/lib/python3.12/site-packages/airflow/example_dags/example_dag_decorator.py
[2024-10-06T19:17:59.776+0000] {logging_mixin.py:190} INFO - [2024-10-06T19:17:59.776+0000] {dag.py:3239} INFO - Sync 1 DAGs
[2024-10-06T19:17:59.788+0000] {logging_mixin.py:190} INFO - [2024-10-06T19:17:59.788+0000] {dag.py:4180} INFO - Setting next_dagrun for example_dag_decorator to None, run_after=None
[2024-10-06T19:17:59.808+0000] {processor.py:208} INFO - Processing /home/airflow/.local/lib/python3.12/site-packages/airflow/example_dags/example_dag_decorator.py took 0.143 seconds
[2024-10-06T19:18:30.073+0000] {processor.py:186} INFO - Started process (PID=5704) to work on /home/airflow/.local/lib/python3.12/site-packages/airflow/example_dags/example_dag_decorator.py
[2024-10-06T19:18:30.074+0000] {processor.py:914} INFO - Processing file /home/airflow/.local/lib/python3.12/site-packages/airflow/example_dags/example_dag_decorator.py for tasks to queue
[2024-10-06T19:18:30.076+0000] {logging_mixin.py:190} INFO - [2024-10-06T19:18:30.076+0000] {dagbag.py:588} INFO - Filling up the DagBag from /home/airflow/.local/lib/python3.12/site-packages/airflow/example_dags/example_dag_decorator.py
[2024-10-06T19:18:30.085+0000] {processor.py:925} INFO - DAG(s) 'example_dag_decorator' retrieved from /home/airflow/.local/lib/python3.12/site-packages/airflow/example_dags/example_dag_decorator.py
[2024-10-06T19:18:30.104+0000] {logging_mixin.py:190} INFO - [2024-10-06T19:18:30.103+0000] {dag.py:3239} INFO - Sync 1 DAGs
[2024-10-06T19:18:30.115+0000] {logging_mixin.py:190} INFO - [2024-10-06T19:18:30.114+0000] {dag.py:4180} INFO - Setting next_dagrun for example_dag_decorator to None, run_after=None
[2024-10-06T19:18:30.129+0000] {processor.py:208} INFO - Processing /home/airflow/.local/lib/python3.12/site-packages/airflow/example_dags/example_dag_decorator.py took 0.060 seconds
[2024-10-06T19:19:00.405+0000] {processor.py:186} INFO - Started process (PID=6000) to work on /home/airflow/.local/lib/python3.12/site-packages/airflow/example_dags/example_dag_decorator.py
[2024-10-06T19:19:00.406+0000] {processor.py:914} INFO - Processing file /home/airflow/.local/lib/python3.12/site-packages/airflow/example_dags/example_dag_decorator.py for tasks to queue
[2024-10-06T19:19:00.408+0000] {logging_mixin.py:190} INFO - [2024-10-06T19:19:00.408+0000] {dagbag.py:588} INFO - Filling up the DagBag from /home/airflow/.local/lib/python3.12/site-packages/airflow/example_dags/example_dag_decorator.py
[2024-10-06T19:19:00.419+0000] {processor.py:925} INFO - DAG(s) 'example_dag_decorator' retrieved from /home/airflow/.local/lib/python3.12/site-packages/airflow/example_dags/example_dag_decorator.py
[2024-10-06T19:19:00.529+0000] {logging_mixin.py:190} INFO - [2024-10-06T19:19:00.528+0000] {dag.py:3239} INFO - Sync 1 DAGs
[2024-10-06T19:19:00.540+0000] {logging_mixin.py:190} INFO - [2024-10-06T19:19:00.540+0000] {dag.py:4180} INFO - Setting next_dagrun for example_dag_decorator to None, run_after=None
[2024-10-06T19:19:00.561+0000] {processor.py:208} INFO - Processing /home/airflow/.local/lib/python3.12/site-packages/airflow/example_dags/example_dag_decorator.py took 0.160 seconds
[2024-10-06T19:19:30.652+0000] {processor.py:186} INFO - Started process (PID=6291) to work on /home/airflow/.local/lib/python3.12/site-packages/airflow/example_dags/example_dag_decorator.py
[2024-10-06T19:19:30.652+0000] {processor.py:914} INFO - Processing file /home/airflow/.local/lib/python3.12/site-packages/airflow/example_dags/example_dag_decorator.py for tasks to queue
[2024-10-06T19:19:30.654+0000] {logging_mixin.py:190} INFO - [2024-10-06T19:19:30.654+0000] {dagbag.py:588} INFO - Filling up the DagBag from /home/airflow/.local/lib/python3.12/site-packages/airflow/example_dags/example_dag_decorator.py
[2024-10-06T19:19:30.664+0000] {processor.py:925} INFO - DAG(s) 'example_dag_decorator' retrieved from /home/airflow/.local/lib/python3.12/site-packages/airflow/example_dags/example_dag_decorator.py
[2024-10-06T19:19:30.758+0000] {logging_mixin.py:190} INFO - [2024-10-06T19:19:30.757+0000] {dag.py:3239} INFO - Sync 1 DAGs
[2024-10-06T19:19:30.770+0000] {logging_mixin.py:190} INFO - [2024-10-06T19:19:30.769+0000] {dag.py:4180} INFO - Setting next_dagrun for example_dag_decorator to None, run_after=None
[2024-10-06T19:19:30.789+0000] {processor.py:208} INFO - Processing /home/airflow/.local/lib/python3.12/site-packages/airflow/example_dags/example_dag_decorator.py took 0.141 seconds
[2024-10-06T19:20:01.028+0000] {processor.py:186} INFO - Started process (PID=6582) to work on /home/airflow/.local/lib/python3.12/site-packages/airflow/example_dags/example_dag_decorator.py
[2024-10-06T19:20:01.029+0000] {processor.py:914} INFO - Processing file /home/airflow/.local/lib/python3.12/site-packages/airflow/example_dags/example_dag_decorator.py for tasks to queue
[2024-10-06T19:20:01.030+0000] {logging_mixin.py:190} INFO - [2024-10-06T19:20:01.030+0000] {dagbag.py:588} INFO - Filling up the DagBag from /home/airflow/.local/lib/python3.12/site-packages/airflow/example_dags/example_dag_decorator.py
[2024-10-06T19:20:01.040+0000] {processor.py:925} INFO - DAG(s) 'example_dag_decorator' retrieved from /home/airflow/.local/lib/python3.12/site-packages/airflow/example_dags/example_dag_decorator.py
[2024-10-06T19:20:01.148+0000] {logging_mixin.py:190} INFO - [2024-10-06T19:20:01.148+0000] {dag.py:3239} INFO - Sync 1 DAGs
[2024-10-06T19:20:01.160+0000] {logging_mixin.py:190} INFO - [2024-10-06T19:20:01.160+0000] {dag.py:4180} INFO - Setting next_dagrun for example_dag_decorator to None, run_after=None
[2024-10-06T19:20:01.179+0000] {processor.py:208} INFO - Processing /home/airflow/.local/lib/python3.12/site-packages/airflow/example_dags/example_dag_decorator.py took 0.156 seconds
[2024-10-06T19:20:31.380+0000] {processor.py:186} INFO - Started process (PID=6873) to work on /home/airflow/.local/lib/python3.12/site-packages/airflow/example_dags/example_dag_decorator.py
[2024-10-06T19:20:31.381+0000] {processor.py:914} INFO - Processing file /home/airflow/.local/lib/python3.12/site-packages/airflow/example_dags/example_dag_decorator.py for tasks to queue
[2024-10-06T19:20:31.383+0000] {logging_mixin.py:190} INFO - [2024-10-06T19:20:31.383+0000] {dagbag.py:588} INFO - Filling up the DagBag from /home/airflow/.local/lib/python3.12/site-packages/airflow/example_dags/example_dag_decorator.py
[2024-10-06T19:20:31.391+0000] {processor.py:925} INFO - DAG(s) 'example_dag_decorator' retrieved from /home/airflow/.local/lib/python3.12/site-packages/airflow/example_dags/example_dag_decorator.py
[2024-10-06T19:20:31.410+0000] {logging_mixin.py:190} INFO - [2024-10-06T19:20:31.410+0000] {dag.py:3239} INFO - Sync 1 DAGs
[2024-10-06T19:20:31.422+0000] {logging_mixin.py:190} INFO - [2024-10-06T19:20:31.422+0000] {dag.py:4180} INFO - Setting next_dagrun for example_dag_decorator to None, run_after=None
[2024-10-06T19:20:31.440+0000] {processor.py:208} INFO - Processing /home/airflow/.local/lib/python3.12/site-packages/airflow/example_dags/example_dag_decorator.py took 0.064 seconds
[2024-10-06T19:21:01.813+0000] {processor.py:186} INFO - Started process (PID=7162) to work on /home/airflow/.local/lib/python3.12/site-packages/airflow/example_dags/example_dag_decorator.py
[2024-10-06T19:21:01.814+0000] {processor.py:914} INFO - Processing file /home/airflow/.local/lib/python3.12/site-packages/airflow/example_dags/example_dag_decorator.py for tasks to queue
[2024-10-06T19:21:01.816+0000] {logging_mixin.py:190} INFO - [2024-10-06T19:21:01.816+0000] {dagbag.py:588} INFO - Filling up the DagBag from /home/airflow/.local/lib/python3.12/site-packages/airflow/example_dags/example_dag_decorator.py
[2024-10-06T19:21:01.825+0000] {processor.py:925} INFO - DAG(s) 'example_dag_decorator' retrieved from /home/airflow/.local/lib/python3.12/site-packages/airflow/example_dags/example_dag_decorator.py
[2024-10-06T19:21:01.933+0000] {logging_mixin.py:190} INFO - [2024-10-06T19:21:01.933+0000] {dag.py:3239} INFO - Sync 1 DAGs
[2024-10-06T19:21:01.947+0000] {logging_mixin.py:190} INFO - [2024-10-06T19:21:01.946+0000] {dag.py:4180} INFO - Setting next_dagrun for example_dag_decorator to None, run_after=None
[2024-10-06T19:21:01.963+0000] {processor.py:208} INFO - Processing /home/airflow/.local/lib/python3.12/site-packages/airflow/example_dags/example_dag_decorator.py took 0.154 seconds
[2024-10-06T19:21:32.289+0000] {processor.py:186} INFO - Started process (PID=7458) to work on /home/airflow/.local/lib/python3.12/site-packages/airflow/example_dags/example_dag_decorator.py
[2024-10-06T19:21:32.290+0000] {processor.py:914} INFO - Processing file /home/airflow/.local/lib/python3.12/site-packages/airflow/example_dags/example_dag_decorator.py for tasks to queue
[2024-10-06T19:21:32.292+0000] {logging_mixin.py:190} INFO - [2024-10-06T19:21:32.291+0000] {dagbag.py:588} INFO - Filling up the DagBag from /home/airflow/.local/lib/python3.12/site-packages/airflow/example_dags/example_dag_decorator.py
[2024-10-06T19:21:32.300+0000] {processor.py:925} INFO - DAG(s) 'example_dag_decorator' retrieved from /home/airflow/.local/lib/python3.12/site-packages/airflow/example_dags/example_dag_decorator.py
[2024-10-06T19:21:32.393+0000] {logging_mixin.py:190} INFO - [2024-10-06T19:21:32.392+0000] {dag.py:3239} INFO - Sync 1 DAGs
[2024-10-06T19:21:32.404+0000] {logging_mixin.py:190} INFO - [2024-10-06T19:21:32.403+0000] {dag.py:4180} INFO - Setting next_dagrun for example_dag_decorator to None, run_after=None
[2024-10-06T19:21:32.421+0000] {processor.py:208} INFO - Processing /home/airflow/.local/lib/python3.12/site-packages/airflow/example_dags/example_dag_decorator.py took 0.135 seconds
[2024-10-06T19:22:02.757+0000] {processor.py:186} INFO - Started process (PID=7773) to work on /home/airflow/.local/lib/python3.12/site-packages/airflow/example_dags/example_dag_decorator.py
[2024-10-06T19:22:02.759+0000] {processor.py:914} INFO - Processing file /home/airflow/.local/lib/python3.12/site-packages/airflow/example_dags/example_dag_decorator.py for tasks to queue
[2024-10-06T19:22:02.762+0000] {logging_mixin.py:190} INFO - [2024-10-06T19:22:02.762+0000] {dagbag.py:588} INFO - Filling up the DagBag from /home/airflow/.local/lib/python3.12/site-packages/airflow/example_dags/example_dag_decorator.py
[2024-10-06T19:22:02.796+0000] {processor.py:925} INFO - DAG(s) 'example_dag_decorator' retrieved from /home/airflow/.local/lib/python3.12/site-packages/airflow/example_dags/example_dag_decorator.py
[2024-10-06T19:22:03.098+0000] {logging_mixin.py:190} INFO - [2024-10-06T19:22:03.097+0000] {dag.py:3239} INFO - Sync 1 DAGs
[2024-10-06T19:22:03.119+0000] {logging_mixin.py:190} INFO - [2024-10-06T19:22:03.118+0000] {dag.py:4180} INFO - Setting next_dagrun for example_dag_decorator to None, run_after=None
[2024-10-06T19:22:03.147+0000] {processor.py:208} INFO - Processing /home/airflow/.local/lib/python3.12/site-packages/airflow/example_dags/example_dag_decorator.py took 0.403 seconds
