[2024-10-06T19:08:59.917+0000] {processor.py:186} INFO - Started process (PID=394) to work on /home/airflow/.local/lib/python3.12/site-packages/airflow/example_dags/example_inlet_event_extra.py
[2024-10-06T19:08:59.918+0000] {processor.py:914} INFO - Processing file /home/airflow/.local/lib/python3.12/site-packages/airflow/example_dags/example_inlet_event_extra.py for tasks to queue
[2024-10-06T19:08:59.921+0000] {logging_mixin.py:190} INFO - [2024-10-06T19:08:59.921+0000] {dagbag.py:588} INFO - Filling up the DagBag from /home/airflow/.local/lib/python3.12/site-packages/airflow/example_dags/example_inlet_event_extra.py
[2024-10-06T19:09:00.064+0000] {processor.py:925} INFO - DAG(s) 'read_dataset_event', 'read_dataset_event_from_classic' retrieved from /home/airflow/.local/lib/python3.12/site-packages/airflow/example_dags/example_inlet_event_extra.py
[2024-10-06T19:09:00.176+0000] {logging_mixin.py:190} INFO - [2024-10-06T19:09:00.175+0000] {override.py:1900} INFO - Created Permission View: can delete on DAG:read_dataset_event
[2024-10-06T19:09:00.186+0000] {logging_mixin.py:190} INFO - [2024-10-06T19:09:00.185+0000] {override.py:1900} INFO - Created Permission View: can edit on DAG:read_dataset_event
[2024-10-06T19:09:00.191+0000] {logging_mixin.py:190} INFO - [2024-10-06T19:09:00.191+0000] {override.py:1900} INFO - Created Permission View: can read on DAG:read_dataset_event
[2024-10-06T19:09:00.198+0000] {logging_mixin.py:190} INFO - [2024-10-06T19:09:00.198+0000] {override.py:1900} INFO - Created Permission View: can delete on DAG Run:read_dataset_event
[2024-10-06T19:09:00.204+0000] {logging_mixin.py:190} INFO - [2024-10-06T19:09:00.204+0000] {override.py:1900} INFO - Created Permission View: can create on DAG Run:read_dataset_event
[2024-10-06T19:09:00.211+0000] {logging_mixin.py:190} INFO - [2024-10-06T19:09:00.211+0000] {override.py:1900} INFO - Created Permission View: can read on DAG Run:read_dataset_event
[2024-10-06T19:09:00.219+0000] {logging_mixin.py:190} INFO - [2024-10-06T19:09:00.219+0000] {override.py:1900} INFO - Created Permission View: menu access on DAG Run:read_dataset_event
[2024-10-06T19:09:00.235+0000] {logging_mixin.py:190} INFO - [2024-10-06T19:09:00.234+0000] {override.py:1900} INFO - Created Permission View: can delete on DAG:read_dataset_event_from_classic
[2024-10-06T19:09:00.244+0000] {logging_mixin.py:190} INFO - [2024-10-06T19:09:00.244+0000] {override.py:1900} INFO - Created Permission View: can edit on DAG:read_dataset_event_from_classic
[2024-10-06T19:09:00.253+0000] {logging_mixin.py:190} INFO - [2024-10-06T19:09:00.252+0000] {override.py:1900} INFO - Created Permission View: can read on DAG:read_dataset_event_from_classic
[2024-10-06T19:09:00.265+0000] {logging_mixin.py:190} INFO - [2024-10-06T19:09:00.264+0000] {override.py:1900} INFO - Created Permission View: can delete on DAG Run:read_dataset_event_from_classic
[2024-10-06T19:09:00.274+0000] {logging_mixin.py:190} INFO - [2024-10-06T19:09:00.273+0000] {override.py:1900} INFO - Created Permission View: can create on DAG Run:read_dataset_event_from_classic
[2024-10-06T19:09:00.281+0000] {logging_mixin.py:190} INFO - [2024-10-06T19:09:00.281+0000] {override.py:1900} INFO - Created Permission View: can read on DAG Run:read_dataset_event_from_classic
[2024-10-06T19:09:00.287+0000] {logging_mixin.py:190} INFO - [2024-10-06T19:09:00.287+0000] {override.py:1900} INFO - Created Permission View: menu access on DAG Run:read_dataset_event_from_classic
[2024-10-06T19:09:00.288+0000] {logging_mixin.py:190} INFO - [2024-10-06T19:09:00.288+0000] {dag.py:3239} INFO - Sync 2 DAGs
[2024-10-06T19:09:00.300+0000] {logging_mixin.py:190} INFO - [2024-10-06T19:09:00.299+0000] {dag.py:3262} INFO - Creating ORM DAG for read_dataset_event_from_classic
[2024-10-06T19:09:00.301+0000] {logging_mixin.py:190} INFO - [2024-10-06T19:09:00.301+0000] {dag.py:3262} INFO - Creating ORM DAG for read_dataset_event
[2024-10-06T19:09:00.312+0000] {logging_mixin.py:190} INFO - [2024-10-06T19:09:00.312+0000] {dag.py:4180} INFO - Setting next_dagrun for read_dataset_event to 2024-10-05 00:00:00+00:00, run_after=2024-10-06 00:00:00+00:00
[2024-10-06T19:09:00.314+0000] {logging_mixin.py:190} INFO - [2024-10-06T19:09:00.314+0000] {dag.py:4180} INFO - Setting next_dagrun for read_dataset_event_from_classic to 2024-10-05 00:00:00+00:00, run_after=2024-10-06 00:00:00+00:00
[2024-10-06T19:09:00.332+0000] {processor.py:208} INFO - Processing /home/airflow/.local/lib/python3.12/site-packages/airflow/example_dags/example_inlet_event_extra.py took 0.419 seconds
[2024-10-06T19:09:30.901+0000] {processor.py:186} INFO - Started process (PID=680) to work on /home/airflow/.local/lib/python3.12/site-packages/airflow/example_dags/example_inlet_event_extra.py
[2024-10-06T19:09:30.902+0000] {processor.py:914} INFO - Processing file /home/airflow/.local/lib/python3.12/site-packages/airflow/example_dags/example_inlet_event_extra.py for tasks to queue
[2024-10-06T19:09:30.904+0000] {logging_mixin.py:190} INFO - [2024-10-06T19:09:30.904+0000] {dagbag.py:588} INFO - Filling up the DagBag from /home/airflow/.local/lib/python3.12/site-packages/airflow/example_dags/example_inlet_event_extra.py
[2024-10-06T19:09:31.013+0000] {processor.py:925} INFO - DAG(s) 'read_dataset_event', 'read_dataset_event_from_classic' retrieved from /home/airflow/.local/lib/python3.12/site-packages/airflow/example_dags/example_inlet_event_extra.py
[2024-10-06T19:09:31.034+0000] {logging_mixin.py:190} INFO - [2024-10-06T19:09:31.034+0000] {dag.py:3239} INFO - Sync 2 DAGs
[2024-10-06T19:09:31.057+0000] {logging_mixin.py:190} INFO - [2024-10-06T19:09:31.057+0000] {dag.py:4180} INFO - Setting next_dagrun for read_dataset_event to 2024-10-05 00:00:00+00:00, run_after=2024-10-06 00:00:00+00:00
[2024-10-06T19:09:31.062+0000] {logging_mixin.py:190} INFO - [2024-10-06T19:09:31.062+0000] {dag.py:4180} INFO - Setting next_dagrun for read_dataset_event_from_classic to 2024-10-05 00:00:00+00:00, run_after=2024-10-06 00:00:00+00:00
[2024-10-06T19:09:31.080+0000] {processor.py:208} INFO - Processing /home/airflow/.local/lib/python3.12/site-packages/airflow/example_dags/example_inlet_event_extra.py took 0.183 seconds
[2024-10-06T19:10:01.524+0000] {processor.py:186} INFO - Started process (PID=966) to work on /home/airflow/.local/lib/python3.12/site-packages/airflow/example_dags/example_inlet_event_extra.py
[2024-10-06T19:10:01.525+0000] {processor.py:914} INFO - Processing file /home/airflow/.local/lib/python3.12/site-packages/airflow/example_dags/example_inlet_event_extra.py for tasks to queue
[2024-10-06T19:10:01.527+0000] {logging_mixin.py:190} INFO - [2024-10-06T19:10:01.526+0000] {dagbag.py:588} INFO - Filling up the DagBag from /home/airflow/.local/lib/python3.12/site-packages/airflow/example_dags/example_inlet_event_extra.py
[2024-10-06T19:10:01.625+0000] {processor.py:925} INFO - DAG(s) 'read_dataset_event_from_classic', 'read_dataset_event' retrieved from /home/airflow/.local/lib/python3.12/site-packages/airflow/example_dags/example_inlet_event_extra.py
[2024-10-06T19:10:01.647+0000] {logging_mixin.py:190} INFO - [2024-10-06T19:10:01.647+0000] {dag.py:3239} INFO - Sync 2 DAGs
[2024-10-06T19:10:01.672+0000] {logging_mixin.py:190} INFO - [2024-10-06T19:10:01.672+0000] {dag.py:4180} INFO - Setting next_dagrun for read_dataset_event to 2024-10-05 00:00:00+00:00, run_after=2024-10-06 00:00:00+00:00
[2024-10-06T19:10:01.679+0000] {logging_mixin.py:190} INFO - [2024-10-06T19:10:01.679+0000] {dag.py:4180} INFO - Setting next_dagrun for read_dataset_event_from_classic to 2024-10-05 00:00:00+00:00, run_after=2024-10-06 00:00:00+00:00
[2024-10-06T19:10:01.696+0000] {processor.py:208} INFO - Processing /home/airflow/.local/lib/python3.12/site-packages/airflow/example_dags/example_inlet_event_extra.py took 0.176 seconds
[2024-10-06T19:10:31.982+0000] {processor.py:186} INFO - Started process (PID=1252) to work on /home/airflow/.local/lib/python3.12/site-packages/airflow/example_dags/example_inlet_event_extra.py
[2024-10-06T19:10:31.983+0000] {processor.py:914} INFO - Processing file /home/airflow/.local/lib/python3.12/site-packages/airflow/example_dags/example_inlet_event_extra.py for tasks to queue
[2024-10-06T19:10:31.985+0000] {logging_mixin.py:190} INFO - [2024-10-06T19:10:31.985+0000] {dagbag.py:588} INFO - Filling up the DagBag from /home/airflow/.local/lib/python3.12/site-packages/airflow/example_dags/example_inlet_event_extra.py
[2024-10-06T19:10:32.087+0000] {processor.py:925} INFO - DAG(s) 'read_dataset_event_from_classic', 'read_dataset_event' retrieved from /home/airflow/.local/lib/python3.12/site-packages/airflow/example_dags/example_inlet_event_extra.py
[2024-10-06T19:10:32.107+0000] {logging_mixin.py:190} INFO - [2024-10-06T19:10:32.106+0000] {dag.py:3239} INFO - Sync 2 DAGs
[2024-10-06T19:10:32.132+0000] {logging_mixin.py:190} INFO - [2024-10-06T19:10:32.132+0000] {dag.py:4180} INFO - Setting next_dagrun for read_dataset_event to 2024-10-05 00:00:00+00:00, run_after=2024-10-06 00:00:00+00:00
[2024-10-06T19:10:32.137+0000] {logging_mixin.py:190} INFO - [2024-10-06T19:10:32.137+0000] {dag.py:4180} INFO - Setting next_dagrun for read_dataset_event_from_classic to 2024-10-05 00:00:00+00:00, run_after=2024-10-06 00:00:00+00:00
[2024-10-06T19:10:32.154+0000] {processor.py:208} INFO - Processing /home/airflow/.local/lib/python3.12/site-packages/airflow/example_dags/example_inlet_event_extra.py took 0.178 seconds
[2024-10-06T19:11:02.260+0000] {processor.py:186} INFO - Started process (PID=1562) to work on /home/airflow/.local/lib/python3.12/site-packages/airflow/example_dags/example_inlet_event_extra.py
[2024-10-06T19:11:02.260+0000] {processor.py:914} INFO - Processing file /home/airflow/.local/lib/python3.12/site-packages/airflow/example_dags/example_inlet_event_extra.py for tasks to queue
[2024-10-06T19:11:02.262+0000] {logging_mixin.py:190} INFO - [2024-10-06T19:11:02.262+0000] {dagbag.py:588} INFO - Filling up the DagBag from /home/airflow/.local/lib/python3.12/site-packages/airflow/example_dags/example_inlet_event_extra.py
[2024-10-06T19:11:02.360+0000] {processor.py:925} INFO - DAG(s) 'read_dataset_event', 'read_dataset_event_from_classic' retrieved from /home/airflow/.local/lib/python3.12/site-packages/airflow/example_dags/example_inlet_event_extra.py
[2024-10-06T19:11:02.378+0000] {logging_mixin.py:190} INFO - [2024-10-06T19:11:02.377+0000] {dag.py:3239} INFO - Sync 2 DAGs
[2024-10-06T19:11:02.398+0000] {logging_mixin.py:190} INFO - [2024-10-06T19:11:02.398+0000] {dag.py:4180} INFO - Setting next_dagrun for read_dataset_event to 2024-10-05 00:00:00+00:00, run_after=2024-10-06 00:00:00+00:00
[2024-10-06T19:11:02.402+0000] {logging_mixin.py:190} INFO - [2024-10-06T19:11:02.402+0000] {dag.py:4180} INFO - Setting next_dagrun for read_dataset_event_from_classic to 2024-10-05 00:00:00+00:00, run_after=2024-10-06 00:00:00+00:00
[2024-10-06T19:11:02.416+0000] {processor.py:208} INFO - Processing /home/airflow/.local/lib/python3.12/site-packages/airflow/example_dags/example_inlet_event_extra.py took 0.161 seconds
[2024-10-06T19:11:32.711+0000] {processor.py:186} INFO - Started process (PID=1848) to work on /home/airflow/.local/lib/python3.12/site-packages/airflow/example_dags/example_inlet_event_extra.py
[2024-10-06T19:11:32.711+0000] {processor.py:914} INFO - Processing file /home/airflow/.local/lib/python3.12/site-packages/airflow/example_dags/example_inlet_event_extra.py for tasks to queue
[2024-10-06T19:11:32.713+0000] {logging_mixin.py:190} INFO - [2024-10-06T19:11:32.713+0000] {dagbag.py:588} INFO - Filling up the DagBag from /home/airflow/.local/lib/python3.12/site-packages/airflow/example_dags/example_inlet_event_extra.py
[2024-10-06T19:11:32.821+0000] {processor.py:925} INFO - DAG(s) 'read_dataset_event', 'read_dataset_event_from_classic' retrieved from /home/airflow/.local/lib/python3.12/site-packages/airflow/example_dags/example_inlet_event_extra.py
[2024-10-06T19:11:32.839+0000] {logging_mixin.py:190} INFO - [2024-10-06T19:11:32.839+0000] {dag.py:3239} INFO - Sync 2 DAGs
[2024-10-06T19:11:32.865+0000] {logging_mixin.py:190} INFO - [2024-10-06T19:11:32.864+0000] {dag.py:4180} INFO - Setting next_dagrun for read_dataset_event to 2024-10-05 00:00:00+00:00, run_after=2024-10-06 00:00:00+00:00
[2024-10-06T19:11:32.869+0000] {logging_mixin.py:190} INFO - [2024-10-06T19:11:32.869+0000] {dag.py:4180} INFO - Setting next_dagrun for read_dataset_event_from_classic to 2024-10-05 00:00:00+00:00, run_after=2024-10-06 00:00:00+00:00
[2024-10-06T19:11:32.887+0000] {processor.py:208} INFO - Processing /home/airflow/.local/lib/python3.12/site-packages/airflow/example_dags/example_inlet_event_extra.py took 0.181 seconds
[2024-10-06T19:12:03.132+0000] {processor.py:186} INFO - Started process (PID=2134) to work on /home/airflow/.local/lib/python3.12/site-packages/airflow/example_dags/example_inlet_event_extra.py
[2024-10-06T19:12:03.133+0000] {processor.py:914} INFO - Processing file /home/airflow/.local/lib/python3.12/site-packages/airflow/example_dags/example_inlet_event_extra.py for tasks to queue
[2024-10-06T19:12:03.136+0000] {logging_mixin.py:190} INFO - [2024-10-06T19:12:03.135+0000] {dagbag.py:588} INFO - Filling up the DagBag from /home/airflow/.local/lib/python3.12/site-packages/airflow/example_dags/example_inlet_event_extra.py
[2024-10-06T19:12:03.244+0000] {processor.py:925} INFO - DAG(s) 'read_dataset_event_from_classic', 'read_dataset_event' retrieved from /home/airflow/.local/lib/python3.12/site-packages/airflow/example_dags/example_inlet_event_extra.py
[2024-10-06T19:12:03.265+0000] {logging_mixin.py:190} INFO - [2024-10-06T19:12:03.264+0000] {dag.py:3239} INFO - Sync 2 DAGs
[2024-10-06T19:12:03.291+0000] {logging_mixin.py:190} INFO - [2024-10-06T19:12:03.290+0000] {dag.py:4180} INFO - Setting next_dagrun for read_dataset_event to 2024-10-05 00:00:00+00:00, run_after=2024-10-06 00:00:00+00:00
[2024-10-06T19:12:03.297+0000] {logging_mixin.py:190} INFO - [2024-10-06T19:12:03.296+0000] {dag.py:4180} INFO - Setting next_dagrun for read_dataset_event_from_classic to 2024-10-05 00:00:00+00:00, run_after=2024-10-06 00:00:00+00:00
[2024-10-06T19:12:03.317+0000] {processor.py:208} INFO - Processing /home/airflow/.local/lib/python3.12/site-packages/airflow/example_dags/example_inlet_event_extra.py took 0.189 seconds
[2024-10-06T19:12:33.492+0000] {processor.py:186} INFO - Started process (PID=2420) to work on /home/airflow/.local/lib/python3.12/site-packages/airflow/example_dags/example_inlet_event_extra.py
[2024-10-06T19:12:33.493+0000] {processor.py:914} INFO - Processing file /home/airflow/.local/lib/python3.12/site-packages/airflow/example_dags/example_inlet_event_extra.py for tasks to queue
[2024-10-06T19:12:33.495+0000] {logging_mixin.py:190} INFO - [2024-10-06T19:12:33.495+0000] {dagbag.py:588} INFO - Filling up the DagBag from /home/airflow/.local/lib/python3.12/site-packages/airflow/example_dags/example_inlet_event_extra.py
[2024-10-06T19:12:33.591+0000] {processor.py:925} INFO - DAG(s) 'read_dataset_event_from_classic', 'read_dataset_event' retrieved from /home/airflow/.local/lib/python3.12/site-packages/airflow/example_dags/example_inlet_event_extra.py
[2024-10-06T19:12:33.610+0000] {logging_mixin.py:190} INFO - [2024-10-06T19:12:33.610+0000] {dag.py:3239} INFO - Sync 2 DAGs
[2024-10-06T19:12:33.632+0000] {logging_mixin.py:190} INFO - [2024-10-06T19:12:33.632+0000] {dag.py:4180} INFO - Setting next_dagrun for read_dataset_event to 2024-10-05 00:00:00+00:00, run_after=2024-10-06 00:00:00+00:00
[2024-10-06T19:12:33.638+0000] {logging_mixin.py:190} INFO - [2024-10-06T19:12:33.637+0000] {dag.py:4180} INFO - Setting next_dagrun for read_dataset_event_from_classic to 2024-10-05 00:00:00+00:00, run_after=2024-10-06 00:00:00+00:00
[2024-10-06T19:12:33.653+0000] {processor.py:208} INFO - Processing /home/airflow/.local/lib/python3.12/site-packages/airflow/example_dags/example_inlet_event_extra.py took 0.165 seconds
[2024-10-06T19:13:03.843+0000] {processor.py:186} INFO - Started process (PID=2706) to work on /home/airflow/.local/lib/python3.12/site-packages/airflow/example_dags/example_inlet_event_extra.py
[2024-10-06T19:13:03.844+0000] {processor.py:914} INFO - Processing file /home/airflow/.local/lib/python3.12/site-packages/airflow/example_dags/example_inlet_event_extra.py for tasks to queue
[2024-10-06T19:13:03.847+0000] {logging_mixin.py:190} INFO - [2024-10-06T19:13:03.846+0000] {dagbag.py:588} INFO - Filling up the DagBag from /home/airflow/.local/lib/python3.12/site-packages/airflow/example_dags/example_inlet_event_extra.py
[2024-10-06T19:13:03.945+0000] {processor.py:925} INFO - DAG(s) 'read_dataset_event_from_classic', 'read_dataset_event' retrieved from /home/airflow/.local/lib/python3.12/site-packages/airflow/example_dags/example_inlet_event_extra.py
[2024-10-06T19:13:03.964+0000] {logging_mixin.py:190} INFO - [2024-10-06T19:13:03.964+0000] {dag.py:3239} INFO - Sync 2 DAGs
[2024-10-06T19:13:03.987+0000] {logging_mixin.py:190} INFO - [2024-10-06T19:13:03.987+0000] {dag.py:4180} INFO - Setting next_dagrun for read_dataset_event to 2024-10-05 00:00:00+00:00, run_after=2024-10-06 00:00:00+00:00
[2024-10-06T19:13:03.992+0000] {logging_mixin.py:190} INFO - [2024-10-06T19:13:03.992+0000] {dag.py:4180} INFO - Setting next_dagrun for read_dataset_event_from_classic to 2024-10-05 00:00:00+00:00, run_after=2024-10-06 00:00:00+00:00
[2024-10-06T19:13:04.006+0000] {processor.py:208} INFO - Processing /home/airflow/.local/lib/python3.12/site-packages/airflow/example_dags/example_inlet_event_extra.py took 0.167 seconds
[2024-10-06T19:13:34.286+0000] {processor.py:186} INFO - Started process (PID=2992) to work on /home/airflow/.local/lib/python3.12/site-packages/airflow/example_dags/example_inlet_event_extra.py
[2024-10-06T19:13:34.286+0000] {processor.py:914} INFO - Processing file /home/airflow/.local/lib/python3.12/site-packages/airflow/example_dags/example_inlet_event_extra.py for tasks to queue
[2024-10-06T19:13:34.288+0000] {logging_mixin.py:190} INFO - [2024-10-06T19:13:34.288+0000] {dagbag.py:588} INFO - Filling up the DagBag from /home/airflow/.local/lib/python3.12/site-packages/airflow/example_dags/example_inlet_event_extra.py
[2024-10-06T19:13:34.391+0000] {processor.py:925} INFO - DAG(s) 'read_dataset_event_from_classic', 'read_dataset_event' retrieved from /home/airflow/.local/lib/python3.12/site-packages/airflow/example_dags/example_inlet_event_extra.py
[2024-10-06T19:13:34.410+0000] {logging_mixin.py:190} INFO - [2024-10-06T19:13:34.409+0000] {dag.py:3239} INFO - Sync 2 DAGs
[2024-10-06T19:13:34.434+0000] {logging_mixin.py:190} INFO - [2024-10-06T19:13:34.433+0000] {dag.py:4180} INFO - Setting next_dagrun for read_dataset_event to 2024-10-05 00:00:00+00:00, run_after=2024-10-06 00:00:00+00:00
[2024-10-06T19:13:34.439+0000] {logging_mixin.py:190} INFO - [2024-10-06T19:13:34.439+0000] {dag.py:4180} INFO - Setting next_dagrun for read_dataset_event_from_classic to 2024-10-05 00:00:00+00:00, run_after=2024-10-06 00:00:00+00:00
[2024-10-06T19:13:34.454+0000] {processor.py:208} INFO - Processing /home/airflow/.local/lib/python3.12/site-packages/airflow/example_dags/example_inlet_event_extra.py took 0.173 seconds
[2024-10-06T19:14:04.639+0000] {processor.py:186} INFO - Started process (PID=3283) to work on /home/airflow/.local/lib/python3.12/site-packages/airflow/example_dags/example_inlet_event_extra.py
[2024-10-06T19:14:04.640+0000] {processor.py:914} INFO - Processing file /home/airflow/.local/lib/python3.12/site-packages/airflow/example_dags/example_inlet_event_extra.py for tasks to queue
[2024-10-06T19:14:04.642+0000] {logging_mixin.py:190} INFO - [2024-10-06T19:14:04.642+0000] {dagbag.py:588} INFO - Filling up the DagBag from /home/airflow/.local/lib/python3.12/site-packages/airflow/example_dags/example_inlet_event_extra.py
[2024-10-06T19:14:04.742+0000] {processor.py:925} INFO - DAG(s) 'read_dataset_event', 'read_dataset_event_from_classic' retrieved from /home/airflow/.local/lib/python3.12/site-packages/airflow/example_dags/example_inlet_event_extra.py
[2024-10-06T19:14:04.761+0000] {logging_mixin.py:190} INFO - [2024-10-06T19:14:04.760+0000] {dag.py:3239} INFO - Sync 2 DAGs
[2024-10-06T19:14:04.784+0000] {logging_mixin.py:190} INFO - [2024-10-06T19:14:04.784+0000] {dag.py:4180} INFO - Setting next_dagrun for read_dataset_event to 2024-10-05 00:00:00+00:00, run_after=2024-10-06 00:00:00+00:00
[2024-10-06T19:14:04.789+0000] {logging_mixin.py:190} INFO - [2024-10-06T19:14:04.789+0000] {dag.py:4180} INFO - Setting next_dagrun for read_dataset_event_from_classic to 2024-10-05 00:00:00+00:00, run_after=2024-10-06 00:00:00+00:00
[2024-10-06T19:14:04.806+0000] {processor.py:208} INFO - Processing /home/airflow/.local/lib/python3.12/site-packages/airflow/example_dags/example_inlet_event_extra.py took 0.172 seconds
[2024-10-06T19:14:34.992+0000] {processor.py:186} INFO - Started process (PID=3574) to work on /home/airflow/.local/lib/python3.12/site-packages/airflow/example_dags/example_inlet_event_extra.py
[2024-10-06T19:14:34.992+0000] {processor.py:914} INFO - Processing file /home/airflow/.local/lib/python3.12/site-packages/airflow/example_dags/example_inlet_event_extra.py for tasks to queue
[2024-10-06T19:14:34.994+0000] {logging_mixin.py:190} INFO - [2024-10-06T19:14:34.994+0000] {dagbag.py:588} INFO - Filling up the DagBag from /home/airflow/.local/lib/python3.12/site-packages/airflow/example_dags/example_inlet_event_extra.py
[2024-10-06T19:14:35.099+0000] {processor.py:925} INFO - DAG(s) 'read_dataset_event_from_classic', 'read_dataset_event' retrieved from /home/airflow/.local/lib/python3.12/site-packages/airflow/example_dags/example_inlet_event_extra.py
[2024-10-06T19:14:35.121+0000] {logging_mixin.py:190} INFO - [2024-10-06T19:14:35.120+0000] {dag.py:3239} INFO - Sync 2 DAGs
[2024-10-06T19:14:35.147+0000] {logging_mixin.py:190} INFO - [2024-10-06T19:14:35.147+0000] {dag.py:4180} INFO - Setting next_dagrun for read_dataset_event to 2024-10-05 00:00:00+00:00, run_after=2024-10-06 00:00:00+00:00
[2024-10-06T19:14:35.154+0000] {logging_mixin.py:190} INFO - [2024-10-06T19:14:35.154+0000] {dag.py:4180} INFO - Setting next_dagrun for read_dataset_event_from_classic to 2024-10-05 00:00:00+00:00, run_after=2024-10-06 00:00:00+00:00
[2024-10-06T19:14:35.175+0000] {processor.py:208} INFO - Processing /home/airflow/.local/lib/python3.12/site-packages/airflow/example_dags/example_inlet_event_extra.py took 0.189 seconds
[2024-10-06T19:15:05.278+0000] {processor.py:186} INFO - Started process (PID=3865) to work on /home/airflow/.local/lib/python3.12/site-packages/airflow/example_dags/example_inlet_event_extra.py
[2024-10-06T19:15:05.279+0000] {processor.py:914} INFO - Processing file /home/airflow/.local/lib/python3.12/site-packages/airflow/example_dags/example_inlet_event_extra.py for tasks to queue
[2024-10-06T19:15:05.281+0000] {logging_mixin.py:190} INFO - [2024-10-06T19:15:05.281+0000] {dagbag.py:588} INFO - Filling up the DagBag from /home/airflow/.local/lib/python3.12/site-packages/airflow/example_dags/example_inlet_event_extra.py
[2024-10-06T19:15:05.387+0000] {processor.py:925} INFO - DAG(s) 'read_dataset_event_from_classic', 'read_dataset_event' retrieved from /home/airflow/.local/lib/python3.12/site-packages/airflow/example_dags/example_inlet_event_extra.py
[2024-10-06T19:15:05.407+0000] {logging_mixin.py:190} INFO - [2024-10-06T19:15:05.406+0000] {dag.py:3239} INFO - Sync 2 DAGs
[2024-10-06T19:15:05.429+0000] {logging_mixin.py:190} INFO - [2024-10-06T19:15:05.429+0000] {dag.py:4180} INFO - Setting next_dagrun for read_dataset_event to 2024-10-05 00:00:00+00:00, run_after=2024-10-06 00:00:00+00:00
[2024-10-06T19:15:05.434+0000] {logging_mixin.py:190} INFO - [2024-10-06T19:15:05.434+0000] {dag.py:4180} INFO - Setting next_dagrun for read_dataset_event_from_classic to 2024-10-05 00:00:00+00:00, run_after=2024-10-06 00:00:00+00:00
[2024-10-06T19:15:05.450+0000] {processor.py:208} INFO - Processing /home/airflow/.local/lib/python3.12/site-packages/airflow/example_dags/example_inlet_event_extra.py took 0.177 seconds
[2024-10-06T19:15:35.527+0000] {processor.py:186} INFO - Started process (PID=4161) to work on /home/airflow/.local/lib/python3.12/site-packages/airflow/example_dags/example_inlet_event_extra.py
[2024-10-06T19:15:35.527+0000] {processor.py:914} INFO - Processing file /home/airflow/.local/lib/python3.12/site-packages/airflow/example_dags/example_inlet_event_extra.py for tasks to queue
[2024-10-06T19:15:35.529+0000] {logging_mixin.py:190} INFO - [2024-10-06T19:15:35.529+0000] {dagbag.py:588} INFO - Filling up the DagBag from /home/airflow/.local/lib/python3.12/site-packages/airflow/example_dags/example_inlet_event_extra.py
[2024-10-06T19:15:35.644+0000] {processor.py:925} INFO - DAG(s) 'read_dataset_event', 'read_dataset_event_from_classic' retrieved from /home/airflow/.local/lib/python3.12/site-packages/airflow/example_dags/example_inlet_event_extra.py
[2024-10-06T19:15:35.663+0000] {logging_mixin.py:190} INFO - [2024-10-06T19:15:35.663+0000] {dag.py:3239} INFO - Sync 2 DAGs
[2024-10-06T19:15:35.686+0000] {logging_mixin.py:190} INFO - [2024-10-06T19:15:35.686+0000] {dag.py:4180} INFO - Setting next_dagrun for read_dataset_event to 2024-10-05 00:00:00+00:00, run_after=2024-10-06 00:00:00+00:00
[2024-10-06T19:15:35.692+0000] {logging_mixin.py:190} INFO - [2024-10-06T19:15:35.692+0000] {dag.py:4180} INFO - Setting next_dagrun for read_dataset_event_from_classic to 2024-10-05 00:00:00+00:00, run_after=2024-10-06 00:00:00+00:00
[2024-10-06T19:15:35.709+0000] {processor.py:208} INFO - Processing /home/airflow/.local/lib/python3.12/site-packages/airflow/example_dags/example_inlet_event_extra.py took 0.187 seconds
[2024-10-06T19:16:05.785+0000] {processor.py:186} INFO - Started process (PID=4458) to work on /home/airflow/.local/lib/python3.12/site-packages/airflow/example_dags/example_inlet_event_extra.py
[2024-10-06T19:16:05.785+0000] {processor.py:914} INFO - Processing file /home/airflow/.local/lib/python3.12/site-packages/airflow/example_dags/example_inlet_event_extra.py for tasks to queue
[2024-10-06T19:16:05.787+0000] {logging_mixin.py:190} INFO - [2024-10-06T19:16:05.787+0000] {dagbag.py:588} INFO - Filling up the DagBag from /home/airflow/.local/lib/python3.12/site-packages/airflow/example_dags/example_inlet_event_extra.py
[2024-10-06T19:16:05.885+0000] {processor.py:925} INFO - DAG(s) 'read_dataset_event', 'read_dataset_event_from_classic' retrieved from /home/airflow/.local/lib/python3.12/site-packages/airflow/example_dags/example_inlet_event_extra.py
[2024-10-06T19:16:05.904+0000] {logging_mixin.py:190} INFO - [2024-10-06T19:16:05.904+0000] {dag.py:3239} INFO - Sync 2 DAGs
[2024-10-06T19:16:05.926+0000] {logging_mixin.py:190} INFO - [2024-10-06T19:16:05.925+0000] {dag.py:4180} INFO - Setting next_dagrun for read_dataset_event to 2024-10-05 00:00:00+00:00, run_after=2024-10-06 00:00:00+00:00
[2024-10-06T19:16:05.931+0000] {logging_mixin.py:190} INFO - [2024-10-06T19:16:05.931+0000] {dag.py:4180} INFO - Setting next_dagrun for read_dataset_event_from_classic to 2024-10-05 00:00:00+00:00, run_after=2024-10-06 00:00:00+00:00
[2024-10-06T19:16:05.946+0000] {processor.py:208} INFO - Processing /home/airflow/.local/lib/python3.12/site-packages/airflow/example_dags/example_inlet_event_extra.py took 0.166 seconds
[2024-10-06T19:16:36.129+0000] {processor.py:186} INFO - Started process (PID=4749) to work on /home/airflow/.local/lib/python3.12/site-packages/airflow/example_dags/example_inlet_event_extra.py
[2024-10-06T19:16:36.130+0000] {processor.py:914} INFO - Processing file /home/airflow/.local/lib/python3.12/site-packages/airflow/example_dags/example_inlet_event_extra.py for tasks to queue
[2024-10-06T19:16:36.131+0000] {logging_mixin.py:190} INFO - [2024-10-06T19:16:36.131+0000] {dagbag.py:588} INFO - Filling up the DagBag from /home/airflow/.local/lib/python3.12/site-packages/airflow/example_dags/example_inlet_event_extra.py
[2024-10-06T19:16:36.225+0000] {processor.py:925} INFO - DAG(s) 'read_dataset_event_from_classic', 'read_dataset_event' retrieved from /home/airflow/.local/lib/python3.12/site-packages/airflow/example_dags/example_inlet_event_extra.py
[2024-10-06T19:16:36.251+0000] {logging_mixin.py:190} INFO - [2024-10-06T19:16:36.250+0000] {dag.py:3239} INFO - Sync 2 DAGs
[2024-10-06T19:16:36.280+0000] {logging_mixin.py:190} INFO - [2024-10-06T19:16:36.280+0000] {dag.py:4180} INFO - Setting next_dagrun for read_dataset_event to 2024-10-05 00:00:00+00:00, run_after=2024-10-06 00:00:00+00:00
[2024-10-06T19:16:36.285+0000] {logging_mixin.py:190} INFO - [2024-10-06T19:16:36.285+0000] {dag.py:4180} INFO - Setting next_dagrun for read_dataset_event_from_classic to 2024-10-05 00:00:00+00:00, run_after=2024-10-06 00:00:00+00:00
[2024-10-06T19:16:36.304+0000] {processor.py:208} INFO - Processing /home/airflow/.local/lib/python3.12/site-packages/airflow/example_dags/example_inlet_event_extra.py took 0.179 seconds
[2024-10-06T19:17:06.452+0000] {processor.py:186} INFO - Started process (PID=5040) to work on /home/airflow/.local/lib/python3.12/site-packages/airflow/example_dags/example_inlet_event_extra.py
[2024-10-06T19:17:06.453+0000] {processor.py:914} INFO - Processing file /home/airflow/.local/lib/python3.12/site-packages/airflow/example_dags/example_inlet_event_extra.py for tasks to queue
[2024-10-06T19:17:06.455+0000] {logging_mixin.py:190} INFO - [2024-10-06T19:17:06.455+0000] {dagbag.py:588} INFO - Filling up the DagBag from /home/airflow/.local/lib/python3.12/site-packages/airflow/example_dags/example_inlet_event_extra.py
[2024-10-06T19:17:06.556+0000] {processor.py:925} INFO - DAG(s) 'read_dataset_event', 'read_dataset_event_from_classic' retrieved from /home/airflow/.local/lib/python3.12/site-packages/airflow/example_dags/example_inlet_event_extra.py
[2024-10-06T19:17:06.574+0000] {logging_mixin.py:190} INFO - [2024-10-06T19:17:06.574+0000] {dag.py:3239} INFO - Sync 2 DAGs
[2024-10-06T19:17:06.596+0000] {logging_mixin.py:190} INFO - [2024-10-06T19:17:06.596+0000] {dag.py:4180} INFO - Setting next_dagrun for read_dataset_event to 2024-10-05 00:00:00+00:00, run_after=2024-10-06 00:00:00+00:00
[2024-10-06T19:17:06.602+0000] {logging_mixin.py:190} INFO - [2024-10-06T19:17:06.602+0000] {dag.py:4180} INFO - Setting next_dagrun for read_dataset_event_from_classic to 2024-10-05 00:00:00+00:00, run_after=2024-10-06 00:00:00+00:00
[2024-10-06T19:17:06.616+0000] {processor.py:208} INFO - Processing /home/airflow/.local/lib/python3.12/site-packages/airflow/example_dags/example_inlet_event_extra.py took 0.169 seconds
[2024-10-06T19:17:36.786+0000] {processor.py:186} INFO - Started process (PID=5331) to work on /home/airflow/.local/lib/python3.12/site-packages/airflow/example_dags/example_inlet_event_extra.py
[2024-10-06T19:17:36.787+0000] {processor.py:914} INFO - Processing file /home/airflow/.local/lib/python3.12/site-packages/airflow/example_dags/example_inlet_event_extra.py for tasks to queue
[2024-10-06T19:17:36.789+0000] {logging_mixin.py:190} INFO - [2024-10-06T19:17:36.788+0000] {dagbag.py:588} INFO - Filling up the DagBag from /home/airflow/.local/lib/python3.12/site-packages/airflow/example_dags/example_inlet_event_extra.py
[2024-10-06T19:17:36.886+0000] {processor.py:925} INFO - DAG(s) 'read_dataset_event', 'read_dataset_event_from_classic' retrieved from /home/airflow/.local/lib/python3.12/site-packages/airflow/example_dags/example_inlet_event_extra.py
[2024-10-06T19:17:36.906+0000] {logging_mixin.py:190} INFO - [2024-10-06T19:17:36.906+0000] {dag.py:3239} INFO - Sync 2 DAGs
[2024-10-06T19:17:36.926+0000] {logging_mixin.py:190} INFO - [2024-10-06T19:17:36.926+0000] {dag.py:4180} INFO - Setting next_dagrun for read_dataset_event to 2024-10-05 00:00:00+00:00, run_after=2024-10-06 00:00:00+00:00
[2024-10-06T19:17:36.932+0000] {logging_mixin.py:190} INFO - [2024-10-06T19:17:36.931+0000] {dag.py:4180} INFO - Setting next_dagrun for read_dataset_event_from_classic to 2024-10-05 00:00:00+00:00, run_after=2024-10-06 00:00:00+00:00
[2024-10-06T19:17:36.946+0000] {processor.py:208} INFO - Processing /home/airflow/.local/lib/python3.12/site-packages/airflow/example_dags/example_inlet_event_extra.py took 0.164 seconds
[2024-10-06T19:18:07.079+0000] {processor.py:186} INFO - Started process (PID=5622) to work on /home/airflow/.local/lib/python3.12/site-packages/airflow/example_dags/example_inlet_event_extra.py
[2024-10-06T19:18:07.080+0000] {processor.py:914} INFO - Processing file /home/airflow/.local/lib/python3.12/site-packages/airflow/example_dags/example_inlet_event_extra.py for tasks to queue
[2024-10-06T19:18:07.082+0000] {logging_mixin.py:190} INFO - [2024-10-06T19:18:07.082+0000] {dagbag.py:588} INFO - Filling up the DagBag from /home/airflow/.local/lib/python3.12/site-packages/airflow/example_dags/example_inlet_event_extra.py
[2024-10-06T19:18:07.175+0000] {processor.py:925} INFO - DAG(s) 'read_dataset_event', 'read_dataset_event_from_classic' retrieved from /home/airflow/.local/lib/python3.12/site-packages/airflow/example_dags/example_inlet_event_extra.py
[2024-10-06T19:18:07.195+0000] {logging_mixin.py:190} INFO - [2024-10-06T19:18:07.194+0000] {dag.py:3239} INFO - Sync 2 DAGs
[2024-10-06T19:18:07.215+0000] {logging_mixin.py:190} INFO - [2024-10-06T19:18:07.214+0000] {dag.py:4180} INFO - Setting next_dagrun for read_dataset_event to 2024-10-05 00:00:00+00:00, run_after=2024-10-06 00:00:00+00:00
[2024-10-06T19:18:07.219+0000] {logging_mixin.py:190} INFO - [2024-10-06T19:18:07.219+0000] {dag.py:4180} INFO - Setting next_dagrun for read_dataset_event_from_classic to 2024-10-05 00:00:00+00:00, run_after=2024-10-06 00:00:00+00:00
[2024-10-06T19:18:07.233+0000] {processor.py:208} INFO - Processing /home/airflow/.local/lib/python3.12/site-packages/airflow/example_dags/example_inlet_event_extra.py took 0.158 seconds
[2024-10-06T19:18:37.376+0000] {processor.py:186} INFO - Started process (PID=5913) to work on /home/airflow/.local/lib/python3.12/site-packages/airflow/example_dags/example_inlet_event_extra.py
[2024-10-06T19:18:37.377+0000] {processor.py:914} INFO - Processing file /home/airflow/.local/lib/python3.12/site-packages/airflow/example_dags/example_inlet_event_extra.py for tasks to queue
[2024-10-06T19:18:37.379+0000] {logging_mixin.py:190} INFO - [2024-10-06T19:18:37.379+0000] {dagbag.py:588} INFO - Filling up the DagBag from /home/airflow/.local/lib/python3.12/site-packages/airflow/example_dags/example_inlet_event_extra.py
[2024-10-06T19:18:37.473+0000] {processor.py:925} INFO - DAG(s) 'read_dataset_event_from_classic', 'read_dataset_event' retrieved from /home/airflow/.local/lib/python3.12/site-packages/airflow/example_dags/example_inlet_event_extra.py
[2024-10-06T19:18:37.491+0000] {logging_mixin.py:190} INFO - [2024-10-06T19:18:37.491+0000] {dag.py:3239} INFO - Sync 2 DAGs
[2024-10-06T19:18:37.513+0000] {logging_mixin.py:190} INFO - [2024-10-06T19:18:37.513+0000] {dag.py:4180} INFO - Setting next_dagrun for read_dataset_event to 2024-10-05 00:00:00+00:00, run_after=2024-10-06 00:00:00+00:00
[2024-10-06T19:18:37.518+0000] {logging_mixin.py:190} INFO - [2024-10-06T19:18:37.518+0000] {dag.py:4180} INFO - Setting next_dagrun for read_dataset_event_from_classic to 2024-10-05 00:00:00+00:00, run_after=2024-10-06 00:00:00+00:00
[2024-10-06T19:18:37.534+0000] {processor.py:208} INFO - Processing /home/airflow/.local/lib/python3.12/site-packages/airflow/example_dags/example_inlet_event_extra.py took 0.161 seconds
[2024-10-06T19:19:07.737+0000] {processor.py:186} INFO - Started process (PID=6209) to work on /home/airflow/.local/lib/python3.12/site-packages/airflow/example_dags/example_inlet_event_extra.py
[2024-10-06T19:19:07.738+0000] {processor.py:914} INFO - Processing file /home/airflow/.local/lib/python3.12/site-packages/airflow/example_dags/example_inlet_event_extra.py for tasks to queue
[2024-10-06T19:19:07.739+0000] {logging_mixin.py:190} INFO - [2024-10-06T19:19:07.739+0000] {dagbag.py:588} INFO - Filling up the DagBag from /home/airflow/.local/lib/python3.12/site-packages/airflow/example_dags/example_inlet_event_extra.py
[2024-10-06T19:19:07.835+0000] {processor.py:925} INFO - DAG(s) 'read_dataset_event', 'read_dataset_event_from_classic' retrieved from /home/airflow/.local/lib/python3.12/site-packages/airflow/example_dags/example_inlet_event_extra.py
[2024-10-06T19:19:07.855+0000] {logging_mixin.py:190} INFO - [2024-10-06T19:19:07.854+0000] {dag.py:3239} INFO - Sync 2 DAGs
[2024-10-06T19:19:07.876+0000] {logging_mixin.py:190} INFO - [2024-10-06T19:19:07.876+0000] {dag.py:4180} INFO - Setting next_dagrun for read_dataset_event to 2024-10-05 00:00:00+00:00, run_after=2024-10-06 00:00:00+00:00
[2024-10-06T19:19:07.881+0000] {logging_mixin.py:190} INFO - [2024-10-06T19:19:07.881+0000] {dag.py:4180} INFO - Setting next_dagrun for read_dataset_event_from_classic to 2024-10-05 00:00:00+00:00, run_after=2024-10-06 00:00:00+00:00
[2024-10-06T19:19:07.897+0000] {processor.py:208} INFO - Processing /home/airflow/.local/lib/python3.12/site-packages/airflow/example_dags/example_inlet_event_extra.py took 0.163 seconds
[2024-10-06T19:19:37.986+0000] {processor.py:186} INFO - Started process (PID=6500) to work on /home/airflow/.local/lib/python3.12/site-packages/airflow/example_dags/example_inlet_event_extra.py
[2024-10-06T19:19:37.987+0000] {processor.py:914} INFO - Processing file /home/airflow/.local/lib/python3.12/site-packages/airflow/example_dags/example_inlet_event_extra.py for tasks to queue
[2024-10-06T19:19:37.989+0000] {logging_mixin.py:190} INFO - [2024-10-06T19:19:37.989+0000] {dagbag.py:588} INFO - Filling up the DagBag from /home/airflow/.local/lib/python3.12/site-packages/airflow/example_dags/example_inlet_event_extra.py
[2024-10-06T19:19:38.098+0000] {processor.py:925} INFO - DAG(s) 'read_dataset_event_from_classic', 'read_dataset_event' retrieved from /home/airflow/.local/lib/python3.12/site-packages/airflow/example_dags/example_inlet_event_extra.py
[2024-10-06T19:19:38.119+0000] {logging_mixin.py:190} INFO - [2024-10-06T19:19:38.118+0000] {dag.py:3239} INFO - Sync 2 DAGs
[2024-10-06T19:19:38.145+0000] {logging_mixin.py:190} INFO - [2024-10-06T19:19:38.145+0000] {dag.py:4180} INFO - Setting next_dagrun for read_dataset_event to 2024-10-05 00:00:00+00:00, run_after=2024-10-06 00:00:00+00:00
[2024-10-06T19:19:38.151+0000] {logging_mixin.py:190} INFO - [2024-10-06T19:19:38.151+0000] {dag.py:4180} INFO - Setting next_dagrun for read_dataset_event_from_classic to 2024-10-05 00:00:00+00:00, run_after=2024-10-06 00:00:00+00:00
[2024-10-06T19:19:38.172+0000] {processor.py:208} INFO - Processing /home/airflow/.local/lib/python3.12/site-packages/airflow/example_dags/example_inlet_event_extra.py took 0.191 seconds
[2024-10-06T19:20:08.378+0000] {processor.py:186} INFO - Started process (PID=6791) to work on /home/airflow/.local/lib/python3.12/site-packages/airflow/example_dags/example_inlet_event_extra.py
[2024-10-06T19:20:08.379+0000] {processor.py:914} INFO - Processing file /home/airflow/.local/lib/python3.12/site-packages/airflow/example_dags/example_inlet_event_extra.py for tasks to queue
[2024-10-06T19:20:08.380+0000] {logging_mixin.py:190} INFO - [2024-10-06T19:20:08.380+0000] {dagbag.py:588} INFO - Filling up the DagBag from /home/airflow/.local/lib/python3.12/site-packages/airflow/example_dags/example_inlet_event_extra.py
[2024-10-06T19:20:08.483+0000] {processor.py:925} INFO - DAG(s) 'read_dataset_event', 'read_dataset_event_from_classic' retrieved from /home/airflow/.local/lib/python3.12/site-packages/airflow/example_dags/example_inlet_event_extra.py
[2024-10-06T19:20:08.504+0000] {logging_mixin.py:190} INFO - [2024-10-06T19:20:08.503+0000] {dag.py:3239} INFO - Sync 2 DAGs
[2024-10-06T19:20:08.527+0000] {logging_mixin.py:190} INFO - [2024-10-06T19:20:08.527+0000] {dag.py:4180} INFO - Setting next_dagrun for read_dataset_event to 2024-10-05 00:00:00+00:00, run_after=2024-10-06 00:00:00+00:00
[2024-10-06T19:20:08.532+0000] {logging_mixin.py:190} INFO - [2024-10-06T19:20:08.532+0000] {dag.py:4180} INFO - Setting next_dagrun for read_dataset_event_from_classic to 2024-10-05 00:00:00+00:00, run_after=2024-10-06 00:00:00+00:00
[2024-10-06T19:20:08.549+0000] {processor.py:208} INFO - Processing /home/airflow/.local/lib/python3.12/site-packages/airflow/example_dags/example_inlet_event_extra.py took 0.175 seconds
[2024-10-06T19:20:38.755+0000] {processor.py:186} INFO - Started process (PID=7082) to work on /home/airflow/.local/lib/python3.12/site-packages/airflow/example_dags/example_inlet_event_extra.py
[2024-10-06T19:20:38.756+0000] {processor.py:914} INFO - Processing file /home/airflow/.local/lib/python3.12/site-packages/airflow/example_dags/example_inlet_event_extra.py for tasks to queue
[2024-10-06T19:20:38.758+0000] {logging_mixin.py:190} INFO - [2024-10-06T19:20:38.758+0000] {dagbag.py:588} INFO - Filling up the DagBag from /home/airflow/.local/lib/python3.12/site-packages/airflow/example_dags/example_inlet_event_extra.py
[2024-10-06T19:20:38.863+0000] {processor.py:925} INFO - DAG(s) 'read_dataset_event', 'read_dataset_event_from_classic' retrieved from /home/airflow/.local/lib/python3.12/site-packages/airflow/example_dags/example_inlet_event_extra.py
[2024-10-06T19:20:38.882+0000] {logging_mixin.py:190} INFO - [2024-10-06T19:20:38.882+0000] {dag.py:3239} INFO - Sync 2 DAGs
[2024-10-06T19:20:38.904+0000] {logging_mixin.py:190} INFO - [2024-10-06T19:20:38.904+0000] {dag.py:4180} INFO - Setting next_dagrun for read_dataset_event to 2024-10-05 00:00:00+00:00, run_after=2024-10-06 00:00:00+00:00
[2024-10-06T19:20:38.909+0000] {logging_mixin.py:190} INFO - [2024-10-06T19:20:38.909+0000] {dag.py:4180} INFO - Setting next_dagrun for read_dataset_event_from_classic to 2024-10-05 00:00:00+00:00, run_after=2024-10-06 00:00:00+00:00
[2024-10-06T19:20:38.928+0000] {processor.py:208} INFO - Processing /home/airflow/.local/lib/python3.12/site-packages/airflow/example_dags/example_inlet_event_extra.py took 0.177 seconds
[2024-10-06T19:21:09.032+0000] {processor.py:186} INFO - Started process (PID=7373) to work on /home/airflow/.local/lib/python3.12/site-packages/airflow/example_dags/example_inlet_event_extra.py
[2024-10-06T19:21:09.033+0000] {processor.py:914} INFO - Processing file /home/airflow/.local/lib/python3.12/site-packages/airflow/example_dags/example_inlet_event_extra.py for tasks to queue
[2024-10-06T19:21:09.035+0000] {logging_mixin.py:190} INFO - [2024-10-06T19:21:09.035+0000] {dagbag.py:588} INFO - Filling up the DagBag from /home/airflow/.local/lib/python3.12/site-packages/airflow/example_dags/example_inlet_event_extra.py
[2024-10-06T19:21:09.135+0000] {processor.py:925} INFO - DAG(s) 'read_dataset_event', 'read_dataset_event_from_classic' retrieved from /home/airflow/.local/lib/python3.12/site-packages/airflow/example_dags/example_inlet_event_extra.py
[2024-10-06T19:21:09.156+0000] {logging_mixin.py:190} INFO - [2024-10-06T19:21:09.156+0000] {dag.py:3239} INFO - Sync 2 DAGs
[2024-10-06T19:21:09.179+0000] {logging_mixin.py:190} INFO - [2024-10-06T19:21:09.178+0000] {dag.py:4180} INFO - Setting next_dagrun for read_dataset_event to 2024-10-05 00:00:00+00:00, run_after=2024-10-06 00:00:00+00:00
[2024-10-06T19:21:09.183+0000] {logging_mixin.py:190} INFO - [2024-10-06T19:21:09.183+0000] {dag.py:4180} INFO - Setting next_dagrun for read_dataset_event_from_classic to 2024-10-05 00:00:00+00:00, run_after=2024-10-06 00:00:00+00:00
[2024-10-06T19:21:09.199+0000] {processor.py:208} INFO - Processing /home/airflow/.local/lib/python3.12/site-packages/airflow/example_dags/example_inlet_event_extra.py took 0.171 seconds
[2024-10-06T19:21:39.675+0000] {processor.py:186} INFO - Started process (PID=7669) to work on /home/airflow/.local/lib/python3.12/site-packages/airflow/example_dags/example_inlet_event_extra.py
[2024-10-06T19:21:39.676+0000] {processor.py:914} INFO - Processing file /home/airflow/.local/lib/python3.12/site-packages/airflow/example_dags/example_inlet_event_extra.py for tasks to queue
[2024-10-06T19:21:39.679+0000] {logging_mixin.py:190} INFO - [2024-10-06T19:21:39.679+0000] {dagbag.py:588} INFO - Filling up the DagBag from /home/airflow/.local/lib/python3.12/site-packages/airflow/example_dags/example_inlet_event_extra.py
[2024-10-06T19:21:39.783+0000] {processor.py:925} INFO - DAG(s) 'read_dataset_event_from_classic', 'read_dataset_event' retrieved from /home/airflow/.local/lib/python3.12/site-packages/airflow/example_dags/example_inlet_event_extra.py
[2024-10-06T19:21:39.803+0000] {logging_mixin.py:190} INFO - [2024-10-06T19:21:39.803+0000] {dag.py:3239} INFO - Sync 2 DAGs
[2024-10-06T19:21:39.829+0000] {logging_mixin.py:190} INFO - [2024-10-06T19:21:39.829+0000] {dag.py:4180} INFO - Setting next_dagrun for read_dataset_event to 2024-10-05 00:00:00+00:00, run_after=2024-10-06 00:00:00+00:00
[2024-10-06T19:21:39.835+0000] {logging_mixin.py:190} INFO - [2024-10-06T19:21:39.835+0000] {dag.py:4180} INFO - Setting next_dagrun for read_dataset_event_from_classic to 2024-10-05 00:00:00+00:00, run_after=2024-10-06 00:00:00+00:00
[2024-10-06T19:21:39.855+0000] {processor.py:208} INFO - Processing /home/airflow/.local/lib/python3.12/site-packages/airflow/example_dags/example_inlet_event_extra.py took 0.185 seconds
