[2024-10-06T19:08:53.696+0000] {processor.py:186} INFO - Started process (PID=224) to work on /home/airflow/.local/lib/python3.12/site-packages/airflow/example_dags/example_bash_decorator.py
[2024-10-06T19:08:53.697+0000] {processor.py:914} INFO - Processing file /home/airflow/.local/lib/python3.12/site-packages/airflow/example_dags/example_bash_decorator.py for tasks to queue
[2024-10-06T19:08:53.700+0000] {logging_mixin.py:190} INFO - [2024-10-06T19:08:53.699+0000] {dagbag.py:588} INFO - Filling up the DagBag from /home/airflow/.local/lib/python3.12/site-packages/airflow/example_dags/example_bash_decorator.py
[2024-10-06T19:08:53.717+0000] {processor.py:925} INFO - DAG(s) 'example_bash_decorator' retrieved from /home/airflow/.local/lib/python3.12/site-packages/airflow/example_dags/example_bash_decorator.py
[2024-10-06T19:08:53.853+0000] {logging_mixin.py:190} INFO - [2024-10-06T19:08:53.852+0000] {override.py:1900} INFO - Created Permission View: can delete on DAG:example_bash_decorator
[2024-10-06T19:08:53.863+0000] {logging_mixin.py:190} INFO - [2024-10-06T19:08:53.863+0000] {override.py:1900} INFO - Created Permission View: can edit on DAG:example_bash_decorator
[2024-10-06T19:08:53.870+0000] {logging_mixin.py:190} INFO - [2024-10-06T19:08:53.869+0000] {override.py:1900} INFO - Created Permission View: can read on DAG:example_bash_decorator
[2024-10-06T19:08:53.879+0000] {logging_mixin.py:190} INFO - [2024-10-06T19:08:53.879+0000] {override.py:1900} INFO - Created Permission View: can delete on DAG Run:example_bash_decorator
[2024-10-06T19:08:53.886+0000] {logging_mixin.py:190} INFO - [2024-10-06T19:08:53.886+0000] {override.py:1900} INFO - Created Permission View: can create on DAG Run:example_bash_decorator
[2024-10-06T19:08:53.895+0000] {logging_mixin.py:190} INFO - [2024-10-06T19:08:53.894+0000] {override.py:1900} INFO - Created Permission View: can read on DAG Run:example_bash_decorator
[2024-10-06T19:08:53.903+0000] {logging_mixin.py:190} INFO - [2024-10-06T19:08:53.903+0000] {override.py:1900} INFO - Created Permission View: menu access on DAG Run:example_bash_decorator
[2024-10-06T19:08:53.904+0000] {logging_mixin.py:190} INFO - [2024-10-06T19:08:53.904+0000] {dag.py:3239} INFO - Sync 1 DAGs
[2024-10-06T19:08:53.915+0000] {logging_mixin.py:190} INFO - [2024-10-06T19:08:53.914+0000] {dag.py:3262} INFO - Creating ORM DAG for example_bash_decorator
[2024-10-06T19:08:53.916+0000] {logging_mixin.py:190} INFO - [2024-10-06T19:08:53.915+0000] {dag.py:4180} INFO - Setting next_dagrun for example_bash_decorator to None, run_after=None
[2024-10-06T19:08:53.932+0000] {processor.py:208} INFO - Processing /home/airflow/.local/lib/python3.12/site-packages/airflow/example_dags/example_bash_decorator.py took 0.241 seconds
[2024-10-06T19:09:24.313+0000] {processor.py:186} INFO - Started process (PID=512) to work on /home/airflow/.local/lib/python3.12/site-packages/airflow/example_dags/example_bash_decorator.py
[2024-10-06T19:09:24.314+0000] {processor.py:914} INFO - Processing file /home/airflow/.local/lib/python3.12/site-packages/airflow/example_dags/example_bash_decorator.py for tasks to queue
[2024-10-06T19:09:24.316+0000] {logging_mixin.py:190} INFO - [2024-10-06T19:09:24.316+0000] {dagbag.py:588} INFO - Filling up the DagBag from /home/airflow/.local/lib/python3.12/site-packages/airflow/example_dags/example_bash_decorator.py
[2024-10-06T19:09:24.329+0000] {processor.py:925} INFO - DAG(s) 'example_bash_decorator' retrieved from /home/airflow/.local/lib/python3.12/site-packages/airflow/example_dags/example_bash_decorator.py
[2024-10-06T19:09:24.352+0000] {logging_mixin.py:190} INFO - [2024-10-06T19:09:24.352+0000] {dag.py:3239} INFO - Sync 1 DAGs
[2024-10-06T19:09:24.369+0000] {logging_mixin.py:190} INFO - [2024-10-06T19:09:24.368+0000] {dag.py:4180} INFO - Setting next_dagrun for example_bash_decorator to None, run_after=None
[2024-10-06T19:09:24.391+0000] {processor.py:208} INFO - Processing /home/airflow/.local/lib/python3.12/site-packages/airflow/example_dags/example_bash_decorator.py took 0.085 seconds
[2024-10-06T19:09:54.449+0000] {processor.py:186} INFO - Started process (PID=796) to work on /home/airflow/.local/lib/python3.12/site-packages/airflow/example_dags/example_bash_decorator.py
[2024-10-06T19:09:54.450+0000] {processor.py:914} INFO - Processing file /home/airflow/.local/lib/python3.12/site-packages/airflow/example_dags/example_bash_decorator.py for tasks to queue
[2024-10-06T19:09:54.452+0000] {logging_mixin.py:190} INFO - [2024-10-06T19:09:54.452+0000] {dagbag.py:588} INFO - Filling up the DagBag from /home/airflow/.local/lib/python3.12/site-packages/airflow/example_dags/example_bash_decorator.py
[2024-10-06T19:09:54.468+0000] {processor.py:925} INFO - DAG(s) 'example_bash_decorator' retrieved from /home/airflow/.local/lib/python3.12/site-packages/airflow/example_dags/example_bash_decorator.py
[2024-10-06T19:09:54.512+0000] {logging_mixin.py:190} INFO - [2024-10-06T19:09:54.512+0000] {dag.py:3239} INFO - Sync 1 DAGs
[2024-10-06T19:09:54.534+0000] {logging_mixin.py:190} INFO - [2024-10-06T19:09:54.534+0000] {dag.py:4180} INFO - Setting next_dagrun for example_bash_decorator to None, run_after=None
[2024-10-06T19:09:54.554+0000] {processor.py:208} INFO - Processing /home/airflow/.local/lib/python3.12/site-packages/airflow/example_dags/example_bash_decorator.py took 0.111 seconds
[2024-10-06T19:10:24.824+0000] {processor.py:186} INFO - Started process (PID=1082) to work on /home/airflow/.local/lib/python3.12/site-packages/airflow/example_dags/example_bash_decorator.py
[2024-10-06T19:10:24.825+0000] {processor.py:914} INFO - Processing file /home/airflow/.local/lib/python3.12/site-packages/airflow/example_dags/example_bash_decorator.py for tasks to queue
[2024-10-06T19:10:24.827+0000] {logging_mixin.py:190} INFO - [2024-10-06T19:10:24.826+0000] {dagbag.py:588} INFO - Filling up the DagBag from /home/airflow/.local/lib/python3.12/site-packages/airflow/example_dags/example_bash_decorator.py
[2024-10-06T19:10:24.839+0000] {processor.py:925} INFO - DAG(s) 'example_bash_decorator' retrieved from /home/airflow/.local/lib/python3.12/site-packages/airflow/example_dags/example_bash_decorator.py
[2024-10-06T19:10:24.862+0000] {logging_mixin.py:190} INFO - [2024-10-06T19:10:24.862+0000] {dag.py:3239} INFO - Sync 1 DAGs
[2024-10-06T19:10:24.875+0000] {logging_mixin.py:190} INFO - [2024-10-06T19:10:24.875+0000] {dag.py:4180} INFO - Setting next_dagrun for example_bash_decorator to None, run_after=None
[2024-10-06T19:10:24.894+0000] {processor.py:208} INFO - Processing /home/airflow/.local/lib/python3.12/site-packages/airflow/example_dags/example_bash_decorator.py took 0.075 seconds
[2024-10-06T19:10:55.386+0000] {processor.py:186} INFO - Started process (PID=1392) to work on /home/airflow/.local/lib/python3.12/site-packages/airflow/example_dags/example_bash_decorator.py
[2024-10-06T19:10:55.387+0000] {processor.py:914} INFO - Processing file /home/airflow/.local/lib/python3.12/site-packages/airflow/example_dags/example_bash_decorator.py for tasks to queue
[2024-10-06T19:10:55.389+0000] {logging_mixin.py:190} INFO - [2024-10-06T19:10:55.389+0000] {dagbag.py:588} INFO - Filling up the DagBag from /home/airflow/.local/lib/python3.12/site-packages/airflow/example_dags/example_bash_decorator.py
[2024-10-06T19:10:55.401+0000] {processor.py:925} INFO - DAG(s) 'example_bash_decorator' retrieved from /home/airflow/.local/lib/python3.12/site-packages/airflow/example_dags/example_bash_decorator.py
[2024-10-06T19:10:55.421+0000] {logging_mixin.py:190} INFO - [2024-10-06T19:10:55.420+0000] {dag.py:3239} INFO - Sync 1 DAGs
[2024-10-06T19:10:55.434+0000] {logging_mixin.py:190} INFO - [2024-10-06T19:10:55.433+0000] {dag.py:4180} INFO - Setting next_dagrun for example_bash_decorator to None, run_after=None
[2024-10-06T19:10:55.451+0000] {processor.py:208} INFO - Processing /home/airflow/.local/lib/python3.12/site-packages/airflow/example_dags/example_bash_decorator.py took 0.070 seconds
[2024-10-06T19:11:25.684+0000] {processor.py:186} INFO - Started process (PID=1678) to work on /home/airflow/.local/lib/python3.12/site-packages/airflow/example_dags/example_bash_decorator.py
[2024-10-06T19:11:25.684+0000] {processor.py:914} INFO - Processing file /home/airflow/.local/lib/python3.12/site-packages/airflow/example_dags/example_bash_decorator.py for tasks to queue
[2024-10-06T19:11:25.686+0000] {logging_mixin.py:190} INFO - [2024-10-06T19:11:25.686+0000] {dagbag.py:588} INFO - Filling up the DagBag from /home/airflow/.local/lib/python3.12/site-packages/airflow/example_dags/example_bash_decorator.py
[2024-10-06T19:11:25.700+0000] {processor.py:925} INFO - DAG(s) 'example_bash_decorator' retrieved from /home/airflow/.local/lib/python3.12/site-packages/airflow/example_dags/example_bash_decorator.py
[2024-10-06T19:11:25.723+0000] {logging_mixin.py:190} INFO - [2024-10-06T19:11:25.722+0000] {dag.py:3239} INFO - Sync 1 DAGs
[2024-10-06T19:11:25.738+0000] {logging_mixin.py:190} INFO - [2024-10-06T19:11:25.738+0000] {dag.py:4180} INFO - Setting next_dagrun for example_bash_decorator to None, run_after=None
[2024-10-06T19:11:25.757+0000] {processor.py:208} INFO - Processing /home/airflow/.local/lib/python3.12/site-packages/airflow/example_dags/example_bash_decorator.py took 0.079 seconds
[2024-10-06T19:11:56.044+0000] {processor.py:186} INFO - Started process (PID=1964) to work on /home/airflow/.local/lib/python3.12/site-packages/airflow/example_dags/example_bash_decorator.py
[2024-10-06T19:11:56.045+0000] {processor.py:914} INFO - Processing file /home/airflow/.local/lib/python3.12/site-packages/airflow/example_dags/example_bash_decorator.py for tasks to queue
[2024-10-06T19:11:56.047+0000] {logging_mixin.py:190} INFO - [2024-10-06T19:11:56.047+0000] {dagbag.py:588} INFO - Filling up the DagBag from /home/airflow/.local/lib/python3.12/site-packages/airflow/example_dags/example_bash_decorator.py
[2024-10-06T19:11:56.061+0000] {processor.py:925} INFO - DAG(s) 'example_bash_decorator' retrieved from /home/airflow/.local/lib/python3.12/site-packages/airflow/example_dags/example_bash_decorator.py
[2024-10-06T19:11:56.081+0000] {logging_mixin.py:190} INFO - [2024-10-06T19:11:56.081+0000] {dag.py:3239} INFO - Sync 1 DAGs
[2024-10-06T19:11:56.093+0000] {logging_mixin.py:190} INFO - [2024-10-06T19:11:56.093+0000] {dag.py:4180} INFO - Setting next_dagrun for example_bash_decorator to None, run_after=None
[2024-10-06T19:11:56.112+0000] {processor.py:208} INFO - Processing /home/airflow/.local/lib/python3.12/site-packages/airflow/example_dags/example_bash_decorator.py took 0.074 seconds
[2024-10-06T19:12:26.460+0000] {processor.py:186} INFO - Started process (PID=2250) to work on /home/airflow/.local/lib/python3.12/site-packages/airflow/example_dags/example_bash_decorator.py
[2024-10-06T19:12:26.461+0000] {processor.py:914} INFO - Processing file /home/airflow/.local/lib/python3.12/site-packages/airflow/example_dags/example_bash_decorator.py for tasks to queue
[2024-10-06T19:12:26.463+0000] {logging_mixin.py:190} INFO - [2024-10-06T19:12:26.463+0000] {dagbag.py:588} INFO - Filling up the DagBag from /home/airflow/.local/lib/python3.12/site-packages/airflow/example_dags/example_bash_decorator.py
[2024-10-06T19:12:26.475+0000] {processor.py:925} INFO - DAG(s) 'example_bash_decorator' retrieved from /home/airflow/.local/lib/python3.12/site-packages/airflow/example_dags/example_bash_decorator.py
[2024-10-06T19:12:26.497+0000] {logging_mixin.py:190} INFO - [2024-10-06T19:12:26.497+0000] {dag.py:3239} INFO - Sync 1 DAGs
[2024-10-06T19:12:26.511+0000] {logging_mixin.py:190} INFO - [2024-10-06T19:12:26.511+0000] {dag.py:4180} INFO - Setting next_dagrun for example_bash_decorator to None, run_after=None
[2024-10-06T19:12:26.528+0000] {processor.py:208} INFO - Processing /home/airflow/.local/lib/python3.12/site-packages/airflow/example_dags/example_bash_decorator.py took 0.073 seconds
[2024-10-06T19:12:56.951+0000] {processor.py:186} INFO - Started process (PID=2538) to work on /home/airflow/.local/lib/python3.12/site-packages/airflow/example_dags/example_bash_decorator.py
[2024-10-06T19:12:56.952+0000] {processor.py:914} INFO - Processing file /home/airflow/.local/lib/python3.12/site-packages/airflow/example_dags/example_bash_decorator.py for tasks to queue
[2024-10-06T19:12:56.954+0000] {logging_mixin.py:190} INFO - [2024-10-06T19:12:56.953+0000] {dagbag.py:588} INFO - Filling up the DagBag from /home/airflow/.local/lib/python3.12/site-packages/airflow/example_dags/example_bash_decorator.py
[2024-10-06T19:12:56.964+0000] {processor.py:925} INFO - DAG(s) 'example_bash_decorator' retrieved from /home/airflow/.local/lib/python3.12/site-packages/airflow/example_dags/example_bash_decorator.py
[2024-10-06T19:12:56.985+0000] {logging_mixin.py:190} INFO - [2024-10-06T19:12:56.984+0000] {dag.py:3239} INFO - Sync 1 DAGs
[2024-10-06T19:12:56.997+0000] {logging_mixin.py:190} INFO - [2024-10-06T19:12:56.997+0000] {dag.py:4180} INFO - Setting next_dagrun for example_bash_decorator to None, run_after=None
[2024-10-06T19:12:57.014+0000] {processor.py:208} INFO - Processing /home/airflow/.local/lib/python3.12/site-packages/airflow/example_dags/example_bash_decorator.py took 0.067 seconds
[2024-10-06T19:13:27.362+0000] {processor.py:186} INFO - Started process (PID=2822) to work on /home/airflow/.local/lib/python3.12/site-packages/airflow/example_dags/example_bash_decorator.py
[2024-10-06T19:13:27.363+0000] {processor.py:914} INFO - Processing file /home/airflow/.local/lib/python3.12/site-packages/airflow/example_dags/example_bash_decorator.py for tasks to queue
[2024-10-06T19:13:27.365+0000] {logging_mixin.py:190} INFO - [2024-10-06T19:13:27.365+0000] {dagbag.py:588} INFO - Filling up the DagBag from /home/airflow/.local/lib/python3.12/site-packages/airflow/example_dags/example_bash_decorator.py
[2024-10-06T19:13:27.381+0000] {processor.py:925} INFO - DAG(s) 'example_bash_decorator' retrieved from /home/airflow/.local/lib/python3.12/site-packages/airflow/example_dags/example_bash_decorator.py
[2024-10-06T19:13:27.404+0000] {logging_mixin.py:190} INFO - [2024-10-06T19:13:27.404+0000] {dag.py:3239} INFO - Sync 1 DAGs
[2024-10-06T19:13:27.419+0000] {logging_mixin.py:190} INFO - [2024-10-06T19:13:27.419+0000] {dag.py:4180} INFO - Setting next_dagrun for example_bash_decorator to None, run_after=None
[2024-10-06T19:13:27.440+0000] {processor.py:208} INFO - Processing /home/airflow/.local/lib/python3.12/site-packages/airflow/example_dags/example_bash_decorator.py took 0.083 seconds
[2024-10-06T19:13:57.711+0000] {processor.py:186} INFO - Started process (PID=3113) to work on /home/airflow/.local/lib/python3.12/site-packages/airflow/example_dags/example_bash_decorator.py
[2024-10-06T19:13:57.712+0000] {processor.py:914} INFO - Processing file /home/airflow/.local/lib/python3.12/site-packages/airflow/example_dags/example_bash_decorator.py for tasks to queue
[2024-10-06T19:13:57.714+0000] {logging_mixin.py:190} INFO - [2024-10-06T19:13:57.714+0000] {dagbag.py:588} INFO - Filling up the DagBag from /home/airflow/.local/lib/python3.12/site-packages/airflow/example_dags/example_bash_decorator.py
[2024-10-06T19:13:57.729+0000] {processor.py:925} INFO - DAG(s) 'example_bash_decorator' retrieved from /home/airflow/.local/lib/python3.12/site-packages/airflow/example_dags/example_bash_decorator.py
[2024-10-06T19:13:57.750+0000] {logging_mixin.py:190} INFO - [2024-10-06T19:13:57.749+0000] {dag.py:3239} INFO - Sync 1 DAGs
[2024-10-06T19:13:57.765+0000] {logging_mixin.py:190} INFO - [2024-10-06T19:13:57.765+0000] {dag.py:4180} INFO - Setting next_dagrun for example_bash_decorator to None, run_after=None
[2024-10-06T19:13:57.783+0000] {processor.py:208} INFO - Processing /home/airflow/.local/lib/python3.12/site-packages/airflow/example_dags/example_bash_decorator.py took 0.079 seconds
[2024-10-06T19:14:27.953+0000] {processor.py:186} INFO - Started process (PID=3404) to work on /home/airflow/.local/lib/python3.12/site-packages/airflow/example_dags/example_bash_decorator.py
[2024-10-06T19:14:27.954+0000] {processor.py:914} INFO - Processing file /home/airflow/.local/lib/python3.12/site-packages/airflow/example_dags/example_bash_decorator.py for tasks to queue
[2024-10-06T19:14:27.956+0000] {logging_mixin.py:190} INFO - [2024-10-06T19:14:27.955+0000] {dagbag.py:588} INFO - Filling up the DagBag from /home/airflow/.local/lib/python3.12/site-packages/airflow/example_dags/example_bash_decorator.py
[2024-10-06T19:14:27.967+0000] {processor.py:925} INFO - DAG(s) 'example_bash_decorator' retrieved from /home/airflow/.local/lib/python3.12/site-packages/airflow/example_dags/example_bash_decorator.py
[2024-10-06T19:14:27.987+0000] {logging_mixin.py:190} INFO - [2024-10-06T19:14:27.987+0000] {dag.py:3239} INFO - Sync 1 DAGs
[2024-10-06T19:14:27.999+0000] {logging_mixin.py:190} INFO - [2024-10-06T19:14:27.999+0000] {dag.py:4180} INFO - Setting next_dagrun for example_bash_decorator to None, run_after=None
[2024-10-06T19:14:28.016+0000] {processor.py:208} INFO - Processing /home/airflow/.local/lib/python3.12/site-packages/airflow/example_dags/example_bash_decorator.py took 0.067 seconds
[2024-10-06T19:14:58.326+0000] {processor.py:186} INFO - Started process (PID=3695) to work on /home/airflow/.local/lib/python3.12/site-packages/airflow/example_dags/example_bash_decorator.py
[2024-10-06T19:14:58.328+0000] {processor.py:914} INFO - Processing file /home/airflow/.local/lib/python3.12/site-packages/airflow/example_dags/example_bash_decorator.py for tasks to queue
[2024-10-06T19:14:58.330+0000] {logging_mixin.py:190} INFO - [2024-10-06T19:14:58.329+0000] {dagbag.py:588} INFO - Filling up the DagBag from /home/airflow/.local/lib/python3.12/site-packages/airflow/example_dags/example_bash_decorator.py
[2024-10-06T19:14:58.342+0000] {processor.py:925} INFO - DAG(s) 'example_bash_decorator' retrieved from /home/airflow/.local/lib/python3.12/site-packages/airflow/example_dags/example_bash_decorator.py
[2024-10-06T19:14:58.363+0000] {logging_mixin.py:190} INFO - [2024-10-06T19:14:58.362+0000] {dag.py:3239} INFO - Sync 1 DAGs
[2024-10-06T19:14:58.376+0000] {logging_mixin.py:190} INFO - [2024-10-06T19:14:58.376+0000] {dag.py:4180} INFO - Setting next_dagrun for example_bash_decorator to None, run_after=None
[2024-10-06T19:14:58.397+0000] {processor.py:208} INFO - Processing /home/airflow/.local/lib/python3.12/site-packages/airflow/example_dags/example_bash_decorator.py took 0.075 seconds
[2024-10-06T19:15:28.669+0000] {processor.py:186} INFO - Started process (PID=3993) to work on /home/airflow/.local/lib/python3.12/site-packages/airflow/example_dags/example_bash_decorator.py
[2024-10-06T19:15:28.670+0000] {processor.py:914} INFO - Processing file /home/airflow/.local/lib/python3.12/site-packages/airflow/example_dags/example_bash_decorator.py for tasks to queue
[2024-10-06T19:15:28.672+0000] {logging_mixin.py:190} INFO - [2024-10-06T19:15:28.671+0000] {dagbag.py:588} INFO - Filling up the DagBag from /home/airflow/.local/lib/python3.12/site-packages/airflow/example_dags/example_bash_decorator.py
[2024-10-06T19:15:28.684+0000] {processor.py:925} INFO - DAG(s) 'example_bash_decorator' retrieved from /home/airflow/.local/lib/python3.12/site-packages/airflow/example_dags/example_bash_decorator.py
[2024-10-06T19:15:28.707+0000] {logging_mixin.py:190} INFO - [2024-10-06T19:15:28.706+0000] {dag.py:3239} INFO - Sync 1 DAGs
[2024-10-06T19:15:28.722+0000] {logging_mixin.py:190} INFO - [2024-10-06T19:15:28.721+0000] {dag.py:4180} INFO - Setting next_dagrun for example_bash_decorator to None, run_after=None
[2024-10-06T19:15:28.741+0000] {processor.py:208} INFO - Processing /home/airflow/.local/lib/python3.12/site-packages/airflow/example_dags/example_bash_decorator.py took 0.077 seconds
[2024-10-06T19:15:58.879+0000] {processor.py:186} INFO - Started process (PID=4284) to work on /home/airflow/.local/lib/python3.12/site-packages/airflow/example_dags/example_bash_decorator.py
[2024-10-06T19:15:58.880+0000] {processor.py:914} INFO - Processing file /home/airflow/.local/lib/python3.12/site-packages/airflow/example_dags/example_bash_decorator.py for tasks to queue
[2024-10-06T19:15:58.882+0000] {logging_mixin.py:190} INFO - [2024-10-06T19:15:58.881+0000] {dagbag.py:588} INFO - Filling up the DagBag from /home/airflow/.local/lib/python3.12/site-packages/airflow/example_dags/example_bash_decorator.py
[2024-10-06T19:15:58.892+0000] {processor.py:925} INFO - DAG(s) 'example_bash_decorator' retrieved from /home/airflow/.local/lib/python3.12/site-packages/airflow/example_dags/example_bash_decorator.py
[2024-10-06T19:15:58.912+0000] {logging_mixin.py:190} INFO - [2024-10-06T19:15:58.912+0000] {dag.py:3239} INFO - Sync 1 DAGs
[2024-10-06T19:15:58.925+0000] {logging_mixin.py:190} INFO - [2024-10-06T19:15:58.924+0000] {dag.py:4180} INFO - Setting next_dagrun for example_bash_decorator to None, run_after=None
[2024-10-06T19:15:58.942+0000] {processor.py:208} INFO - Processing /home/airflow/.local/lib/python3.12/site-packages/airflow/example_dags/example_bash_decorator.py took 0.067 seconds
[2024-10-06T19:16:29.075+0000] {processor.py:186} INFO - Started process (PID=4573) to work on /home/airflow/.local/lib/python3.12/site-packages/airflow/example_dags/example_bash_decorator.py
[2024-10-06T19:16:29.076+0000] {processor.py:914} INFO - Processing file /home/airflow/.local/lib/python3.12/site-packages/airflow/example_dags/example_bash_decorator.py for tasks to queue
[2024-10-06T19:16:29.078+0000] {logging_mixin.py:190} INFO - [2024-10-06T19:16:29.078+0000] {dagbag.py:588} INFO - Filling up the DagBag from /home/airflow/.local/lib/python3.12/site-packages/airflow/example_dags/example_bash_decorator.py
[2024-10-06T19:16:29.090+0000] {processor.py:925} INFO - DAG(s) 'example_bash_decorator' retrieved from /home/airflow/.local/lib/python3.12/site-packages/airflow/example_dags/example_bash_decorator.py
[2024-10-06T19:16:29.110+0000] {logging_mixin.py:190} INFO - [2024-10-06T19:16:29.110+0000] {dag.py:3239} INFO - Sync 1 DAGs
[2024-10-06T19:16:29.123+0000] {logging_mixin.py:190} INFO - [2024-10-06T19:16:29.123+0000] {dag.py:4180} INFO - Setting next_dagrun for example_bash_decorator to None, run_after=None
[2024-10-06T19:16:29.142+0000] {processor.py:208} INFO - Processing /home/airflow/.local/lib/python3.12/site-packages/airflow/example_dags/example_bash_decorator.py took 0.072 seconds
[2024-10-06T19:16:59.471+0000] {processor.py:186} INFO - Started process (PID=4866) to work on /home/airflow/.local/lib/python3.12/site-packages/airflow/example_dags/example_bash_decorator.py
[2024-10-06T19:16:59.472+0000] {processor.py:914} INFO - Processing file /home/airflow/.local/lib/python3.12/site-packages/airflow/example_dags/example_bash_decorator.py for tasks to queue
[2024-10-06T19:16:59.474+0000] {logging_mixin.py:190} INFO - [2024-10-06T19:16:59.474+0000] {dagbag.py:588} INFO - Filling up the DagBag from /home/airflow/.local/lib/python3.12/site-packages/airflow/example_dags/example_bash_decorator.py
[2024-10-06T19:16:59.484+0000] {processor.py:925} INFO - DAG(s) 'example_bash_decorator' retrieved from /home/airflow/.local/lib/python3.12/site-packages/airflow/example_dags/example_bash_decorator.py
[2024-10-06T19:16:59.503+0000] {logging_mixin.py:190} INFO - [2024-10-06T19:16:59.503+0000] {dag.py:3239} INFO - Sync 1 DAGs
[2024-10-06T19:16:59.515+0000] {logging_mixin.py:190} INFO - [2024-10-06T19:16:59.515+0000] {dag.py:4180} INFO - Setting next_dagrun for example_bash_decorator to None, run_after=None
[2024-10-06T19:16:59.531+0000] {processor.py:208} INFO - Processing /home/airflow/.local/lib/python3.12/site-packages/airflow/example_dags/example_bash_decorator.py took 0.064 seconds
[2024-10-06T19:17:29.864+0000] {processor.py:186} INFO - Started process (PID=5157) to work on /home/airflow/.local/lib/python3.12/site-packages/airflow/example_dags/example_bash_decorator.py
[2024-10-06T19:17:29.865+0000] {processor.py:914} INFO - Processing file /home/airflow/.local/lib/python3.12/site-packages/airflow/example_dags/example_bash_decorator.py for tasks to queue
[2024-10-06T19:17:29.867+0000] {logging_mixin.py:190} INFO - [2024-10-06T19:17:29.866+0000] {dagbag.py:588} INFO - Filling up the DagBag from /home/airflow/.local/lib/python3.12/site-packages/airflow/example_dags/example_bash_decorator.py
[2024-10-06T19:17:29.878+0000] {processor.py:925} INFO - DAG(s) 'example_bash_decorator' retrieved from /home/airflow/.local/lib/python3.12/site-packages/airflow/example_dags/example_bash_decorator.py
[2024-10-06T19:17:29.900+0000] {logging_mixin.py:190} INFO - [2024-10-06T19:17:29.900+0000] {dag.py:3239} INFO - Sync 1 DAGs
[2024-10-06T19:17:29.913+0000] {logging_mixin.py:190} INFO - [2024-10-06T19:17:29.912+0000] {dag.py:4180} INFO - Setting next_dagrun for example_bash_decorator to None, run_after=None
[2024-10-06T19:17:29.930+0000] {processor.py:208} INFO - Processing /home/airflow/.local/lib/python3.12/site-packages/airflow/example_dags/example_bash_decorator.py took 0.070 seconds
[2024-10-06T19:18:00.151+0000] {processor.py:186} INFO - Started process (PID=5448) to work on /home/airflow/.local/lib/python3.12/site-packages/airflow/example_dags/example_bash_decorator.py
[2024-10-06T19:18:00.151+0000] {processor.py:914} INFO - Processing file /home/airflow/.local/lib/python3.12/site-packages/airflow/example_dags/example_bash_decorator.py for tasks to queue
[2024-10-06T19:18:00.153+0000] {logging_mixin.py:190} INFO - [2024-10-06T19:18:00.153+0000] {dagbag.py:588} INFO - Filling up the DagBag from /home/airflow/.local/lib/python3.12/site-packages/airflow/example_dags/example_bash_decorator.py
[2024-10-06T19:18:00.165+0000] {processor.py:925} INFO - DAG(s) 'example_bash_decorator' retrieved from /home/airflow/.local/lib/python3.12/site-packages/airflow/example_dags/example_bash_decorator.py
[2024-10-06T19:18:00.186+0000] {logging_mixin.py:190} INFO - [2024-10-06T19:18:00.185+0000] {dag.py:3239} INFO - Sync 1 DAGs
[2024-10-06T19:18:00.198+0000] {logging_mixin.py:190} INFO - [2024-10-06T19:18:00.198+0000] {dag.py:4180} INFO - Setting next_dagrun for example_bash_decorator to None, run_after=None
[2024-10-06T19:18:00.213+0000] {processor.py:208} INFO - Processing /home/airflow/.local/lib/python3.12/site-packages/airflow/example_dags/example_bash_decorator.py took 0.066 seconds
[2024-10-06T19:18:30.375+0000] {processor.py:186} INFO - Started process (PID=5737) to work on /home/airflow/.local/lib/python3.12/site-packages/airflow/example_dags/example_bash_decorator.py
[2024-10-06T19:18:30.376+0000] {processor.py:914} INFO - Processing file /home/airflow/.local/lib/python3.12/site-packages/airflow/example_dags/example_bash_decorator.py for tasks to queue
[2024-10-06T19:18:30.378+0000] {logging_mixin.py:190} INFO - [2024-10-06T19:18:30.378+0000] {dagbag.py:588} INFO - Filling up the DagBag from /home/airflow/.local/lib/python3.12/site-packages/airflow/example_dags/example_bash_decorator.py
[2024-10-06T19:18:30.388+0000] {processor.py:925} INFO - DAG(s) 'example_bash_decorator' retrieved from /home/airflow/.local/lib/python3.12/site-packages/airflow/example_dags/example_bash_decorator.py
[2024-10-06T19:18:30.409+0000] {logging_mixin.py:190} INFO - [2024-10-06T19:18:30.408+0000] {dag.py:3239} INFO - Sync 1 DAGs
[2024-10-06T19:18:30.420+0000] {logging_mixin.py:190} INFO - [2024-10-06T19:18:30.419+0000] {dag.py:4180} INFO - Setting next_dagrun for example_bash_decorator to None, run_after=None
[2024-10-06T19:18:30.434+0000] {processor.py:208} INFO - Processing /home/airflow/.local/lib/python3.12/site-packages/airflow/example_dags/example_bash_decorator.py took 0.064 seconds
[2024-10-06T19:19:00.811+0000] {processor.py:186} INFO - Started process (PID=6033) to work on /home/airflow/.local/lib/python3.12/site-packages/airflow/example_dags/example_bash_decorator.py
[2024-10-06T19:19:00.812+0000] {processor.py:914} INFO - Processing file /home/airflow/.local/lib/python3.12/site-packages/airflow/example_dags/example_bash_decorator.py for tasks to queue
[2024-10-06T19:19:00.815+0000] {logging_mixin.py:190} INFO - [2024-10-06T19:19:00.814+0000] {dagbag.py:588} INFO - Filling up the DagBag from /home/airflow/.local/lib/python3.12/site-packages/airflow/example_dags/example_bash_decorator.py
[2024-10-06T19:19:00.829+0000] {processor.py:925} INFO - DAG(s) 'example_bash_decorator' retrieved from /home/airflow/.local/lib/python3.12/site-packages/airflow/example_dags/example_bash_decorator.py
[2024-10-06T19:19:00.853+0000] {logging_mixin.py:190} INFO - [2024-10-06T19:19:00.852+0000] {dag.py:3239} INFO - Sync 1 DAGs
[2024-10-06T19:19:00.866+0000] {logging_mixin.py:190} INFO - [2024-10-06T19:19:00.866+0000] {dag.py:4180} INFO - Setting next_dagrun for example_bash_decorator to None, run_after=None
[2024-10-06T19:19:00.884+0000] {processor.py:208} INFO - Processing /home/airflow/.local/lib/python3.12/site-packages/airflow/example_dags/example_bash_decorator.py took 0.078 seconds
[2024-10-06T19:19:31.129+0000] {processor.py:186} INFO - Started process (PID=6324) to work on /home/airflow/.local/lib/python3.12/site-packages/airflow/example_dags/example_bash_decorator.py
[2024-10-06T19:19:31.129+0000] {processor.py:914} INFO - Processing file /home/airflow/.local/lib/python3.12/site-packages/airflow/example_dags/example_bash_decorator.py for tasks to queue
[2024-10-06T19:19:31.132+0000] {logging_mixin.py:190} INFO - [2024-10-06T19:19:31.131+0000] {dagbag.py:588} INFO - Filling up the DagBag from /home/airflow/.local/lib/python3.12/site-packages/airflow/example_dags/example_bash_decorator.py
[2024-10-06T19:19:31.143+0000] {processor.py:925} INFO - DAG(s) 'example_bash_decorator' retrieved from /home/airflow/.local/lib/python3.12/site-packages/airflow/example_dags/example_bash_decorator.py
[2024-10-06T19:19:31.162+0000] {logging_mixin.py:190} INFO - [2024-10-06T19:19:31.161+0000] {dag.py:3239} INFO - Sync 1 DAGs
[2024-10-06T19:19:31.175+0000] {logging_mixin.py:190} INFO - [2024-10-06T19:19:31.175+0000] {dag.py:4180} INFO - Setting next_dagrun for example_bash_decorator to None, run_after=None
[2024-10-06T19:19:31.192+0000] {processor.py:208} INFO - Processing /home/airflow/.local/lib/python3.12/site-packages/airflow/example_dags/example_bash_decorator.py took 0.068 seconds
[2024-10-06T19:20:01.576+0000] {processor.py:186} INFO - Started process (PID=6617) to work on /home/airflow/.local/lib/python3.12/site-packages/airflow/example_dags/example_bash_decorator.py
[2024-10-06T19:20:01.576+0000] {processor.py:914} INFO - Processing file /home/airflow/.local/lib/python3.12/site-packages/airflow/example_dags/example_bash_decorator.py for tasks to queue
[2024-10-06T19:20:01.578+0000] {logging_mixin.py:190} INFO - [2024-10-06T19:20:01.578+0000] {dagbag.py:588} INFO - Filling up the DagBag from /home/airflow/.local/lib/python3.12/site-packages/airflow/example_dags/example_bash_decorator.py
[2024-10-06T19:20:01.589+0000] {processor.py:925} INFO - DAG(s) 'example_bash_decorator' retrieved from /home/airflow/.local/lib/python3.12/site-packages/airflow/example_dags/example_bash_decorator.py
[2024-10-06T19:20:01.610+0000] {logging_mixin.py:190} INFO - [2024-10-06T19:20:01.610+0000] {dag.py:3239} INFO - Sync 1 DAGs
[2024-10-06T19:20:01.624+0000] {logging_mixin.py:190} INFO - [2024-10-06T19:20:01.623+0000] {dag.py:4180} INFO - Setting next_dagrun for example_bash_decorator to None, run_after=None
[2024-10-06T19:20:01.644+0000] {processor.py:208} INFO - Processing /home/airflow/.local/lib/python3.12/site-packages/airflow/example_dags/example_bash_decorator.py took 0.072 seconds
[2024-10-06T19:20:31.906+0000] {processor.py:186} INFO - Started process (PID=6908) to work on /home/airflow/.local/lib/python3.12/site-packages/airflow/example_dags/example_bash_decorator.py
[2024-10-06T19:20:31.907+0000] {processor.py:914} INFO - Processing file /home/airflow/.local/lib/python3.12/site-packages/airflow/example_dags/example_bash_decorator.py for tasks to queue
[2024-10-06T19:20:31.909+0000] {logging_mixin.py:190} INFO - [2024-10-06T19:20:31.908+0000] {dagbag.py:588} INFO - Filling up the DagBag from /home/airflow/.local/lib/python3.12/site-packages/airflow/example_dags/example_bash_decorator.py
[2024-10-06T19:20:31.920+0000] {processor.py:925} INFO - DAG(s) 'example_bash_decorator' retrieved from /home/airflow/.local/lib/python3.12/site-packages/airflow/example_dags/example_bash_decorator.py
[2024-10-06T19:20:31.943+0000] {logging_mixin.py:190} INFO - [2024-10-06T19:20:31.942+0000] {dag.py:3239} INFO - Sync 1 DAGs
[2024-10-06T19:20:31.956+0000] {logging_mixin.py:190} INFO - [2024-10-06T19:20:31.955+0000] {dag.py:4180} INFO - Setting next_dagrun for example_bash_decorator to None, run_after=None
[2024-10-06T19:20:31.974+0000] {processor.py:208} INFO - Processing /home/airflow/.local/lib/python3.12/site-packages/airflow/example_dags/example_bash_decorator.py took 0.072 seconds
[2024-10-06T19:21:02.288+0000] {processor.py:186} INFO - Started process (PID=7199) to work on /home/airflow/.local/lib/python3.12/site-packages/airflow/example_dags/example_bash_decorator.py
[2024-10-06T19:21:02.289+0000] {processor.py:914} INFO - Processing file /home/airflow/.local/lib/python3.12/site-packages/airflow/example_dags/example_bash_decorator.py for tasks to queue
[2024-10-06T19:21:02.290+0000] {logging_mixin.py:190} INFO - [2024-10-06T19:21:02.290+0000] {dagbag.py:588} INFO - Filling up the DagBag from /home/airflow/.local/lib/python3.12/site-packages/airflow/example_dags/example_bash_decorator.py
[2024-10-06T19:21:02.303+0000] {processor.py:925} INFO - DAG(s) 'example_bash_decorator' retrieved from /home/airflow/.local/lib/python3.12/site-packages/airflow/example_dags/example_bash_decorator.py
[2024-10-06T19:21:02.324+0000] {logging_mixin.py:190} INFO - [2024-10-06T19:21:02.323+0000] {dag.py:3239} INFO - Sync 1 DAGs
[2024-10-06T19:21:02.336+0000] {logging_mixin.py:190} INFO - [2024-10-06T19:21:02.335+0000] {dag.py:4180} INFO - Setting next_dagrun for example_bash_decorator to None, run_after=None
[2024-10-06T19:21:02.351+0000] {processor.py:208} INFO - Processing /home/airflow/.local/lib/python3.12/site-packages/airflow/example_dags/example_bash_decorator.py took 0.068 seconds
[2024-10-06T19:21:32.684+0000] {processor.py:186} INFO - Started process (PID=7493) to work on /home/airflow/.local/lib/python3.12/site-packages/airflow/example_dags/example_bash_decorator.py
[2024-10-06T19:21:32.685+0000] {processor.py:914} INFO - Processing file /home/airflow/.local/lib/python3.12/site-packages/airflow/example_dags/example_bash_decorator.py for tasks to queue
[2024-10-06T19:21:32.688+0000] {logging_mixin.py:190} INFO - [2024-10-06T19:21:32.687+0000] {dagbag.py:588} INFO - Filling up the DagBag from /home/airflow/.local/lib/python3.12/site-packages/airflow/example_dags/example_bash_decorator.py
[2024-10-06T19:21:32.700+0000] {processor.py:925} INFO - DAG(s) 'example_bash_decorator' retrieved from /home/airflow/.local/lib/python3.12/site-packages/airflow/example_dags/example_bash_decorator.py
[2024-10-06T19:21:32.720+0000] {logging_mixin.py:190} INFO - [2024-10-06T19:21:32.719+0000] {dag.py:3239} INFO - Sync 1 DAGs
[2024-10-06T19:21:32.732+0000] {logging_mixin.py:190} INFO - [2024-10-06T19:21:32.732+0000] {dag.py:4180} INFO - Setting next_dagrun for example_bash_decorator to None, run_after=None
[2024-10-06T19:21:32.749+0000] {processor.py:208} INFO - Processing /home/airflow/.local/lib/python3.12/site-packages/airflow/example_dags/example_bash_decorator.py took 0.070 seconds
