[2024-10-06T19:09:00.372+0000] {processor.py:186} INFO - Started process (PID=404) to work on /home/airflow/.local/lib/python3.12/site-packages/airflow/example_dags/example_latest_only_with_trigger.py
[2024-10-06T19:09:00.373+0000] {processor.py:914} INFO - Processing file /home/airflow/.local/lib/python3.12/site-packages/airflow/example_dags/example_latest_only_with_trigger.py for tasks to queue
[2024-10-06T19:09:00.376+0000] {logging_mixin.py:190} INFO - [2024-10-06T19:09:00.375+0000] {dagbag.py:588} INFO - Filling up the DagBag from /home/airflow/.local/lib/python3.12/site-packages/airflow/example_dags/example_latest_only_with_trigger.py
[2024-10-06T19:09:00.386+0000] {processor.py:925} INFO - DAG(s) 'latest_only_with_trigger' retrieved from /home/airflow/.local/lib/python3.12/site-packages/airflow/example_dags/example_latest_only_with_trigger.py
[2024-10-06T19:09:00.479+0000] {logging_mixin.py:190} INFO - [2024-10-06T19:09:00.478+0000] {override.py:1900} INFO - Created Permission View: can delete on DAG:latest_only_with_trigger
[2024-10-06T19:09:00.487+0000] {logging_mixin.py:190} INFO - [2024-10-06T19:09:00.487+0000] {override.py:1900} INFO - Created Permission View: can edit on DAG:latest_only_with_trigger
[2024-10-06T19:09:00.493+0000] {logging_mixin.py:190} INFO - [2024-10-06T19:09:00.492+0000] {override.py:1900} INFO - Created Permission View: can read on DAG:latest_only_with_trigger
[2024-10-06T19:09:00.499+0000] {logging_mixin.py:190} INFO - [2024-10-06T19:09:00.499+0000] {override.py:1900} INFO - Created Permission View: can delete on DAG Run:latest_only_with_trigger
[2024-10-06T19:09:00.505+0000] {logging_mixin.py:190} INFO - [2024-10-06T19:09:00.505+0000] {override.py:1900} INFO - Created Permission View: can create on DAG Run:latest_only_with_trigger
[2024-10-06T19:09:00.512+0000] {logging_mixin.py:190} INFO - [2024-10-06T19:09:00.512+0000] {override.py:1900} INFO - Created Permission View: can read on DAG Run:latest_only_with_trigger
[2024-10-06T19:09:00.518+0000] {logging_mixin.py:190} INFO - [2024-10-06T19:09:00.517+0000] {override.py:1900} INFO - Created Permission View: menu access on DAG Run:latest_only_with_trigger
[2024-10-06T19:09:00.518+0000] {logging_mixin.py:190} INFO - [2024-10-06T19:09:00.518+0000] {dag.py:3239} INFO - Sync 1 DAGs
[2024-10-06T19:09:00.532+0000] {logging_mixin.py:190} INFO - [2024-10-06T19:09:00.532+0000] {dag.py:3262} INFO - Creating ORM DAG for latest_only_with_trigger
[2024-10-06T19:09:00.541+0000] {logging_mixin.py:190} INFO - [2024-10-06T19:09:00.541+0000] {dag.py:4180} INFO - Setting next_dagrun for latest_only_with_trigger to 2024-10-06 12:00:00+00:00, run_after=2024-10-06 16:00:00+00:00
[2024-10-06T19:09:00.556+0000] {processor.py:208} INFO - Processing /home/airflow/.local/lib/python3.12/site-packages/airflow/example_dags/example_latest_only_with_trigger.py took 0.190 seconds
[2024-10-06T19:09:31.116+0000] {processor.py:186} INFO - Started process (PID=690) to work on /home/airflow/.local/lib/python3.12/site-packages/airflow/example_dags/example_latest_only_with_trigger.py
[2024-10-06T19:09:31.117+0000] {processor.py:914} INFO - Processing file /home/airflow/.local/lib/python3.12/site-packages/airflow/example_dags/example_latest_only_with_trigger.py for tasks to queue
[2024-10-06T19:09:31.123+0000] {logging_mixin.py:190} INFO - [2024-10-06T19:09:31.123+0000] {dagbag.py:588} INFO - Filling up the DagBag from /home/airflow/.local/lib/python3.12/site-packages/airflow/example_dags/example_latest_only_with_trigger.py
[2024-10-06T19:09:31.138+0000] {processor.py:925} INFO - DAG(s) 'latest_only_with_trigger' retrieved from /home/airflow/.local/lib/python3.12/site-packages/airflow/example_dags/example_latest_only_with_trigger.py
[2024-10-06T19:09:31.157+0000] {logging_mixin.py:190} INFO - [2024-10-06T19:09:31.156+0000] {dag.py:3239} INFO - Sync 1 DAGs
[2024-10-06T19:09:31.180+0000] {logging_mixin.py:190} INFO - [2024-10-06T19:09:31.180+0000] {dag.py:4180} INFO - Setting next_dagrun for latest_only_with_trigger to 2024-10-06 12:00:00+00:00, run_after=2024-10-06 16:00:00+00:00
[2024-10-06T19:09:31.205+0000] {processor.py:208} INFO - Processing /home/airflow/.local/lib/python3.12/site-packages/airflow/example_dags/example_latest_only_with_trigger.py took 0.093 seconds
[2024-10-06T19:10:01.728+0000] {processor.py:186} INFO - Started process (PID=976) to work on /home/airflow/.local/lib/python3.12/site-packages/airflow/example_dags/example_latest_only_with_trigger.py
[2024-10-06T19:10:01.729+0000] {processor.py:914} INFO - Processing file /home/airflow/.local/lib/python3.12/site-packages/airflow/example_dags/example_latest_only_with_trigger.py for tasks to queue
[2024-10-06T19:10:01.731+0000] {logging_mixin.py:190} INFO - [2024-10-06T19:10:01.731+0000] {dagbag.py:588} INFO - Filling up the DagBag from /home/airflow/.local/lib/python3.12/site-packages/airflow/example_dags/example_latest_only_with_trigger.py
[2024-10-06T19:10:01.736+0000] {processor.py:925} INFO - DAG(s) 'latest_only_with_trigger' retrieved from /home/airflow/.local/lib/python3.12/site-packages/airflow/example_dags/example_latest_only_with_trigger.py
[2024-10-06T19:10:01.756+0000] {logging_mixin.py:190} INFO - [2024-10-06T19:10:01.756+0000] {dag.py:3239} INFO - Sync 1 DAGs
[2024-10-06T19:10:01.781+0000] {logging_mixin.py:190} INFO - [2024-10-06T19:10:01.780+0000] {dag.py:4180} INFO - Setting next_dagrun for latest_only_with_trigger to 2024-10-06 12:00:00+00:00, run_after=2024-10-06 16:00:00+00:00
[2024-10-06T19:10:01.797+0000] {processor.py:208} INFO - Processing /home/airflow/.local/lib/python3.12/site-packages/airflow/example_dags/example_latest_only_with_trigger.py took 0.073 seconds
[2024-10-06T19:10:32.190+0000] {processor.py:186} INFO - Started process (PID=1262) to work on /home/airflow/.local/lib/python3.12/site-packages/airflow/example_dags/example_latest_only_with_trigger.py
[2024-10-06T19:10:32.191+0000] {processor.py:914} INFO - Processing file /home/airflow/.local/lib/python3.12/site-packages/airflow/example_dags/example_latest_only_with_trigger.py for tasks to queue
[2024-10-06T19:10:32.194+0000] {logging_mixin.py:190} INFO - [2024-10-06T19:10:32.193+0000] {dagbag.py:588} INFO - Filling up the DagBag from /home/airflow/.local/lib/python3.12/site-packages/airflow/example_dags/example_latest_only_with_trigger.py
[2024-10-06T19:10:32.200+0000] {processor.py:925} INFO - DAG(s) 'latest_only_with_trigger' retrieved from /home/airflow/.local/lib/python3.12/site-packages/airflow/example_dags/example_latest_only_with_trigger.py
[2024-10-06T19:10:32.222+0000] {logging_mixin.py:190} INFO - [2024-10-06T19:10:32.221+0000] {dag.py:3239} INFO - Sync 1 DAGs
[2024-10-06T19:10:32.247+0000] {logging_mixin.py:190} INFO - [2024-10-06T19:10:32.246+0000] {dag.py:4180} INFO - Setting next_dagrun for latest_only_with_trigger to 2024-10-06 12:00:00+00:00, run_after=2024-10-06 16:00:00+00:00
[2024-10-06T19:10:32.266+0000] {processor.py:208} INFO - Processing /home/airflow/.local/lib/python3.12/site-packages/airflow/example_dags/example_latest_only_with_trigger.py took 0.081 seconds
[2024-10-06T19:11:02.448+0000] {processor.py:186} INFO - Started process (PID=1572) to work on /home/airflow/.local/lib/python3.12/site-packages/airflow/example_dags/example_latest_only_with_trigger.py
[2024-10-06T19:11:02.448+0000] {processor.py:914} INFO - Processing file /home/airflow/.local/lib/python3.12/site-packages/airflow/example_dags/example_latest_only_with_trigger.py for tasks to queue
[2024-10-06T19:11:02.450+0000] {logging_mixin.py:190} INFO - [2024-10-06T19:11:02.450+0000] {dagbag.py:588} INFO - Filling up the DagBag from /home/airflow/.local/lib/python3.12/site-packages/airflow/example_dags/example_latest_only_with_trigger.py
[2024-10-06T19:11:02.456+0000] {processor.py:925} INFO - DAG(s) 'latest_only_with_trigger' retrieved from /home/airflow/.local/lib/python3.12/site-packages/airflow/example_dags/example_latest_only_with_trigger.py
[2024-10-06T19:11:02.477+0000] {logging_mixin.py:190} INFO - [2024-10-06T19:11:02.477+0000] {dag.py:3239} INFO - Sync 1 DAGs
[2024-10-06T19:11:02.499+0000] {logging_mixin.py:190} INFO - [2024-10-06T19:11:02.499+0000] {dag.py:4180} INFO - Setting next_dagrun for latest_only_with_trigger to 2024-10-06 12:00:00+00:00, run_after=2024-10-06 16:00:00+00:00
[2024-10-06T19:11:02.516+0000] {processor.py:208} INFO - Processing /home/airflow/.local/lib/python3.12/site-packages/airflow/example_dags/example_latest_only_with_trigger.py took 0.073 seconds
[2024-10-06T19:11:32.922+0000] {processor.py:186} INFO - Started process (PID=1858) to work on /home/airflow/.local/lib/python3.12/site-packages/airflow/example_dags/example_latest_only_with_trigger.py
[2024-10-06T19:11:32.923+0000] {processor.py:914} INFO - Processing file /home/airflow/.local/lib/python3.12/site-packages/airflow/example_dags/example_latest_only_with_trigger.py for tasks to queue
[2024-10-06T19:11:32.925+0000] {logging_mixin.py:190} INFO - [2024-10-06T19:11:32.925+0000] {dagbag.py:588} INFO - Filling up the DagBag from /home/airflow/.local/lib/python3.12/site-packages/airflow/example_dags/example_latest_only_with_trigger.py
[2024-10-06T19:11:32.931+0000] {processor.py:925} INFO - DAG(s) 'latest_only_with_trigger' retrieved from /home/airflow/.local/lib/python3.12/site-packages/airflow/example_dags/example_latest_only_with_trigger.py
[2024-10-06T19:11:32.949+0000] {logging_mixin.py:190} INFO - [2024-10-06T19:11:32.949+0000] {dag.py:3239} INFO - Sync 1 DAGs
[2024-10-06T19:11:32.971+0000] {logging_mixin.py:190} INFO - [2024-10-06T19:11:32.971+0000] {dag.py:4180} INFO - Setting next_dagrun for latest_only_with_trigger to 2024-10-06 12:00:00+00:00, run_after=2024-10-06 16:00:00+00:00
[2024-10-06T19:11:32.989+0000] {processor.py:208} INFO - Processing /home/airflow/.local/lib/python3.12/site-packages/airflow/example_dags/example_latest_only_with_trigger.py took 0.072 seconds
[2024-10-06T19:12:03.353+0000] {processor.py:186} INFO - Started process (PID=2144) to work on /home/airflow/.local/lib/python3.12/site-packages/airflow/example_dags/example_latest_only_with_trigger.py
[2024-10-06T19:12:03.354+0000] {processor.py:914} INFO - Processing file /home/airflow/.local/lib/python3.12/site-packages/airflow/example_dags/example_latest_only_with_trigger.py for tasks to queue
[2024-10-06T19:12:03.356+0000] {logging_mixin.py:190} INFO - [2024-10-06T19:12:03.356+0000] {dagbag.py:588} INFO - Filling up the DagBag from /home/airflow/.local/lib/python3.12/site-packages/airflow/example_dags/example_latest_only_with_trigger.py
[2024-10-06T19:12:03.363+0000] {processor.py:925} INFO - DAG(s) 'latest_only_with_trigger' retrieved from /home/airflow/.local/lib/python3.12/site-packages/airflow/example_dags/example_latest_only_with_trigger.py
[2024-10-06T19:12:03.385+0000] {logging_mixin.py:190} INFO - [2024-10-06T19:12:03.384+0000] {dag.py:3239} INFO - Sync 1 DAGs
[2024-10-06T19:12:03.412+0000] {logging_mixin.py:190} INFO - [2024-10-06T19:12:03.412+0000] {dag.py:4180} INFO - Setting next_dagrun for latest_only_with_trigger to 2024-10-06 12:00:00+00:00, run_after=2024-10-06 16:00:00+00:00
[2024-10-06T19:12:03.430+0000] {processor.py:208} INFO - Processing /home/airflow/.local/lib/python3.12/site-packages/airflow/example_dags/example_latest_only_with_trigger.py took 0.082 seconds
[2024-10-06T19:12:33.686+0000] {processor.py:186} INFO - Started process (PID=2430) to work on /home/airflow/.local/lib/python3.12/site-packages/airflow/example_dags/example_latest_only_with_trigger.py
[2024-10-06T19:12:33.687+0000] {processor.py:914} INFO - Processing file /home/airflow/.local/lib/python3.12/site-packages/airflow/example_dags/example_latest_only_with_trigger.py for tasks to queue
[2024-10-06T19:12:33.690+0000] {logging_mixin.py:190} INFO - [2024-10-06T19:12:33.689+0000] {dagbag.py:588} INFO - Filling up the DagBag from /home/airflow/.local/lib/python3.12/site-packages/airflow/example_dags/example_latest_only_with_trigger.py
[2024-10-06T19:12:33.696+0000] {processor.py:925} INFO - DAG(s) 'latest_only_with_trigger' retrieved from /home/airflow/.local/lib/python3.12/site-packages/airflow/example_dags/example_latest_only_with_trigger.py
[2024-10-06T19:12:33.712+0000] {logging_mixin.py:190} INFO - [2024-10-06T19:12:33.712+0000] {dag.py:3239} INFO - Sync 1 DAGs
[2024-10-06T19:12:33.733+0000] {logging_mixin.py:190} INFO - [2024-10-06T19:12:33.733+0000] {dag.py:4180} INFO - Setting next_dagrun for latest_only_with_trigger to 2024-10-06 12:00:00+00:00, run_after=2024-10-06 16:00:00+00:00
[2024-10-06T19:12:33.750+0000] {processor.py:208} INFO - Processing /home/airflow/.local/lib/python3.12/site-packages/airflow/example_dags/example_latest_only_with_trigger.py took 0.068 seconds
[2024-10-06T19:13:04.039+0000] {processor.py:186} INFO - Started process (PID=2716) to work on /home/airflow/.local/lib/python3.12/site-packages/airflow/example_dags/example_latest_only_with_trigger.py
[2024-10-06T19:13:04.040+0000] {processor.py:914} INFO - Processing file /home/airflow/.local/lib/python3.12/site-packages/airflow/example_dags/example_latest_only_with_trigger.py for tasks to queue
[2024-10-06T19:13:04.042+0000] {logging_mixin.py:190} INFO - [2024-10-06T19:13:04.042+0000] {dagbag.py:588} INFO - Filling up the DagBag from /home/airflow/.local/lib/python3.12/site-packages/airflow/example_dags/example_latest_only_with_trigger.py
[2024-10-06T19:13:04.048+0000] {processor.py:925} INFO - DAG(s) 'latest_only_with_trigger' retrieved from /home/airflow/.local/lib/python3.12/site-packages/airflow/example_dags/example_latest_only_with_trigger.py
[2024-10-06T19:13:04.066+0000] {logging_mixin.py:190} INFO - [2024-10-06T19:13:04.065+0000] {dag.py:3239} INFO - Sync 1 DAGs
[2024-10-06T19:13:04.088+0000] {logging_mixin.py:190} INFO - [2024-10-06T19:13:04.088+0000] {dag.py:4180} INFO - Setting next_dagrun for latest_only_with_trigger to 2024-10-06 12:00:00+00:00, run_after=2024-10-06 16:00:00+00:00
[2024-10-06T19:13:04.106+0000] {processor.py:208} INFO - Processing /home/airflow/.local/lib/python3.12/site-packages/airflow/example_dags/example_latest_only_with_trigger.py took 0.071 seconds
[2024-10-06T19:13:34.489+0000] {processor.py:186} INFO - Started process (PID=3002) to work on /home/airflow/.local/lib/python3.12/site-packages/airflow/example_dags/example_latest_only_with_trigger.py
[2024-10-06T19:13:34.490+0000] {processor.py:914} INFO - Processing file /home/airflow/.local/lib/python3.12/site-packages/airflow/example_dags/example_latest_only_with_trigger.py for tasks to queue
[2024-10-06T19:13:34.491+0000] {logging_mixin.py:190} INFO - [2024-10-06T19:13:34.491+0000] {dagbag.py:588} INFO - Filling up the DagBag from /home/airflow/.local/lib/python3.12/site-packages/airflow/example_dags/example_latest_only_with_trigger.py
[2024-10-06T19:13:34.498+0000] {processor.py:925} INFO - DAG(s) 'latest_only_with_trigger' retrieved from /home/airflow/.local/lib/python3.12/site-packages/airflow/example_dags/example_latest_only_with_trigger.py
[2024-10-06T19:13:34.517+0000] {logging_mixin.py:190} INFO - [2024-10-06T19:13:34.517+0000] {dag.py:3239} INFO - Sync 1 DAGs
[2024-10-06T19:13:34.541+0000] {logging_mixin.py:190} INFO - [2024-10-06T19:13:34.540+0000] {dag.py:4180} INFO - Setting next_dagrun for latest_only_with_trigger to 2024-10-06 12:00:00+00:00, run_after=2024-10-06 16:00:00+00:00
[2024-10-06T19:13:34.564+0000] {processor.py:208} INFO - Processing /home/airflow/.local/lib/python3.12/site-packages/airflow/example_dags/example_latest_only_with_trigger.py took 0.080 seconds
[2024-10-06T19:14:04.840+0000] {processor.py:186} INFO - Started process (PID=3293) to work on /home/airflow/.local/lib/python3.12/site-packages/airflow/example_dags/example_latest_only_with_trigger.py
[2024-10-06T19:14:04.841+0000] {processor.py:914} INFO - Processing file /home/airflow/.local/lib/python3.12/site-packages/airflow/example_dags/example_latest_only_with_trigger.py for tasks to queue
[2024-10-06T19:14:04.843+0000] {logging_mixin.py:190} INFO - [2024-10-06T19:14:04.842+0000] {dagbag.py:588} INFO - Filling up the DagBag from /home/airflow/.local/lib/python3.12/site-packages/airflow/example_dags/example_latest_only_with_trigger.py
[2024-10-06T19:14:04.848+0000] {processor.py:925} INFO - DAG(s) 'latest_only_with_trigger' retrieved from /home/airflow/.local/lib/python3.12/site-packages/airflow/example_dags/example_latest_only_with_trigger.py
[2024-10-06T19:14:04.868+0000] {logging_mixin.py:190} INFO - [2024-10-06T19:14:04.867+0000] {dag.py:3239} INFO - Sync 1 DAGs
[2024-10-06T19:14:04.891+0000] {logging_mixin.py:190} INFO - [2024-10-06T19:14:04.891+0000] {dag.py:4180} INFO - Setting next_dagrun for latest_only_with_trigger to 2024-10-06 12:00:00+00:00, run_after=2024-10-06 16:00:00+00:00
[2024-10-06T19:14:04.908+0000] {processor.py:208} INFO - Processing /home/airflow/.local/lib/python3.12/site-packages/airflow/example_dags/example_latest_only_with_trigger.py took 0.072 seconds
[2024-10-06T19:14:35.216+0000] {processor.py:186} INFO - Started process (PID=3584) to work on /home/airflow/.local/lib/python3.12/site-packages/airflow/example_dags/example_latest_only_with_trigger.py
[2024-10-06T19:14:35.217+0000] {processor.py:914} INFO - Processing file /home/airflow/.local/lib/python3.12/site-packages/airflow/example_dags/example_latest_only_with_trigger.py for tasks to queue
[2024-10-06T19:14:35.221+0000] {logging_mixin.py:190} INFO - [2024-10-06T19:14:35.220+0000] {dagbag.py:588} INFO - Filling up the DagBag from /home/airflow/.local/lib/python3.12/site-packages/airflow/example_dags/example_latest_only_with_trigger.py
[2024-10-06T19:14:35.228+0000] {processor.py:925} INFO - DAG(s) 'latest_only_with_trigger' retrieved from /home/airflow/.local/lib/python3.12/site-packages/airflow/example_dags/example_latest_only_with_trigger.py
[2024-10-06T19:14:35.249+0000] {logging_mixin.py:190} INFO - [2024-10-06T19:14:35.248+0000] {dag.py:3239} INFO - Sync 1 DAGs
[2024-10-06T19:14:35.273+0000] {logging_mixin.py:190} INFO - [2024-10-06T19:14:35.273+0000] {dag.py:4180} INFO - Setting next_dagrun for latest_only_with_trigger to 2024-10-06 12:00:00+00:00, run_after=2024-10-06 16:00:00+00:00
[2024-10-06T19:14:35.293+0000] {processor.py:208} INFO - Processing /home/airflow/.local/lib/python3.12/site-packages/airflow/example_dags/example_latest_only_with_trigger.py took 0.082 seconds
[2024-10-06T19:15:05.486+0000] {processor.py:186} INFO - Started process (PID=3875) to work on /home/airflow/.local/lib/python3.12/site-packages/airflow/example_dags/example_latest_only_with_trigger.py
[2024-10-06T19:15:05.487+0000] {processor.py:914} INFO - Processing file /home/airflow/.local/lib/python3.12/site-packages/airflow/example_dags/example_latest_only_with_trigger.py for tasks to queue
[2024-10-06T19:15:05.489+0000] {logging_mixin.py:190} INFO - [2024-10-06T19:15:05.489+0000] {dagbag.py:588} INFO - Filling up the DagBag from /home/airflow/.local/lib/python3.12/site-packages/airflow/example_dags/example_latest_only_with_trigger.py
[2024-10-06T19:15:05.495+0000] {processor.py:925} INFO - DAG(s) 'latest_only_with_trigger' retrieved from /home/airflow/.local/lib/python3.12/site-packages/airflow/example_dags/example_latest_only_with_trigger.py
[2024-10-06T19:15:05.513+0000] {logging_mixin.py:190} INFO - [2024-10-06T19:15:05.512+0000] {dag.py:3239} INFO - Sync 1 DAGs
[2024-10-06T19:15:05.535+0000] {logging_mixin.py:190} INFO - [2024-10-06T19:15:05.534+0000] {dag.py:4180} INFO - Setting next_dagrun for latest_only_with_trigger to 2024-10-06 12:00:00+00:00, run_after=2024-10-06 16:00:00+00:00
[2024-10-06T19:15:05.559+0000] {processor.py:208} INFO - Processing /home/airflow/.local/lib/python3.12/site-packages/airflow/example_dags/example_latest_only_with_trigger.py took 0.077 seconds
[2024-10-06T19:15:35.745+0000] {processor.py:186} INFO - Started process (PID=4177) to work on /home/airflow/.local/lib/python3.12/site-packages/airflow/example_dags/example_latest_only_with_trigger.py
[2024-10-06T19:15:35.746+0000] {processor.py:914} INFO - Processing file /home/airflow/.local/lib/python3.12/site-packages/airflow/example_dags/example_latest_only_with_trigger.py for tasks to queue
[2024-10-06T19:15:35.748+0000] {logging_mixin.py:190} INFO - [2024-10-06T19:15:35.747+0000] {dagbag.py:588} INFO - Filling up the DagBag from /home/airflow/.local/lib/python3.12/site-packages/airflow/example_dags/example_latest_only_with_trigger.py
[2024-10-06T19:15:35.753+0000] {processor.py:925} INFO - DAG(s) 'latest_only_with_trigger' retrieved from /home/airflow/.local/lib/python3.12/site-packages/airflow/example_dags/example_latest_only_with_trigger.py
[2024-10-06T19:15:35.771+0000] {logging_mixin.py:190} INFO - [2024-10-06T19:15:35.770+0000] {dag.py:3239} INFO - Sync 1 DAGs
[2024-10-06T19:15:35.791+0000] {logging_mixin.py:190} INFO - [2024-10-06T19:15:35.791+0000] {dag.py:4180} INFO - Setting next_dagrun for latest_only_with_trigger to 2024-10-06 12:00:00+00:00, run_after=2024-10-06 16:00:00+00:00
[2024-10-06T19:15:35.809+0000] {processor.py:208} INFO - Processing /home/airflow/.local/lib/python3.12/site-packages/airflow/example_dags/example_latest_only_with_trigger.py took 0.067 seconds
[2024-10-06T19:16:05.980+0000] {processor.py:186} INFO - Started process (PID=4468) to work on /home/airflow/.local/lib/python3.12/site-packages/airflow/example_dags/example_latest_only_with_trigger.py
[2024-10-06T19:16:05.981+0000] {processor.py:914} INFO - Processing file /home/airflow/.local/lib/python3.12/site-packages/airflow/example_dags/example_latest_only_with_trigger.py for tasks to queue
[2024-10-06T19:16:05.983+0000] {logging_mixin.py:190} INFO - [2024-10-06T19:16:05.983+0000] {dagbag.py:588} INFO - Filling up the DagBag from /home/airflow/.local/lib/python3.12/site-packages/airflow/example_dags/example_latest_only_with_trigger.py
[2024-10-06T19:16:05.989+0000] {processor.py:925} INFO - DAG(s) 'latest_only_with_trigger' retrieved from /home/airflow/.local/lib/python3.12/site-packages/airflow/example_dags/example_latest_only_with_trigger.py
[2024-10-06T19:16:06.008+0000] {logging_mixin.py:190} INFO - [2024-10-06T19:16:06.008+0000] {dag.py:3239} INFO - Sync 1 DAGs
[2024-10-06T19:16:06.033+0000] {logging_mixin.py:190} INFO - [2024-10-06T19:16:06.033+0000] {dag.py:4180} INFO - Setting next_dagrun for latest_only_with_trigger to 2024-10-06 12:00:00+00:00, run_after=2024-10-06 16:00:00+00:00
[2024-10-06T19:16:06.055+0000] {processor.py:208} INFO - Processing /home/airflow/.local/lib/python3.12/site-packages/airflow/example_dags/example_latest_only_with_trigger.py took 0.079 seconds
[2024-10-06T19:16:36.339+0000] {processor.py:186} INFO - Started process (PID=4759) to work on /home/airflow/.local/lib/python3.12/site-packages/airflow/example_dags/example_latest_only_with_trigger.py
[2024-10-06T19:16:36.340+0000] {processor.py:914} INFO - Processing file /home/airflow/.local/lib/python3.12/site-packages/airflow/example_dags/example_latest_only_with_trigger.py for tasks to queue
[2024-10-06T19:16:36.342+0000] {logging_mixin.py:190} INFO - [2024-10-06T19:16:36.342+0000] {dagbag.py:588} INFO - Filling up the DagBag from /home/airflow/.local/lib/python3.12/site-packages/airflow/example_dags/example_latest_only_with_trigger.py
[2024-10-06T19:16:36.349+0000] {processor.py:925} INFO - DAG(s) 'latest_only_with_trigger' retrieved from /home/airflow/.local/lib/python3.12/site-packages/airflow/example_dags/example_latest_only_with_trigger.py
[2024-10-06T19:16:36.365+0000] {logging_mixin.py:190} INFO - [2024-10-06T19:16:36.365+0000] {dag.py:3239} INFO - Sync 1 DAGs
[2024-10-06T19:16:36.386+0000] {logging_mixin.py:190} INFO - [2024-10-06T19:16:36.386+0000] {dag.py:4180} INFO - Setting next_dagrun for latest_only_with_trigger to 2024-10-06 12:00:00+00:00, run_after=2024-10-06 16:00:00+00:00
[2024-10-06T19:16:36.402+0000] {processor.py:208} INFO - Processing /home/airflow/.local/lib/python3.12/site-packages/airflow/example_dags/example_latest_only_with_trigger.py took 0.068 seconds
[2024-10-06T19:17:06.650+0000] {processor.py:186} INFO - Started process (PID=5050) to work on /home/airflow/.local/lib/python3.12/site-packages/airflow/example_dags/example_latest_only_with_trigger.py
[2024-10-06T19:17:06.651+0000] {processor.py:914} INFO - Processing file /home/airflow/.local/lib/python3.12/site-packages/airflow/example_dags/example_latest_only_with_trigger.py for tasks to queue
[2024-10-06T19:17:06.653+0000] {logging_mixin.py:190} INFO - [2024-10-06T19:17:06.653+0000] {dagbag.py:588} INFO - Filling up the DagBag from /home/airflow/.local/lib/python3.12/site-packages/airflow/example_dags/example_latest_only_with_trigger.py
[2024-10-06T19:17:06.659+0000] {processor.py:925} INFO - DAG(s) 'latest_only_with_trigger' retrieved from /home/airflow/.local/lib/python3.12/site-packages/airflow/example_dags/example_latest_only_with_trigger.py
[2024-10-06T19:17:06.676+0000] {logging_mixin.py:190} INFO - [2024-10-06T19:17:06.676+0000] {dag.py:3239} INFO - Sync 1 DAGs
[2024-10-06T19:17:06.699+0000] {logging_mixin.py:190} INFO - [2024-10-06T19:17:06.698+0000] {dag.py:4180} INFO - Setting next_dagrun for latest_only_with_trigger to 2024-10-06 12:00:00+00:00, run_after=2024-10-06 16:00:00+00:00
[2024-10-06T19:17:06.717+0000] {processor.py:208} INFO - Processing /home/airflow/.local/lib/python3.12/site-packages/airflow/example_dags/example_latest_only_with_trigger.py took 0.072 seconds
[2024-10-06T19:17:36.977+0000] {processor.py:186} INFO - Started process (PID=5341) to work on /home/airflow/.local/lib/python3.12/site-packages/airflow/example_dags/example_latest_only_with_trigger.py
[2024-10-06T19:17:36.978+0000] {processor.py:914} INFO - Processing file /home/airflow/.local/lib/python3.12/site-packages/airflow/example_dags/example_latest_only_with_trigger.py for tasks to queue
[2024-10-06T19:17:36.981+0000] {logging_mixin.py:190} INFO - [2024-10-06T19:17:36.980+0000] {dagbag.py:588} INFO - Filling up the DagBag from /home/airflow/.local/lib/python3.12/site-packages/airflow/example_dags/example_latest_only_with_trigger.py
[2024-10-06T19:17:36.986+0000] {processor.py:925} INFO - DAG(s) 'latest_only_with_trigger' retrieved from /home/airflow/.local/lib/python3.12/site-packages/airflow/example_dags/example_latest_only_with_trigger.py
[2024-10-06T19:17:37.004+0000] {logging_mixin.py:190} INFO - [2024-10-06T19:17:37.003+0000] {dag.py:3239} INFO - Sync 1 DAGs
[2024-10-06T19:17:37.028+0000] {logging_mixin.py:190} INFO - [2024-10-06T19:17:37.028+0000] {dag.py:4180} INFO - Setting next_dagrun for latest_only_with_trigger to 2024-10-06 12:00:00+00:00, run_after=2024-10-06 16:00:00+00:00
[2024-10-06T19:17:37.048+0000] {processor.py:208} INFO - Processing /home/airflow/.local/lib/python3.12/site-packages/airflow/example_dags/example_latest_only_with_trigger.py took 0.075 seconds
[2024-10-06T19:18:07.266+0000] {processor.py:186} INFO - Started process (PID=5632) to work on /home/airflow/.local/lib/python3.12/site-packages/airflow/example_dags/example_latest_only_with_trigger.py
[2024-10-06T19:18:07.267+0000] {processor.py:914} INFO - Processing file /home/airflow/.local/lib/python3.12/site-packages/airflow/example_dags/example_latest_only_with_trigger.py for tasks to queue
[2024-10-06T19:18:07.268+0000] {logging_mixin.py:190} INFO - [2024-10-06T19:18:07.268+0000] {dagbag.py:588} INFO - Filling up the DagBag from /home/airflow/.local/lib/python3.12/site-packages/airflow/example_dags/example_latest_only_with_trigger.py
[2024-10-06T19:18:07.274+0000] {processor.py:925} INFO - DAG(s) 'latest_only_with_trigger' retrieved from /home/airflow/.local/lib/python3.12/site-packages/airflow/example_dags/example_latest_only_with_trigger.py
[2024-10-06T19:18:07.291+0000] {logging_mixin.py:190} INFO - [2024-10-06T19:18:07.290+0000] {dag.py:3239} INFO - Sync 1 DAGs
[2024-10-06T19:18:07.311+0000] {logging_mixin.py:190} INFO - [2024-10-06T19:18:07.311+0000] {dag.py:4180} INFO - Setting next_dagrun for latest_only_with_trigger to 2024-10-06 12:00:00+00:00, run_after=2024-10-06 16:00:00+00:00
[2024-10-06T19:18:07.329+0000] {processor.py:208} INFO - Processing /home/airflow/.local/lib/python3.12/site-packages/airflow/example_dags/example_latest_only_with_trigger.py took 0.067 seconds
[2024-10-06T19:18:37.566+0000] {processor.py:186} INFO - Started process (PID=5923) to work on /home/airflow/.local/lib/python3.12/site-packages/airflow/example_dags/example_latest_only_with_trigger.py
[2024-10-06T19:18:37.567+0000] {processor.py:914} INFO - Processing file /home/airflow/.local/lib/python3.12/site-packages/airflow/example_dags/example_latest_only_with_trigger.py for tasks to queue
[2024-10-06T19:18:37.569+0000] {logging_mixin.py:190} INFO - [2024-10-06T19:18:37.569+0000] {dagbag.py:588} INFO - Filling up the DagBag from /home/airflow/.local/lib/python3.12/site-packages/airflow/example_dags/example_latest_only_with_trigger.py
[2024-10-06T19:18:37.575+0000] {processor.py:925} INFO - DAG(s) 'latest_only_with_trigger' retrieved from /home/airflow/.local/lib/python3.12/site-packages/airflow/example_dags/example_latest_only_with_trigger.py
[2024-10-06T19:18:37.592+0000] {logging_mixin.py:190} INFO - [2024-10-06T19:18:37.592+0000] {dag.py:3239} INFO - Sync 1 DAGs
[2024-10-06T19:18:37.614+0000] {logging_mixin.py:190} INFO - [2024-10-06T19:18:37.614+0000] {dag.py:4180} INFO - Setting next_dagrun for latest_only_with_trigger to 2024-10-06 12:00:00+00:00, run_after=2024-10-06 16:00:00+00:00
[2024-10-06T19:18:37.633+0000] {processor.py:208} INFO - Processing /home/airflow/.local/lib/python3.12/site-packages/airflow/example_dags/example_latest_only_with_trigger.py took 0.071 seconds
[2024-10-06T19:19:07.936+0000] {processor.py:186} INFO - Started process (PID=6219) to work on /home/airflow/.local/lib/python3.12/site-packages/airflow/example_dags/example_latest_only_with_trigger.py
[2024-10-06T19:19:07.937+0000] {processor.py:914} INFO - Processing file /home/airflow/.local/lib/python3.12/site-packages/airflow/example_dags/example_latest_only_with_trigger.py for tasks to queue
[2024-10-06T19:19:07.939+0000] {logging_mixin.py:190} INFO - [2024-10-06T19:19:07.939+0000] {dagbag.py:588} INFO - Filling up the DagBag from /home/airflow/.local/lib/python3.12/site-packages/airflow/example_dags/example_latest_only_with_trigger.py
[2024-10-06T19:19:07.945+0000] {processor.py:925} INFO - DAG(s) 'latest_only_with_trigger' retrieved from /home/airflow/.local/lib/python3.12/site-packages/airflow/example_dags/example_latest_only_with_trigger.py
[2024-10-06T19:19:07.963+0000] {logging_mixin.py:190} INFO - [2024-10-06T19:19:07.963+0000] {dag.py:3239} INFO - Sync 1 DAGs
[2024-10-06T19:19:07.987+0000] {logging_mixin.py:190} INFO - [2024-10-06T19:19:07.987+0000] {dag.py:4180} INFO - Setting next_dagrun for latest_only_with_trigger to 2024-10-06 12:00:00+00:00, run_after=2024-10-06 16:00:00+00:00
[2024-10-06T19:19:08.005+0000] {processor.py:208} INFO - Processing /home/airflow/.local/lib/python3.12/site-packages/airflow/example_dags/example_latest_only_with_trigger.py took 0.073 seconds
[2024-10-06T19:19:38.210+0000] {processor.py:186} INFO - Started process (PID=6510) to work on /home/airflow/.local/lib/python3.12/site-packages/airflow/example_dags/example_latest_only_with_trigger.py
[2024-10-06T19:19:38.211+0000] {processor.py:914} INFO - Processing file /home/airflow/.local/lib/python3.12/site-packages/airflow/example_dags/example_latest_only_with_trigger.py for tasks to queue
[2024-10-06T19:19:38.213+0000] {logging_mixin.py:190} INFO - [2024-10-06T19:19:38.213+0000] {dagbag.py:588} INFO - Filling up the DagBag from /home/airflow/.local/lib/python3.12/site-packages/airflow/example_dags/example_latest_only_with_trigger.py
[2024-10-06T19:19:38.219+0000] {processor.py:925} INFO - DAG(s) 'latest_only_with_trigger' retrieved from /home/airflow/.local/lib/python3.12/site-packages/airflow/example_dags/example_latest_only_with_trigger.py
[2024-10-06T19:19:38.237+0000] {logging_mixin.py:190} INFO - [2024-10-06T19:19:38.237+0000] {dag.py:3239} INFO - Sync 1 DAGs
[2024-10-06T19:19:38.262+0000] {logging_mixin.py:190} INFO - [2024-10-06T19:19:38.262+0000] {dag.py:4180} INFO - Setting next_dagrun for latest_only_with_trigger to 2024-10-06 12:00:00+00:00, run_after=2024-10-06 16:00:00+00:00
[2024-10-06T19:19:38.280+0000] {processor.py:208} INFO - Processing /home/airflow/.local/lib/python3.12/site-packages/airflow/example_dags/example_latest_only_with_trigger.py took 0.074 seconds
[2024-10-06T19:20:08.586+0000] {processor.py:186} INFO - Started process (PID=6801) to work on /home/airflow/.local/lib/python3.12/site-packages/airflow/example_dags/example_latest_only_with_trigger.py
[2024-10-06T19:20:08.587+0000] {processor.py:914} INFO - Processing file /home/airflow/.local/lib/python3.12/site-packages/airflow/example_dags/example_latest_only_with_trigger.py for tasks to queue
[2024-10-06T19:20:08.589+0000] {logging_mixin.py:190} INFO - [2024-10-06T19:20:08.589+0000] {dagbag.py:588} INFO - Filling up the DagBag from /home/airflow/.local/lib/python3.12/site-packages/airflow/example_dags/example_latest_only_with_trigger.py
[2024-10-06T19:20:08.597+0000] {processor.py:925} INFO - DAG(s) 'latest_only_with_trigger' retrieved from /home/airflow/.local/lib/python3.12/site-packages/airflow/example_dags/example_latest_only_with_trigger.py
[2024-10-06T19:20:08.617+0000] {logging_mixin.py:190} INFO - [2024-10-06T19:20:08.617+0000] {dag.py:3239} INFO - Sync 1 DAGs
[2024-10-06T19:20:08.641+0000] {logging_mixin.py:190} INFO - [2024-10-06T19:20:08.641+0000] {dag.py:4180} INFO - Setting next_dagrun for latest_only_with_trigger to 2024-10-06 12:00:00+00:00, run_after=2024-10-06 16:00:00+00:00
[2024-10-06T19:20:08.662+0000] {processor.py:208} INFO - Processing /home/airflow/.local/lib/python3.12/site-packages/airflow/example_dags/example_latest_only_with_trigger.py took 0.082 seconds
[2024-10-06T19:20:38.977+0000] {processor.py:186} INFO - Started process (PID=7092) to work on /home/airflow/.local/lib/python3.12/site-packages/airflow/example_dags/example_latest_only_with_trigger.py
[2024-10-06T19:20:38.977+0000] {processor.py:914} INFO - Processing file /home/airflow/.local/lib/python3.12/site-packages/airflow/example_dags/example_latest_only_with_trigger.py for tasks to queue
[2024-10-06T19:20:38.980+0000] {logging_mixin.py:190} INFO - [2024-10-06T19:20:38.979+0000] {dagbag.py:588} INFO - Filling up the DagBag from /home/airflow/.local/lib/python3.12/site-packages/airflow/example_dags/example_latest_only_with_trigger.py
[2024-10-06T19:20:38.986+0000] {processor.py:925} INFO - DAG(s) 'latest_only_with_trigger' retrieved from /home/airflow/.local/lib/python3.12/site-packages/airflow/example_dags/example_latest_only_with_trigger.py
[2024-10-06T19:20:39.003+0000] {logging_mixin.py:190} INFO - [2024-10-06T19:20:39.003+0000] {dag.py:3239} INFO - Sync 1 DAGs
[2024-10-06T19:20:39.025+0000] {logging_mixin.py:190} INFO - [2024-10-06T19:20:39.024+0000] {dag.py:4180} INFO - Setting next_dagrun for latest_only_with_trigger to 2024-10-06 12:00:00+00:00, run_after=2024-10-06 16:00:00+00:00
[2024-10-06T19:20:39.041+0000] {processor.py:208} INFO - Processing /home/airflow/.local/lib/python3.12/site-packages/airflow/example_dags/example_latest_only_with_trigger.py took 0.068 seconds
[2024-10-06T19:21:09.231+0000] {processor.py:186} INFO - Started process (PID=7378) to work on /home/airflow/.local/lib/python3.12/site-packages/airflow/example_dags/example_latest_only_with_trigger.py
[2024-10-06T19:21:09.232+0000] {processor.py:914} INFO - Processing file /home/airflow/.local/lib/python3.12/site-packages/airflow/example_dags/example_latest_only_with_trigger.py for tasks to queue
[2024-10-06T19:21:09.234+0000] {logging_mixin.py:190} INFO - [2024-10-06T19:21:09.234+0000] {dagbag.py:588} INFO - Filling up the DagBag from /home/airflow/.local/lib/python3.12/site-packages/airflow/example_dags/example_latest_only_with_trigger.py
[2024-10-06T19:21:09.239+0000] {processor.py:925} INFO - DAG(s) 'latest_only_with_trigger' retrieved from /home/airflow/.local/lib/python3.12/site-packages/airflow/example_dags/example_latest_only_with_trigger.py
[2024-10-06T19:21:09.257+0000] {logging_mixin.py:190} INFO - [2024-10-06T19:21:09.256+0000] {dag.py:3239} INFO - Sync 1 DAGs
[2024-10-06T19:21:09.277+0000] {logging_mixin.py:190} INFO - [2024-10-06T19:21:09.276+0000] {dag.py:4180} INFO - Setting next_dagrun for latest_only_with_trigger to 2024-10-06 12:00:00+00:00, run_after=2024-10-06 16:00:00+00:00
[2024-10-06T19:21:09.294+0000] {processor.py:208} INFO - Processing /home/airflow/.local/lib/python3.12/site-packages/airflow/example_dags/example_latest_only_with_trigger.py took 0.068 seconds
[2024-10-06T19:21:39.742+0000] {processor.py:186} INFO - Started process (PID=7674) to work on /home/airflow/.local/lib/python3.12/site-packages/airflow/example_dags/example_latest_only_with_trigger.py
[2024-10-06T19:21:39.744+0000] {processor.py:914} INFO - Processing file /home/airflow/.local/lib/python3.12/site-packages/airflow/example_dags/example_latest_only_with_trigger.py for tasks to queue
[2024-10-06T19:21:39.746+0000] {logging_mixin.py:190} INFO - [2024-10-06T19:21:39.745+0000] {dagbag.py:588} INFO - Filling up the DagBag from /home/airflow/.local/lib/python3.12/site-packages/airflow/example_dags/example_latest_only_with_trigger.py
[2024-10-06T19:21:39.752+0000] {processor.py:925} INFO - DAG(s) 'latest_only_with_trigger' retrieved from /home/airflow/.local/lib/python3.12/site-packages/airflow/example_dags/example_latest_only_with_trigger.py
[2024-10-06T19:21:39.770+0000] {logging_mixin.py:190} INFO - [2024-10-06T19:21:39.770+0000] {dag.py:3239} INFO - Sync 1 DAGs
[2024-10-06T19:21:39.793+0000] {logging_mixin.py:190} INFO - [2024-10-06T19:21:39.793+0000] {dag.py:4180} INFO - Setting next_dagrun for latest_only_with_trigger to 2024-10-06 12:00:00+00:00, run_after=2024-10-06 16:00:00+00:00
[2024-10-06T19:21:39.815+0000] {processor.py:208} INFO - Processing /home/airflow/.local/lib/python3.12/site-packages/airflow/example_dags/example_latest_only_with_trigger.py took 0.077 seconds
