[2024-10-06T19:08:53.147+0000] {processor.py:186} INFO - Started process (PID=204) to work on /home/airflow/.local/lib/python3.12/site-packages/airflow/example_dags/example_task_group.py
[2024-10-06T19:08:53.148+0000] {processor.py:914} INFO - Processing file /home/airflow/.local/lib/python3.12/site-packages/airflow/example_dags/example_task_group.py for tasks to queue
[2024-10-06T19:08:53.150+0000] {logging_mixin.py:190} INFO - [2024-10-06T19:08:53.149+0000] {dagbag.py:588} INFO - Filling up the DagBag from /home/airflow/.local/lib/python3.12/site-packages/airflow/example_dags/example_task_group.py
[2024-10-06T19:08:53.157+0000] {processor.py:925} INFO - DAG(s) 'example_task_group' retrieved from /home/airflow/.local/lib/python3.12/site-packages/airflow/example_dags/example_task_group.py
[2024-10-06T19:08:53.268+0000] {logging_mixin.py:190} INFO - [2024-10-06T19:08:53.267+0000] {override.py:1900} INFO - Created Permission View: can delete on DAG:example_task_group
[2024-10-06T19:08:53.278+0000] {logging_mixin.py:190} INFO - [2024-10-06T19:08:53.278+0000] {override.py:1900} INFO - Created Permission View: can edit on DAG:example_task_group
[2024-10-06T19:08:53.284+0000] {logging_mixin.py:190} INFO - [2024-10-06T19:08:53.283+0000] {override.py:1900} INFO - Created Permission View: can read on DAG:example_task_group
[2024-10-06T19:08:53.292+0000] {logging_mixin.py:190} INFO - [2024-10-06T19:08:53.292+0000] {override.py:1900} INFO - Created Permission View: can delete on DAG Run:example_task_group
[2024-10-06T19:08:53.300+0000] {logging_mixin.py:190} INFO - [2024-10-06T19:08:53.299+0000] {override.py:1900} INFO - Created Permission View: can create on DAG Run:example_task_group
[2024-10-06T19:08:53.307+0000] {logging_mixin.py:190} INFO - [2024-10-06T19:08:53.306+0000] {override.py:1900} INFO - Created Permission View: can read on DAG Run:example_task_group
[2024-10-06T19:08:53.313+0000] {logging_mixin.py:190} INFO - [2024-10-06T19:08:53.312+0000] {override.py:1900} INFO - Created Permission View: menu access on DAG Run:example_task_group
[2024-10-06T19:08:53.313+0000] {logging_mixin.py:190} INFO - [2024-10-06T19:08:53.313+0000] {dag.py:3239} INFO - Sync 1 DAGs
[2024-10-06T19:08:53.324+0000] {logging_mixin.py:190} INFO - [2024-10-06T19:08:53.324+0000] {dag.py:3262} INFO - Creating ORM DAG for example_task_group
[2024-10-06T19:08:53.325+0000] {logging_mixin.py:190} INFO - [2024-10-06T19:08:53.324+0000] {dag.py:4180} INFO - Setting next_dagrun for example_task_group to None, run_after=None
[2024-10-06T19:08:53.340+0000] {processor.py:208} INFO - Processing /home/airflow/.local/lib/python3.12/site-packages/airflow/example_dags/example_task_group.py took 0.198 seconds
[2024-10-06T19:09:24.093+0000] {processor.py:186} INFO - Started process (PID=492) to work on /home/airflow/.local/lib/python3.12/site-packages/airflow/example_dags/example_task_group.py
[2024-10-06T19:09:24.093+0000] {processor.py:914} INFO - Processing file /home/airflow/.local/lib/python3.12/site-packages/airflow/example_dags/example_task_group.py for tasks to queue
[2024-10-06T19:09:24.095+0000] {logging_mixin.py:190} INFO - [2024-10-06T19:09:24.095+0000] {dagbag.py:588} INFO - Filling up the DagBag from /home/airflow/.local/lib/python3.12/site-packages/airflow/example_dags/example_task_group.py
[2024-10-06T19:09:24.104+0000] {processor.py:925} INFO - DAG(s) 'example_task_group' retrieved from /home/airflow/.local/lib/python3.12/site-packages/airflow/example_dags/example_task_group.py
[2024-10-06T19:09:24.126+0000] {logging_mixin.py:190} INFO - [2024-10-06T19:09:24.126+0000] {dag.py:3239} INFO - Sync 1 DAGs
[2024-10-06T19:09:24.141+0000] {logging_mixin.py:190} INFO - [2024-10-06T19:09:24.141+0000] {dag.py:4180} INFO - Setting next_dagrun for example_task_group to None, run_after=None
[2024-10-06T19:09:24.160+0000] {processor.py:208} INFO - Processing /home/airflow/.local/lib/python3.12/site-packages/airflow/example_dags/example_task_group.py took 0.071 seconds
[2024-10-06T19:09:54.229+0000] {processor.py:186} INFO - Started process (PID=776) to work on /home/airflow/.local/lib/python3.12/site-packages/airflow/example_dags/example_task_group.py
[2024-10-06T19:09:54.231+0000] {processor.py:914} INFO - Processing file /home/airflow/.local/lib/python3.12/site-packages/airflow/example_dags/example_task_group.py for tasks to queue
[2024-10-06T19:09:54.232+0000] {logging_mixin.py:190} INFO - [2024-10-06T19:09:54.232+0000] {dagbag.py:588} INFO - Filling up the DagBag from /home/airflow/.local/lib/python3.12/site-packages/airflow/example_dags/example_task_group.py
[2024-10-06T19:09:54.240+0000] {processor.py:925} INFO - DAG(s) 'example_task_group' retrieved from /home/airflow/.local/lib/python3.12/site-packages/airflow/example_dags/example_task_group.py
[2024-10-06T19:09:54.264+0000] {logging_mixin.py:190} INFO - [2024-10-06T19:09:54.264+0000] {dag.py:3239} INFO - Sync 1 DAGs
[2024-10-06T19:09:54.279+0000] {logging_mixin.py:190} INFO - [2024-10-06T19:09:54.279+0000] {dag.py:4180} INFO - Setting next_dagrun for example_task_group to None, run_after=None
[2024-10-06T19:09:54.300+0000] {processor.py:208} INFO - Processing /home/airflow/.local/lib/python3.12/site-packages/airflow/example_dags/example_task_group.py took 0.076 seconds
[2024-10-06T19:10:24.624+0000] {processor.py:186} INFO - Started process (PID=1062) to work on /home/airflow/.local/lib/python3.12/site-packages/airflow/example_dags/example_task_group.py
[2024-10-06T19:10:24.624+0000] {processor.py:914} INFO - Processing file /home/airflow/.local/lib/python3.12/site-packages/airflow/example_dags/example_task_group.py for tasks to queue
[2024-10-06T19:10:24.626+0000] {logging_mixin.py:190} INFO - [2024-10-06T19:10:24.626+0000] {dagbag.py:588} INFO - Filling up the DagBag from /home/airflow/.local/lib/python3.12/site-packages/airflow/example_dags/example_task_group.py
[2024-10-06T19:10:24.633+0000] {processor.py:925} INFO - DAG(s) 'example_task_group' retrieved from /home/airflow/.local/lib/python3.12/site-packages/airflow/example_dags/example_task_group.py
[2024-10-06T19:10:24.652+0000] {logging_mixin.py:190} INFO - [2024-10-06T19:10:24.651+0000] {dag.py:3239} INFO - Sync 1 DAGs
[2024-10-06T19:10:24.666+0000] {logging_mixin.py:190} INFO - [2024-10-06T19:10:24.666+0000] {dag.py:4180} INFO - Setting next_dagrun for example_task_group to None, run_after=None
[2024-10-06T19:10:24.686+0000] {processor.py:208} INFO - Processing /home/airflow/.local/lib/python3.12/site-packages/airflow/example_dags/example_task_group.py took 0.067 seconds
[2024-10-06T19:10:55.191+0000] {processor.py:186} INFO - Started process (PID=1372) to work on /home/airflow/.local/lib/python3.12/site-packages/airflow/example_dags/example_task_group.py
[2024-10-06T19:10:55.192+0000] {processor.py:914} INFO - Processing file /home/airflow/.local/lib/python3.12/site-packages/airflow/example_dags/example_task_group.py for tasks to queue
[2024-10-06T19:10:55.193+0000] {logging_mixin.py:190} INFO - [2024-10-06T19:10:55.193+0000] {dagbag.py:588} INFO - Filling up the DagBag from /home/airflow/.local/lib/python3.12/site-packages/airflow/example_dags/example_task_group.py
[2024-10-06T19:10:55.199+0000] {processor.py:925} INFO - DAG(s) 'example_task_group' retrieved from /home/airflow/.local/lib/python3.12/site-packages/airflow/example_dags/example_task_group.py
[2024-10-06T19:10:55.216+0000] {logging_mixin.py:190} INFO - [2024-10-06T19:10:55.216+0000] {dag.py:3239} INFO - Sync 1 DAGs
[2024-10-06T19:10:55.227+0000] {logging_mixin.py:190} INFO - [2024-10-06T19:10:55.227+0000] {dag.py:4180} INFO - Setting next_dagrun for example_task_group to None, run_after=None
[2024-10-06T19:10:55.244+0000] {processor.py:208} INFO - Processing /home/airflow/.local/lib/python3.12/site-packages/airflow/example_dags/example_task_group.py took 0.057 seconds
[2024-10-06T19:11:25.416+0000] {processor.py:186} INFO - Started process (PID=1658) to work on /home/airflow/.local/lib/python3.12/site-packages/airflow/example_dags/example_task_group.py
[2024-10-06T19:11:25.417+0000] {processor.py:914} INFO - Processing file /home/airflow/.local/lib/python3.12/site-packages/airflow/example_dags/example_task_group.py for tasks to queue
[2024-10-06T19:11:25.419+0000] {logging_mixin.py:190} INFO - [2024-10-06T19:11:25.419+0000] {dagbag.py:588} INFO - Filling up the DagBag from /home/airflow/.local/lib/python3.12/site-packages/airflow/example_dags/example_task_group.py
[2024-10-06T19:11:25.434+0000] {processor.py:925} INFO - DAG(s) 'example_task_group' retrieved from /home/airflow/.local/lib/python3.12/site-packages/airflow/example_dags/example_task_group.py
[2024-10-06T19:11:25.462+0000] {logging_mixin.py:190} INFO - [2024-10-06T19:11:25.462+0000] {dag.py:3239} INFO - Sync 1 DAGs
[2024-10-06T19:11:25.480+0000] {logging_mixin.py:190} INFO - [2024-10-06T19:11:25.480+0000] {dag.py:4180} INFO - Setting next_dagrun for example_task_group to None, run_after=None
[2024-10-06T19:11:25.508+0000] {processor.py:208} INFO - Processing /home/airflow/.local/lib/python3.12/site-packages/airflow/example_dags/example_task_group.py took 0.097 seconds
[2024-10-06T19:11:55.807+0000] {processor.py:186} INFO - Started process (PID=1944) to work on /home/airflow/.local/lib/python3.12/site-packages/airflow/example_dags/example_task_group.py
[2024-10-06T19:11:55.808+0000] {processor.py:914} INFO - Processing file /home/airflow/.local/lib/python3.12/site-packages/airflow/example_dags/example_task_group.py for tasks to queue
[2024-10-06T19:11:55.809+0000] {logging_mixin.py:190} INFO - [2024-10-06T19:11:55.809+0000] {dagbag.py:588} INFO - Filling up the DagBag from /home/airflow/.local/lib/python3.12/site-packages/airflow/example_dags/example_task_group.py
[2024-10-06T19:11:55.815+0000] {processor.py:925} INFO - DAG(s) 'example_task_group' retrieved from /home/airflow/.local/lib/python3.12/site-packages/airflow/example_dags/example_task_group.py
[2024-10-06T19:11:55.836+0000] {logging_mixin.py:190} INFO - [2024-10-06T19:11:55.836+0000] {dag.py:3239} INFO - Sync 1 DAGs
[2024-10-06T19:11:55.849+0000] {logging_mixin.py:190} INFO - [2024-10-06T19:11:55.849+0000] {dag.py:4180} INFO - Setting next_dagrun for example_task_group to None, run_after=None
[2024-10-06T19:11:55.869+0000] {processor.py:208} INFO - Processing /home/airflow/.local/lib/python3.12/site-packages/airflow/example_dags/example_task_group.py took 0.066 seconds
[2024-10-06T19:12:26.236+0000] {processor.py:186} INFO - Started process (PID=2230) to work on /home/airflow/.local/lib/python3.12/site-packages/airflow/example_dags/example_task_group.py
[2024-10-06T19:12:26.237+0000] {processor.py:914} INFO - Processing file /home/airflow/.local/lib/python3.12/site-packages/airflow/example_dags/example_task_group.py for tasks to queue
[2024-10-06T19:12:26.239+0000] {logging_mixin.py:190} INFO - [2024-10-06T19:12:26.238+0000] {dagbag.py:588} INFO - Filling up the DagBag from /home/airflow/.local/lib/python3.12/site-packages/airflow/example_dags/example_task_group.py
[2024-10-06T19:12:26.246+0000] {processor.py:925} INFO - DAG(s) 'example_task_group' retrieved from /home/airflow/.local/lib/python3.12/site-packages/airflow/example_dags/example_task_group.py
[2024-10-06T19:12:26.266+0000] {logging_mixin.py:190} INFO - [2024-10-06T19:12:26.266+0000] {dag.py:3239} INFO - Sync 1 DAGs
[2024-10-06T19:12:26.281+0000] {logging_mixin.py:190} INFO - [2024-10-06T19:12:26.281+0000] {dag.py:4180} INFO - Setting next_dagrun for example_task_group to None, run_after=None
[2024-10-06T19:12:26.301+0000] {processor.py:208} INFO - Processing /home/airflow/.local/lib/python3.12/site-packages/airflow/example_dags/example_task_group.py took 0.069 seconds
[2024-10-06T19:12:56.648+0000] {processor.py:186} INFO - Started process (PID=2518) to work on /home/airflow/.local/lib/python3.12/site-packages/airflow/example_dags/example_task_group.py
[2024-10-06T19:12:56.649+0000] {processor.py:914} INFO - Processing file /home/airflow/.local/lib/python3.12/site-packages/airflow/example_dags/example_task_group.py for tasks to queue
[2024-10-06T19:12:56.651+0000] {logging_mixin.py:190} INFO - [2024-10-06T19:12:56.651+0000] {dagbag.py:588} INFO - Filling up the DagBag from /home/airflow/.local/lib/python3.12/site-packages/airflow/example_dags/example_task_group.py
[2024-10-06T19:12:56.657+0000] {processor.py:925} INFO - DAG(s) 'example_task_group' retrieved from /home/airflow/.local/lib/python3.12/site-packages/airflow/example_dags/example_task_group.py
[2024-10-06T19:12:56.676+0000] {logging_mixin.py:190} INFO - [2024-10-06T19:12:56.676+0000] {dag.py:3239} INFO - Sync 1 DAGs
[2024-10-06T19:12:56.690+0000] {logging_mixin.py:190} INFO - [2024-10-06T19:12:56.689+0000] {dag.py:4180} INFO - Setting next_dagrun for example_task_group to None, run_after=None
[2024-10-06T19:12:56.707+0000] {processor.py:208} INFO - Processing /home/airflow/.local/lib/python3.12/site-packages/airflow/example_dags/example_task_group.py took 0.063 seconds
[2024-10-06T19:13:27.137+0000] {processor.py:186} INFO - Started process (PID=2804) to work on /home/airflow/.local/lib/python3.12/site-packages/airflow/example_dags/example_task_group.py
[2024-10-06T19:13:27.138+0000] {processor.py:914} INFO - Processing file /home/airflow/.local/lib/python3.12/site-packages/airflow/example_dags/example_task_group.py for tasks to queue
[2024-10-06T19:13:27.140+0000] {logging_mixin.py:190} INFO - [2024-10-06T19:13:27.140+0000] {dagbag.py:588} INFO - Filling up the DagBag from /home/airflow/.local/lib/python3.12/site-packages/airflow/example_dags/example_task_group.py
[2024-10-06T19:13:27.150+0000] {processor.py:925} INFO - DAG(s) 'example_task_group' retrieved from /home/airflow/.local/lib/python3.12/site-packages/airflow/example_dags/example_task_group.py
[2024-10-06T19:13:27.174+0000] {logging_mixin.py:190} INFO - [2024-10-06T19:13:27.174+0000] {dag.py:3239} INFO - Sync 1 DAGs
[2024-10-06T19:13:27.194+0000] {logging_mixin.py:190} INFO - [2024-10-06T19:13:27.194+0000] {dag.py:4180} INFO - Setting next_dagrun for example_task_group to None, run_after=None
[2024-10-06T19:13:27.215+0000] {processor.py:208} INFO - Processing /home/airflow/.local/lib/python3.12/site-packages/airflow/example_dags/example_task_group.py took 0.084 seconds
[2024-10-06T19:13:57.502+0000] {processor.py:186} INFO - Started process (PID=3095) to work on /home/airflow/.local/lib/python3.12/site-packages/airflow/example_dags/example_task_group.py
[2024-10-06T19:13:57.503+0000] {processor.py:914} INFO - Processing file /home/airflow/.local/lib/python3.12/site-packages/airflow/example_dags/example_task_group.py for tasks to queue
[2024-10-06T19:13:57.505+0000] {logging_mixin.py:190} INFO - [2024-10-06T19:13:57.504+0000] {dagbag.py:588} INFO - Filling up the DagBag from /home/airflow/.local/lib/python3.12/site-packages/airflow/example_dags/example_task_group.py
[2024-10-06T19:13:57.513+0000] {processor.py:925} INFO - DAG(s) 'example_task_group' retrieved from /home/airflow/.local/lib/python3.12/site-packages/airflow/example_dags/example_task_group.py
[2024-10-06T19:13:57.533+0000] {logging_mixin.py:190} INFO - [2024-10-06T19:13:57.532+0000] {dag.py:3239} INFO - Sync 1 DAGs
[2024-10-06T19:13:57.547+0000] {logging_mixin.py:190} INFO - [2024-10-06T19:13:57.546+0000] {dag.py:4180} INFO - Setting next_dagrun for example_task_group to None, run_after=None
[2024-10-06T19:13:57.567+0000] {processor.py:208} INFO - Processing /home/airflow/.local/lib/python3.12/site-packages/airflow/example_dags/example_task_group.py took 0.070 seconds
[2024-10-06T19:14:27.770+0000] {processor.py:186} INFO - Started process (PID=3384) to work on /home/airflow/.local/lib/python3.12/site-packages/airflow/example_dags/example_task_group.py
[2024-10-06T19:14:27.771+0000] {processor.py:914} INFO - Processing file /home/airflow/.local/lib/python3.12/site-packages/airflow/example_dags/example_task_group.py for tasks to queue
[2024-10-06T19:14:27.773+0000] {logging_mixin.py:190} INFO - [2024-10-06T19:14:27.773+0000] {dagbag.py:588} INFO - Filling up the DagBag from /home/airflow/.local/lib/python3.12/site-packages/airflow/example_dags/example_task_group.py
[2024-10-06T19:14:27.779+0000] {processor.py:925} INFO - DAG(s) 'example_task_group' retrieved from /home/airflow/.local/lib/python3.12/site-packages/airflow/example_dags/example_task_group.py
[2024-10-06T19:14:27.798+0000] {logging_mixin.py:190} INFO - [2024-10-06T19:14:27.797+0000] {dag.py:3239} INFO - Sync 1 DAGs
[2024-10-06T19:14:27.810+0000] {logging_mixin.py:190} INFO - [2024-10-06T19:14:27.810+0000] {dag.py:4180} INFO - Setting next_dagrun for example_task_group to None, run_after=None
[2024-10-06T19:14:27.826+0000] {processor.py:208} INFO - Processing /home/airflow/.local/lib/python3.12/site-packages/airflow/example_dags/example_task_group.py took 0.060 seconds
[2024-10-06T19:14:58.138+0000] {processor.py:186} INFO - Started process (PID=3675) to work on /home/airflow/.local/lib/python3.12/site-packages/airflow/example_dags/example_task_group.py
[2024-10-06T19:14:58.139+0000] {processor.py:914} INFO - Processing file /home/airflow/.local/lib/python3.12/site-packages/airflow/example_dags/example_task_group.py for tasks to queue
[2024-10-06T19:14:58.141+0000] {logging_mixin.py:190} INFO - [2024-10-06T19:14:58.141+0000] {dagbag.py:588} INFO - Filling up the DagBag from /home/airflow/.local/lib/python3.12/site-packages/airflow/example_dags/example_task_group.py
[2024-10-06T19:14:58.148+0000] {processor.py:925} INFO - DAG(s) 'example_task_group' retrieved from /home/airflow/.local/lib/python3.12/site-packages/airflow/example_dags/example_task_group.py
[2024-10-06T19:14:58.167+0000] {logging_mixin.py:190} INFO - [2024-10-06T19:14:58.167+0000] {dag.py:3239} INFO - Sync 1 DAGs
[2024-10-06T19:14:58.180+0000] {logging_mixin.py:190} INFO - [2024-10-06T19:14:58.180+0000] {dag.py:4180} INFO - Setting next_dagrun for example_task_group to None, run_after=None
[2024-10-06T19:14:58.197+0000] {processor.py:208} INFO - Processing /home/airflow/.local/lib/python3.12/site-packages/airflow/example_dags/example_task_group.py took 0.063 seconds
[2024-10-06T19:15:28.363+0000] {processor.py:186} INFO - Started process (PID=3971) to work on /home/airflow/.local/lib/python3.12/site-packages/airflow/example_dags/example_task_group.py
[2024-10-06T19:15:28.363+0000] {processor.py:914} INFO - Processing file /home/airflow/.local/lib/python3.12/site-packages/airflow/example_dags/example_task_group.py for tasks to queue
[2024-10-06T19:15:28.366+0000] {logging_mixin.py:190} INFO - [2024-10-06T19:15:28.365+0000] {dagbag.py:588} INFO - Filling up the DagBag from /home/airflow/.local/lib/python3.12/site-packages/airflow/example_dags/example_task_group.py
[2024-10-06T19:15:28.373+0000] {processor.py:925} INFO - DAG(s) 'example_task_group' retrieved from /home/airflow/.local/lib/python3.12/site-packages/airflow/example_dags/example_task_group.py
[2024-10-06T19:15:28.392+0000] {logging_mixin.py:190} INFO - [2024-10-06T19:15:28.392+0000] {dag.py:3239} INFO - Sync 1 DAGs
[2024-10-06T19:15:28.404+0000] {logging_mixin.py:190} INFO - [2024-10-06T19:15:28.403+0000] {dag.py:4180} INFO - Setting next_dagrun for example_task_group to None, run_after=None
[2024-10-06T19:15:28.421+0000] {processor.py:208} INFO - Processing /home/airflow/.local/lib/python3.12/site-packages/airflow/example_dags/example_task_group.py took 0.062 seconds
[2024-10-06T19:15:58.587+0000] {processor.py:186} INFO - Started process (PID=4262) to work on /home/airflow/.local/lib/python3.12/site-packages/airflow/example_dags/example_task_group.py
[2024-10-06T19:15:58.588+0000] {processor.py:914} INFO - Processing file /home/airflow/.local/lib/python3.12/site-packages/airflow/example_dags/example_task_group.py for tasks to queue
[2024-10-06T19:15:58.590+0000] {logging_mixin.py:190} INFO - [2024-10-06T19:15:58.589+0000] {dagbag.py:588} INFO - Filling up the DagBag from /home/airflow/.local/lib/python3.12/site-packages/airflow/example_dags/example_task_group.py
[2024-10-06T19:15:58.597+0000] {processor.py:925} INFO - DAG(s) 'example_task_group' retrieved from /home/airflow/.local/lib/python3.12/site-packages/airflow/example_dags/example_task_group.py
[2024-10-06T19:15:58.614+0000] {logging_mixin.py:190} INFO - [2024-10-06T19:15:58.614+0000] {dag.py:3239} INFO - Sync 1 DAGs
[2024-10-06T19:15:58.627+0000] {logging_mixin.py:190} INFO - [2024-10-06T19:15:58.626+0000] {dag.py:4180} INFO - Setting next_dagrun for example_task_group to None, run_after=None
[2024-10-06T19:15:58.642+0000] {processor.py:208} INFO - Processing /home/airflow/.local/lib/python3.12/site-packages/airflow/example_dags/example_task_group.py took 0.060 seconds
[2024-10-06T19:16:28.881+0000] {processor.py:186} INFO - Started process (PID=4553) to work on /home/airflow/.local/lib/python3.12/site-packages/airflow/example_dags/example_task_group.py
[2024-10-06T19:16:28.882+0000] {processor.py:914} INFO - Processing file /home/airflow/.local/lib/python3.12/site-packages/airflow/example_dags/example_task_group.py for tasks to queue
[2024-10-06T19:16:28.884+0000] {logging_mixin.py:190} INFO - [2024-10-06T19:16:28.884+0000] {dagbag.py:588} INFO - Filling up the DagBag from /home/airflow/.local/lib/python3.12/site-packages/airflow/example_dags/example_task_group.py
[2024-10-06T19:16:28.891+0000] {processor.py:925} INFO - DAG(s) 'example_task_group' retrieved from /home/airflow/.local/lib/python3.12/site-packages/airflow/example_dags/example_task_group.py
[2024-10-06T19:16:28.909+0000] {logging_mixin.py:190} INFO - [2024-10-06T19:16:28.908+0000] {dag.py:3239} INFO - Sync 1 DAGs
[2024-10-06T19:16:28.921+0000] {logging_mixin.py:190} INFO - [2024-10-06T19:16:28.921+0000] {dag.py:4180} INFO - Setting next_dagrun for example_task_group to None, run_after=None
[2024-10-06T19:16:28.939+0000] {processor.py:208} INFO - Processing /home/airflow/.local/lib/python3.12/site-packages/airflow/example_dags/example_task_group.py took 0.062 seconds
[2024-10-06T19:16:59.175+0000] {processor.py:186} INFO - Started process (PID=4844) to work on /home/airflow/.local/lib/python3.12/site-packages/airflow/example_dags/example_task_group.py
[2024-10-06T19:16:59.176+0000] {processor.py:914} INFO - Processing file /home/airflow/.local/lib/python3.12/site-packages/airflow/example_dags/example_task_group.py for tasks to queue
[2024-10-06T19:16:59.178+0000] {logging_mixin.py:190} INFO - [2024-10-06T19:16:59.177+0000] {dagbag.py:588} INFO - Filling up the DagBag from /home/airflow/.local/lib/python3.12/site-packages/airflow/example_dags/example_task_group.py
[2024-10-06T19:16:59.184+0000] {processor.py:925} INFO - DAG(s) 'example_task_group' retrieved from /home/airflow/.local/lib/python3.12/site-packages/airflow/example_dags/example_task_group.py
[2024-10-06T19:16:59.203+0000] {logging_mixin.py:190} INFO - [2024-10-06T19:16:59.203+0000] {dag.py:3239} INFO - Sync 1 DAGs
[2024-10-06T19:16:59.217+0000] {logging_mixin.py:190} INFO - [2024-10-06T19:16:59.216+0000] {dag.py:4180} INFO - Setting next_dagrun for example_task_group to None, run_after=None
[2024-10-06T19:16:59.232+0000] {processor.py:208} INFO - Processing /home/airflow/.local/lib/python3.12/site-packages/airflow/example_dags/example_task_group.py took 0.061 seconds
[2024-10-06T19:17:29.550+0000] {processor.py:186} INFO - Started process (PID=5135) to work on /home/airflow/.local/lib/python3.12/site-packages/airflow/example_dags/example_task_group.py
[2024-10-06T19:17:29.551+0000] {processor.py:914} INFO - Processing file /home/airflow/.local/lib/python3.12/site-packages/airflow/example_dags/example_task_group.py for tasks to queue
[2024-10-06T19:17:29.553+0000] {logging_mixin.py:190} INFO - [2024-10-06T19:17:29.553+0000] {dagbag.py:588} INFO - Filling up the DagBag from /home/airflow/.local/lib/python3.12/site-packages/airflow/example_dags/example_task_group.py
[2024-10-06T19:17:29.560+0000] {processor.py:925} INFO - DAG(s) 'example_task_group' retrieved from /home/airflow/.local/lib/python3.12/site-packages/airflow/example_dags/example_task_group.py
[2024-10-06T19:17:29.578+0000] {logging_mixin.py:190} INFO - [2024-10-06T19:17:29.578+0000] {dag.py:3239} INFO - Sync 1 DAGs
[2024-10-06T19:17:29.591+0000] {logging_mixin.py:190} INFO - [2024-10-06T19:17:29.590+0000] {dag.py:4180} INFO - Setting next_dagrun for example_task_group to None, run_after=None
[2024-10-06T19:17:29.608+0000] {processor.py:208} INFO - Processing /home/airflow/.local/lib/python3.12/site-packages/airflow/example_dags/example_task_group.py took 0.061 seconds
[2024-10-06T19:17:59.840+0000] {processor.py:186} INFO - Started process (PID=5426) to work on /home/airflow/.local/lib/python3.12/site-packages/airflow/example_dags/example_task_group.py
[2024-10-06T19:17:59.841+0000] {processor.py:914} INFO - Processing file /home/airflow/.local/lib/python3.12/site-packages/airflow/example_dags/example_task_group.py for tasks to queue
[2024-10-06T19:17:59.842+0000] {logging_mixin.py:190} INFO - [2024-10-06T19:17:59.842+0000] {dagbag.py:588} INFO - Filling up the DagBag from /home/airflow/.local/lib/python3.12/site-packages/airflow/example_dags/example_task_group.py
[2024-10-06T19:17:59.849+0000] {processor.py:925} INFO - DAG(s) 'example_task_group' retrieved from /home/airflow/.local/lib/python3.12/site-packages/airflow/example_dags/example_task_group.py
[2024-10-06T19:17:59.868+0000] {logging_mixin.py:190} INFO - [2024-10-06T19:17:59.867+0000] {dag.py:3239} INFO - Sync 1 DAGs
[2024-10-06T19:17:59.879+0000] {logging_mixin.py:190} INFO - [2024-10-06T19:17:59.879+0000] {dag.py:4180} INFO - Setting next_dagrun for example_task_group to None, run_after=None
[2024-10-06T19:17:59.910+0000] {processor.py:208} INFO - Processing /home/airflow/.local/lib/python3.12/site-packages/airflow/example_dags/example_task_group.py took 0.074 seconds
[2024-10-06T19:18:30.167+0000] {processor.py:186} INFO - Started process (PID=5717) to work on /home/airflow/.local/lib/python3.12/site-packages/airflow/example_dags/example_task_group.py
[2024-10-06T19:18:30.167+0000] {processor.py:914} INFO - Processing file /home/airflow/.local/lib/python3.12/site-packages/airflow/example_dags/example_task_group.py for tasks to queue
[2024-10-06T19:18:30.169+0000] {logging_mixin.py:190} INFO - [2024-10-06T19:18:30.168+0000] {dagbag.py:588} INFO - Filling up the DagBag from /home/airflow/.local/lib/python3.12/site-packages/airflow/example_dags/example_task_group.py
[2024-10-06T19:18:30.174+0000] {processor.py:925} INFO - DAG(s) 'example_task_group' retrieved from /home/airflow/.local/lib/python3.12/site-packages/airflow/example_dags/example_task_group.py
[2024-10-06T19:18:30.192+0000] {logging_mixin.py:190} INFO - [2024-10-06T19:18:30.191+0000] {dag.py:3239} INFO - Sync 1 DAGs
[2024-10-06T19:18:30.204+0000] {logging_mixin.py:190} INFO - [2024-10-06T19:18:30.204+0000] {dag.py:4180} INFO - Setting next_dagrun for example_task_group to None, run_after=None
[2024-10-06T19:18:30.220+0000] {processor.py:208} INFO - Processing /home/airflow/.local/lib/python3.12/site-packages/airflow/example_dags/example_task_group.py took 0.057 seconds
[2024-10-06T19:19:00.600+0000] {processor.py:186} INFO - Started process (PID=6013) to work on /home/airflow/.local/lib/python3.12/site-packages/airflow/example_dags/example_task_group.py
[2024-10-06T19:19:00.601+0000] {processor.py:914} INFO - Processing file /home/airflow/.local/lib/python3.12/site-packages/airflow/example_dags/example_task_group.py for tasks to queue
[2024-10-06T19:19:00.603+0000] {logging_mixin.py:190} INFO - [2024-10-06T19:19:00.602+0000] {dagbag.py:588} INFO - Filling up the DagBag from /home/airflow/.local/lib/python3.12/site-packages/airflow/example_dags/example_task_group.py
[2024-10-06T19:19:00.611+0000] {processor.py:925} INFO - DAG(s) 'example_task_group' retrieved from /home/airflow/.local/lib/python3.12/site-packages/airflow/example_dags/example_task_group.py
[2024-10-06T19:19:00.636+0000] {logging_mixin.py:190} INFO - [2024-10-06T19:19:00.636+0000] {dag.py:3239} INFO - Sync 1 DAGs
[2024-10-06T19:19:00.651+0000] {logging_mixin.py:190} INFO - [2024-10-06T19:19:00.651+0000] {dag.py:4180} INFO - Setting next_dagrun for example_task_group to None, run_after=None
[2024-10-06T19:19:00.671+0000] {processor.py:208} INFO - Processing /home/airflow/.local/lib/python3.12/site-packages/airflow/example_dags/example_task_group.py took 0.079 seconds
[2024-10-06T19:19:30.918+0000] {processor.py:186} INFO - Started process (PID=6304) to work on /home/airflow/.local/lib/python3.12/site-packages/airflow/example_dags/example_task_group.py
[2024-10-06T19:19:30.918+0000] {processor.py:914} INFO - Processing file /home/airflow/.local/lib/python3.12/site-packages/airflow/example_dags/example_task_group.py for tasks to queue
[2024-10-06T19:19:30.920+0000] {logging_mixin.py:190} INFO - [2024-10-06T19:19:30.920+0000] {dagbag.py:588} INFO - Filling up the DagBag from /home/airflow/.local/lib/python3.12/site-packages/airflow/example_dags/example_task_group.py
[2024-10-06T19:19:30.925+0000] {processor.py:925} INFO - DAG(s) 'example_task_group' retrieved from /home/airflow/.local/lib/python3.12/site-packages/airflow/example_dags/example_task_group.py
[2024-10-06T19:19:30.943+0000] {logging_mixin.py:190} INFO - [2024-10-06T19:19:30.943+0000] {dag.py:3239} INFO - Sync 1 DAGs
[2024-10-06T19:19:30.957+0000] {logging_mixin.py:190} INFO - [2024-10-06T19:19:30.957+0000] {dag.py:4180} INFO - Setting next_dagrun for example_task_group to None, run_after=None
[2024-10-06T19:19:30.974+0000] {processor.py:208} INFO - Processing /home/airflow/.local/lib/python3.12/site-packages/airflow/example_dags/example_task_group.py took 0.059 seconds
[2024-10-06T19:20:01.127+0000] {processor.py:186} INFO - Started process (PID=6590) to work on /home/airflow/.local/lib/python3.12/site-packages/airflow/example_dags/example_task_group.py
[2024-10-06T19:20:01.128+0000] {processor.py:914} INFO - Processing file /home/airflow/.local/lib/python3.12/site-packages/airflow/example_dags/example_task_group.py for tasks to queue
[2024-10-06T19:20:01.130+0000] {logging_mixin.py:190} INFO - [2024-10-06T19:20:01.130+0000] {dagbag.py:588} INFO - Filling up the DagBag from /home/airflow/.local/lib/python3.12/site-packages/airflow/example_dags/example_task_group.py
[2024-10-06T19:20:01.137+0000] {processor.py:925} INFO - DAG(s) 'example_task_group' retrieved from /home/airflow/.local/lib/python3.12/site-packages/airflow/example_dags/example_task_group.py
[2024-10-06T19:20:01.157+0000] {logging_mixin.py:190} INFO - [2024-10-06T19:20:01.156+0000] {dag.py:3239} INFO - Sync 1 DAGs
[2024-10-06T19:20:01.172+0000] {logging_mixin.py:190} INFO - [2024-10-06T19:20:01.171+0000] {dag.py:4180} INFO - Setting next_dagrun for example_task_group to None, run_after=None
[2024-10-06T19:20:01.191+0000] {processor.py:208} INFO - Processing /home/airflow/.local/lib/python3.12/site-packages/airflow/example_dags/example_task_group.py took 0.069 seconds
[2024-10-06T19:20:31.599+0000] {processor.py:186} INFO - Started process (PID=6888) to work on /home/airflow/.local/lib/python3.12/site-packages/airflow/example_dags/example_task_group.py
[2024-10-06T19:20:31.600+0000] {processor.py:914} INFO - Processing file /home/airflow/.local/lib/python3.12/site-packages/airflow/example_dags/example_task_group.py for tasks to queue
[2024-10-06T19:20:31.602+0000] {logging_mixin.py:190} INFO - [2024-10-06T19:20:31.602+0000] {dagbag.py:588} INFO - Filling up the DagBag from /home/airflow/.local/lib/python3.12/site-packages/airflow/example_dags/example_task_group.py
[2024-10-06T19:20:31.608+0000] {processor.py:925} INFO - DAG(s) 'example_task_group' retrieved from /home/airflow/.local/lib/python3.12/site-packages/airflow/example_dags/example_task_group.py
[2024-10-06T19:20:31.627+0000] {logging_mixin.py:190} INFO - [2024-10-06T19:20:31.626+0000] {dag.py:3239} INFO - Sync 1 DAGs
[2024-10-06T19:20:31.638+0000] {logging_mixin.py:190} INFO - [2024-10-06T19:20:31.638+0000] {dag.py:4180} INFO - Setting next_dagrun for example_task_group to None, run_after=None
[2024-10-06T19:20:31.657+0000] {processor.py:208} INFO - Processing /home/airflow/.local/lib/python3.12/site-packages/airflow/example_dags/example_task_group.py took 0.061 seconds
[2024-10-06T19:21:02.112+0000] {processor.py:186} INFO - Started process (PID=7179) to work on /home/airflow/.local/lib/python3.12/site-packages/airflow/example_dags/example_task_group.py
[2024-10-06T19:21:02.112+0000] {processor.py:914} INFO - Processing file /home/airflow/.local/lib/python3.12/site-packages/airflow/example_dags/example_task_group.py for tasks to queue
[2024-10-06T19:21:02.114+0000] {logging_mixin.py:190} INFO - [2024-10-06T19:21:02.114+0000] {dagbag.py:588} INFO - Filling up the DagBag from /home/airflow/.local/lib/python3.12/site-packages/airflow/example_dags/example_task_group.py
[2024-10-06T19:21:02.120+0000] {processor.py:925} INFO - DAG(s) 'example_task_group' retrieved from /home/airflow/.local/lib/python3.12/site-packages/airflow/example_dags/example_task_group.py
[2024-10-06T19:21:02.138+0000] {logging_mixin.py:190} INFO - [2024-10-06T19:21:02.138+0000] {dag.py:3239} INFO - Sync 1 DAGs
[2024-10-06T19:21:02.151+0000] {logging_mixin.py:190} INFO - [2024-10-06T19:21:02.151+0000] {dag.py:4180} INFO - Setting next_dagrun for example_task_group to None, run_after=None
[2024-10-06T19:21:02.167+0000] {processor.py:208} INFO - Processing /home/airflow/.local/lib/python3.12/site-packages/airflow/example_dags/example_task_group.py took 0.060 seconds
[2024-10-06T19:21:32.467+0000] {processor.py:186} INFO - Started process (PID=7473) to work on /home/airflow/.local/lib/python3.12/site-packages/airflow/example_dags/example_task_group.py
[2024-10-06T19:21:32.468+0000] {processor.py:914} INFO - Processing file /home/airflow/.local/lib/python3.12/site-packages/airflow/example_dags/example_task_group.py for tasks to queue
[2024-10-06T19:21:32.470+0000] {logging_mixin.py:190} INFO - [2024-10-06T19:21:32.469+0000] {dagbag.py:588} INFO - Filling up the DagBag from /home/airflow/.local/lib/python3.12/site-packages/airflow/example_dags/example_task_group.py
[2024-10-06T19:21:32.476+0000] {processor.py:925} INFO - DAG(s) 'example_task_group' retrieved from /home/airflow/.local/lib/python3.12/site-packages/airflow/example_dags/example_task_group.py
[2024-10-06T19:21:32.494+0000] {logging_mixin.py:190} INFO - [2024-10-06T19:21:32.494+0000] {dag.py:3239} INFO - Sync 1 DAGs
[2024-10-06T19:21:32.507+0000] {logging_mixin.py:190} INFO - [2024-10-06T19:21:32.506+0000] {dag.py:4180} INFO - Setting next_dagrun for example_task_group to None, run_after=None
[2024-10-06T19:21:32.526+0000] {processor.py:208} INFO - Processing /home/airflow/.local/lib/python3.12/site-packages/airflow/example_dags/example_task_group.py took 0.063 seconds
[2024-10-06T19:22:03.187+0000] {processor.py:186} INFO - Started process (PID=7776) to work on /home/airflow/.local/lib/python3.12/site-packages/airflow/example_dags/example_task_group.py
[2024-10-06T19:22:03.188+0000] {processor.py:914} INFO - Processing file /home/airflow/.local/lib/python3.12/site-packages/airflow/example_dags/example_task_group.py for tasks to queue
[2024-10-06T19:22:03.199+0000] {logging_mixin.py:190} INFO - [2024-10-06T19:22:03.198+0000] {dagbag.py:588} INFO - Filling up the DagBag from /home/airflow/.local/lib/python3.12/site-packages/airflow/example_dags/example_task_group.py
[2024-10-06T19:22:03.226+0000] {processor.py:925} INFO - DAG(s) 'example_task_group' retrieved from /home/airflow/.local/lib/python3.12/site-packages/airflow/example_dags/example_task_group.py
[2024-10-06T19:22:03.251+0000] {logging_mixin.py:190} INFO - [2024-10-06T19:22:03.250+0000] {dag.py:3239} INFO - Sync 1 DAGs
[2024-10-06T19:22:03.276+0000] {logging_mixin.py:190} INFO - [2024-10-06T19:22:03.275+0000] {dag.py:4180} INFO - Setting next_dagrun for example_task_group to None, run_after=None
[2024-10-06T19:22:03.311+0000] {processor.py:208} INFO - Processing /home/airflow/.local/lib/python3.12/site-packages/airflow/example_dags/example_task_group.py took 0.129 seconds
