[2024-10-06T19:08:54.573+0000] {processor.py:186} INFO - Started process (PID=254) to work on /home/airflow/.local/lib/python3.12/site-packages/airflow/example_dags/example_subdag_operator.py
[2024-10-06T19:08:54.574+0000] {processor.py:914} INFO - Processing file /home/airflow/.local/lib/python3.12/site-packages/airflow/example_dags/example_subdag_operator.py for tasks to queue
[2024-10-06T19:08:54.578+0000] {logging_mixin.py:190} INFO - [2024-10-06T19:08:54.577+0000] {dagbag.py:588} INFO - Filling up the DagBag from /home/airflow/.local/lib/python3.12/site-packages/airflow/example_dags/example_subdag_operator.py
[2024-10-06T19:08:54.610+0000] {processor.py:925} INFO - DAG(s) 'example_subdag_operator.section-1', 'example_subdag_operator.section-2', 'example_subdag_operator' retrieved from /home/airflow/.local/lib/python3.12/site-packages/airflow/example_dags/example_subdag_operator.py
[2024-10-06T19:08:54.816+0000] {logging_mixin.py:190} INFO - [2024-10-06T19:08:54.815+0000] {override.py:1900} INFO - Created Permission View: can delete on DAG:example_subdag_operator
[2024-10-06T19:08:54.849+0000] {logging_mixin.py:190} INFO - [2024-10-06T19:08:54.847+0000] {override.py:1900} INFO - Created Permission View: can edit on DAG:example_subdag_operator
[2024-10-06T19:08:54.869+0000] {logging_mixin.py:190} INFO - [2024-10-06T19:08:54.868+0000] {override.py:1900} INFO - Created Permission View: can read on DAG:example_subdag_operator
[2024-10-06T19:08:54.894+0000] {logging_mixin.py:190} INFO - [2024-10-06T19:08:54.893+0000] {override.py:1900} INFO - Created Permission View: can delete on DAG Run:example_subdag_operator
[2024-10-06T19:08:54.909+0000] {logging_mixin.py:190} INFO - [2024-10-06T19:08:54.909+0000] {override.py:1900} INFO - Created Permission View: can create on DAG Run:example_subdag_operator
[2024-10-06T19:08:54.924+0000] {logging_mixin.py:190} INFO - [2024-10-06T19:08:54.924+0000] {override.py:1900} INFO - Created Permission View: can read on DAG Run:example_subdag_operator
[2024-10-06T19:08:54.936+0000] {logging_mixin.py:190} INFO - [2024-10-06T19:08:54.935+0000] {override.py:1900} INFO - Created Permission View: menu access on DAG Run:example_subdag_operator
[2024-10-06T19:08:54.938+0000] {logging_mixin.py:190} INFO - [2024-10-06T19:08:54.937+0000] {dag.py:3239} INFO - Sync 3 DAGs
[2024-10-06T19:08:54.961+0000] {logging_mixin.py:190} INFO - [2024-10-06T19:08:54.960+0000] {dag.py:3262} INFO - Creating ORM DAG for example_subdag_operator.section-1
[2024-10-06T19:08:54.962+0000] {logging_mixin.py:190} INFO - [2024-10-06T19:08:54.962+0000] {dag.py:3262} INFO - Creating ORM DAG for example_subdag_operator
[2024-10-06T19:08:54.963+0000] {logging_mixin.py:190} INFO - [2024-10-06T19:08:54.963+0000] {dag.py:3262} INFO - Creating ORM DAG for example_subdag_operator.section-2
[2024-10-06T19:08:54.977+0000] {logging_mixin.py:190} INFO - [2024-10-06T19:08:54.977+0000] {dag.py:4180} INFO - Setting next_dagrun for example_subdag_operator to 2022-01-01 00:00:00+00:00, run_after=2022-01-01 00:00:00+00:00
[2024-10-06T19:08:54.979+0000] {logging_mixin.py:190} INFO - [2024-10-06T19:08:54.978+0000] {dag.py:4180} INFO - Setting next_dagrun for example_subdag_operator.section-1 to None, run_after=None
[2024-10-06T19:08:54.980+0000] {logging_mixin.py:190} INFO - [2024-10-06T19:08:54.980+0000] {dag.py:4180} INFO - Setting next_dagrun for example_subdag_operator.section-2 to None, run_after=None
[2024-10-06T19:08:54.991+0000] {logging_mixin.py:190} INFO - [2024-10-06T19:08:54.991+0000] {dag.py:3239} INFO - Sync 2 DAGs
[2024-10-06T19:08:55.001+0000] {logging_mixin.py:190} INFO - [2024-10-06T19:08:55.000+0000] {dag.py:4180} INFO - Setting next_dagrun for example_subdag_operator.section-1 to None, run_after=None
[2024-10-06T19:08:55.005+0000] {logging_mixin.py:190} INFO - [2024-10-06T19:08:55.005+0000] {dag.py:4180} INFO - Setting next_dagrun for example_subdag_operator.section-2 to None, run_after=None
[2024-10-06T19:08:55.022+0000] {processor.py:208} INFO - Processing /home/airflow/.local/lib/python3.12/site-packages/airflow/example_dags/example_subdag_operator.py took 0.455 seconds
[2024-10-06T19:09:25.625+0000] {processor.py:186} INFO - Started process (PID=540) to work on /home/airflow/.local/lib/python3.12/site-packages/airflow/example_dags/example_subdag_operator.py
[2024-10-06T19:09:25.626+0000] {processor.py:914} INFO - Processing file /home/airflow/.local/lib/python3.12/site-packages/airflow/example_dags/example_subdag_operator.py for tasks to queue
[2024-10-06T19:09:25.627+0000] {logging_mixin.py:190} INFO - [2024-10-06T19:09:25.627+0000] {dagbag.py:588} INFO - Filling up the DagBag from /home/airflow/.local/lib/python3.12/site-packages/airflow/example_dags/example_subdag_operator.py
[2024-10-06T19:09:25.651+0000] {processor.py:925} INFO - DAG(s) 'example_subdag_operator.section-1', 'example_subdag_operator.section-2', 'example_subdag_operator' retrieved from /home/airflow/.local/lib/python3.12/site-packages/airflow/example_dags/example_subdag_operator.py
[2024-10-06T19:09:25.665+0000] {logging_mixin.py:190} INFO - [2024-10-06T19:09:25.664+0000] {dag.py:3239} INFO - Sync 3 DAGs
[2024-10-06T19:09:25.688+0000] {logging_mixin.py:190} INFO - [2024-10-06T19:09:25.688+0000] {dag.py:4180} INFO - Setting next_dagrun for example_subdag_operator to 2022-01-01 00:00:00+00:00, run_after=2022-01-01 00:00:00+00:00
[2024-10-06T19:09:25.692+0000] {logging_mixin.py:190} INFO - [2024-10-06T19:09:25.692+0000] {dag.py:4180} INFO - Setting next_dagrun for example_subdag_operator.section-1 to None, run_after=None
[2024-10-06T19:09:25.694+0000] {logging_mixin.py:190} INFO - [2024-10-06T19:09:25.694+0000] {dag.py:4180} INFO - Setting next_dagrun for example_subdag_operator.section-2 to None, run_after=None
[2024-10-06T19:09:25.701+0000] {logging_mixin.py:190} INFO - [2024-10-06T19:09:25.701+0000] {dag.py:3239} INFO - Sync 2 DAGs
[2024-10-06T19:09:25.709+0000] {logging_mixin.py:190} INFO - [2024-10-06T19:09:25.709+0000] {dag.py:4180} INFO - Setting next_dagrun for example_subdag_operator.section-1 to None, run_after=None
[2024-10-06T19:09:25.710+0000] {logging_mixin.py:190} INFO - [2024-10-06T19:09:25.710+0000] {dag.py:4180} INFO - Setting next_dagrun for example_subdag_operator.section-2 to None, run_after=None
[2024-10-06T19:09:25.728+0000] {processor.py:208} INFO - Processing /home/airflow/.local/lib/python3.12/site-packages/airflow/example_dags/example_subdag_operator.py took 0.107 seconds
[2024-10-06T19:09:55.831+0000] {processor.py:186} INFO - Started process (PID=826) to work on /home/airflow/.local/lib/python3.12/site-packages/airflow/example_dags/example_subdag_operator.py
[2024-10-06T19:09:55.832+0000] {processor.py:914} INFO - Processing file /home/airflow/.local/lib/python3.12/site-packages/airflow/example_dags/example_subdag_operator.py for tasks to queue
[2024-10-06T19:09:55.835+0000] {logging_mixin.py:190} INFO - [2024-10-06T19:09:55.834+0000] {dagbag.py:588} INFO - Filling up the DagBag from /home/airflow/.local/lib/python3.12/site-packages/airflow/example_dags/example_subdag_operator.py
[2024-10-06T19:09:55.856+0000] {processor.py:925} INFO - DAG(s) 'example_subdag_operator.section-1', 'example_subdag_operator.section-2', 'example_subdag_operator' retrieved from /home/airflow/.local/lib/python3.12/site-packages/airflow/example_dags/example_subdag_operator.py
[2024-10-06T19:09:55.872+0000] {logging_mixin.py:190} INFO - [2024-10-06T19:09:55.872+0000] {dag.py:3239} INFO - Sync 3 DAGs
[2024-10-06T19:09:55.893+0000] {logging_mixin.py:190} INFO - [2024-10-06T19:09:55.893+0000] {dag.py:4180} INFO - Setting next_dagrun for example_subdag_operator to 2022-01-01 00:00:00+00:00, run_after=2022-01-01 00:00:00+00:00
[2024-10-06T19:09:55.897+0000] {logging_mixin.py:190} INFO - [2024-10-06T19:09:55.897+0000] {dag.py:4180} INFO - Setting next_dagrun for example_subdag_operator.section-1 to None, run_after=None
[2024-10-06T19:09:55.899+0000] {logging_mixin.py:190} INFO - [2024-10-06T19:09:55.898+0000] {dag.py:4180} INFO - Setting next_dagrun for example_subdag_operator.section-2 to None, run_after=None
[2024-10-06T19:09:55.905+0000] {logging_mixin.py:190} INFO - [2024-10-06T19:09:55.905+0000] {dag.py:3239} INFO - Sync 2 DAGs
[2024-10-06T19:09:55.912+0000] {logging_mixin.py:190} INFO - [2024-10-06T19:09:55.912+0000] {dag.py:4180} INFO - Setting next_dagrun for example_subdag_operator.section-1 to None, run_after=None
[2024-10-06T19:09:55.913+0000] {logging_mixin.py:190} INFO - [2024-10-06T19:09:55.913+0000] {dag.py:4180} INFO - Setting next_dagrun for example_subdag_operator.section-2 to None, run_after=None
[2024-10-06T19:09:55.924+0000] {processor.py:208} INFO - Processing /home/airflow/.local/lib/python3.12/site-packages/airflow/example_dags/example_subdag_operator.py took 0.097 seconds
[2024-10-06T19:10:26.180+0000] {processor.py:186} INFO - Started process (PID=1112) to work on /home/airflow/.local/lib/python3.12/site-packages/airflow/example_dags/example_subdag_operator.py
[2024-10-06T19:10:26.181+0000] {processor.py:914} INFO - Processing file /home/airflow/.local/lib/python3.12/site-packages/airflow/example_dags/example_subdag_operator.py for tasks to queue
[2024-10-06T19:10:26.182+0000] {logging_mixin.py:190} INFO - [2024-10-06T19:10:26.182+0000] {dagbag.py:588} INFO - Filling up the DagBag from /home/airflow/.local/lib/python3.12/site-packages/airflow/example_dags/example_subdag_operator.py
[2024-10-06T19:10:26.206+0000] {processor.py:925} INFO - DAG(s) 'example_subdag_operator.section-1', 'example_subdag_operator.section-2', 'example_subdag_operator' retrieved from /home/airflow/.local/lib/python3.12/site-packages/airflow/example_dags/example_subdag_operator.py
[2024-10-06T19:10:26.220+0000] {logging_mixin.py:190} INFO - [2024-10-06T19:10:26.220+0000] {dag.py:3239} INFO - Sync 3 DAGs
[2024-10-06T19:10:26.243+0000] {logging_mixin.py:190} INFO - [2024-10-06T19:10:26.243+0000] {dag.py:4180} INFO - Setting next_dagrun for example_subdag_operator to 2022-01-01 00:00:00+00:00, run_after=2022-01-01 00:00:00+00:00
[2024-10-06T19:10:26.247+0000] {logging_mixin.py:190} INFO - [2024-10-06T19:10:26.246+0000] {dag.py:4180} INFO - Setting next_dagrun for example_subdag_operator.section-1 to None, run_after=None
[2024-10-06T19:10:26.248+0000] {logging_mixin.py:190} INFO - [2024-10-06T19:10:26.248+0000] {dag.py:4180} INFO - Setting next_dagrun for example_subdag_operator.section-2 to None, run_after=None
[2024-10-06T19:10:26.256+0000] {logging_mixin.py:190} INFO - [2024-10-06T19:10:26.255+0000] {dag.py:3239} INFO - Sync 2 DAGs
[2024-10-06T19:10:26.262+0000] {logging_mixin.py:190} INFO - [2024-10-06T19:10:26.262+0000] {dag.py:4180} INFO - Setting next_dagrun for example_subdag_operator.section-1 to None, run_after=None
[2024-10-06T19:10:26.263+0000] {logging_mixin.py:190} INFO - [2024-10-06T19:10:26.263+0000] {dag.py:4180} INFO - Setting next_dagrun for example_subdag_operator.section-2 to None, run_after=None
[2024-10-06T19:10:26.276+0000] {processor.py:208} INFO - Processing /home/airflow/.local/lib/python3.12/site-packages/airflow/example_dags/example_subdag_operator.py took 0.100 seconds
[2024-10-06T19:10:56.716+0000] {processor.py:186} INFO - Started process (PID=1422) to work on /home/airflow/.local/lib/python3.12/site-packages/airflow/example_dags/example_subdag_operator.py
[2024-10-06T19:10:56.717+0000] {processor.py:914} INFO - Processing file /home/airflow/.local/lib/python3.12/site-packages/airflow/example_dags/example_subdag_operator.py for tasks to queue
[2024-10-06T19:10:56.719+0000] {logging_mixin.py:190} INFO - [2024-10-06T19:10:56.718+0000] {dagbag.py:588} INFO - Filling up the DagBag from /home/airflow/.local/lib/python3.12/site-packages/airflow/example_dags/example_subdag_operator.py
[2024-10-06T19:10:56.742+0000] {processor.py:925} INFO - DAG(s) 'example_subdag_operator.section-1', 'example_subdag_operator.section-2', 'example_subdag_operator' retrieved from /home/airflow/.local/lib/python3.12/site-packages/airflow/example_dags/example_subdag_operator.py
[2024-10-06T19:10:56.759+0000] {logging_mixin.py:190} INFO - [2024-10-06T19:10:56.759+0000] {dag.py:3239} INFO - Sync 3 DAGs
[2024-10-06T19:10:56.780+0000] {logging_mixin.py:190} INFO - [2024-10-06T19:10:56.780+0000] {dag.py:4180} INFO - Setting next_dagrun for example_subdag_operator to 2022-01-01 00:00:00+00:00, run_after=2022-01-01 00:00:00+00:00
[2024-10-06T19:10:56.783+0000] {logging_mixin.py:190} INFO - [2024-10-06T19:10:56.783+0000] {dag.py:4180} INFO - Setting next_dagrun for example_subdag_operator.section-1 to None, run_after=None
[2024-10-06T19:10:56.784+0000] {logging_mixin.py:190} INFO - [2024-10-06T19:10:56.784+0000] {dag.py:4180} INFO - Setting next_dagrun for example_subdag_operator.section-2 to None, run_after=None
[2024-10-06T19:10:56.791+0000] {logging_mixin.py:190} INFO - [2024-10-06T19:10:56.791+0000] {dag.py:3239} INFO - Sync 2 DAGs
[2024-10-06T19:10:56.798+0000] {logging_mixin.py:190} INFO - [2024-10-06T19:10:56.797+0000] {dag.py:4180} INFO - Setting next_dagrun for example_subdag_operator.section-1 to None, run_after=None
[2024-10-06T19:10:56.798+0000] {logging_mixin.py:190} INFO - [2024-10-06T19:10:56.798+0000] {dag.py:4180} INFO - Setting next_dagrun for example_subdag_operator.section-2 to None, run_after=None
[2024-10-06T19:10:56.809+0000] {processor.py:208} INFO - Processing /home/airflow/.local/lib/python3.12/site-packages/airflow/example_dags/example_subdag_operator.py took 0.097 seconds
[2024-10-06T19:11:27.009+0000] {processor.py:186} INFO - Started process (PID=1708) to work on /home/airflow/.local/lib/python3.12/site-packages/airflow/example_dags/example_subdag_operator.py
[2024-10-06T19:11:27.010+0000] {processor.py:914} INFO - Processing file /home/airflow/.local/lib/python3.12/site-packages/airflow/example_dags/example_subdag_operator.py for tasks to queue
[2024-10-06T19:11:27.012+0000] {logging_mixin.py:190} INFO - [2024-10-06T19:11:27.011+0000] {dagbag.py:588} INFO - Filling up the DagBag from /home/airflow/.local/lib/python3.12/site-packages/airflow/example_dags/example_subdag_operator.py
[2024-10-06T19:11:27.033+0000] {processor.py:925} INFO - DAG(s) 'example_subdag_operator.section-1', 'example_subdag_operator.section-2', 'example_subdag_operator' retrieved from /home/airflow/.local/lib/python3.12/site-packages/airflow/example_dags/example_subdag_operator.py
[2024-10-06T19:11:27.047+0000] {logging_mixin.py:190} INFO - [2024-10-06T19:11:27.047+0000] {dag.py:3239} INFO - Sync 3 DAGs
[2024-10-06T19:11:27.070+0000] {logging_mixin.py:190} INFO - [2024-10-06T19:11:27.070+0000] {dag.py:4180} INFO - Setting next_dagrun for example_subdag_operator to 2022-01-01 00:00:00+00:00, run_after=2022-01-01 00:00:00+00:00
[2024-10-06T19:11:27.074+0000] {logging_mixin.py:190} INFO - [2024-10-06T19:11:27.074+0000] {dag.py:4180} INFO - Setting next_dagrun for example_subdag_operator.section-1 to None, run_after=None
[2024-10-06T19:11:27.076+0000] {logging_mixin.py:190} INFO - [2024-10-06T19:11:27.076+0000] {dag.py:4180} INFO - Setting next_dagrun for example_subdag_operator.section-2 to None, run_after=None
[2024-10-06T19:11:27.085+0000] {logging_mixin.py:190} INFO - [2024-10-06T19:11:27.085+0000] {dag.py:3239} INFO - Sync 2 DAGs
[2024-10-06T19:11:27.094+0000] {logging_mixin.py:190} INFO - [2024-10-06T19:11:27.094+0000] {dag.py:4180} INFO - Setting next_dagrun for example_subdag_operator.section-1 to None, run_after=None
[2024-10-06T19:11:27.095+0000] {logging_mixin.py:190} INFO - [2024-10-06T19:11:27.095+0000] {dag.py:4180} INFO - Setting next_dagrun for example_subdag_operator.section-2 to None, run_after=None
[2024-10-06T19:11:27.116+0000] {processor.py:208} INFO - Processing /home/airflow/.local/lib/python3.12/site-packages/airflow/example_dags/example_subdag_operator.py took 0.111 seconds
[2024-10-06T19:11:57.409+0000] {processor.py:186} INFO - Started process (PID=1994) to work on /home/airflow/.local/lib/python3.12/site-packages/airflow/example_dags/example_subdag_operator.py
[2024-10-06T19:11:57.410+0000] {processor.py:914} INFO - Processing file /home/airflow/.local/lib/python3.12/site-packages/airflow/example_dags/example_subdag_operator.py for tasks to queue
[2024-10-06T19:11:57.413+0000] {logging_mixin.py:190} INFO - [2024-10-06T19:11:57.412+0000] {dagbag.py:588} INFO - Filling up the DagBag from /home/airflow/.local/lib/python3.12/site-packages/airflow/example_dags/example_subdag_operator.py
[2024-10-06T19:11:57.434+0000] {processor.py:925} INFO - DAG(s) 'example_subdag_operator.section-1', 'example_subdag_operator.section-2', 'example_subdag_operator' retrieved from /home/airflow/.local/lib/python3.12/site-packages/airflow/example_dags/example_subdag_operator.py
[2024-10-06T19:11:57.450+0000] {logging_mixin.py:190} INFO - [2024-10-06T19:11:57.449+0000] {dag.py:3239} INFO - Sync 3 DAGs
[2024-10-06T19:11:57.471+0000] {logging_mixin.py:190} INFO - [2024-10-06T19:11:57.471+0000] {dag.py:4180} INFO - Setting next_dagrun for example_subdag_operator to 2022-01-01 00:00:00+00:00, run_after=2022-01-01 00:00:00+00:00
[2024-10-06T19:11:57.475+0000] {logging_mixin.py:190} INFO - [2024-10-06T19:11:57.475+0000] {dag.py:4180} INFO - Setting next_dagrun for example_subdag_operator.section-1 to None, run_after=None
[2024-10-06T19:11:57.477+0000] {logging_mixin.py:190} INFO - [2024-10-06T19:11:57.477+0000] {dag.py:4180} INFO - Setting next_dagrun for example_subdag_operator.section-2 to None, run_after=None
[2024-10-06T19:11:57.485+0000] {logging_mixin.py:190} INFO - [2024-10-06T19:11:57.485+0000] {dag.py:3239} INFO - Sync 2 DAGs
[2024-10-06T19:11:57.492+0000] {logging_mixin.py:190} INFO - [2024-10-06T19:11:57.491+0000] {dag.py:4180} INFO - Setting next_dagrun for example_subdag_operator.section-1 to None, run_after=None
[2024-10-06T19:11:57.492+0000] {logging_mixin.py:190} INFO - [2024-10-06T19:11:57.492+0000] {dag.py:4180} INFO - Setting next_dagrun for example_subdag_operator.section-2 to None, run_after=None
[2024-10-06T19:11:57.504+0000] {processor.py:208} INFO - Processing /home/airflow/.local/lib/python3.12/site-packages/airflow/example_dags/example_subdag_operator.py took 0.100 seconds
[2024-10-06T19:12:27.829+0000] {processor.py:186} INFO - Started process (PID=2280) to work on /home/airflow/.local/lib/python3.12/site-packages/airflow/example_dags/example_subdag_operator.py
[2024-10-06T19:12:27.830+0000] {processor.py:914} INFO - Processing file /home/airflow/.local/lib/python3.12/site-packages/airflow/example_dags/example_subdag_operator.py for tasks to queue
[2024-10-06T19:12:27.832+0000] {logging_mixin.py:190} INFO - [2024-10-06T19:12:27.831+0000] {dagbag.py:588} INFO - Filling up the DagBag from /home/airflow/.local/lib/python3.12/site-packages/airflow/example_dags/example_subdag_operator.py
[2024-10-06T19:12:27.852+0000] {processor.py:925} INFO - DAG(s) 'example_subdag_operator.section-1', 'example_subdag_operator.section-2', 'example_subdag_operator' retrieved from /home/airflow/.local/lib/python3.12/site-packages/airflow/example_dags/example_subdag_operator.py
[2024-10-06T19:12:27.866+0000] {logging_mixin.py:190} INFO - [2024-10-06T19:12:27.865+0000] {dag.py:3239} INFO - Sync 3 DAGs
[2024-10-06T19:12:27.891+0000] {logging_mixin.py:190} INFO - [2024-10-06T19:12:27.890+0000] {dag.py:4180} INFO - Setting next_dagrun for example_subdag_operator to 2022-01-01 00:00:00+00:00, run_after=2022-01-01 00:00:00+00:00
[2024-10-06T19:12:27.895+0000] {logging_mixin.py:190} INFO - [2024-10-06T19:12:27.895+0000] {dag.py:4180} INFO - Setting next_dagrun for example_subdag_operator.section-1 to None, run_after=None
[2024-10-06T19:12:27.897+0000] {logging_mixin.py:190} INFO - [2024-10-06T19:12:27.897+0000] {dag.py:4180} INFO - Setting next_dagrun for example_subdag_operator.section-2 to None, run_after=None
[2024-10-06T19:12:27.904+0000] {logging_mixin.py:190} INFO - [2024-10-06T19:12:27.904+0000] {dag.py:3239} INFO - Sync 2 DAGs
[2024-10-06T19:12:27.910+0000] {logging_mixin.py:190} INFO - [2024-10-06T19:12:27.910+0000] {dag.py:4180} INFO - Setting next_dagrun for example_subdag_operator.section-1 to None, run_after=None
[2024-10-06T19:12:27.911+0000] {logging_mixin.py:190} INFO - [2024-10-06T19:12:27.911+0000] {dag.py:4180} INFO - Setting next_dagrun for example_subdag_operator.section-2 to None, run_after=None
[2024-10-06T19:12:27.923+0000] {processor.py:208} INFO - Processing /home/airflow/.local/lib/python3.12/site-packages/airflow/example_dags/example_subdag_operator.py took 0.098 seconds
[2024-10-06T19:12:58.195+0000] {processor.py:186} INFO - Started process (PID=2566) to work on /home/airflow/.local/lib/python3.12/site-packages/airflow/example_dags/example_subdag_operator.py
[2024-10-06T19:12:58.195+0000] {processor.py:914} INFO - Processing file /home/airflow/.local/lib/python3.12/site-packages/airflow/example_dags/example_subdag_operator.py for tasks to queue
[2024-10-06T19:12:58.198+0000] {logging_mixin.py:190} INFO - [2024-10-06T19:12:58.197+0000] {dagbag.py:588} INFO - Filling up the DagBag from /home/airflow/.local/lib/python3.12/site-packages/airflow/example_dags/example_subdag_operator.py
[2024-10-06T19:12:58.217+0000] {processor.py:925} INFO - DAG(s) 'example_subdag_operator.section-1', 'example_subdag_operator.section-2', 'example_subdag_operator' retrieved from /home/airflow/.local/lib/python3.12/site-packages/airflow/example_dags/example_subdag_operator.py
[2024-10-06T19:12:58.231+0000] {logging_mixin.py:190} INFO - [2024-10-06T19:12:58.231+0000] {dag.py:3239} INFO - Sync 3 DAGs
[2024-10-06T19:12:58.253+0000] {logging_mixin.py:190} INFO - [2024-10-06T19:12:58.253+0000] {dag.py:4180} INFO - Setting next_dagrun for example_subdag_operator to 2022-01-01 00:00:00+00:00, run_after=2022-01-01 00:00:00+00:00
[2024-10-06T19:12:58.257+0000] {logging_mixin.py:190} INFO - [2024-10-06T19:12:58.257+0000] {dag.py:4180} INFO - Setting next_dagrun for example_subdag_operator.section-1 to None, run_after=None
[2024-10-06T19:12:58.258+0000] {logging_mixin.py:190} INFO - [2024-10-06T19:12:58.258+0000] {dag.py:4180} INFO - Setting next_dagrun for example_subdag_operator.section-2 to None, run_after=None
[2024-10-06T19:12:58.265+0000] {logging_mixin.py:190} INFO - [2024-10-06T19:12:58.265+0000] {dag.py:3239} INFO - Sync 2 DAGs
[2024-10-06T19:12:58.272+0000] {logging_mixin.py:190} INFO - [2024-10-06T19:12:58.271+0000] {dag.py:4180} INFO - Setting next_dagrun for example_subdag_operator.section-1 to None, run_after=None
[2024-10-06T19:12:58.273+0000] {logging_mixin.py:190} INFO - [2024-10-06T19:12:58.272+0000] {dag.py:4180} INFO - Setting next_dagrun for example_subdag_operator.section-2 to None, run_after=None
[2024-10-06T19:12:58.290+0000] {processor.py:208} INFO - Processing /home/airflow/.local/lib/python3.12/site-packages/airflow/example_dags/example_subdag_operator.py took 0.100 seconds
[2024-10-06T19:13:28.685+0000] {processor.py:186} INFO - Started process (PID=2852) to work on /home/airflow/.local/lib/python3.12/site-packages/airflow/example_dags/example_subdag_operator.py
[2024-10-06T19:13:28.685+0000] {processor.py:914} INFO - Processing file /home/airflow/.local/lib/python3.12/site-packages/airflow/example_dags/example_subdag_operator.py for tasks to queue
[2024-10-06T19:13:28.687+0000] {logging_mixin.py:190} INFO - [2024-10-06T19:13:28.687+0000] {dagbag.py:588} INFO - Filling up the DagBag from /home/airflow/.local/lib/python3.12/site-packages/airflow/example_dags/example_subdag_operator.py
[2024-10-06T19:13:28.708+0000] {processor.py:925} INFO - DAG(s) 'example_subdag_operator.section-1', 'example_subdag_operator.section-2', 'example_subdag_operator' retrieved from /home/airflow/.local/lib/python3.12/site-packages/airflow/example_dags/example_subdag_operator.py
[2024-10-06T19:13:28.721+0000] {logging_mixin.py:190} INFO - [2024-10-06T19:13:28.721+0000] {dag.py:3239} INFO - Sync 3 DAGs
[2024-10-06T19:13:28.743+0000] {logging_mixin.py:190} INFO - [2024-10-06T19:13:28.742+0000] {dag.py:4180} INFO - Setting next_dagrun for example_subdag_operator to 2022-01-01 00:00:00+00:00, run_after=2022-01-01 00:00:00+00:00
[2024-10-06T19:13:28.746+0000] {logging_mixin.py:190} INFO - [2024-10-06T19:13:28.746+0000] {dag.py:4180} INFO - Setting next_dagrun for example_subdag_operator.section-1 to None, run_after=None
[2024-10-06T19:13:28.748+0000] {logging_mixin.py:190} INFO - [2024-10-06T19:13:28.748+0000] {dag.py:4180} INFO - Setting next_dagrun for example_subdag_operator.section-2 to None, run_after=None
[2024-10-06T19:13:28.755+0000] {logging_mixin.py:190} INFO - [2024-10-06T19:13:28.755+0000] {dag.py:3239} INFO - Sync 2 DAGs
[2024-10-06T19:13:28.762+0000] {logging_mixin.py:190} INFO - [2024-10-06T19:13:28.761+0000] {dag.py:4180} INFO - Setting next_dagrun for example_subdag_operator.section-1 to None, run_after=None
[2024-10-06T19:13:28.762+0000] {logging_mixin.py:190} INFO - [2024-10-06T19:13:28.762+0000] {dag.py:4180} INFO - Setting next_dagrun for example_subdag_operator.section-2 to None, run_after=None
[2024-10-06T19:13:28.772+0000] {processor.py:208} INFO - Processing /home/airflow/.local/lib/python3.12/site-packages/airflow/example_dags/example_subdag_operator.py took 0.092 seconds
[2024-10-06T19:13:59.000+0000] {processor.py:186} INFO - Started process (PID=3143) to work on /home/airflow/.local/lib/python3.12/site-packages/airflow/example_dags/example_subdag_operator.py
[2024-10-06T19:13:59.001+0000] {processor.py:914} INFO - Processing file /home/airflow/.local/lib/python3.12/site-packages/airflow/example_dags/example_subdag_operator.py for tasks to queue
[2024-10-06T19:13:59.002+0000] {logging_mixin.py:190} INFO - [2024-10-06T19:13:59.002+0000] {dagbag.py:588} INFO - Filling up the DagBag from /home/airflow/.local/lib/python3.12/site-packages/airflow/example_dags/example_subdag_operator.py
[2024-10-06T19:13:59.023+0000] {processor.py:925} INFO - DAG(s) 'example_subdag_operator.section-1', 'example_subdag_operator.section-2', 'example_subdag_operator' retrieved from /home/airflow/.local/lib/python3.12/site-packages/airflow/example_dags/example_subdag_operator.py
[2024-10-06T19:13:59.037+0000] {logging_mixin.py:190} INFO - [2024-10-06T19:13:59.037+0000] {dag.py:3239} INFO - Sync 3 DAGs
[2024-10-06T19:13:59.064+0000] {logging_mixin.py:190} INFO - [2024-10-06T19:13:59.064+0000] {dag.py:4180} INFO - Setting next_dagrun for example_subdag_operator to 2022-01-01 00:00:00+00:00, run_after=2022-01-01 00:00:00+00:00
[2024-10-06T19:13:59.068+0000] {logging_mixin.py:190} INFO - [2024-10-06T19:13:59.067+0000] {dag.py:4180} INFO - Setting next_dagrun for example_subdag_operator.section-1 to None, run_after=None
[2024-10-06T19:13:59.070+0000] {logging_mixin.py:190} INFO - [2024-10-06T19:13:59.070+0000] {dag.py:4180} INFO - Setting next_dagrun for example_subdag_operator.section-2 to None, run_after=None
[2024-10-06T19:13:59.078+0000] {logging_mixin.py:190} INFO - [2024-10-06T19:13:59.078+0000] {dag.py:3239} INFO - Sync 2 DAGs
[2024-10-06T19:13:59.085+0000] {logging_mixin.py:190} INFO - [2024-10-06T19:13:59.084+0000] {dag.py:4180} INFO - Setting next_dagrun for example_subdag_operator.section-1 to None, run_after=None
[2024-10-06T19:13:59.086+0000] {logging_mixin.py:190} INFO - [2024-10-06T19:13:59.086+0000] {dag.py:4180} INFO - Setting next_dagrun for example_subdag_operator.section-2 to None, run_after=None
[2024-10-06T19:13:59.100+0000] {processor.py:208} INFO - Processing /home/airflow/.local/lib/python3.12/site-packages/airflow/example_dags/example_subdag_operator.py took 0.104 seconds
[2024-10-06T19:14:29.247+0000] {processor.py:186} INFO - Started process (PID=3434) to work on /home/airflow/.local/lib/python3.12/site-packages/airflow/example_dags/example_subdag_operator.py
[2024-10-06T19:14:29.247+0000] {processor.py:914} INFO - Processing file /home/airflow/.local/lib/python3.12/site-packages/airflow/example_dags/example_subdag_operator.py for tasks to queue
[2024-10-06T19:14:29.249+0000] {logging_mixin.py:190} INFO - [2024-10-06T19:14:29.248+0000] {dagbag.py:588} INFO - Filling up the DagBag from /home/airflow/.local/lib/python3.12/site-packages/airflow/example_dags/example_subdag_operator.py
[2024-10-06T19:14:29.268+0000] {processor.py:925} INFO - DAG(s) 'example_subdag_operator.section-1', 'example_subdag_operator.section-2', 'example_subdag_operator' retrieved from /home/airflow/.local/lib/python3.12/site-packages/airflow/example_dags/example_subdag_operator.py
[2024-10-06T19:14:29.280+0000] {logging_mixin.py:190} INFO - [2024-10-06T19:14:29.280+0000] {dag.py:3239} INFO - Sync 3 DAGs
[2024-10-06T19:14:29.301+0000] {logging_mixin.py:190} INFO - [2024-10-06T19:14:29.300+0000] {dag.py:4180} INFO - Setting next_dagrun for example_subdag_operator to 2022-01-01 00:00:00+00:00, run_after=2022-01-01 00:00:00+00:00
[2024-10-06T19:14:29.304+0000] {logging_mixin.py:190} INFO - [2024-10-06T19:14:29.304+0000] {dag.py:4180} INFO - Setting next_dagrun for example_subdag_operator.section-1 to None, run_after=None
[2024-10-06T19:14:29.306+0000] {logging_mixin.py:190} INFO - [2024-10-06T19:14:29.306+0000] {dag.py:4180} INFO - Setting next_dagrun for example_subdag_operator.section-2 to None, run_after=None
[2024-10-06T19:14:29.314+0000] {logging_mixin.py:190} INFO - [2024-10-06T19:14:29.313+0000] {dag.py:3239} INFO - Sync 2 DAGs
[2024-10-06T19:14:29.319+0000] {logging_mixin.py:190} INFO - [2024-10-06T19:14:29.319+0000] {dag.py:4180} INFO - Setting next_dagrun for example_subdag_operator.section-1 to None, run_after=None
[2024-10-06T19:14:29.320+0000] {logging_mixin.py:190} INFO - [2024-10-06T19:14:29.319+0000] {dag.py:4180} INFO - Setting next_dagrun for example_subdag_operator.section-2 to None, run_after=None
[2024-10-06T19:14:29.331+0000] {processor.py:208} INFO - Processing /home/airflow/.local/lib/python3.12/site-packages/airflow/example_dags/example_subdag_operator.py took 0.088 seconds
[2024-10-06T19:14:59.661+0000] {processor.py:186} INFO - Started process (PID=3725) to work on /home/airflow/.local/lib/python3.12/site-packages/airflow/example_dags/example_subdag_operator.py
[2024-10-06T19:14:59.661+0000] {processor.py:914} INFO - Processing file /home/airflow/.local/lib/python3.12/site-packages/airflow/example_dags/example_subdag_operator.py for tasks to queue
[2024-10-06T19:14:59.663+0000] {logging_mixin.py:190} INFO - [2024-10-06T19:14:59.662+0000] {dagbag.py:588} INFO - Filling up the DagBag from /home/airflow/.local/lib/python3.12/site-packages/airflow/example_dags/example_subdag_operator.py
[2024-10-06T19:14:59.683+0000] {processor.py:925} INFO - DAG(s) 'example_subdag_operator.section-1', 'example_subdag_operator.section-2', 'example_subdag_operator' retrieved from /home/airflow/.local/lib/python3.12/site-packages/airflow/example_dags/example_subdag_operator.py
[2024-10-06T19:14:59.697+0000] {logging_mixin.py:190} INFO - [2024-10-06T19:14:59.697+0000] {dag.py:3239} INFO - Sync 3 DAGs
[2024-10-06T19:14:59.717+0000] {logging_mixin.py:190} INFO - [2024-10-06T19:14:59.717+0000] {dag.py:4180} INFO - Setting next_dagrun for example_subdag_operator to 2022-01-01 00:00:00+00:00, run_after=2022-01-01 00:00:00+00:00
[2024-10-06T19:14:59.720+0000] {logging_mixin.py:190} INFO - [2024-10-06T19:14:59.720+0000] {dag.py:4180} INFO - Setting next_dagrun for example_subdag_operator.section-1 to None, run_after=None
[2024-10-06T19:14:59.722+0000] {logging_mixin.py:190} INFO - [2024-10-06T19:14:59.721+0000] {dag.py:4180} INFO - Setting next_dagrun for example_subdag_operator.section-2 to None, run_after=None
[2024-10-06T19:14:59.728+0000] {logging_mixin.py:190} INFO - [2024-10-06T19:14:59.727+0000] {dag.py:3239} INFO - Sync 2 DAGs
[2024-10-06T19:14:59.734+0000] {logging_mixin.py:190} INFO - [2024-10-06T19:14:59.733+0000] {dag.py:4180} INFO - Setting next_dagrun for example_subdag_operator.section-1 to None, run_after=None
[2024-10-06T19:14:59.734+0000] {logging_mixin.py:190} INFO - [2024-10-06T19:14:59.734+0000] {dag.py:4180} INFO - Setting next_dagrun for example_subdag_operator.section-2 to None, run_after=None
[2024-10-06T19:14:59.745+0000] {processor.py:208} INFO - Processing /home/airflow/.local/lib/python3.12/site-packages/airflow/example_dags/example_subdag_operator.py took 0.088 seconds
[2024-10-06T19:15:29.916+0000] {processor.py:186} INFO - Started process (PID=4021) to work on /home/airflow/.local/lib/python3.12/site-packages/airflow/example_dags/example_subdag_operator.py
[2024-10-06T19:15:29.917+0000] {processor.py:914} INFO - Processing file /home/airflow/.local/lib/python3.12/site-packages/airflow/example_dags/example_subdag_operator.py for tasks to queue
[2024-10-06T19:15:29.919+0000] {logging_mixin.py:190} INFO - [2024-10-06T19:15:29.919+0000] {dagbag.py:588} INFO - Filling up the DagBag from /home/airflow/.local/lib/python3.12/site-packages/airflow/example_dags/example_subdag_operator.py
[2024-10-06T19:15:29.938+0000] {processor.py:925} INFO - DAG(s) 'example_subdag_operator.section-1', 'example_subdag_operator.section-2', 'example_subdag_operator' retrieved from /home/airflow/.local/lib/python3.12/site-packages/airflow/example_dags/example_subdag_operator.py
[2024-10-06T19:15:29.953+0000] {logging_mixin.py:190} INFO - [2024-10-06T19:15:29.953+0000] {dag.py:3239} INFO - Sync 3 DAGs
[2024-10-06T19:15:29.974+0000] {logging_mixin.py:190} INFO - [2024-10-06T19:15:29.974+0000] {dag.py:4180} INFO - Setting next_dagrun for example_subdag_operator to 2022-01-01 00:00:00+00:00, run_after=2022-01-01 00:00:00+00:00
[2024-10-06T19:15:29.978+0000] {logging_mixin.py:190} INFO - [2024-10-06T19:15:29.978+0000] {dag.py:4180} INFO - Setting next_dagrun for example_subdag_operator.section-1 to None, run_after=None
[2024-10-06T19:15:29.980+0000] {logging_mixin.py:190} INFO - [2024-10-06T19:15:29.979+0000] {dag.py:4180} INFO - Setting next_dagrun for example_subdag_operator.section-2 to None, run_after=None
[2024-10-06T19:15:29.987+0000] {logging_mixin.py:190} INFO - [2024-10-06T19:15:29.986+0000] {dag.py:3239} INFO - Sync 2 DAGs
[2024-10-06T19:15:29.993+0000] {logging_mixin.py:190} INFO - [2024-10-06T19:15:29.992+0000] {dag.py:4180} INFO - Setting next_dagrun for example_subdag_operator.section-1 to None, run_after=None
[2024-10-06T19:15:29.993+0000] {logging_mixin.py:190} INFO - [2024-10-06T19:15:29.993+0000] {dag.py:4180} INFO - Setting next_dagrun for example_subdag_operator.section-2 to None, run_after=None
[2024-10-06T19:15:30.004+0000] {processor.py:208} INFO - Processing /home/airflow/.local/lib/python3.12/site-packages/airflow/example_dags/example_subdag_operator.py took 0.091 seconds
[2024-10-06T19:16:00.129+0000] {processor.py:186} INFO - Started process (PID=4312) to work on /home/airflow/.local/lib/python3.12/site-packages/airflow/example_dags/example_subdag_operator.py
[2024-10-06T19:16:00.130+0000] {processor.py:914} INFO - Processing file /home/airflow/.local/lib/python3.12/site-packages/airflow/example_dags/example_subdag_operator.py for tasks to queue
[2024-10-06T19:16:00.131+0000] {logging_mixin.py:190} INFO - [2024-10-06T19:16:00.131+0000] {dagbag.py:588} INFO - Filling up the DagBag from /home/airflow/.local/lib/python3.12/site-packages/airflow/example_dags/example_subdag_operator.py
[2024-10-06T19:16:00.151+0000] {processor.py:925} INFO - DAG(s) 'example_subdag_operator.section-1', 'example_subdag_operator.section-2', 'example_subdag_operator' retrieved from /home/airflow/.local/lib/python3.12/site-packages/airflow/example_dags/example_subdag_operator.py
[2024-10-06T19:16:00.165+0000] {logging_mixin.py:190} INFO - [2024-10-06T19:16:00.165+0000] {dag.py:3239} INFO - Sync 3 DAGs
[2024-10-06T19:16:00.186+0000] {logging_mixin.py:190} INFO - [2024-10-06T19:16:00.186+0000] {dag.py:4180} INFO - Setting next_dagrun for example_subdag_operator to 2022-01-01 00:00:00+00:00, run_after=2022-01-01 00:00:00+00:00
[2024-10-06T19:16:00.189+0000] {logging_mixin.py:190} INFO - [2024-10-06T19:16:00.189+0000] {dag.py:4180} INFO - Setting next_dagrun for example_subdag_operator.section-1 to None, run_after=None
[2024-10-06T19:16:00.191+0000] {logging_mixin.py:190} INFO - [2024-10-06T19:16:00.191+0000] {dag.py:4180} INFO - Setting next_dagrun for example_subdag_operator.section-2 to None, run_after=None
[2024-10-06T19:16:00.197+0000] {logging_mixin.py:190} INFO - [2024-10-06T19:16:00.197+0000] {dag.py:3239} INFO - Sync 2 DAGs
[2024-10-06T19:16:00.203+0000] {logging_mixin.py:190} INFO - [2024-10-06T19:16:00.202+0000] {dag.py:4180} INFO - Setting next_dagrun for example_subdag_operator.section-1 to None, run_after=None
[2024-10-06T19:16:00.203+0000] {logging_mixin.py:190} INFO - [2024-10-06T19:16:00.203+0000] {dag.py:4180} INFO - Setting next_dagrun for example_subdag_operator.section-2 to None, run_after=None
[2024-10-06T19:16:00.214+0000] {processor.py:208} INFO - Processing /home/airflow/.local/lib/python3.12/site-packages/airflow/example_dags/example_subdag_operator.py took 0.089 seconds
[2024-10-06T19:16:30.407+0000] {processor.py:186} INFO - Started process (PID=4603) to work on /home/airflow/.local/lib/python3.12/site-packages/airflow/example_dags/example_subdag_operator.py
[2024-10-06T19:16:30.407+0000] {processor.py:914} INFO - Processing file /home/airflow/.local/lib/python3.12/site-packages/airflow/example_dags/example_subdag_operator.py for tasks to queue
[2024-10-06T19:16:30.409+0000] {logging_mixin.py:190} INFO - [2024-10-06T19:16:30.409+0000] {dagbag.py:588} INFO - Filling up the DagBag from /home/airflow/.local/lib/python3.12/site-packages/airflow/example_dags/example_subdag_operator.py
[2024-10-06T19:16:30.429+0000] {processor.py:925} INFO - DAG(s) 'example_subdag_operator.section-1', 'example_subdag_operator.section-2', 'example_subdag_operator' retrieved from /home/airflow/.local/lib/python3.12/site-packages/airflow/example_dags/example_subdag_operator.py
[2024-10-06T19:16:30.443+0000] {logging_mixin.py:190} INFO - [2024-10-06T19:16:30.442+0000] {dag.py:3239} INFO - Sync 3 DAGs
[2024-10-06T19:16:30.463+0000] {logging_mixin.py:190} INFO - [2024-10-06T19:16:30.463+0000] {dag.py:4180} INFO - Setting next_dagrun for example_subdag_operator to 2022-01-01 00:00:00+00:00, run_after=2022-01-01 00:00:00+00:00
[2024-10-06T19:16:30.466+0000] {logging_mixin.py:190} INFO - [2024-10-06T19:16:30.466+0000] {dag.py:4180} INFO - Setting next_dagrun for example_subdag_operator.section-1 to None, run_after=None
[2024-10-06T19:16:30.468+0000] {logging_mixin.py:190} INFO - [2024-10-06T19:16:30.467+0000] {dag.py:4180} INFO - Setting next_dagrun for example_subdag_operator.section-2 to None, run_after=None
[2024-10-06T19:16:30.473+0000] {logging_mixin.py:190} INFO - [2024-10-06T19:16:30.473+0000] {dag.py:3239} INFO - Sync 2 DAGs
[2024-10-06T19:16:30.478+0000] {logging_mixin.py:190} INFO - [2024-10-06T19:16:30.478+0000] {dag.py:4180} INFO - Setting next_dagrun for example_subdag_operator.section-1 to None, run_after=None
[2024-10-06T19:16:30.479+0000] {logging_mixin.py:190} INFO - [2024-10-06T19:16:30.478+0000] {dag.py:4180} INFO - Setting next_dagrun for example_subdag_operator.section-2 to None, run_after=None
[2024-10-06T19:16:30.490+0000] {processor.py:208} INFO - Processing /home/airflow/.local/lib/python3.12/site-packages/airflow/example_dags/example_subdag_operator.py took 0.087 seconds
[2024-10-06T19:17:00.733+0000] {processor.py:186} INFO - Started process (PID=4894) to work on /home/airflow/.local/lib/python3.12/site-packages/airflow/example_dags/example_subdag_operator.py
[2024-10-06T19:17:00.734+0000] {processor.py:914} INFO - Processing file /home/airflow/.local/lib/python3.12/site-packages/airflow/example_dags/example_subdag_operator.py for tasks to queue
[2024-10-06T19:17:00.736+0000] {logging_mixin.py:190} INFO - [2024-10-06T19:17:00.736+0000] {dagbag.py:588} INFO - Filling up the DagBag from /home/airflow/.local/lib/python3.12/site-packages/airflow/example_dags/example_subdag_operator.py
[2024-10-06T19:17:00.756+0000] {processor.py:925} INFO - DAG(s) 'example_subdag_operator.section-1', 'example_subdag_operator.section-2', 'example_subdag_operator' retrieved from /home/airflow/.local/lib/python3.12/site-packages/airflow/example_dags/example_subdag_operator.py
[2024-10-06T19:17:00.770+0000] {logging_mixin.py:190} INFO - [2024-10-06T19:17:00.770+0000] {dag.py:3239} INFO - Sync 3 DAGs
[2024-10-06T19:17:00.789+0000] {logging_mixin.py:190} INFO - [2024-10-06T19:17:00.789+0000] {dag.py:4180} INFO - Setting next_dagrun for example_subdag_operator to 2022-01-01 00:00:00+00:00, run_after=2022-01-01 00:00:00+00:00
[2024-10-06T19:17:00.793+0000] {logging_mixin.py:190} INFO - [2024-10-06T19:17:00.793+0000] {dag.py:4180} INFO - Setting next_dagrun for example_subdag_operator.section-1 to None, run_after=None
[2024-10-06T19:17:00.795+0000] {logging_mixin.py:190} INFO - [2024-10-06T19:17:00.794+0000] {dag.py:4180} INFO - Setting next_dagrun for example_subdag_operator.section-2 to None, run_after=None
[2024-10-06T19:17:00.801+0000] {logging_mixin.py:190} INFO - [2024-10-06T19:17:00.800+0000] {dag.py:3239} INFO - Sync 2 DAGs
[2024-10-06T19:17:00.808+0000] {logging_mixin.py:190} INFO - [2024-10-06T19:17:00.808+0000] {dag.py:4180} INFO - Setting next_dagrun for example_subdag_operator.section-1 to None, run_after=None
[2024-10-06T19:17:00.809+0000] {logging_mixin.py:190} INFO - [2024-10-06T19:17:00.809+0000] {dag.py:4180} INFO - Setting next_dagrun for example_subdag_operator.section-2 to None, run_after=None
[2024-10-06T19:17:00.821+0000] {processor.py:208} INFO - Processing /home/airflow/.local/lib/python3.12/site-packages/airflow/example_dags/example_subdag_operator.py took 0.092 seconds
[2024-10-06T19:17:31.129+0000] {processor.py:186} INFO - Started process (PID=5185) to work on /home/airflow/.local/lib/python3.12/site-packages/airflow/example_dags/example_subdag_operator.py
[2024-10-06T19:17:31.130+0000] {processor.py:914} INFO - Processing file /home/airflow/.local/lib/python3.12/site-packages/airflow/example_dags/example_subdag_operator.py for tasks to queue
[2024-10-06T19:17:31.132+0000] {logging_mixin.py:190} INFO - [2024-10-06T19:17:31.132+0000] {dagbag.py:588} INFO - Filling up the DagBag from /home/airflow/.local/lib/python3.12/site-packages/airflow/example_dags/example_subdag_operator.py
[2024-10-06T19:17:31.151+0000] {processor.py:925} INFO - DAG(s) 'example_subdag_operator.section-1', 'example_subdag_operator.section-2', 'example_subdag_operator' retrieved from /home/airflow/.local/lib/python3.12/site-packages/airflow/example_dags/example_subdag_operator.py
[2024-10-06T19:17:31.165+0000] {logging_mixin.py:190} INFO - [2024-10-06T19:17:31.165+0000] {dag.py:3239} INFO - Sync 3 DAGs
[2024-10-06T19:17:31.185+0000] {logging_mixin.py:190} INFO - [2024-10-06T19:17:31.184+0000] {dag.py:4180} INFO - Setting next_dagrun for example_subdag_operator to 2022-01-01 00:00:00+00:00, run_after=2022-01-01 00:00:00+00:00
[2024-10-06T19:17:31.188+0000] {logging_mixin.py:190} INFO - [2024-10-06T19:17:31.188+0000] {dag.py:4180} INFO - Setting next_dagrun for example_subdag_operator.section-1 to None, run_after=None
[2024-10-06T19:17:31.191+0000] {logging_mixin.py:190} INFO - [2024-10-06T19:17:31.191+0000] {dag.py:4180} INFO - Setting next_dagrun for example_subdag_operator.section-2 to None, run_after=None
[2024-10-06T19:17:31.199+0000] {logging_mixin.py:190} INFO - [2024-10-06T19:17:31.199+0000] {dag.py:3239} INFO - Sync 2 DAGs
[2024-10-06T19:17:31.205+0000] {logging_mixin.py:190} INFO - [2024-10-06T19:17:31.205+0000] {dag.py:4180} INFO - Setting next_dagrun for example_subdag_operator.section-1 to None, run_after=None
[2024-10-06T19:17:31.206+0000] {logging_mixin.py:190} INFO - [2024-10-06T19:17:31.206+0000] {dag.py:4180} INFO - Setting next_dagrun for example_subdag_operator.section-2 to None, run_after=None
[2024-10-06T19:17:31.225+0000] {processor.py:208} INFO - Processing /home/airflow/.local/lib/python3.12/site-packages/airflow/example_dags/example_subdag_operator.py took 0.099 seconds
[2024-10-06T19:18:01.385+0000] {processor.py:186} INFO - Started process (PID=5476) to work on /home/airflow/.local/lib/python3.12/site-packages/airflow/example_dags/example_subdag_operator.py
[2024-10-06T19:18:01.386+0000] {processor.py:914} INFO - Processing file /home/airflow/.local/lib/python3.12/site-packages/airflow/example_dags/example_subdag_operator.py for tasks to queue
[2024-10-06T19:18:01.388+0000] {logging_mixin.py:190} INFO - [2024-10-06T19:18:01.387+0000] {dagbag.py:588} INFO - Filling up the DagBag from /home/airflow/.local/lib/python3.12/site-packages/airflow/example_dags/example_subdag_operator.py
[2024-10-06T19:18:01.408+0000] {processor.py:925} INFO - DAG(s) 'example_subdag_operator.section-1', 'example_subdag_operator.section-2', 'example_subdag_operator' retrieved from /home/airflow/.local/lib/python3.12/site-packages/airflow/example_dags/example_subdag_operator.py
[2024-10-06T19:18:01.423+0000] {logging_mixin.py:190} INFO - [2024-10-06T19:18:01.422+0000] {dag.py:3239} INFO - Sync 3 DAGs
[2024-10-06T19:18:01.442+0000] {logging_mixin.py:190} INFO - [2024-10-06T19:18:01.442+0000] {dag.py:4180} INFO - Setting next_dagrun for example_subdag_operator to 2022-01-01 00:00:00+00:00, run_after=2022-01-01 00:00:00+00:00
[2024-10-06T19:18:01.446+0000] {logging_mixin.py:190} INFO - [2024-10-06T19:18:01.446+0000] {dag.py:4180} INFO - Setting next_dagrun for example_subdag_operator.section-1 to None, run_after=None
[2024-10-06T19:18:01.448+0000] {logging_mixin.py:190} INFO - [2024-10-06T19:18:01.447+0000] {dag.py:4180} INFO - Setting next_dagrun for example_subdag_operator.section-2 to None, run_after=None
[2024-10-06T19:18:01.455+0000] {logging_mixin.py:190} INFO - [2024-10-06T19:18:01.454+0000] {dag.py:3239} INFO - Sync 2 DAGs
[2024-10-06T19:18:01.461+0000] {logging_mixin.py:190} INFO - [2024-10-06T19:18:01.460+0000] {dag.py:4180} INFO - Setting next_dagrun for example_subdag_operator.section-1 to None, run_after=None
[2024-10-06T19:18:01.461+0000] {logging_mixin.py:190} INFO - [2024-10-06T19:18:01.461+0000] {dag.py:4180} INFO - Setting next_dagrun for example_subdag_operator.section-2 to None, run_after=None
[2024-10-06T19:18:01.472+0000] {processor.py:208} INFO - Processing /home/airflow/.local/lib/python3.12/site-packages/airflow/example_dags/example_subdag_operator.py took 0.091 seconds
[2024-10-06T19:18:31.705+0000] {processor.py:186} INFO - Started process (PID=5767) to work on /home/airflow/.local/lib/python3.12/site-packages/airflow/example_dags/example_subdag_operator.py
[2024-10-06T19:18:31.706+0000] {processor.py:914} INFO - Processing file /home/airflow/.local/lib/python3.12/site-packages/airflow/example_dags/example_subdag_operator.py for tasks to queue
[2024-10-06T19:18:31.708+0000] {logging_mixin.py:190} INFO - [2024-10-06T19:18:31.707+0000] {dagbag.py:588} INFO - Filling up the DagBag from /home/airflow/.local/lib/python3.12/site-packages/airflow/example_dags/example_subdag_operator.py
[2024-10-06T19:18:31.727+0000] {processor.py:925} INFO - DAG(s) 'example_subdag_operator.section-1', 'example_subdag_operator.section-2', 'example_subdag_operator' retrieved from /home/airflow/.local/lib/python3.12/site-packages/airflow/example_dags/example_subdag_operator.py
[2024-10-06T19:18:31.739+0000] {logging_mixin.py:190} INFO - [2024-10-06T19:18:31.739+0000] {dag.py:3239} INFO - Sync 3 DAGs
[2024-10-06T19:18:31.758+0000] {logging_mixin.py:190} INFO - [2024-10-06T19:18:31.758+0000] {dag.py:4180} INFO - Setting next_dagrun for example_subdag_operator to 2022-01-01 00:00:00+00:00, run_after=2022-01-01 00:00:00+00:00
[2024-10-06T19:18:31.762+0000] {logging_mixin.py:190} INFO - [2024-10-06T19:18:31.762+0000] {dag.py:4180} INFO - Setting next_dagrun for example_subdag_operator.section-1 to None, run_after=None
[2024-10-06T19:18:31.763+0000] {logging_mixin.py:190} INFO - [2024-10-06T19:18:31.763+0000] {dag.py:4180} INFO - Setting next_dagrun for example_subdag_operator.section-2 to None, run_after=None
[2024-10-06T19:18:31.769+0000] {logging_mixin.py:190} INFO - [2024-10-06T19:18:31.769+0000] {dag.py:3239} INFO - Sync 2 DAGs
[2024-10-06T19:18:31.775+0000] {logging_mixin.py:190} INFO - [2024-10-06T19:18:31.775+0000] {dag.py:4180} INFO - Setting next_dagrun for example_subdag_operator.section-1 to None, run_after=None
[2024-10-06T19:18:31.776+0000] {logging_mixin.py:190} INFO - [2024-10-06T19:18:31.776+0000] {dag.py:4180} INFO - Setting next_dagrun for example_subdag_operator.section-2 to None, run_after=None
[2024-10-06T19:18:31.788+0000] {processor.py:208} INFO - Processing /home/airflow/.local/lib/python3.12/site-packages/airflow/example_dags/example_subdag_operator.py took 0.087 seconds
[2024-10-06T19:19:02.162+0000] {processor.py:186} INFO - Started process (PID=6063) to work on /home/airflow/.local/lib/python3.12/site-packages/airflow/example_dags/example_subdag_operator.py
[2024-10-06T19:19:02.162+0000] {processor.py:914} INFO - Processing file /home/airflow/.local/lib/python3.12/site-packages/airflow/example_dags/example_subdag_operator.py for tasks to queue
[2024-10-06T19:19:02.164+0000] {logging_mixin.py:190} INFO - [2024-10-06T19:19:02.164+0000] {dagbag.py:588} INFO - Filling up the DagBag from /home/airflow/.local/lib/python3.12/site-packages/airflow/example_dags/example_subdag_operator.py
[2024-10-06T19:19:02.185+0000] {processor.py:925} INFO - DAG(s) 'example_subdag_operator.section-1', 'example_subdag_operator.section-2', 'example_subdag_operator' retrieved from /home/airflow/.local/lib/python3.12/site-packages/airflow/example_dags/example_subdag_operator.py
[2024-10-06T19:19:02.198+0000] {logging_mixin.py:190} INFO - [2024-10-06T19:19:02.198+0000] {dag.py:3239} INFO - Sync 3 DAGs
[2024-10-06T19:19:02.219+0000] {logging_mixin.py:190} INFO - [2024-10-06T19:19:02.219+0000] {dag.py:4180} INFO - Setting next_dagrun for example_subdag_operator to 2022-01-01 00:00:00+00:00, run_after=2022-01-01 00:00:00+00:00
[2024-10-06T19:19:02.223+0000] {logging_mixin.py:190} INFO - [2024-10-06T19:19:02.223+0000] {dag.py:4180} INFO - Setting next_dagrun for example_subdag_operator.section-1 to None, run_after=None
[2024-10-06T19:19:02.224+0000] {logging_mixin.py:190} INFO - [2024-10-06T19:19:02.224+0000] {dag.py:4180} INFO - Setting next_dagrun for example_subdag_operator.section-2 to None, run_after=None
[2024-10-06T19:19:02.231+0000] {logging_mixin.py:190} INFO - [2024-10-06T19:19:02.231+0000] {dag.py:3239} INFO - Sync 2 DAGs
[2024-10-06T19:19:02.237+0000] {logging_mixin.py:190} INFO - [2024-10-06T19:19:02.237+0000] {dag.py:4180} INFO - Setting next_dagrun for example_subdag_operator.section-1 to None, run_after=None
[2024-10-06T19:19:02.238+0000] {logging_mixin.py:190} INFO - [2024-10-06T19:19:02.237+0000] {dag.py:4180} INFO - Setting next_dagrun for example_subdag_operator.section-2 to None, run_after=None
[2024-10-06T19:19:02.249+0000] {processor.py:208} INFO - Processing /home/airflow/.local/lib/python3.12/site-packages/airflow/example_dags/example_subdag_operator.py took 0.091 seconds
[2024-10-06T19:19:32.352+0000] {processor.py:186} INFO - Started process (PID=6354) to work on /home/airflow/.local/lib/python3.12/site-packages/airflow/example_dags/example_subdag_operator.py
[2024-10-06T19:19:32.353+0000] {processor.py:914} INFO - Processing file /home/airflow/.local/lib/python3.12/site-packages/airflow/example_dags/example_subdag_operator.py for tasks to queue
[2024-10-06T19:19:32.355+0000] {logging_mixin.py:190} INFO - [2024-10-06T19:19:32.355+0000] {dagbag.py:588} INFO - Filling up the DagBag from /home/airflow/.local/lib/python3.12/site-packages/airflow/example_dags/example_subdag_operator.py
[2024-10-06T19:19:32.376+0000] {processor.py:925} INFO - DAG(s) 'example_subdag_operator.section-1', 'example_subdag_operator.section-2', 'example_subdag_operator' retrieved from /home/airflow/.local/lib/python3.12/site-packages/airflow/example_dags/example_subdag_operator.py
[2024-10-06T19:19:32.391+0000] {logging_mixin.py:190} INFO - [2024-10-06T19:19:32.390+0000] {dag.py:3239} INFO - Sync 3 DAGs
[2024-10-06T19:19:32.411+0000] {logging_mixin.py:190} INFO - [2024-10-06T19:19:32.410+0000] {dag.py:4180} INFO - Setting next_dagrun for example_subdag_operator to 2022-01-01 00:00:00+00:00, run_after=2022-01-01 00:00:00+00:00
[2024-10-06T19:19:32.414+0000] {logging_mixin.py:190} INFO - [2024-10-06T19:19:32.414+0000] {dag.py:4180} INFO - Setting next_dagrun for example_subdag_operator.section-1 to None, run_after=None
[2024-10-06T19:19:32.416+0000] {logging_mixin.py:190} INFO - [2024-10-06T19:19:32.416+0000] {dag.py:4180} INFO - Setting next_dagrun for example_subdag_operator.section-2 to None, run_after=None
[2024-10-06T19:19:32.422+0000] {logging_mixin.py:190} INFO - [2024-10-06T19:19:32.422+0000] {dag.py:3239} INFO - Sync 2 DAGs
[2024-10-06T19:19:32.428+0000] {logging_mixin.py:190} INFO - [2024-10-06T19:19:32.427+0000] {dag.py:4180} INFO - Setting next_dagrun for example_subdag_operator.section-1 to None, run_after=None
[2024-10-06T19:19:32.428+0000] {logging_mixin.py:190} INFO - [2024-10-06T19:19:32.428+0000] {dag.py:4180} INFO - Setting next_dagrun for example_subdag_operator.section-2 to None, run_after=None
[2024-10-06T19:19:32.440+0000] {processor.py:208} INFO - Processing /home/airflow/.local/lib/python3.12/site-packages/airflow/example_dags/example_subdag_operator.py took 0.091 seconds
[2024-10-06T19:20:02.830+0000] {processor.py:186} INFO - Started process (PID=6645) to work on /home/airflow/.local/lib/python3.12/site-packages/airflow/example_dags/example_subdag_operator.py
[2024-10-06T19:20:02.831+0000] {processor.py:914} INFO - Processing file /home/airflow/.local/lib/python3.12/site-packages/airflow/example_dags/example_subdag_operator.py for tasks to queue
[2024-10-06T19:20:02.832+0000] {logging_mixin.py:190} INFO - [2024-10-06T19:20:02.832+0000] {dagbag.py:588} INFO - Filling up the DagBag from /home/airflow/.local/lib/python3.12/site-packages/airflow/example_dags/example_subdag_operator.py
[2024-10-06T19:20:02.853+0000] {processor.py:925} INFO - DAG(s) 'example_subdag_operator.section-1', 'example_subdag_operator.section-2', 'example_subdag_operator' retrieved from /home/airflow/.local/lib/python3.12/site-packages/airflow/example_dags/example_subdag_operator.py
[2024-10-06T19:20:02.867+0000] {logging_mixin.py:190} INFO - [2024-10-06T19:20:02.866+0000] {dag.py:3239} INFO - Sync 3 DAGs
[2024-10-06T19:20:02.891+0000] {logging_mixin.py:190} INFO - [2024-10-06T19:20:02.891+0000] {dag.py:4180} INFO - Setting next_dagrun for example_subdag_operator to 2022-01-01 00:00:00+00:00, run_after=2022-01-01 00:00:00+00:00
[2024-10-06T19:20:02.895+0000] {logging_mixin.py:190} INFO - [2024-10-06T19:20:02.895+0000] {dag.py:4180} INFO - Setting next_dagrun for example_subdag_operator.section-1 to None, run_after=None
[2024-10-06T19:20:02.897+0000] {logging_mixin.py:190} INFO - [2024-10-06T19:20:02.897+0000] {dag.py:4180} INFO - Setting next_dagrun for example_subdag_operator.section-2 to None, run_after=None
[2024-10-06T19:20:02.903+0000] {logging_mixin.py:190} INFO - [2024-10-06T19:20:02.903+0000] {dag.py:3239} INFO - Sync 2 DAGs
[2024-10-06T19:20:02.909+0000] {logging_mixin.py:190} INFO - [2024-10-06T19:20:02.909+0000] {dag.py:4180} INFO - Setting next_dagrun for example_subdag_operator.section-1 to None, run_after=None
[2024-10-06T19:20:02.909+0000] {logging_mixin.py:190} INFO - [2024-10-06T19:20:02.909+0000] {dag.py:4180} INFO - Setting next_dagrun for example_subdag_operator.section-2 to None, run_after=None
[2024-10-06T19:20:02.920+0000] {processor.py:208} INFO - Processing /home/airflow/.local/lib/python3.12/site-packages/airflow/example_dags/example_subdag_operator.py took 0.094 seconds
[2024-10-06T19:20:33.243+0000] {processor.py:186} INFO - Started process (PID=6936) to work on /home/airflow/.local/lib/python3.12/site-packages/airflow/example_dags/example_subdag_operator.py
[2024-10-06T19:20:33.243+0000] {processor.py:914} INFO - Processing file /home/airflow/.local/lib/python3.12/site-packages/airflow/example_dags/example_subdag_operator.py for tasks to queue
[2024-10-06T19:20:33.245+0000] {logging_mixin.py:190} INFO - [2024-10-06T19:20:33.245+0000] {dagbag.py:588} INFO - Filling up the DagBag from /home/airflow/.local/lib/python3.12/site-packages/airflow/example_dags/example_subdag_operator.py
[2024-10-06T19:20:33.264+0000] {processor.py:925} INFO - DAG(s) 'example_subdag_operator.section-1', 'example_subdag_operator.section-2', 'example_subdag_operator' retrieved from /home/airflow/.local/lib/python3.12/site-packages/airflow/example_dags/example_subdag_operator.py
[2024-10-06T19:20:33.276+0000] {logging_mixin.py:190} INFO - [2024-10-06T19:20:33.276+0000] {dag.py:3239} INFO - Sync 3 DAGs
[2024-10-06T19:20:33.298+0000] {logging_mixin.py:190} INFO - [2024-10-06T19:20:33.298+0000] {dag.py:4180} INFO - Setting next_dagrun for example_subdag_operator to 2022-01-01 00:00:00+00:00, run_after=2022-01-01 00:00:00+00:00
[2024-10-06T19:20:33.301+0000] {logging_mixin.py:190} INFO - [2024-10-06T19:20:33.301+0000] {dag.py:4180} INFO - Setting next_dagrun for example_subdag_operator.section-1 to None, run_after=None
[2024-10-06T19:20:33.303+0000] {logging_mixin.py:190} INFO - [2024-10-06T19:20:33.303+0000] {dag.py:4180} INFO - Setting next_dagrun for example_subdag_operator.section-2 to None, run_after=None
[2024-10-06T19:20:33.310+0000] {logging_mixin.py:190} INFO - [2024-10-06T19:20:33.309+0000] {dag.py:3239} INFO - Sync 2 DAGs
[2024-10-06T19:20:33.316+0000] {logging_mixin.py:190} INFO - [2024-10-06T19:20:33.316+0000] {dag.py:4180} INFO - Setting next_dagrun for example_subdag_operator.section-1 to None, run_after=None
[2024-10-06T19:20:33.317+0000] {logging_mixin.py:190} INFO - [2024-10-06T19:20:33.317+0000] {dag.py:4180} INFO - Setting next_dagrun for example_subdag_operator.section-2 to None, run_after=None
[2024-10-06T19:20:33.328+0000] {processor.py:208} INFO - Processing /home/airflow/.local/lib/python3.12/site-packages/airflow/example_dags/example_subdag_operator.py took 0.089 seconds
[2024-10-06T19:21:03.539+0000] {processor.py:186} INFO - Started process (PID=7227) to work on /home/airflow/.local/lib/python3.12/site-packages/airflow/example_dags/example_subdag_operator.py
[2024-10-06T19:21:03.540+0000] {processor.py:914} INFO - Processing file /home/airflow/.local/lib/python3.12/site-packages/airflow/example_dags/example_subdag_operator.py for tasks to queue
[2024-10-06T19:21:03.541+0000] {logging_mixin.py:190} INFO - [2024-10-06T19:21:03.541+0000] {dagbag.py:588} INFO - Filling up the DagBag from /home/airflow/.local/lib/python3.12/site-packages/airflow/example_dags/example_subdag_operator.py
[2024-10-06T19:21:03.565+0000] {processor.py:925} INFO - DAG(s) 'example_subdag_operator.section-1', 'example_subdag_operator.section-2', 'example_subdag_operator' retrieved from /home/airflow/.local/lib/python3.12/site-packages/airflow/example_dags/example_subdag_operator.py
[2024-10-06T19:21:03.581+0000] {logging_mixin.py:190} INFO - [2024-10-06T19:21:03.581+0000] {dag.py:3239} INFO - Sync 3 DAGs
[2024-10-06T19:21:03.604+0000] {logging_mixin.py:190} INFO - [2024-10-06T19:21:03.603+0000] {dag.py:4180} INFO - Setting next_dagrun for example_subdag_operator to 2022-01-01 00:00:00+00:00, run_after=2022-01-01 00:00:00+00:00
[2024-10-06T19:21:03.608+0000] {logging_mixin.py:190} INFO - [2024-10-06T19:21:03.607+0000] {dag.py:4180} INFO - Setting next_dagrun for example_subdag_operator.section-1 to None, run_after=None
[2024-10-06T19:21:03.609+0000] {logging_mixin.py:190} INFO - [2024-10-06T19:21:03.609+0000] {dag.py:4180} INFO - Setting next_dagrun for example_subdag_operator.section-2 to None, run_after=None
[2024-10-06T19:21:03.616+0000] {logging_mixin.py:190} INFO - [2024-10-06T19:21:03.616+0000] {dag.py:3239} INFO - Sync 2 DAGs
[2024-10-06T19:21:03.624+0000] {logging_mixin.py:190} INFO - [2024-10-06T19:21:03.623+0000] {dag.py:4180} INFO - Setting next_dagrun for example_subdag_operator.section-1 to None, run_after=None
[2024-10-06T19:21:03.624+0000] {logging_mixin.py:190} INFO - [2024-10-06T19:21:03.624+0000] {dag.py:4180} INFO - Setting next_dagrun for example_subdag_operator.section-2 to None, run_after=None
[2024-10-06T19:21:03.635+0000] {processor.py:208} INFO - Processing /home/airflow/.local/lib/python3.12/site-packages/airflow/example_dags/example_subdag_operator.py took 0.101 seconds
[2024-10-06T19:21:34.071+0000] {processor.py:186} INFO - Started process (PID=7523) to work on /home/airflow/.local/lib/python3.12/site-packages/airflow/example_dags/example_subdag_operator.py
[2024-10-06T19:21:34.072+0000] {processor.py:914} INFO - Processing file /home/airflow/.local/lib/python3.12/site-packages/airflow/example_dags/example_subdag_operator.py for tasks to queue
[2024-10-06T19:21:34.074+0000] {logging_mixin.py:190} INFO - [2024-10-06T19:21:34.074+0000] {dagbag.py:588} INFO - Filling up the DagBag from /home/airflow/.local/lib/python3.12/site-packages/airflow/example_dags/example_subdag_operator.py
[2024-10-06T19:21:34.094+0000] {processor.py:925} INFO - DAG(s) 'example_subdag_operator.section-1', 'example_subdag_operator.section-2', 'example_subdag_operator' retrieved from /home/airflow/.local/lib/python3.12/site-packages/airflow/example_dags/example_subdag_operator.py
[2024-10-06T19:21:34.107+0000] {logging_mixin.py:190} INFO - [2024-10-06T19:21:34.107+0000] {dag.py:3239} INFO - Sync 3 DAGs
[2024-10-06T19:21:34.130+0000] {logging_mixin.py:190} INFO - [2024-10-06T19:21:34.130+0000] {dag.py:4180} INFO - Setting next_dagrun for example_subdag_operator to 2022-01-01 00:00:00+00:00, run_after=2022-01-01 00:00:00+00:00
[2024-10-06T19:21:34.134+0000] {logging_mixin.py:190} INFO - [2024-10-06T19:21:34.134+0000] {dag.py:4180} INFO - Setting next_dagrun for example_subdag_operator.section-1 to None, run_after=None
[2024-10-06T19:21:34.135+0000] {logging_mixin.py:190} INFO - [2024-10-06T19:21:34.135+0000] {dag.py:4180} INFO - Setting next_dagrun for example_subdag_operator.section-2 to None, run_after=None
[2024-10-06T19:21:34.142+0000] {logging_mixin.py:190} INFO - [2024-10-06T19:21:34.141+0000] {dag.py:3239} INFO - Sync 2 DAGs
[2024-10-06T19:21:34.148+0000] {logging_mixin.py:190} INFO - [2024-10-06T19:21:34.148+0000] {dag.py:4180} INFO - Setting next_dagrun for example_subdag_operator.section-1 to None, run_after=None
[2024-10-06T19:21:34.149+0000] {logging_mixin.py:190} INFO - [2024-10-06T19:21:34.148+0000] {dag.py:4180} INFO - Setting next_dagrun for example_subdag_operator.section-2 to None, run_after=None
[2024-10-06T19:21:34.163+0000] {processor.py:208} INFO - Processing /home/airflow/.local/lib/python3.12/site-packages/airflow/example_dags/example_subdag_operator.py took 0.095 seconds
