[2024-10-06T19:08:59.427+0000] {processor.py:186} INFO - Started process (PID=379) to work on /home/airflow/.local/lib/python3.12/site-packages/airflow/example_dags/example_xcom.py
[2024-10-06T19:08:59.428+0000] {processor.py:914} INFO - Processing file /home/airflow/.local/lib/python3.12/site-packages/airflow/example_dags/example_xcom.py for tasks to queue
[2024-10-06T19:08:59.430+0000] {logging_mixin.py:190} INFO - [2024-10-06T19:08:59.430+0000] {dagbag.py:588} INFO - Filling up the DagBag from /home/airflow/.local/lib/python3.12/site-packages/airflow/example_dags/example_xcom.py
[2024-10-06T19:08:59.439+0000] {processor.py:925} INFO - DAG(s) 'example_xcom' retrieved from /home/airflow/.local/lib/python3.12/site-packages/airflow/example_dags/example_xcom.py
[2024-10-06T19:08:59.546+0000] {logging_mixin.py:190} INFO - [2024-10-06T19:08:59.545+0000] {override.py:1900} INFO - Created Permission View: can delete on DAG:example_xcom
[2024-10-06T19:08:59.557+0000] {logging_mixin.py:190} INFO - [2024-10-06T19:08:59.556+0000] {override.py:1900} INFO - Created Permission View: can edit on DAG:example_xcom
[2024-10-06T19:08:59.564+0000] {logging_mixin.py:190} INFO - [2024-10-06T19:08:59.563+0000] {override.py:1900} INFO - Created Permission View: can read on DAG:example_xcom
[2024-10-06T19:08:59.579+0000] {logging_mixin.py:190} INFO - [2024-10-06T19:08:59.578+0000] {override.py:1900} INFO - Created Permission View: can delete on DAG Run:example_xcom
[2024-10-06T19:08:59.590+0000] {logging_mixin.py:190} INFO - [2024-10-06T19:08:59.589+0000] {override.py:1900} INFO - Created Permission View: can create on DAG Run:example_xcom
[2024-10-06T19:08:59.602+0000] {logging_mixin.py:190} INFO - [2024-10-06T19:08:59.601+0000] {override.py:1900} INFO - Created Permission View: can read on DAG Run:example_xcom
[2024-10-06T19:08:59.612+0000] {logging_mixin.py:190} INFO - [2024-10-06T19:08:59.611+0000] {override.py:1900} INFO - Created Permission View: menu access on DAG Run:example_xcom
[2024-10-06T19:08:59.613+0000] {logging_mixin.py:190} INFO - [2024-10-06T19:08:59.612+0000] {dag.py:3239} INFO - Sync 1 DAGs
[2024-10-06T19:08:59.630+0000] {logging_mixin.py:190} INFO - [2024-10-06T19:08:59.629+0000] {dag.py:3262} INFO - Creating ORM DAG for example_xcom
[2024-10-06T19:08:59.640+0000] {logging_mixin.py:190} INFO - [2024-10-06T19:08:59.640+0000] {dag.py:4180} INFO - Setting next_dagrun for example_xcom to 2021-01-01 00:00:00+00:00, run_after=2021-01-01 00:00:00+00:00
[2024-10-06T19:08:59.655+0000] {processor.py:208} INFO - Processing /home/airflow/.local/lib/python3.12/site-packages/airflow/example_dags/example_xcom.py took 0.234 seconds
[2024-10-06T19:09:29.732+0000] {processor.py:186} INFO - Started process (PID=665) to work on /home/airflow/.local/lib/python3.12/site-packages/airflow/example_dags/example_xcom.py
[2024-10-06T19:09:29.733+0000] {processor.py:914} INFO - Processing file /home/airflow/.local/lib/python3.12/site-packages/airflow/example_dags/example_xcom.py for tasks to queue
[2024-10-06T19:09:29.735+0000] {logging_mixin.py:190} INFO - [2024-10-06T19:09:29.735+0000] {dagbag.py:588} INFO - Filling up the DagBag from /home/airflow/.local/lib/python3.12/site-packages/airflow/example_dags/example_xcom.py
[2024-10-06T19:09:29.744+0000] {processor.py:925} INFO - DAG(s) 'example_xcom' retrieved from /home/airflow/.local/lib/python3.12/site-packages/airflow/example_dags/example_xcom.py
[2024-10-06T19:09:29.766+0000] {logging_mixin.py:190} INFO - [2024-10-06T19:09:29.765+0000] {dag.py:3239} INFO - Sync 1 DAGs
[2024-10-06T19:09:29.792+0000] {logging_mixin.py:190} INFO - [2024-10-06T19:09:29.792+0000] {dag.py:4180} INFO - Setting next_dagrun for example_xcom to 2021-01-01 00:00:00+00:00, run_after=2021-01-01 00:00:00+00:00
[2024-10-06T19:09:29.811+0000] {processor.py:208} INFO - Processing /home/airflow/.local/lib/python3.12/site-packages/airflow/example_dags/example_xcom.py took 0.085 seconds
[2024-10-06T19:10:00.393+0000] {processor.py:186} INFO - Started process (PID=951) to work on /home/airflow/.local/lib/python3.12/site-packages/airflow/example_dags/example_xcom.py
[2024-10-06T19:10:00.394+0000] {processor.py:914} INFO - Processing file /home/airflow/.local/lib/python3.12/site-packages/airflow/example_dags/example_xcom.py for tasks to queue
[2024-10-06T19:10:00.396+0000] {logging_mixin.py:190} INFO - [2024-10-06T19:10:00.396+0000] {dagbag.py:588} INFO - Filling up the DagBag from /home/airflow/.local/lib/python3.12/site-packages/airflow/example_dags/example_xcom.py
[2024-10-06T19:10:00.404+0000] {processor.py:925} INFO - DAG(s) 'example_xcom' retrieved from /home/airflow/.local/lib/python3.12/site-packages/airflow/example_dags/example_xcom.py
[2024-10-06T19:10:00.422+0000] {logging_mixin.py:190} INFO - [2024-10-06T19:10:00.422+0000] {dag.py:3239} INFO - Sync 1 DAGs
[2024-10-06T19:10:00.443+0000] {logging_mixin.py:190} INFO - [2024-10-06T19:10:00.442+0000] {dag.py:4180} INFO - Setting next_dagrun for example_xcom to 2021-01-01 00:00:00+00:00, run_after=2021-01-01 00:00:00+00:00
[2024-10-06T19:10:00.460+0000] {processor.py:208} INFO - Processing /home/airflow/.local/lib/python3.12/site-packages/airflow/example_dags/example_xcom.py took 0.073 seconds
[2024-10-06T19:10:30.844+0000] {processor.py:186} INFO - Started process (PID=1237) to work on /home/airflow/.local/lib/python3.12/site-packages/airflow/example_dags/example_xcom.py
[2024-10-06T19:10:30.845+0000] {processor.py:914} INFO - Processing file /home/airflow/.local/lib/python3.12/site-packages/airflow/example_dags/example_xcom.py for tasks to queue
[2024-10-06T19:10:30.847+0000] {logging_mixin.py:190} INFO - [2024-10-06T19:10:30.846+0000] {dagbag.py:588} INFO - Filling up the DagBag from /home/airflow/.local/lib/python3.12/site-packages/airflow/example_dags/example_xcom.py
[2024-10-06T19:10:30.855+0000] {processor.py:925} INFO - DAG(s) 'example_xcom' retrieved from /home/airflow/.local/lib/python3.12/site-packages/airflow/example_dags/example_xcom.py
[2024-10-06T19:10:30.875+0000] {logging_mixin.py:190} INFO - [2024-10-06T19:10:30.874+0000] {dag.py:3239} INFO - Sync 1 DAGs
[2024-10-06T19:10:30.897+0000] {logging_mixin.py:190} INFO - [2024-10-06T19:10:30.897+0000] {dag.py:4180} INFO - Setting next_dagrun for example_xcom to 2021-01-01 00:00:00+00:00, run_after=2021-01-01 00:00:00+00:00
[2024-10-06T19:10:30.915+0000] {processor.py:208} INFO - Processing /home/airflow/.local/lib/python3.12/site-packages/airflow/example_dags/example_xcom.py took 0.076 seconds
[2024-10-06T19:11:01.131+0000] {processor.py:186} INFO - Started process (PID=1547) to work on /home/airflow/.local/lib/python3.12/site-packages/airflow/example_dags/example_xcom.py
[2024-10-06T19:11:01.132+0000] {processor.py:914} INFO - Processing file /home/airflow/.local/lib/python3.12/site-packages/airflow/example_dags/example_xcom.py for tasks to queue
[2024-10-06T19:11:01.134+0000] {logging_mixin.py:190} INFO - [2024-10-06T19:11:01.133+0000] {dagbag.py:588} INFO - Filling up the DagBag from /home/airflow/.local/lib/python3.12/site-packages/airflow/example_dags/example_xcom.py
[2024-10-06T19:11:01.140+0000] {processor.py:925} INFO - DAG(s) 'example_xcom' retrieved from /home/airflow/.local/lib/python3.12/site-packages/airflow/example_dags/example_xcom.py
[2024-10-06T19:11:01.156+0000] {logging_mixin.py:190} INFO - [2024-10-06T19:11:01.156+0000] {dag.py:3239} INFO - Sync 1 DAGs
[2024-10-06T19:11:01.175+0000] {logging_mixin.py:190} INFO - [2024-10-06T19:11:01.175+0000] {dag.py:4180} INFO - Setting next_dagrun for example_xcom to 2021-01-01 00:00:00+00:00, run_after=2021-01-01 00:00:00+00:00
[2024-10-06T19:11:01.190+0000] {processor.py:208} INFO - Processing /home/airflow/.local/lib/python3.12/site-packages/airflow/example_dags/example_xcom.py took 0.063 seconds
[2024-10-06T19:11:31.604+0000] {processor.py:186} INFO - Started process (PID=1835) to work on /home/airflow/.local/lib/python3.12/site-packages/airflow/example_dags/example_xcom.py
[2024-10-06T19:11:31.605+0000] {processor.py:914} INFO - Processing file /home/airflow/.local/lib/python3.12/site-packages/airflow/example_dags/example_xcom.py for tasks to queue
[2024-10-06T19:11:31.607+0000] {logging_mixin.py:190} INFO - [2024-10-06T19:11:31.607+0000] {dagbag.py:588} INFO - Filling up the DagBag from /home/airflow/.local/lib/python3.12/site-packages/airflow/example_dags/example_xcom.py
[2024-10-06T19:11:31.614+0000] {processor.py:925} INFO - DAG(s) 'example_xcom' retrieved from /home/airflow/.local/lib/python3.12/site-packages/airflow/example_dags/example_xcom.py
[2024-10-06T19:11:31.633+0000] {logging_mixin.py:190} INFO - [2024-10-06T19:11:31.633+0000] {dag.py:3239} INFO - Sync 1 DAGs
[2024-10-06T19:11:31.655+0000] {logging_mixin.py:190} INFO - [2024-10-06T19:11:31.655+0000] {dag.py:4180} INFO - Setting next_dagrun for example_xcom to 2021-01-01 00:00:00+00:00, run_after=2021-01-01 00:00:00+00:00
[2024-10-06T19:11:31.674+0000] {processor.py:208} INFO - Processing /home/airflow/.local/lib/python3.12/site-packages/airflow/example_dags/example_xcom.py took 0.074 seconds
[2024-10-06T19:12:01.998+0000] {processor.py:186} INFO - Started process (PID=2119) to work on /home/airflow/.local/lib/python3.12/site-packages/airflow/example_dags/example_xcom.py
[2024-10-06T19:12:01.998+0000] {processor.py:914} INFO - Processing file /home/airflow/.local/lib/python3.12/site-packages/airflow/example_dags/example_xcom.py for tasks to queue
[2024-10-06T19:12:02.001+0000] {logging_mixin.py:190} INFO - [2024-10-06T19:12:02.000+0000] {dagbag.py:588} INFO - Filling up the DagBag from /home/airflow/.local/lib/python3.12/site-packages/airflow/example_dags/example_xcom.py
[2024-10-06T19:12:02.009+0000] {processor.py:925} INFO - DAG(s) 'example_xcom' retrieved from /home/airflow/.local/lib/python3.12/site-packages/airflow/example_dags/example_xcom.py
[2024-10-06T19:12:02.029+0000] {logging_mixin.py:190} INFO - [2024-10-06T19:12:02.028+0000] {dag.py:3239} INFO - Sync 1 DAGs
[2024-10-06T19:12:02.053+0000] {logging_mixin.py:190} INFO - [2024-10-06T19:12:02.053+0000] {dag.py:4180} INFO - Setting next_dagrun for example_xcom to 2021-01-01 00:00:00+00:00, run_after=2021-01-01 00:00:00+00:00
[2024-10-06T19:12:02.073+0000] {processor.py:208} INFO - Processing /home/airflow/.local/lib/python3.12/site-packages/airflow/example_dags/example_xcom.py took 0.081 seconds
[2024-10-06T19:12:32.372+0000] {processor.py:186} INFO - Started process (PID=2405) to work on /home/airflow/.local/lib/python3.12/site-packages/airflow/example_dags/example_xcom.py
[2024-10-06T19:12:32.373+0000] {processor.py:914} INFO - Processing file /home/airflow/.local/lib/python3.12/site-packages/airflow/example_dags/example_xcom.py for tasks to queue
[2024-10-06T19:12:32.376+0000] {logging_mixin.py:190} INFO - [2024-10-06T19:12:32.375+0000] {dagbag.py:588} INFO - Filling up the DagBag from /home/airflow/.local/lib/python3.12/site-packages/airflow/example_dags/example_xcom.py
[2024-10-06T19:12:32.382+0000] {processor.py:925} INFO - DAG(s) 'example_xcom' retrieved from /home/airflow/.local/lib/python3.12/site-packages/airflow/example_dags/example_xcom.py
[2024-10-06T19:12:32.399+0000] {logging_mixin.py:190} INFO - [2024-10-06T19:12:32.399+0000] {dag.py:3239} INFO - Sync 1 DAGs
[2024-10-06T19:12:32.420+0000] {logging_mixin.py:190} INFO - [2024-10-06T19:12:32.420+0000] {dag.py:4180} INFO - Setting next_dagrun for example_xcom to 2021-01-01 00:00:00+00:00, run_after=2021-01-01 00:00:00+00:00
[2024-10-06T19:12:32.436+0000] {processor.py:208} INFO - Processing /home/airflow/.local/lib/python3.12/site-packages/airflow/example_dags/example_xcom.py took 0.068 seconds
[2024-10-06T19:13:02.705+0000] {processor.py:186} INFO - Started process (PID=2691) to work on /home/airflow/.local/lib/python3.12/site-packages/airflow/example_dags/example_xcom.py
[2024-10-06T19:13:02.706+0000] {processor.py:914} INFO - Processing file /home/airflow/.local/lib/python3.12/site-packages/airflow/example_dags/example_xcom.py for tasks to queue
[2024-10-06T19:13:02.707+0000] {logging_mixin.py:190} INFO - [2024-10-06T19:13:02.707+0000] {dagbag.py:588} INFO - Filling up the DagBag from /home/airflow/.local/lib/python3.12/site-packages/airflow/example_dags/example_xcom.py
[2024-10-06T19:13:02.715+0000] {processor.py:925} INFO - DAG(s) 'example_xcom' retrieved from /home/airflow/.local/lib/python3.12/site-packages/airflow/example_dags/example_xcom.py
[2024-10-06T19:13:02.736+0000] {logging_mixin.py:190} INFO - [2024-10-06T19:13:02.736+0000] {dag.py:3239} INFO - Sync 1 DAGs
[2024-10-06T19:13:02.757+0000] {logging_mixin.py:190} INFO - [2024-10-06T19:13:02.756+0000] {dag.py:4180} INFO - Setting next_dagrun for example_xcom to 2021-01-01 00:00:00+00:00, run_after=2021-01-01 00:00:00+00:00
[2024-10-06T19:13:02.774+0000] {processor.py:208} INFO - Processing /home/airflow/.local/lib/python3.12/site-packages/airflow/example_dags/example_xcom.py took 0.075 seconds
[2024-10-06T19:13:33.154+0000] {processor.py:186} INFO - Started process (PID=2977) to work on /home/airflow/.local/lib/python3.12/site-packages/airflow/example_dags/example_xcom.py
[2024-10-06T19:13:33.156+0000] {processor.py:914} INFO - Processing file /home/airflow/.local/lib/python3.12/site-packages/airflow/example_dags/example_xcom.py for tasks to queue
[2024-10-06T19:13:33.158+0000] {logging_mixin.py:190} INFO - [2024-10-06T19:13:33.158+0000] {dagbag.py:588} INFO - Filling up the DagBag from /home/airflow/.local/lib/python3.12/site-packages/airflow/example_dags/example_xcom.py
[2024-10-06T19:13:33.167+0000] {processor.py:925} INFO - DAG(s) 'example_xcom' retrieved from /home/airflow/.local/lib/python3.12/site-packages/airflow/example_dags/example_xcom.py
[2024-10-06T19:13:33.186+0000] {logging_mixin.py:190} INFO - [2024-10-06T19:13:33.186+0000] {dag.py:3239} INFO - Sync 1 DAGs
[2024-10-06T19:13:33.210+0000] {logging_mixin.py:190} INFO - [2024-10-06T19:13:33.209+0000] {dag.py:4180} INFO - Setting next_dagrun for example_xcom to 2021-01-01 00:00:00+00:00, run_after=2021-01-01 00:00:00+00:00
[2024-10-06T19:13:33.231+0000] {processor.py:208} INFO - Processing /home/airflow/.local/lib/python3.12/site-packages/airflow/example_dags/example_xcom.py took 0.081 seconds
[2024-10-06T19:14:03.509+0000] {processor.py:186} INFO - Started process (PID=3268) to work on /home/airflow/.local/lib/python3.12/site-packages/airflow/example_dags/example_xcom.py
[2024-10-06T19:14:03.510+0000] {processor.py:914} INFO - Processing file /home/airflow/.local/lib/python3.12/site-packages/airflow/example_dags/example_xcom.py for tasks to queue
[2024-10-06T19:14:03.513+0000] {logging_mixin.py:190} INFO - [2024-10-06T19:14:03.513+0000] {dagbag.py:588} INFO - Filling up the DagBag from /home/airflow/.local/lib/python3.12/site-packages/airflow/example_dags/example_xcom.py
[2024-10-06T19:14:03.520+0000] {processor.py:925} INFO - DAG(s) 'example_xcom' retrieved from /home/airflow/.local/lib/python3.12/site-packages/airflow/example_dags/example_xcom.py
[2024-10-06T19:14:03.539+0000] {logging_mixin.py:190} INFO - [2024-10-06T19:14:03.538+0000] {dag.py:3239} INFO - Sync 1 DAGs
[2024-10-06T19:14:03.560+0000] {logging_mixin.py:190} INFO - [2024-10-06T19:14:03.560+0000] {dag.py:4180} INFO - Setting next_dagrun for example_xcom to 2021-01-01 00:00:00+00:00, run_after=2021-01-01 00:00:00+00:00
[2024-10-06T19:14:03.578+0000] {processor.py:208} INFO - Processing /home/airflow/.local/lib/python3.12/site-packages/airflow/example_dags/example_xcom.py took 0.072 seconds
[2024-10-06T19:14:33.853+0000] {processor.py:186} INFO - Started process (PID=3559) to work on /home/airflow/.local/lib/python3.12/site-packages/airflow/example_dags/example_xcom.py
[2024-10-06T19:14:33.854+0000] {processor.py:914} INFO - Processing file /home/airflow/.local/lib/python3.12/site-packages/airflow/example_dags/example_xcom.py for tasks to queue
[2024-10-06T19:14:33.856+0000] {logging_mixin.py:190} INFO - [2024-10-06T19:14:33.856+0000] {dagbag.py:588} INFO - Filling up the DagBag from /home/airflow/.local/lib/python3.12/site-packages/airflow/example_dags/example_xcom.py
[2024-10-06T19:14:33.864+0000] {processor.py:925} INFO - DAG(s) 'example_xcom' retrieved from /home/airflow/.local/lib/python3.12/site-packages/airflow/example_dags/example_xcom.py
[2024-10-06T19:14:33.882+0000] {logging_mixin.py:190} INFO - [2024-10-06T19:14:33.881+0000] {dag.py:3239} INFO - Sync 1 DAGs
[2024-10-06T19:14:33.903+0000] {logging_mixin.py:190} INFO - [2024-10-06T19:14:33.903+0000] {dag.py:4180} INFO - Setting next_dagrun for example_xcom to 2021-01-01 00:00:00+00:00, run_after=2021-01-01 00:00:00+00:00
[2024-10-06T19:14:33.919+0000] {processor.py:208} INFO - Processing /home/airflow/.local/lib/python3.12/site-packages/airflow/example_dags/example_xcom.py took 0.071 seconds
[2024-10-06T19:15:04.170+0000] {processor.py:186} INFO - Started process (PID=3852) to work on /home/airflow/.local/lib/python3.12/site-packages/airflow/example_dags/example_xcom.py
[2024-10-06T19:15:04.170+0000] {processor.py:914} INFO - Processing file /home/airflow/.local/lib/python3.12/site-packages/airflow/example_dags/example_xcom.py for tasks to queue
[2024-10-06T19:15:04.172+0000] {logging_mixin.py:190} INFO - [2024-10-06T19:15:04.172+0000] {dagbag.py:588} INFO - Filling up the DagBag from /home/airflow/.local/lib/python3.12/site-packages/airflow/example_dags/example_xcom.py
[2024-10-06T19:15:04.179+0000] {processor.py:925} INFO - DAG(s) 'example_xcom' retrieved from /home/airflow/.local/lib/python3.12/site-packages/airflow/example_dags/example_xcom.py
[2024-10-06T19:15:04.197+0000] {logging_mixin.py:190} INFO - [2024-10-06T19:15:04.197+0000] {dag.py:3239} INFO - Sync 1 DAGs
[2024-10-06T19:15:04.220+0000] {logging_mixin.py:190} INFO - [2024-10-06T19:15:04.219+0000] {dag.py:4180} INFO - Setting next_dagrun for example_xcom to 2021-01-01 00:00:00+00:00, run_after=2021-01-01 00:00:00+00:00
[2024-10-06T19:15:04.241+0000] {processor.py:208} INFO - Processing /home/airflow/.local/lib/python3.12/site-packages/airflow/example_dags/example_xcom.py took 0.075 seconds
[2024-10-06T19:15:34.372+0000] {processor.py:186} INFO - Started process (PID=4146) to work on /home/airflow/.local/lib/python3.12/site-packages/airflow/example_dags/example_xcom.py
[2024-10-06T19:15:34.372+0000] {processor.py:914} INFO - Processing file /home/airflow/.local/lib/python3.12/site-packages/airflow/example_dags/example_xcom.py for tasks to queue
[2024-10-06T19:15:34.375+0000] {logging_mixin.py:190} INFO - [2024-10-06T19:15:34.374+0000] {dagbag.py:588} INFO - Filling up the DagBag from /home/airflow/.local/lib/python3.12/site-packages/airflow/example_dags/example_xcom.py
[2024-10-06T19:15:34.382+0000] {processor.py:925} INFO - DAG(s) 'example_xcom' retrieved from /home/airflow/.local/lib/python3.12/site-packages/airflow/example_dags/example_xcom.py
[2024-10-06T19:15:34.400+0000] {logging_mixin.py:190} INFO - [2024-10-06T19:15:34.399+0000] {dag.py:3239} INFO - Sync 1 DAGs
[2024-10-06T19:15:34.425+0000] {logging_mixin.py:190} INFO - [2024-10-06T19:15:34.424+0000] {dag.py:4180} INFO - Setting next_dagrun for example_xcom to 2021-01-01 00:00:00+00:00, run_after=2021-01-01 00:00:00+00:00
[2024-10-06T19:15:34.444+0000] {processor.py:208} INFO - Processing /home/airflow/.local/lib/python3.12/site-packages/airflow/example_dags/example_xcom.py took 0.076 seconds
[2024-10-06T19:16:04.664+0000] {processor.py:186} INFO - Started process (PID=4437) to work on /home/airflow/.local/lib/python3.12/site-packages/airflow/example_dags/example_xcom.py
[2024-10-06T19:16:04.664+0000] {processor.py:914} INFO - Processing file /home/airflow/.local/lib/python3.12/site-packages/airflow/example_dags/example_xcom.py for tasks to queue
[2024-10-06T19:16:04.666+0000] {logging_mixin.py:190} INFO - [2024-10-06T19:16:04.666+0000] {dagbag.py:588} INFO - Filling up the DagBag from /home/airflow/.local/lib/python3.12/site-packages/airflow/example_dags/example_xcom.py
[2024-10-06T19:16:04.673+0000] {processor.py:925} INFO - DAG(s) 'example_xcom' retrieved from /home/airflow/.local/lib/python3.12/site-packages/airflow/example_dags/example_xcom.py
[2024-10-06T19:16:04.690+0000] {logging_mixin.py:190} INFO - [2024-10-06T19:16:04.689+0000] {dag.py:3239} INFO - Sync 1 DAGs
[2024-10-06T19:16:04.712+0000] {logging_mixin.py:190} INFO - [2024-10-06T19:16:04.712+0000] {dag.py:4180} INFO - Setting next_dagrun for example_xcom to 2021-01-01 00:00:00+00:00, run_after=2021-01-01 00:00:00+00:00
[2024-10-06T19:16:04.731+0000] {processor.py:208} INFO - Processing /home/airflow/.local/lib/python3.12/site-packages/airflow/example_dags/example_xcom.py took 0.071 seconds
[2024-10-06T19:16:35.027+0000] {processor.py:186} INFO - Started process (PID=4730) to work on /home/airflow/.local/lib/python3.12/site-packages/airflow/example_dags/example_xcom.py
[2024-10-06T19:16:35.028+0000] {processor.py:914} INFO - Processing file /home/airflow/.local/lib/python3.12/site-packages/airflow/example_dags/example_xcom.py for tasks to queue
[2024-10-06T19:16:35.029+0000] {logging_mixin.py:190} INFO - [2024-10-06T19:16:35.029+0000] {dagbag.py:588} INFO - Filling up the DagBag from /home/airflow/.local/lib/python3.12/site-packages/airflow/example_dags/example_xcom.py
[2024-10-06T19:16:35.037+0000] {processor.py:925} INFO - DAG(s) 'example_xcom' retrieved from /home/airflow/.local/lib/python3.12/site-packages/airflow/example_dags/example_xcom.py
[2024-10-06T19:16:35.056+0000] {logging_mixin.py:190} INFO - [2024-10-06T19:16:35.056+0000] {dag.py:3239} INFO - Sync 1 DAGs
[2024-10-06T19:16:35.078+0000] {logging_mixin.py:190} INFO - [2024-10-06T19:16:35.077+0000] {dag.py:4180} INFO - Setting next_dagrun for example_xcom to 2021-01-01 00:00:00+00:00, run_after=2021-01-01 00:00:00+00:00
[2024-10-06T19:16:35.095+0000] {processor.py:208} INFO - Processing /home/airflow/.local/lib/python3.12/site-packages/airflow/example_dags/example_xcom.py took 0.073 seconds
[2024-10-06T19:17:05.305+0000] {processor.py:186} INFO - Started process (PID=5019) to work on /home/airflow/.local/lib/python3.12/site-packages/airflow/example_dags/example_xcom.py
[2024-10-06T19:17:05.305+0000] {processor.py:914} INFO - Processing file /home/airflow/.local/lib/python3.12/site-packages/airflow/example_dags/example_xcom.py for tasks to queue
[2024-10-06T19:17:05.308+0000] {logging_mixin.py:190} INFO - [2024-10-06T19:17:05.307+0000] {dagbag.py:588} INFO - Filling up the DagBag from /home/airflow/.local/lib/python3.12/site-packages/airflow/example_dags/example_xcom.py
[2024-10-06T19:17:05.315+0000] {processor.py:925} INFO - DAG(s) 'example_xcom' retrieved from /home/airflow/.local/lib/python3.12/site-packages/airflow/example_dags/example_xcom.py
[2024-10-06T19:17:05.335+0000] {logging_mixin.py:190} INFO - [2024-10-06T19:17:05.334+0000] {dag.py:3239} INFO - Sync 1 DAGs
[2024-10-06T19:17:05.358+0000] {logging_mixin.py:190} INFO - [2024-10-06T19:17:05.358+0000] {dag.py:4180} INFO - Setting next_dagrun for example_xcom to 2021-01-01 00:00:00+00:00, run_after=2021-01-01 00:00:00+00:00
[2024-10-06T19:17:05.376+0000] {processor.py:208} INFO - Processing /home/airflow/.local/lib/python3.12/site-packages/airflow/example_dags/example_xcom.py took 0.076 seconds
[2024-10-06T19:17:35.680+0000] {processor.py:186} INFO - Started process (PID=5310) to work on /home/airflow/.local/lib/python3.12/site-packages/airflow/example_dags/example_xcom.py
[2024-10-06T19:17:35.681+0000] {processor.py:914} INFO - Processing file /home/airflow/.local/lib/python3.12/site-packages/airflow/example_dags/example_xcom.py for tasks to queue
[2024-10-06T19:17:35.683+0000] {logging_mixin.py:190} INFO - [2024-10-06T19:17:35.683+0000] {dagbag.py:588} INFO - Filling up the DagBag from /home/airflow/.local/lib/python3.12/site-packages/airflow/example_dags/example_xcom.py
[2024-10-06T19:17:35.689+0000] {processor.py:925} INFO - DAG(s) 'example_xcom' retrieved from /home/airflow/.local/lib/python3.12/site-packages/airflow/example_dags/example_xcom.py
[2024-10-06T19:17:35.709+0000] {logging_mixin.py:190} INFO - [2024-10-06T19:17:35.708+0000] {dag.py:3239} INFO - Sync 1 DAGs
[2024-10-06T19:17:35.733+0000] {logging_mixin.py:190} INFO - [2024-10-06T19:17:35.733+0000] {dag.py:4180} INFO - Setting next_dagrun for example_xcom to 2021-01-01 00:00:00+00:00, run_after=2021-01-01 00:00:00+00:00
[2024-10-06T19:17:35.751+0000] {processor.py:208} INFO - Processing /home/airflow/.local/lib/python3.12/site-packages/airflow/example_dags/example_xcom.py took 0.075 seconds
[2024-10-06T19:18:05.976+0000] {processor.py:186} INFO - Started process (PID=5607) to work on /home/airflow/.local/lib/python3.12/site-packages/airflow/example_dags/example_xcom.py
[2024-10-06T19:18:05.977+0000] {processor.py:914} INFO - Processing file /home/airflow/.local/lib/python3.12/site-packages/airflow/example_dags/example_xcom.py for tasks to queue
[2024-10-06T19:18:05.979+0000] {logging_mixin.py:190} INFO - [2024-10-06T19:18:05.979+0000] {dagbag.py:588} INFO - Filling up the DagBag from /home/airflow/.local/lib/python3.12/site-packages/airflow/example_dags/example_xcom.py
[2024-10-06T19:18:05.987+0000] {processor.py:925} INFO - DAG(s) 'example_xcom' retrieved from /home/airflow/.local/lib/python3.12/site-packages/airflow/example_dags/example_xcom.py
[2024-10-06T19:18:06.005+0000] {logging_mixin.py:190} INFO - [2024-10-06T19:18:06.004+0000] {dag.py:3239} INFO - Sync 1 DAGs
[2024-10-06T19:18:06.026+0000] {logging_mixin.py:190} INFO - [2024-10-06T19:18:06.025+0000] {dag.py:4180} INFO - Setting next_dagrun for example_xcom to 2021-01-01 00:00:00+00:00, run_after=2021-01-01 00:00:00+00:00
[2024-10-06T19:18:06.041+0000] {processor.py:208} INFO - Processing /home/airflow/.local/lib/python3.12/site-packages/airflow/example_dags/example_xcom.py took 0.069 seconds
[2024-10-06T19:18:36.175+0000] {processor.py:186} INFO - Started process (PID=5898) to work on /home/airflow/.local/lib/python3.12/site-packages/airflow/example_dags/example_xcom.py
[2024-10-06T19:18:36.176+0000] {processor.py:914} INFO - Processing file /home/airflow/.local/lib/python3.12/site-packages/airflow/example_dags/example_xcom.py for tasks to queue
[2024-10-06T19:18:36.178+0000] {logging_mixin.py:190} INFO - [2024-10-06T19:18:36.178+0000] {dagbag.py:588} INFO - Filling up the DagBag from /home/airflow/.local/lib/python3.12/site-packages/airflow/example_dags/example_xcom.py
[2024-10-06T19:18:36.184+0000] {processor.py:925} INFO - DAG(s) 'example_xcom' retrieved from /home/airflow/.local/lib/python3.12/site-packages/airflow/example_dags/example_xcom.py
[2024-10-06T19:18:36.203+0000] {logging_mixin.py:190} INFO - [2024-10-06T19:18:36.202+0000] {dag.py:3239} INFO - Sync 1 DAGs
[2024-10-06T19:18:36.227+0000] {logging_mixin.py:190} INFO - [2024-10-06T19:18:36.226+0000] {dag.py:4180} INFO - Setting next_dagrun for example_xcom to 2021-01-01 00:00:00+00:00, run_after=2021-01-01 00:00:00+00:00
[2024-10-06T19:18:36.247+0000] {processor.py:208} INFO - Processing /home/airflow/.local/lib/python3.12/site-packages/airflow/example_dags/example_xcom.py took 0.076 seconds
[2024-10-06T19:19:06.540+0000] {processor.py:186} INFO - Started process (PID=6194) to work on /home/airflow/.local/lib/python3.12/site-packages/airflow/example_dags/example_xcom.py
[2024-10-06T19:19:06.541+0000] {processor.py:914} INFO - Processing file /home/airflow/.local/lib/python3.12/site-packages/airflow/example_dags/example_xcom.py for tasks to queue
[2024-10-06T19:19:06.543+0000] {logging_mixin.py:190} INFO - [2024-10-06T19:19:06.543+0000] {dagbag.py:588} INFO - Filling up the DagBag from /home/airflow/.local/lib/python3.12/site-packages/airflow/example_dags/example_xcom.py
[2024-10-06T19:19:06.550+0000] {processor.py:925} INFO - DAG(s) 'example_xcom' retrieved from /home/airflow/.local/lib/python3.12/site-packages/airflow/example_dags/example_xcom.py
[2024-10-06T19:19:06.569+0000] {logging_mixin.py:190} INFO - [2024-10-06T19:19:06.568+0000] {dag.py:3239} INFO - Sync 1 DAGs
[2024-10-06T19:19:06.591+0000] {logging_mixin.py:190} INFO - [2024-10-06T19:19:06.591+0000] {dag.py:4180} INFO - Setting next_dagrun for example_xcom to 2021-01-01 00:00:00+00:00, run_after=2021-01-01 00:00:00+00:00
[2024-10-06T19:19:06.610+0000] {processor.py:208} INFO - Processing /home/airflow/.local/lib/python3.12/site-packages/airflow/example_dags/example_xcom.py took 0.074 seconds
[2024-10-06T19:19:36.778+0000] {processor.py:186} INFO - Started process (PID=6480) to work on /home/airflow/.local/lib/python3.12/site-packages/airflow/example_dags/example_xcom.py
[2024-10-06T19:19:36.779+0000] {processor.py:914} INFO - Processing file /home/airflow/.local/lib/python3.12/site-packages/airflow/example_dags/example_xcom.py for tasks to queue
[2024-10-06T19:19:36.781+0000] {logging_mixin.py:190} INFO - [2024-10-06T19:19:36.781+0000] {dagbag.py:588} INFO - Filling up the DagBag from /home/airflow/.local/lib/python3.12/site-packages/airflow/example_dags/example_xcom.py
[2024-10-06T19:19:36.788+0000] {processor.py:925} INFO - DAG(s) 'example_xcom' retrieved from /home/airflow/.local/lib/python3.12/site-packages/airflow/example_dags/example_xcom.py
[2024-10-06T19:19:36.805+0000] {logging_mixin.py:190} INFO - [2024-10-06T19:19:36.805+0000] {dag.py:3239} INFO - Sync 1 DAGs
[2024-10-06T19:19:36.825+0000] {logging_mixin.py:190} INFO - [2024-10-06T19:19:36.824+0000] {dag.py:4180} INFO - Setting next_dagrun for example_xcom to 2021-01-01 00:00:00+00:00, run_after=2021-01-01 00:00:00+00:00
[2024-10-06T19:19:36.840+0000] {processor.py:208} INFO - Processing /home/airflow/.local/lib/python3.12/site-packages/airflow/example_dags/example_xcom.py took 0.066 seconds
[2024-10-06T19:20:07.175+0000] {processor.py:186} INFO - Started process (PID=6776) to work on /home/airflow/.local/lib/python3.12/site-packages/airflow/example_dags/example_xcom.py
[2024-10-06T19:20:07.176+0000] {processor.py:914} INFO - Processing file /home/airflow/.local/lib/python3.12/site-packages/airflow/example_dags/example_xcom.py for tasks to queue
[2024-10-06T19:20:07.178+0000] {logging_mixin.py:190} INFO - [2024-10-06T19:20:07.178+0000] {dagbag.py:588} INFO - Filling up the DagBag from /home/airflow/.local/lib/python3.12/site-packages/airflow/example_dags/example_xcom.py
[2024-10-06T19:20:07.185+0000] {processor.py:925} INFO - DAG(s) 'example_xcom' retrieved from /home/airflow/.local/lib/python3.12/site-packages/airflow/example_dags/example_xcom.py
[2024-10-06T19:20:07.205+0000] {logging_mixin.py:190} INFO - [2024-10-06T19:20:07.205+0000] {dag.py:3239} INFO - Sync 1 DAGs
[2024-10-06T19:20:07.229+0000] {logging_mixin.py:190} INFO - [2024-10-06T19:20:07.228+0000] {dag.py:4180} INFO - Setting next_dagrun for example_xcom to 2021-01-01 00:00:00+00:00, run_after=2021-01-01 00:00:00+00:00
[2024-10-06T19:20:07.247+0000] {processor.py:208} INFO - Processing /home/airflow/.local/lib/python3.12/site-packages/airflow/example_dags/example_xcom.py took 0.076 seconds
[2024-10-06T19:20:37.524+0000] {processor.py:186} INFO - Started process (PID=7062) to work on /home/airflow/.local/lib/python3.12/site-packages/airflow/example_dags/example_xcom.py
[2024-10-06T19:20:37.525+0000] {processor.py:914} INFO - Processing file /home/airflow/.local/lib/python3.12/site-packages/airflow/example_dags/example_xcom.py for tasks to queue
[2024-10-06T19:20:37.527+0000] {logging_mixin.py:190} INFO - [2024-10-06T19:20:37.527+0000] {dagbag.py:588} INFO - Filling up the DagBag from /home/airflow/.local/lib/python3.12/site-packages/airflow/example_dags/example_xcom.py
[2024-10-06T19:20:37.535+0000] {processor.py:925} INFO - DAG(s) 'example_xcom' retrieved from /home/airflow/.local/lib/python3.12/site-packages/airflow/example_dags/example_xcom.py
[2024-10-06T19:20:37.552+0000] {logging_mixin.py:190} INFO - [2024-10-06T19:20:37.551+0000] {dag.py:3239} INFO - Sync 1 DAGs
[2024-10-06T19:20:37.572+0000] {logging_mixin.py:190} INFO - [2024-10-06T19:20:37.572+0000] {dag.py:4180} INFO - Setting next_dagrun for example_xcom to 2021-01-01 00:00:00+00:00, run_after=2021-01-01 00:00:00+00:00
[2024-10-06T19:20:37.590+0000] {processor.py:208} INFO - Processing /home/airflow/.local/lib/python3.12/site-packages/airflow/example_dags/example_xcom.py took 0.071 seconds
[2024-10-06T19:21:07.883+0000] {processor.py:186} INFO - Started process (PID=7353) to work on /home/airflow/.local/lib/python3.12/site-packages/airflow/example_dags/example_xcom.py
[2024-10-06T19:21:07.883+0000] {processor.py:914} INFO - Processing file /home/airflow/.local/lib/python3.12/site-packages/airflow/example_dags/example_xcom.py for tasks to queue
[2024-10-06T19:21:07.885+0000] {logging_mixin.py:190} INFO - [2024-10-06T19:21:07.885+0000] {dagbag.py:588} INFO - Filling up the DagBag from /home/airflow/.local/lib/python3.12/site-packages/airflow/example_dags/example_xcom.py
[2024-10-06T19:21:07.891+0000] {processor.py:925} INFO - DAG(s) 'example_xcom' retrieved from /home/airflow/.local/lib/python3.12/site-packages/airflow/example_dags/example_xcom.py
[2024-10-06T19:21:07.908+0000] {logging_mixin.py:190} INFO - [2024-10-06T19:21:07.908+0000] {dag.py:3239} INFO - Sync 1 DAGs
[2024-10-06T19:21:07.927+0000] {logging_mixin.py:190} INFO - [2024-10-06T19:21:07.927+0000] {dag.py:4180} INFO - Setting next_dagrun for example_xcom to 2021-01-01 00:00:00+00:00, run_after=2021-01-01 00:00:00+00:00
[2024-10-06T19:21:07.944+0000] {processor.py:208} INFO - Processing /home/airflow/.local/lib/python3.12/site-packages/airflow/example_dags/example_xcom.py took 0.065 seconds
[2024-10-06T19:21:38.405+0000] {processor.py:186} INFO - Started process (PID=7649) to work on /home/airflow/.local/lib/python3.12/site-packages/airflow/example_dags/example_xcom.py
[2024-10-06T19:21:38.406+0000] {processor.py:914} INFO - Processing file /home/airflow/.local/lib/python3.12/site-packages/airflow/example_dags/example_xcom.py for tasks to queue
[2024-10-06T19:21:38.408+0000] {logging_mixin.py:190} INFO - [2024-10-06T19:21:38.408+0000] {dagbag.py:588} INFO - Filling up the DagBag from /home/airflow/.local/lib/python3.12/site-packages/airflow/example_dags/example_xcom.py
[2024-10-06T19:21:38.416+0000] {processor.py:925} INFO - DAG(s) 'example_xcom' retrieved from /home/airflow/.local/lib/python3.12/site-packages/airflow/example_dags/example_xcom.py
[2024-10-06T19:21:38.433+0000] {logging_mixin.py:190} INFO - [2024-10-06T19:21:38.433+0000] {dag.py:3239} INFO - Sync 1 DAGs
[2024-10-06T19:21:38.453+0000] {logging_mixin.py:190} INFO - [2024-10-06T19:21:38.453+0000] {dag.py:4180} INFO - Setting next_dagrun for example_xcom to 2021-01-01 00:00:00+00:00, run_after=2021-01-01 00:00:00+00:00
[2024-10-06T19:21:38.470+0000] {processor.py:208} INFO - Processing /home/airflow/.local/lib/python3.12/site-packages/airflow/example_dags/example_xcom.py took 0.069 seconds
