[2024-10-06T19:08:54.097+0000] {processor.py:186} INFO - Started process (PID=239) to work on /home/airflow/.local/lib/python3.12/site-packages/airflow/example_dags/example_params_trigger_ui.py
[2024-10-06T19:08:54.098+0000] {processor.py:914} INFO - Processing file /home/airflow/.local/lib/python3.12/site-packages/airflow/example_dags/example_params_trigger_ui.py for tasks to queue
[2024-10-06T19:08:54.100+0000] {logging_mixin.py:190} INFO - [2024-10-06T19:08:54.100+0000] {dagbag.py:588} INFO - Filling up the DagBag from /home/airflow/.local/lib/python3.12/site-packages/airflow/example_dags/example_params_trigger_ui.py
[2024-10-06T19:08:54.116+0000] {processor.py:925} INFO - DAG(s) 'example_params_trigger_ui' retrieved from /home/airflow/.local/lib/python3.12/site-packages/airflow/example_dags/example_params_trigger_ui.py
[2024-10-06T19:08:54.270+0000] {logging_mixin.py:190} INFO - [2024-10-06T19:08:54.269+0000] {override.py:1900} INFO - Created Permission View: can delete on DAG:example_params_trigger_ui
[2024-10-06T19:08:54.282+0000] {logging_mixin.py:190} INFO - [2024-10-06T19:08:54.281+0000] {override.py:1900} INFO - Created Permission View: can edit on DAG:example_params_trigger_ui
[2024-10-06T19:08:54.290+0000] {logging_mixin.py:190} INFO - [2024-10-06T19:08:54.290+0000] {override.py:1900} INFO - Created Permission View: can read on DAG:example_params_trigger_ui
[2024-10-06T19:08:54.298+0000] {logging_mixin.py:190} INFO - [2024-10-06T19:08:54.297+0000] {override.py:1900} INFO - Created Permission View: can delete on DAG Run:example_params_trigger_ui
[2024-10-06T19:08:54.306+0000] {logging_mixin.py:190} INFO - [2024-10-06T19:08:54.305+0000] {override.py:1900} INFO - Created Permission View: can create on DAG Run:example_params_trigger_ui
[2024-10-06T19:08:54.312+0000] {logging_mixin.py:190} INFO - [2024-10-06T19:08:54.312+0000] {override.py:1900} INFO - Created Permission View: can read on DAG Run:example_params_trigger_ui
[2024-10-06T19:08:54.319+0000] {logging_mixin.py:190} INFO - [2024-10-06T19:08:54.319+0000] {override.py:1900} INFO - Created Permission View: menu access on DAG Run:example_params_trigger_ui
[2024-10-06T19:08:54.320+0000] {logging_mixin.py:190} INFO - [2024-10-06T19:08:54.320+0000] {dag.py:3239} INFO - Sync 1 DAGs
[2024-10-06T19:08:54.333+0000] {logging_mixin.py:190} INFO - [2024-10-06T19:08:54.333+0000] {dag.py:3262} INFO - Creating ORM DAG for example_params_trigger_ui
[2024-10-06T19:08:54.334+0000] {logging_mixin.py:190} INFO - [2024-10-06T19:08:54.334+0000] {dag.py:4180} INFO - Setting next_dagrun for example_params_trigger_ui to None, run_after=None
[2024-10-06T19:08:54.356+0000] {processor.py:208} INFO - Processing /home/airflow/.local/lib/python3.12/site-packages/airflow/example_dags/example_params_trigger_ui.py took 0.264 seconds
[2024-10-06T19:09:24.471+0000] {processor.py:186} INFO - Started process (PID=525) to work on /home/airflow/.local/lib/python3.12/site-packages/airflow/example_dags/example_params_trigger_ui.py
[2024-10-06T19:09:24.471+0000] {processor.py:914} INFO - Processing file /home/airflow/.local/lib/python3.12/site-packages/airflow/example_dags/example_params_trigger_ui.py for tasks to queue
[2024-10-06T19:09:24.473+0000] {logging_mixin.py:190} INFO - [2024-10-06T19:09:24.473+0000] {dagbag.py:588} INFO - Filling up the DagBag from /home/airflow/.local/lib/python3.12/site-packages/airflow/example_dags/example_params_trigger_ui.py
[2024-10-06T19:09:24.484+0000] {processor.py:925} INFO - DAG(s) 'example_params_trigger_ui' retrieved from /home/airflow/.local/lib/python3.12/site-packages/airflow/example_dags/example_params_trigger_ui.py
[2024-10-06T19:09:24.529+0000] {logging_mixin.py:190} INFO - [2024-10-06T19:09:24.528+0000] {dag.py:3239} INFO - Sync 1 DAGs
[2024-10-06T19:09:24.542+0000] {logging_mixin.py:190} INFO - [2024-10-06T19:09:24.542+0000] {dag.py:4180} INFO - Setting next_dagrun for example_params_trigger_ui to None, run_after=None
[2024-10-06T19:09:24.564+0000] {processor.py:208} INFO - Processing /home/airflow/.local/lib/python3.12/site-packages/airflow/example_dags/example_params_trigger_ui.py took 0.097 seconds
[2024-10-06T19:09:54.683+0000] {processor.py:186} INFO - Started process (PID=811) to work on /home/airflow/.local/lib/python3.12/site-packages/airflow/example_dags/example_params_trigger_ui.py
[2024-10-06T19:09:54.684+0000] {processor.py:914} INFO - Processing file /home/airflow/.local/lib/python3.12/site-packages/airflow/example_dags/example_params_trigger_ui.py for tasks to queue
[2024-10-06T19:09:54.687+0000] {logging_mixin.py:190} INFO - [2024-10-06T19:09:54.687+0000] {dagbag.py:588} INFO - Filling up the DagBag from /home/airflow/.local/lib/python3.12/site-packages/airflow/example_dags/example_params_trigger_ui.py
[2024-10-06T19:09:54.696+0000] {processor.py:925} INFO - DAG(s) 'example_params_trigger_ui' retrieved from /home/airflow/.local/lib/python3.12/site-packages/airflow/example_dags/example_params_trigger_ui.py
[2024-10-06T19:09:54.738+0000] {logging_mixin.py:190} INFO - [2024-10-06T19:09:54.738+0000] {dag.py:3239} INFO - Sync 1 DAGs
[2024-10-06T19:09:54.753+0000] {logging_mixin.py:190} INFO - [2024-10-06T19:09:54.752+0000] {dag.py:4180} INFO - Setting next_dagrun for example_params_trigger_ui to None, run_after=None
[2024-10-06T19:09:54.775+0000] {processor.py:208} INFO - Processing /home/airflow/.local/lib/python3.12/site-packages/airflow/example_dags/example_params_trigger_ui.py took 0.097 seconds
[2024-10-06T19:10:25.040+0000] {processor.py:186} INFO - Started process (PID=1099) to work on /home/airflow/.local/lib/python3.12/site-packages/airflow/example_dags/example_params_trigger_ui.py
[2024-10-06T19:10:25.040+0000] {processor.py:914} INFO - Processing file /home/airflow/.local/lib/python3.12/site-packages/airflow/example_dags/example_params_trigger_ui.py for tasks to queue
[2024-10-06T19:10:25.043+0000] {logging_mixin.py:190} INFO - [2024-10-06T19:10:25.042+0000] {dagbag.py:588} INFO - Filling up the DagBag from /home/airflow/.local/lib/python3.12/site-packages/airflow/example_dags/example_params_trigger_ui.py
[2024-10-06T19:10:25.053+0000] {processor.py:925} INFO - DAG(s) 'example_params_trigger_ui' retrieved from /home/airflow/.local/lib/python3.12/site-packages/airflow/example_dags/example_params_trigger_ui.py
[2024-10-06T19:10:25.090+0000] {logging_mixin.py:190} INFO - [2024-10-06T19:10:25.090+0000] {dag.py:3239} INFO - Sync 1 DAGs
[2024-10-06T19:10:25.105+0000] {logging_mixin.py:190} INFO - [2024-10-06T19:10:25.105+0000] {dag.py:4180} INFO - Setting next_dagrun for example_params_trigger_ui to None, run_after=None
[2024-10-06T19:10:25.125+0000] {processor.py:208} INFO - Processing /home/airflow/.local/lib/python3.12/site-packages/airflow/example_dags/example_params_trigger_ui.py took 0.090 seconds
[2024-10-06T19:10:55.576+0000] {processor.py:186} INFO - Started process (PID=1407) to work on /home/airflow/.local/lib/python3.12/site-packages/airflow/example_dags/example_params_trigger_ui.py
[2024-10-06T19:10:55.577+0000] {processor.py:914} INFO - Processing file /home/airflow/.local/lib/python3.12/site-packages/airflow/example_dags/example_params_trigger_ui.py for tasks to queue
[2024-10-06T19:10:55.580+0000] {logging_mixin.py:190} INFO - [2024-10-06T19:10:55.579+0000] {dagbag.py:588} INFO - Filling up the DagBag from /home/airflow/.local/lib/python3.12/site-packages/airflow/example_dags/example_params_trigger_ui.py
[2024-10-06T19:10:55.590+0000] {processor.py:925} INFO - DAG(s) 'example_params_trigger_ui' retrieved from /home/airflow/.local/lib/python3.12/site-packages/airflow/example_dags/example_params_trigger_ui.py
[2024-10-06T19:10:55.632+0000] {logging_mixin.py:190} INFO - [2024-10-06T19:10:55.632+0000] {dag.py:3239} INFO - Sync 1 DAGs
[2024-10-06T19:10:55.645+0000] {logging_mixin.py:190} INFO - [2024-10-06T19:10:55.645+0000] {dag.py:4180} INFO - Setting next_dagrun for example_params_trigger_ui to None, run_after=None
[2024-10-06T19:10:55.668+0000] {processor.py:208} INFO - Processing /home/airflow/.local/lib/python3.12/site-packages/airflow/example_dags/example_params_trigger_ui.py took 0.097 seconds
[2024-10-06T19:11:25.870+0000] {processor.py:186} INFO - Started process (PID=1693) to work on /home/airflow/.local/lib/python3.12/site-packages/airflow/example_dags/example_params_trigger_ui.py
[2024-10-06T19:11:25.871+0000] {processor.py:914} INFO - Processing file /home/airflow/.local/lib/python3.12/site-packages/airflow/example_dags/example_params_trigger_ui.py for tasks to queue
[2024-10-06T19:11:25.873+0000] {logging_mixin.py:190} INFO - [2024-10-06T19:11:25.873+0000] {dagbag.py:588} INFO - Filling up the DagBag from /home/airflow/.local/lib/python3.12/site-packages/airflow/example_dags/example_params_trigger_ui.py
[2024-10-06T19:11:25.883+0000] {processor.py:925} INFO - DAG(s) 'example_params_trigger_ui' retrieved from /home/airflow/.local/lib/python3.12/site-packages/airflow/example_dags/example_params_trigger_ui.py
[2024-10-06T19:11:25.925+0000] {logging_mixin.py:190} INFO - [2024-10-06T19:11:25.925+0000] {dag.py:3239} INFO - Sync 1 DAGs
[2024-10-06T19:11:25.941+0000] {logging_mixin.py:190} INFO - [2024-10-06T19:11:25.941+0000] {dag.py:4180} INFO - Setting next_dagrun for example_params_trigger_ui to None, run_after=None
[2024-10-06T19:11:25.962+0000] {processor.py:208} INFO - Processing /home/airflow/.local/lib/python3.12/site-packages/airflow/example_dags/example_params_trigger_ui.py took 0.097 seconds
[2024-10-06T19:11:56.273+0000] {processor.py:186} INFO - Started process (PID=1979) to work on /home/airflow/.local/lib/python3.12/site-packages/airflow/example_dags/example_params_trigger_ui.py
[2024-10-06T19:11:56.274+0000] {processor.py:914} INFO - Processing file /home/airflow/.local/lib/python3.12/site-packages/airflow/example_dags/example_params_trigger_ui.py for tasks to queue
[2024-10-06T19:11:56.276+0000] {logging_mixin.py:190} INFO - [2024-10-06T19:11:56.276+0000] {dagbag.py:588} INFO - Filling up the DagBag from /home/airflow/.local/lib/python3.12/site-packages/airflow/example_dags/example_params_trigger_ui.py
[2024-10-06T19:11:56.286+0000] {processor.py:925} INFO - DAG(s) 'example_params_trigger_ui' retrieved from /home/airflow/.local/lib/python3.12/site-packages/airflow/example_dags/example_params_trigger_ui.py
[2024-10-06T19:11:56.327+0000] {logging_mixin.py:190} INFO - [2024-10-06T19:11:56.326+0000] {dag.py:3239} INFO - Sync 1 DAGs
[2024-10-06T19:11:56.341+0000] {logging_mixin.py:190} INFO - [2024-10-06T19:11:56.340+0000] {dag.py:4180} INFO - Setting next_dagrun for example_params_trigger_ui to None, run_after=None
[2024-10-06T19:11:56.360+0000] {processor.py:208} INFO - Processing /home/airflow/.local/lib/python3.12/site-packages/airflow/example_dags/example_params_trigger_ui.py took 0.092 seconds
[2024-10-06T19:12:26.696+0000] {processor.py:186} INFO - Started process (PID=2265) to work on /home/airflow/.local/lib/python3.12/site-packages/airflow/example_dags/example_params_trigger_ui.py
[2024-10-06T19:12:26.696+0000] {processor.py:914} INFO - Processing file /home/airflow/.local/lib/python3.12/site-packages/airflow/example_dags/example_params_trigger_ui.py for tasks to queue
[2024-10-06T19:12:26.698+0000] {logging_mixin.py:190} INFO - [2024-10-06T19:12:26.698+0000] {dagbag.py:588} INFO - Filling up the DagBag from /home/airflow/.local/lib/python3.12/site-packages/airflow/example_dags/example_params_trigger_ui.py
[2024-10-06T19:12:26.708+0000] {processor.py:925} INFO - DAG(s) 'example_params_trigger_ui' retrieved from /home/airflow/.local/lib/python3.12/site-packages/airflow/example_dags/example_params_trigger_ui.py
[2024-10-06T19:12:26.748+0000] {logging_mixin.py:190} INFO - [2024-10-06T19:12:26.748+0000] {dag.py:3239} INFO - Sync 1 DAGs
[2024-10-06T19:12:26.761+0000] {logging_mixin.py:190} INFO - [2024-10-06T19:12:26.761+0000] {dag.py:4180} INFO - Setting next_dagrun for example_params_trigger_ui to None, run_after=None
[2024-10-06T19:12:26.781+0000] {processor.py:208} INFO - Processing /home/airflow/.local/lib/python3.12/site-packages/airflow/example_dags/example_params_trigger_ui.py took 0.090 seconds
[2024-10-06T19:12:57.068+0000] {processor.py:186} INFO - Started process (PID=2551) to work on /home/airflow/.local/lib/python3.12/site-packages/airflow/example_dags/example_params_trigger_ui.py
[2024-10-06T19:12:57.069+0000] {processor.py:914} INFO - Processing file /home/airflow/.local/lib/python3.12/site-packages/airflow/example_dags/example_params_trigger_ui.py for tasks to queue
[2024-10-06T19:12:57.071+0000] {logging_mixin.py:190} INFO - [2024-10-06T19:12:57.070+0000] {dagbag.py:588} INFO - Filling up the DagBag from /home/airflow/.local/lib/python3.12/site-packages/airflow/example_dags/example_params_trigger_ui.py
[2024-10-06T19:12:57.079+0000] {processor.py:925} INFO - DAG(s) 'example_params_trigger_ui' retrieved from /home/airflow/.local/lib/python3.12/site-packages/airflow/example_dags/example_params_trigger_ui.py
[2024-10-06T19:12:57.117+0000] {logging_mixin.py:190} INFO - [2024-10-06T19:12:57.117+0000] {dag.py:3239} INFO - Sync 1 DAGs
[2024-10-06T19:12:57.131+0000] {logging_mixin.py:190} INFO - [2024-10-06T19:12:57.130+0000] {dag.py:4180} INFO - Setting next_dagrun for example_params_trigger_ui to None, run_after=None
[2024-10-06T19:12:57.148+0000] {processor.py:208} INFO - Processing /home/airflow/.local/lib/python3.12/site-packages/airflow/example_dags/example_params_trigger_ui.py took 0.085 seconds
[2024-10-06T19:13:27.524+0000] {processor.py:186} INFO - Started process (PID=2837) to work on /home/airflow/.local/lib/python3.12/site-packages/airflow/example_dags/example_params_trigger_ui.py
[2024-10-06T19:13:27.525+0000] {processor.py:914} INFO - Processing file /home/airflow/.local/lib/python3.12/site-packages/airflow/example_dags/example_params_trigger_ui.py for tasks to queue
[2024-10-06T19:13:27.527+0000] {logging_mixin.py:190} INFO - [2024-10-06T19:13:27.527+0000] {dagbag.py:588} INFO - Filling up the DagBag from /home/airflow/.local/lib/python3.12/site-packages/airflow/example_dags/example_params_trigger_ui.py
[2024-10-06T19:13:27.536+0000] {processor.py:925} INFO - DAG(s) 'example_params_trigger_ui' retrieved from /home/airflow/.local/lib/python3.12/site-packages/airflow/example_dags/example_params_trigger_ui.py
[2024-10-06T19:13:27.573+0000] {logging_mixin.py:190} INFO - [2024-10-06T19:13:27.572+0000] {dag.py:3239} INFO - Sync 1 DAGs
[2024-10-06T19:13:27.586+0000] {logging_mixin.py:190} INFO - [2024-10-06T19:13:27.586+0000] {dag.py:4180} INFO - Setting next_dagrun for example_params_trigger_ui to None, run_after=None
[2024-10-06T19:13:27.625+0000] {processor.py:208} INFO - Processing /home/airflow/.local/lib/python3.12/site-packages/airflow/example_dags/example_params_trigger_ui.py took 0.105 seconds
[2024-10-06T19:13:57.859+0000] {processor.py:186} INFO - Started process (PID=3128) to work on /home/airflow/.local/lib/python3.12/site-packages/airflow/example_dags/example_params_trigger_ui.py
[2024-10-06T19:13:57.860+0000] {processor.py:914} INFO - Processing file /home/airflow/.local/lib/python3.12/site-packages/airflow/example_dags/example_params_trigger_ui.py for tasks to queue
[2024-10-06T19:13:57.862+0000] {logging_mixin.py:190} INFO - [2024-10-06T19:13:57.862+0000] {dagbag.py:588} INFO - Filling up the DagBag from /home/airflow/.local/lib/python3.12/site-packages/airflow/example_dags/example_params_trigger_ui.py
[2024-10-06T19:13:57.872+0000] {processor.py:925} INFO - DAG(s) 'example_params_trigger_ui' retrieved from /home/airflow/.local/lib/python3.12/site-packages/airflow/example_dags/example_params_trigger_ui.py
[2024-10-06T19:13:57.915+0000] {logging_mixin.py:190} INFO - [2024-10-06T19:13:57.915+0000] {dag.py:3239} INFO - Sync 1 DAGs
[2024-10-06T19:13:57.929+0000] {logging_mixin.py:190} INFO - [2024-10-06T19:13:57.929+0000] {dag.py:4180} INFO - Setting next_dagrun for example_params_trigger_ui to None, run_after=None
[2024-10-06T19:13:57.949+0000] {processor.py:208} INFO - Processing /home/airflow/.local/lib/python3.12/site-packages/airflow/example_dags/example_params_trigger_ui.py took 0.095 seconds
[2024-10-06T19:14:28.122+0000] {processor.py:186} INFO - Started process (PID=3419) to work on /home/airflow/.local/lib/python3.12/site-packages/airflow/example_dags/example_params_trigger_ui.py
[2024-10-06T19:14:28.123+0000] {processor.py:914} INFO - Processing file /home/airflow/.local/lib/python3.12/site-packages/airflow/example_dags/example_params_trigger_ui.py for tasks to queue
[2024-10-06T19:14:28.125+0000] {logging_mixin.py:190} INFO - [2024-10-06T19:14:28.124+0000] {dagbag.py:588} INFO - Filling up the DagBag from /home/airflow/.local/lib/python3.12/site-packages/airflow/example_dags/example_params_trigger_ui.py
[2024-10-06T19:14:28.134+0000] {processor.py:925} INFO - DAG(s) 'example_params_trigger_ui' retrieved from /home/airflow/.local/lib/python3.12/site-packages/airflow/example_dags/example_params_trigger_ui.py
[2024-10-06T19:14:28.171+0000] {logging_mixin.py:190} INFO - [2024-10-06T19:14:28.171+0000] {dag.py:3239} INFO - Sync 1 DAGs
[2024-10-06T19:14:28.185+0000] {logging_mixin.py:190} INFO - [2024-10-06T19:14:28.185+0000] {dag.py:4180} INFO - Setting next_dagrun for example_params_trigger_ui to None, run_after=None
[2024-10-06T19:14:28.202+0000] {processor.py:208} INFO - Processing /home/airflow/.local/lib/python3.12/site-packages/airflow/example_dags/example_params_trigger_ui.py took 0.084 seconds
[2024-10-06T19:14:58.524+0000] {processor.py:186} INFO - Started process (PID=3712) to work on /home/airflow/.local/lib/python3.12/site-packages/airflow/example_dags/example_params_trigger_ui.py
[2024-10-06T19:14:58.525+0000] {processor.py:914} INFO - Processing file /home/airflow/.local/lib/python3.12/site-packages/airflow/example_dags/example_params_trigger_ui.py for tasks to queue
[2024-10-06T19:14:58.526+0000] {logging_mixin.py:190} INFO - [2024-10-06T19:14:58.526+0000] {dagbag.py:588} INFO - Filling up the DagBag from /home/airflow/.local/lib/python3.12/site-packages/airflow/example_dags/example_params_trigger_ui.py
[2024-10-06T19:14:58.536+0000] {processor.py:925} INFO - DAG(s) 'example_params_trigger_ui' retrieved from /home/airflow/.local/lib/python3.12/site-packages/airflow/example_dags/example_params_trigger_ui.py
[2024-10-06T19:14:58.578+0000] {logging_mixin.py:190} INFO - [2024-10-06T19:14:58.577+0000] {dag.py:3239} INFO - Sync 1 DAGs
[2024-10-06T19:14:58.591+0000] {logging_mixin.py:190} INFO - [2024-10-06T19:14:58.591+0000] {dag.py:4180} INFO - Setting next_dagrun for example_params_trigger_ui to None, run_after=None
[2024-10-06T19:14:58.609+0000] {processor.py:208} INFO - Processing /home/airflow/.local/lib/python3.12/site-packages/airflow/example_dags/example_params_trigger_ui.py took 0.089 seconds
[2024-10-06T19:15:28.791+0000] {processor.py:186} INFO - Started process (PID=4006) to work on /home/airflow/.local/lib/python3.12/site-packages/airflow/example_dags/example_params_trigger_ui.py
[2024-10-06T19:15:28.791+0000] {processor.py:914} INFO - Processing file /home/airflow/.local/lib/python3.12/site-packages/airflow/example_dags/example_params_trigger_ui.py for tasks to queue
[2024-10-06T19:15:28.793+0000] {logging_mixin.py:190} INFO - [2024-10-06T19:15:28.793+0000] {dagbag.py:588} INFO - Filling up the DagBag from /home/airflow/.local/lib/python3.12/site-packages/airflow/example_dags/example_params_trigger_ui.py
[2024-10-06T19:15:28.802+0000] {processor.py:925} INFO - DAG(s) 'example_params_trigger_ui' retrieved from /home/airflow/.local/lib/python3.12/site-packages/airflow/example_dags/example_params_trigger_ui.py
[2024-10-06T19:15:28.838+0000] {logging_mixin.py:190} INFO - [2024-10-06T19:15:28.838+0000] {dag.py:3239} INFO - Sync 1 DAGs
[2024-10-06T19:15:28.852+0000] {logging_mixin.py:190} INFO - [2024-10-06T19:15:28.852+0000] {dag.py:4180} INFO - Setting next_dagrun for example_params_trigger_ui to None, run_after=None
[2024-10-06T19:15:28.870+0000] {processor.py:208} INFO - Processing /home/airflow/.local/lib/python3.12/site-packages/airflow/example_dags/example_params_trigger_ui.py took 0.084 seconds
[2024-10-06T19:15:59.001+0000] {processor.py:186} INFO - Started process (PID=4297) to work on /home/airflow/.local/lib/python3.12/site-packages/airflow/example_dags/example_params_trigger_ui.py
[2024-10-06T19:15:59.002+0000] {processor.py:914} INFO - Processing file /home/airflow/.local/lib/python3.12/site-packages/airflow/example_dags/example_params_trigger_ui.py for tasks to queue
[2024-10-06T19:15:59.004+0000] {logging_mixin.py:190} INFO - [2024-10-06T19:15:59.004+0000] {dagbag.py:588} INFO - Filling up the DagBag from /home/airflow/.local/lib/python3.12/site-packages/airflow/example_dags/example_params_trigger_ui.py
[2024-10-06T19:15:59.012+0000] {processor.py:925} INFO - DAG(s) 'example_params_trigger_ui' retrieved from /home/airflow/.local/lib/python3.12/site-packages/airflow/example_dags/example_params_trigger_ui.py
[2024-10-06T19:15:59.048+0000] {logging_mixin.py:190} INFO - [2024-10-06T19:15:59.048+0000] {dag.py:3239} INFO - Sync 1 DAGs
[2024-10-06T19:15:59.064+0000] {logging_mixin.py:190} INFO - [2024-10-06T19:15:59.064+0000] {dag.py:4180} INFO - Setting next_dagrun for example_params_trigger_ui to None, run_after=None
[2024-10-06T19:15:59.084+0000] {processor.py:208} INFO - Processing /home/airflow/.local/lib/python3.12/site-packages/airflow/example_dags/example_params_trigger_ui.py took 0.087 seconds
[2024-10-06T19:16:29.270+0000] {processor.py:186} INFO - Started process (PID=4590) to work on /home/airflow/.local/lib/python3.12/site-packages/airflow/example_dags/example_params_trigger_ui.py
[2024-10-06T19:16:29.271+0000] {processor.py:914} INFO - Processing file /home/airflow/.local/lib/python3.12/site-packages/airflow/example_dags/example_params_trigger_ui.py for tasks to queue
[2024-10-06T19:16:29.273+0000] {logging_mixin.py:190} INFO - [2024-10-06T19:16:29.272+0000] {dagbag.py:588} INFO - Filling up the DagBag from /home/airflow/.local/lib/python3.12/site-packages/airflow/example_dags/example_params_trigger_ui.py
[2024-10-06T19:16:29.282+0000] {processor.py:925} INFO - DAG(s) 'example_params_trigger_ui' retrieved from /home/airflow/.local/lib/python3.12/site-packages/airflow/example_dags/example_params_trigger_ui.py
[2024-10-06T19:16:29.320+0000] {logging_mixin.py:190} INFO - [2024-10-06T19:16:29.320+0000] {dag.py:3239} INFO - Sync 1 DAGs
[2024-10-06T19:16:29.334+0000] {logging_mixin.py:190} INFO - [2024-10-06T19:16:29.333+0000] {dag.py:4180} INFO - Setting next_dagrun for example_params_trigger_ui to None, run_after=None
[2024-10-06T19:16:29.352+0000] {processor.py:208} INFO - Processing /home/airflow/.local/lib/python3.12/site-packages/airflow/example_dags/example_params_trigger_ui.py took 0.085 seconds
[2024-10-06T19:16:59.598+0000] {processor.py:186} INFO - Started process (PID=4879) to work on /home/airflow/.local/lib/python3.12/site-packages/airflow/example_dags/example_params_trigger_ui.py
[2024-10-06T19:16:59.599+0000] {processor.py:914} INFO - Processing file /home/airflow/.local/lib/python3.12/site-packages/airflow/example_dags/example_params_trigger_ui.py for tasks to queue
[2024-10-06T19:16:59.601+0000] {logging_mixin.py:190} INFO - [2024-10-06T19:16:59.601+0000] {dagbag.py:588} INFO - Filling up the DagBag from /home/airflow/.local/lib/python3.12/site-packages/airflow/example_dags/example_params_trigger_ui.py
[2024-10-06T19:16:59.610+0000] {processor.py:925} INFO - DAG(s) 'example_params_trigger_ui' retrieved from /home/airflow/.local/lib/python3.12/site-packages/airflow/example_dags/example_params_trigger_ui.py
[2024-10-06T19:16:59.650+0000] {logging_mixin.py:190} INFO - [2024-10-06T19:16:59.649+0000] {dag.py:3239} INFO - Sync 1 DAGs
[2024-10-06T19:16:59.663+0000] {logging_mixin.py:190} INFO - [2024-10-06T19:16:59.663+0000] {dag.py:4180} INFO - Setting next_dagrun for example_params_trigger_ui to None, run_after=None
[2024-10-06T19:16:59.687+0000] {processor.py:208} INFO - Processing /home/airflow/.local/lib/python3.12/site-packages/airflow/example_dags/example_params_trigger_ui.py took 0.094 seconds
[2024-10-06T19:17:29.984+0000] {processor.py:186} INFO - Started process (PID=5170) to work on /home/airflow/.local/lib/python3.12/site-packages/airflow/example_dags/example_params_trigger_ui.py
[2024-10-06T19:17:29.985+0000] {processor.py:914} INFO - Processing file /home/airflow/.local/lib/python3.12/site-packages/airflow/example_dags/example_params_trigger_ui.py for tasks to queue
[2024-10-06T19:17:29.987+0000] {logging_mixin.py:190} INFO - [2024-10-06T19:17:29.986+0000] {dagbag.py:588} INFO - Filling up the DagBag from /home/airflow/.local/lib/python3.12/site-packages/airflow/example_dags/example_params_trigger_ui.py
[2024-10-06T19:17:29.998+0000] {processor.py:925} INFO - DAG(s) 'example_params_trigger_ui' retrieved from /home/airflow/.local/lib/python3.12/site-packages/airflow/example_dags/example_params_trigger_ui.py
[2024-10-06T19:17:30.035+0000] {logging_mixin.py:190} INFO - [2024-10-06T19:17:30.035+0000] {dag.py:3239} INFO - Sync 1 DAGs
[2024-10-06T19:17:30.053+0000] {logging_mixin.py:190} INFO - [2024-10-06T19:17:30.052+0000] {dag.py:4180} INFO - Setting next_dagrun for example_params_trigger_ui to None, run_after=None
[2024-10-06T19:17:30.083+0000] {processor.py:208} INFO - Processing /home/airflow/.local/lib/python3.12/site-packages/airflow/example_dags/example_params_trigger_ui.py took 0.104 seconds
[2024-10-06T19:18:00.261+0000] {processor.py:186} INFO - Started process (PID=5461) to work on /home/airflow/.local/lib/python3.12/site-packages/airflow/example_dags/example_params_trigger_ui.py
[2024-10-06T19:18:00.262+0000] {processor.py:914} INFO - Processing file /home/airflow/.local/lib/python3.12/site-packages/airflow/example_dags/example_params_trigger_ui.py for tasks to queue
[2024-10-06T19:18:00.263+0000] {logging_mixin.py:190} INFO - [2024-10-06T19:18:00.263+0000] {dagbag.py:588} INFO - Filling up the DagBag from /home/airflow/.local/lib/python3.12/site-packages/airflow/example_dags/example_params_trigger_ui.py
[2024-10-06T19:18:00.271+0000] {processor.py:925} INFO - DAG(s) 'example_params_trigger_ui' retrieved from /home/airflow/.local/lib/python3.12/site-packages/airflow/example_dags/example_params_trigger_ui.py
[2024-10-06T19:18:00.308+0000] {logging_mixin.py:190} INFO - [2024-10-06T19:18:00.307+0000] {dag.py:3239} INFO - Sync 1 DAGs
[2024-10-06T19:18:00.321+0000] {logging_mixin.py:190} INFO - [2024-10-06T19:18:00.321+0000] {dag.py:4180} INFO - Setting next_dagrun for example_params_trigger_ui to None, run_after=None
[2024-10-06T19:18:00.339+0000] {processor.py:208} INFO - Processing /home/airflow/.local/lib/python3.12/site-packages/airflow/example_dags/example_params_trigger_ui.py took 0.082 seconds
[2024-10-06T19:18:30.565+0000] {processor.py:186} INFO - Started process (PID=5754) to work on /home/airflow/.local/lib/python3.12/site-packages/airflow/example_dags/example_params_trigger_ui.py
[2024-10-06T19:18:30.566+0000] {processor.py:914} INFO - Processing file /home/airflow/.local/lib/python3.12/site-packages/airflow/example_dags/example_params_trigger_ui.py for tasks to queue
[2024-10-06T19:18:30.568+0000] {logging_mixin.py:190} INFO - [2024-10-06T19:18:30.568+0000] {dagbag.py:588} INFO - Filling up the DagBag from /home/airflow/.local/lib/python3.12/site-packages/airflow/example_dags/example_params_trigger_ui.py
[2024-10-06T19:18:30.577+0000] {processor.py:925} INFO - DAG(s) 'example_params_trigger_ui' retrieved from /home/airflow/.local/lib/python3.12/site-packages/airflow/example_dags/example_params_trigger_ui.py
[2024-10-06T19:18:30.620+0000] {logging_mixin.py:190} INFO - [2024-10-06T19:18:30.619+0000] {dag.py:3239} INFO - Sync 1 DAGs
[2024-10-06T19:18:30.633+0000] {logging_mixin.py:190} INFO - [2024-10-06T19:18:30.632+0000] {dag.py:4180} INFO - Setting next_dagrun for example_params_trigger_ui to None, run_after=None
[2024-10-06T19:18:30.651+0000] {processor.py:208} INFO - Processing /home/airflow/.local/lib/python3.12/site-packages/airflow/example_dags/example_params_trigger_ui.py took 0.091 seconds
[2024-10-06T19:19:01.021+0000] {processor.py:186} INFO - Started process (PID=6050) to work on /home/airflow/.local/lib/python3.12/site-packages/airflow/example_dags/example_params_trigger_ui.py
[2024-10-06T19:19:01.022+0000] {processor.py:914} INFO - Processing file /home/airflow/.local/lib/python3.12/site-packages/airflow/example_dags/example_params_trigger_ui.py for tasks to queue
[2024-10-06T19:19:01.024+0000] {logging_mixin.py:190} INFO - [2024-10-06T19:19:01.024+0000] {dagbag.py:588} INFO - Filling up the DagBag from /home/airflow/.local/lib/python3.12/site-packages/airflow/example_dags/example_params_trigger_ui.py
[2024-10-06T19:19:01.034+0000] {processor.py:925} INFO - DAG(s) 'example_params_trigger_ui' retrieved from /home/airflow/.local/lib/python3.12/site-packages/airflow/example_dags/example_params_trigger_ui.py
[2024-10-06T19:19:01.079+0000] {logging_mixin.py:190} INFO - [2024-10-06T19:19:01.079+0000] {dag.py:3239} INFO - Sync 1 DAGs
[2024-10-06T19:19:01.093+0000] {logging_mixin.py:190} INFO - [2024-10-06T19:19:01.093+0000] {dag.py:4180} INFO - Setting next_dagrun for example_params_trigger_ui to None, run_after=None
[2024-10-06T19:19:01.113+0000] {processor.py:208} INFO - Processing /home/airflow/.local/lib/python3.12/site-packages/airflow/example_dags/example_params_trigger_ui.py took 0.097 seconds
[2024-10-06T19:19:31.326+0000] {processor.py:186} INFO - Started process (PID=6341) to work on /home/airflow/.local/lib/python3.12/site-packages/airflow/example_dags/example_params_trigger_ui.py
[2024-10-06T19:19:31.327+0000] {processor.py:914} INFO - Processing file /home/airflow/.local/lib/python3.12/site-packages/airflow/example_dags/example_params_trigger_ui.py for tasks to queue
[2024-10-06T19:19:31.329+0000] {logging_mixin.py:190} INFO - [2024-10-06T19:19:31.329+0000] {dagbag.py:588} INFO - Filling up the DagBag from /home/airflow/.local/lib/python3.12/site-packages/airflow/example_dags/example_params_trigger_ui.py
[2024-10-06T19:19:31.338+0000] {processor.py:925} INFO - DAG(s) 'example_params_trigger_ui' retrieved from /home/airflow/.local/lib/python3.12/site-packages/airflow/example_dags/example_params_trigger_ui.py
[2024-10-06T19:19:31.378+0000] {logging_mixin.py:190} INFO - [2024-10-06T19:19:31.377+0000] {dag.py:3239} INFO - Sync 1 DAGs
[2024-10-06T19:19:31.391+0000] {logging_mixin.py:190} INFO - [2024-10-06T19:19:31.391+0000] {dag.py:4180} INFO - Setting next_dagrun for example_params_trigger_ui to None, run_after=None
[2024-10-06T19:19:31.408+0000] {processor.py:208} INFO - Processing /home/airflow/.local/lib/python3.12/site-packages/airflow/example_dags/example_params_trigger_ui.py took 0.086 seconds
[2024-10-06T19:20:01.697+0000] {processor.py:186} INFO - Started process (PID=6630) to work on /home/airflow/.local/lib/python3.12/site-packages/airflow/example_dags/example_params_trigger_ui.py
[2024-10-06T19:20:01.698+0000] {processor.py:914} INFO - Processing file /home/airflow/.local/lib/python3.12/site-packages/airflow/example_dags/example_params_trigger_ui.py for tasks to queue
[2024-10-06T19:20:01.700+0000] {logging_mixin.py:190} INFO - [2024-10-06T19:20:01.700+0000] {dagbag.py:588} INFO - Filling up the DagBag from /home/airflow/.local/lib/python3.12/site-packages/airflow/example_dags/example_params_trigger_ui.py
[2024-10-06T19:20:01.709+0000] {processor.py:925} INFO - DAG(s) 'example_params_trigger_ui' retrieved from /home/airflow/.local/lib/python3.12/site-packages/airflow/example_dags/example_params_trigger_ui.py
[2024-10-06T19:20:01.746+0000] {logging_mixin.py:190} INFO - [2024-10-06T19:20:01.746+0000] {dag.py:3239} INFO - Sync 1 DAGs
[2024-10-06T19:20:01.762+0000] {logging_mixin.py:190} INFO - [2024-10-06T19:20:01.762+0000] {dag.py:4180} INFO - Setting next_dagrun for example_params_trigger_ui to None, run_after=None
[2024-10-06T19:20:01.782+0000] {processor.py:208} INFO - Processing /home/airflow/.local/lib/python3.12/site-packages/airflow/example_dags/example_params_trigger_ui.py took 0.090 seconds
[2024-10-06T19:20:32.117+0000] {processor.py:186} INFO - Started process (PID=6923) to work on /home/airflow/.local/lib/python3.12/site-packages/airflow/example_dags/example_params_trigger_ui.py
[2024-10-06T19:20:32.118+0000] {processor.py:914} INFO - Processing file /home/airflow/.local/lib/python3.12/site-packages/airflow/example_dags/example_params_trigger_ui.py for tasks to queue
[2024-10-06T19:20:32.119+0000] {logging_mixin.py:190} INFO - [2024-10-06T19:20:32.119+0000] {dagbag.py:588} INFO - Filling up the DagBag from /home/airflow/.local/lib/python3.12/site-packages/airflow/example_dags/example_params_trigger_ui.py
[2024-10-06T19:20:32.129+0000] {processor.py:925} INFO - DAG(s) 'example_params_trigger_ui' retrieved from /home/airflow/.local/lib/python3.12/site-packages/airflow/example_dags/example_params_trigger_ui.py
[2024-10-06T19:20:32.168+0000] {logging_mixin.py:190} INFO - [2024-10-06T19:20:32.167+0000] {dag.py:3239} INFO - Sync 1 DAGs
[2024-10-06T19:20:32.180+0000] {logging_mixin.py:190} INFO - [2024-10-06T19:20:32.179+0000] {dag.py:4180} INFO - Setting next_dagrun for example_params_trigger_ui to None, run_after=None
[2024-10-06T19:20:32.199+0000] {processor.py:208} INFO - Processing /home/airflow/.local/lib/python3.12/site-packages/airflow/example_dags/example_params_trigger_ui.py took 0.087 seconds
[2024-10-06T19:21:02.413+0000] {processor.py:186} INFO - Started process (PID=7212) to work on /home/airflow/.local/lib/python3.12/site-packages/airflow/example_dags/example_params_trigger_ui.py
[2024-10-06T19:21:02.414+0000] {processor.py:914} INFO - Processing file /home/airflow/.local/lib/python3.12/site-packages/airflow/example_dags/example_params_trigger_ui.py for tasks to queue
[2024-10-06T19:21:02.415+0000] {logging_mixin.py:190} INFO - [2024-10-06T19:21:02.415+0000] {dagbag.py:588} INFO - Filling up the DagBag from /home/airflow/.local/lib/python3.12/site-packages/airflow/example_dags/example_params_trigger_ui.py
[2024-10-06T19:21:02.423+0000] {processor.py:925} INFO - DAG(s) 'example_params_trigger_ui' retrieved from /home/airflow/.local/lib/python3.12/site-packages/airflow/example_dags/example_params_trigger_ui.py
[2024-10-06T19:21:02.459+0000] {logging_mixin.py:190} INFO - [2024-10-06T19:21:02.459+0000] {dag.py:3239} INFO - Sync 1 DAGs
[2024-10-06T19:21:02.472+0000] {logging_mixin.py:190} INFO - [2024-10-06T19:21:02.472+0000] {dag.py:4180} INFO - Setting next_dagrun for example_params_trigger_ui to None, run_after=None
[2024-10-06T19:21:02.490+0000] {processor.py:208} INFO - Processing /home/airflow/.local/lib/python3.12/site-packages/airflow/example_dags/example_params_trigger_ui.py took 0.081 seconds
[2024-10-06T19:21:32.912+0000] {processor.py:186} INFO - Started process (PID=7508) to work on /home/airflow/.local/lib/python3.12/site-packages/airflow/example_dags/example_params_trigger_ui.py
[2024-10-06T19:21:32.913+0000] {processor.py:914} INFO - Processing file /home/airflow/.local/lib/python3.12/site-packages/airflow/example_dags/example_params_trigger_ui.py for tasks to queue
[2024-10-06T19:21:32.916+0000] {logging_mixin.py:190} INFO - [2024-10-06T19:21:32.915+0000] {dagbag.py:588} INFO - Filling up the DagBag from /home/airflow/.local/lib/python3.12/site-packages/airflow/example_dags/example_params_trigger_ui.py
[2024-10-06T19:21:32.930+0000] {processor.py:925} INFO - DAG(s) 'example_params_trigger_ui' retrieved from /home/airflow/.local/lib/python3.12/site-packages/airflow/example_dags/example_params_trigger_ui.py
[2024-10-06T19:21:32.980+0000] {logging_mixin.py:190} INFO - [2024-10-06T19:21:32.980+0000] {dag.py:3239} INFO - Sync 1 DAGs
[2024-10-06T19:21:32.996+0000] {logging_mixin.py:190} INFO - [2024-10-06T19:21:32.996+0000] {dag.py:4180} INFO - Setting next_dagrun for example_params_trigger_ui to None, run_after=None
[2024-10-06T19:21:33.022+0000] {processor.py:208} INFO - Processing /home/airflow/.local/lib/python3.12/site-packages/airflow/example_dags/example_params_trigger_ui.py took 0.117 seconds
