[2024-10-06T19:08:58.153+0000] {processor.py:186} INFO - Started process (PID=344) to work on /home/airflow/.local/lib/python3.12/site-packages/airflow/example_dags/example_workday_timetable.py
[2024-10-06T19:08:58.155+0000] {processor.py:914} INFO - Processing file /home/airflow/.local/lib/python3.12/site-packages/airflow/example_dags/example_workday_timetable.py for tasks to queue
[2024-10-06T19:08:58.157+0000] {logging_mixin.py:190} INFO - [2024-10-06T19:08:58.156+0000] {dagbag.py:588} INFO - Filling up the DagBag from /home/airflow/.local/lib/python3.12/site-packages/airflow/example_dags/example_workday_timetable.py
[2024-10-06T19:08:58.162+0000] {processor.py:925} INFO - DAG(s) 'example_workday_timetable' retrieved from /home/airflow/.local/lib/python3.12/site-packages/airflow/example_dags/example_workday_timetable.py
[2024-10-06T19:08:58.266+0000] {logging_mixin.py:190} INFO - [2024-10-06T19:08:58.265+0000] {override.py:1900} INFO - Created Permission View: can delete on DAG:example_workday_timetable
[2024-10-06T19:08:58.277+0000] {logging_mixin.py:190} INFO - [2024-10-06T19:08:58.277+0000] {override.py:1900} INFO - Created Permission View: can edit on DAG:example_workday_timetable
[2024-10-06T19:08:58.285+0000] {logging_mixin.py:190} INFO - [2024-10-06T19:08:58.285+0000] {override.py:1900} INFO - Created Permission View: can read on DAG:example_workday_timetable
[2024-10-06T19:08:58.293+0000] {logging_mixin.py:190} INFO - [2024-10-06T19:08:58.292+0000] {override.py:1900} INFO - Created Permission View: can delete on DAG Run:example_workday_timetable
[2024-10-06T19:08:58.299+0000] {logging_mixin.py:190} INFO - [2024-10-06T19:08:58.299+0000] {override.py:1900} INFO - Created Permission View: can create on DAG Run:example_workday_timetable
[2024-10-06T19:08:58.306+0000] {logging_mixin.py:190} INFO - [2024-10-06T19:08:58.306+0000] {override.py:1900} INFO - Created Permission View: can read on DAG Run:example_workday_timetable
[2024-10-06T19:08:58.314+0000] {logging_mixin.py:190} INFO - [2024-10-06T19:08:58.314+0000] {override.py:1900} INFO - Created Permission View: menu access on DAG Run:example_workday_timetable
[2024-10-06T19:08:58.315+0000] {logging_mixin.py:190} INFO - [2024-10-06T19:08:58.315+0000] {dag.py:3239} INFO - Sync 1 DAGs
[2024-10-06T19:08:58.327+0000] {logging_mixin.py:190} INFO - [2024-10-06T19:08:58.327+0000] {dag.py:3262} INFO - Creating ORM DAG for example_workday_timetable
[2024-10-06T19:08:58.396+0000] {logging_mixin.py:190} INFO - [2024-10-06T19:08:58.395+0000] {dag.py:4180} INFO - Setting next_dagrun for example_workday_timetable to 2021-01-04 00:00:00+00:00, run_after=2021-01-05 00:00:00+00:00
[2024-10-06T19:08:58.415+0000] {processor.py:208} INFO - Processing /home/airflow/.local/lib/python3.12/site-packages/airflow/example_dags/example_workday_timetable.py took 0.266 seconds
[2024-10-06T19:09:29.191+0000] {processor.py:186} INFO - Started process (PID=630) to work on /home/airflow/.local/lib/python3.12/site-packages/airflow/example_dags/example_workday_timetable.py
[2024-10-06T19:09:29.192+0000] {processor.py:914} INFO - Processing file /home/airflow/.local/lib/python3.12/site-packages/airflow/example_dags/example_workday_timetable.py for tasks to queue
[2024-10-06T19:09:29.194+0000] {logging_mixin.py:190} INFO - [2024-10-06T19:09:29.194+0000] {dagbag.py:588} INFO - Filling up the DagBag from /home/airflow/.local/lib/python3.12/site-packages/airflow/example_dags/example_workday_timetable.py
[2024-10-06T19:09:29.199+0000] {processor.py:925} INFO - DAG(s) 'example_workday_timetable' retrieved from /home/airflow/.local/lib/python3.12/site-packages/airflow/example_dags/example_workday_timetable.py
[2024-10-06T19:09:29.217+0000] {logging_mixin.py:190} INFO - [2024-10-06T19:09:29.216+0000] {dag.py:3239} INFO - Sync 1 DAGs
[2024-10-06T19:09:29.276+0000] {logging_mixin.py:190} INFO - [2024-10-06T19:09:29.276+0000] {dag.py:4180} INFO - Setting next_dagrun for example_workday_timetable to 2021-01-04 00:00:00+00:00, run_after=2021-01-05 00:00:00+00:00
[2024-10-06T19:09:29.296+0000] {processor.py:208} INFO - Processing /home/airflow/.local/lib/python3.12/site-packages/airflow/example_dags/example_workday_timetable.py took 0.109 seconds
[2024-10-06T19:09:59.930+0000] {processor.py:186} INFO - Started process (PID=916) to work on /home/airflow/.local/lib/python3.12/site-packages/airflow/example_dags/example_workday_timetable.py
[2024-10-06T19:09:59.930+0000] {processor.py:914} INFO - Processing file /home/airflow/.local/lib/python3.12/site-packages/airflow/example_dags/example_workday_timetable.py for tasks to queue
[2024-10-06T19:09:59.932+0000] {logging_mixin.py:190} INFO - [2024-10-06T19:09:59.932+0000] {dagbag.py:588} INFO - Filling up the DagBag from /home/airflow/.local/lib/python3.12/site-packages/airflow/example_dags/example_workday_timetable.py
[2024-10-06T19:09:59.937+0000] {processor.py:925} INFO - DAG(s) 'example_workday_timetable' retrieved from /home/airflow/.local/lib/python3.12/site-packages/airflow/example_dags/example_workday_timetable.py
[2024-10-06T19:09:59.954+0000] {logging_mixin.py:190} INFO - [2024-10-06T19:09:59.953+0000] {dag.py:3239} INFO - Sync 1 DAGs
[2024-10-06T19:10:00.010+0000] {logging_mixin.py:190} INFO - [2024-10-06T19:10:00.009+0000] {dag.py:4180} INFO - Setting next_dagrun for example_workday_timetable to 2021-01-04 00:00:00+00:00, run_after=2021-01-05 00:00:00+00:00
[2024-10-06T19:10:00.028+0000] {processor.py:208} INFO - Processing /home/airflow/.local/lib/python3.12/site-packages/airflow/example_dags/example_workday_timetable.py took 0.103 seconds
[2024-10-06T19:10:30.320+0000] {processor.py:186} INFO - Started process (PID=1202) to work on /home/airflow/.local/lib/python3.12/site-packages/airflow/example_dags/example_workday_timetable.py
[2024-10-06T19:10:30.321+0000] {processor.py:914} INFO - Processing file /home/airflow/.local/lib/python3.12/site-packages/airflow/example_dags/example_workday_timetable.py for tasks to queue
[2024-10-06T19:10:30.324+0000] {logging_mixin.py:190} INFO - [2024-10-06T19:10:30.324+0000] {dagbag.py:588} INFO - Filling up the DagBag from /home/airflow/.local/lib/python3.12/site-packages/airflow/example_dags/example_workday_timetable.py
[2024-10-06T19:10:30.330+0000] {processor.py:925} INFO - DAG(s) 'example_workday_timetable' retrieved from /home/airflow/.local/lib/python3.12/site-packages/airflow/example_dags/example_workday_timetable.py
[2024-10-06T19:10:30.349+0000] {logging_mixin.py:190} INFO - [2024-10-06T19:10:30.349+0000] {dag.py:3239} INFO - Sync 1 DAGs
[2024-10-06T19:10:30.405+0000] {logging_mixin.py:190} INFO - [2024-10-06T19:10:30.405+0000] {dag.py:4180} INFO - Setting next_dagrun for example_workday_timetable to 2021-01-04 00:00:00+00:00, run_after=2021-01-05 00:00:00+00:00
[2024-10-06T19:10:30.424+0000] {processor.py:208} INFO - Processing /home/airflow/.local/lib/python3.12/site-packages/airflow/example_dags/example_workday_timetable.py took 0.107 seconds
[2024-10-06T19:11:00.709+0000] {processor.py:186} INFO - Started process (PID=1517) to work on /home/airflow/.local/lib/python3.12/site-packages/airflow/example_dags/example_workday_timetable.py
[2024-10-06T19:11:00.709+0000] {processor.py:914} INFO - Processing file /home/airflow/.local/lib/python3.12/site-packages/airflow/example_dags/example_workday_timetable.py for tasks to queue
[2024-10-06T19:11:00.711+0000] {logging_mixin.py:190} INFO - [2024-10-06T19:11:00.711+0000] {dagbag.py:588} INFO - Filling up the DagBag from /home/airflow/.local/lib/python3.12/site-packages/airflow/example_dags/example_workday_timetable.py
[2024-10-06T19:11:00.715+0000] {processor.py:925} INFO - DAG(s) 'example_workday_timetable' retrieved from /home/airflow/.local/lib/python3.12/site-packages/airflow/example_dags/example_workday_timetable.py
[2024-10-06T19:11:00.731+0000] {logging_mixin.py:190} INFO - [2024-10-06T19:11:00.731+0000] {dag.py:3239} INFO - Sync 1 DAGs
[2024-10-06T19:11:00.791+0000] {logging_mixin.py:190} INFO - [2024-10-06T19:11:00.791+0000] {dag.py:4180} INFO - Setting next_dagrun for example_workday_timetable to 2021-01-04 00:00:00+00:00, run_after=2021-01-05 00:00:00+00:00
[2024-10-06T19:11:00.810+0000] {processor.py:208} INFO - Processing /home/airflow/.local/lib/python3.12/site-packages/airflow/example_dags/example_workday_timetable.py took 0.105 seconds
[2024-10-06T19:11:31.164+0000] {processor.py:186} INFO - Started process (PID=1803) to work on /home/airflow/.local/lib/python3.12/site-packages/airflow/example_dags/example_workday_timetable.py
[2024-10-06T19:11:31.165+0000] {processor.py:914} INFO - Processing file /home/airflow/.local/lib/python3.12/site-packages/airflow/example_dags/example_workday_timetable.py for tasks to queue
[2024-10-06T19:11:31.167+0000] {logging_mixin.py:190} INFO - [2024-10-06T19:11:31.166+0000] {dagbag.py:588} INFO - Filling up the DagBag from /home/airflow/.local/lib/python3.12/site-packages/airflow/example_dags/example_workday_timetable.py
[2024-10-06T19:11:31.171+0000] {processor.py:925} INFO - DAG(s) 'example_workday_timetable' retrieved from /home/airflow/.local/lib/python3.12/site-packages/airflow/example_dags/example_workday_timetable.py
[2024-10-06T19:11:31.186+0000] {logging_mixin.py:190} INFO - [2024-10-06T19:11:31.186+0000] {dag.py:3239} INFO - Sync 1 DAGs
[2024-10-06T19:11:31.245+0000] {logging_mixin.py:190} INFO - [2024-10-06T19:11:31.245+0000] {dag.py:4180} INFO - Setting next_dagrun for example_workday_timetable to 2021-01-04 00:00:00+00:00, run_after=2021-01-05 00:00:00+00:00
[2024-10-06T19:11:31.265+0000] {processor.py:208} INFO - Processing /home/airflow/.local/lib/python3.12/site-packages/airflow/example_dags/example_workday_timetable.py took 0.104 seconds
[2024-10-06T19:12:01.513+0000] {processor.py:186} INFO - Started process (PID=2089) to work on /home/airflow/.local/lib/python3.12/site-packages/airflow/example_dags/example_workday_timetable.py
[2024-10-06T19:12:01.514+0000] {processor.py:914} INFO - Processing file /home/airflow/.local/lib/python3.12/site-packages/airflow/example_dags/example_workday_timetable.py for tasks to queue
[2024-10-06T19:12:01.516+0000] {logging_mixin.py:190} INFO - [2024-10-06T19:12:01.515+0000] {dagbag.py:588} INFO - Filling up the DagBag from /home/airflow/.local/lib/python3.12/site-packages/airflow/example_dags/example_workday_timetable.py
[2024-10-06T19:12:01.521+0000] {processor.py:925} INFO - DAG(s) 'example_workday_timetable' retrieved from /home/airflow/.local/lib/python3.12/site-packages/airflow/example_dags/example_workday_timetable.py
[2024-10-06T19:12:01.538+0000] {logging_mixin.py:190} INFO - [2024-10-06T19:12:01.538+0000] {dag.py:3239} INFO - Sync 1 DAGs
[2024-10-06T19:12:01.594+0000] {logging_mixin.py:190} INFO - [2024-10-06T19:12:01.593+0000] {dag.py:4180} INFO - Setting next_dagrun for example_workday_timetable to 2021-01-04 00:00:00+00:00, run_after=2021-01-05 00:00:00+00:00
[2024-10-06T19:12:01.614+0000] {processor.py:208} INFO - Processing /home/airflow/.local/lib/python3.12/site-packages/airflow/example_dags/example_workday_timetable.py took 0.105 seconds
[2024-10-06T19:12:31.952+0000] {processor.py:186} INFO - Started process (PID=2375) to work on /home/airflow/.local/lib/python3.12/site-packages/airflow/example_dags/example_workday_timetable.py
[2024-10-06T19:12:31.952+0000] {processor.py:914} INFO - Processing file /home/airflow/.local/lib/python3.12/site-packages/airflow/example_dags/example_workday_timetable.py for tasks to queue
[2024-10-06T19:12:31.953+0000] {logging_mixin.py:190} INFO - [2024-10-06T19:12:31.953+0000] {dagbag.py:588} INFO - Filling up the DagBag from /home/airflow/.local/lib/python3.12/site-packages/airflow/example_dags/example_workday_timetable.py
[2024-10-06T19:12:31.958+0000] {processor.py:925} INFO - DAG(s) 'example_workday_timetable' retrieved from /home/airflow/.local/lib/python3.12/site-packages/airflow/example_dags/example_workday_timetable.py
[2024-10-06T19:12:31.975+0000] {logging_mixin.py:190} INFO - [2024-10-06T19:12:31.975+0000] {dag.py:3239} INFO - Sync 1 DAGs
[2024-10-06T19:12:32.029+0000] {logging_mixin.py:190} INFO - [2024-10-06T19:12:32.029+0000] {dag.py:4180} INFO - Setting next_dagrun for example_workday_timetable to 2021-01-04 00:00:00+00:00, run_after=2021-01-05 00:00:00+00:00
[2024-10-06T19:12:32.048+0000] {processor.py:208} INFO - Processing /home/airflow/.local/lib/python3.12/site-packages/airflow/example_dags/example_workday_timetable.py took 0.100 seconds
[2024-10-06T19:13:02.305+0000] {processor.py:186} INFO - Started process (PID=2661) to work on /home/airflow/.local/lib/python3.12/site-packages/airflow/example_dags/example_workday_timetable.py
[2024-10-06T19:13:02.305+0000] {processor.py:914} INFO - Processing file /home/airflow/.local/lib/python3.12/site-packages/airflow/example_dags/example_workday_timetable.py for tasks to queue
[2024-10-06T19:13:02.307+0000] {logging_mixin.py:190} INFO - [2024-10-06T19:13:02.307+0000] {dagbag.py:588} INFO - Filling up the DagBag from /home/airflow/.local/lib/python3.12/site-packages/airflow/example_dags/example_workday_timetable.py
[2024-10-06T19:13:02.311+0000] {processor.py:925} INFO - DAG(s) 'example_workday_timetable' retrieved from /home/airflow/.local/lib/python3.12/site-packages/airflow/example_dags/example_workday_timetable.py
[2024-10-06T19:13:02.327+0000] {logging_mixin.py:190} INFO - [2024-10-06T19:13:02.327+0000] {dag.py:3239} INFO - Sync 1 DAGs
[2024-10-06T19:13:02.378+0000] {logging_mixin.py:190} INFO - [2024-10-06T19:13:02.378+0000] {dag.py:4180} INFO - Setting next_dagrun for example_workday_timetable to 2021-01-04 00:00:00+00:00, run_after=2021-01-05 00:00:00+00:00
[2024-10-06T19:13:02.396+0000] {processor.py:208} INFO - Processing /home/airflow/.local/lib/python3.12/site-packages/airflow/example_dags/example_workday_timetable.py took 0.095 seconds
[2024-10-06T19:13:32.715+0000] {processor.py:186} INFO - Started process (PID=2947) to work on /home/airflow/.local/lib/python3.12/site-packages/airflow/example_dags/example_workday_timetable.py
[2024-10-06T19:13:32.716+0000] {processor.py:914} INFO - Processing file /home/airflow/.local/lib/python3.12/site-packages/airflow/example_dags/example_workday_timetable.py for tasks to queue
[2024-10-06T19:13:32.717+0000] {logging_mixin.py:190} INFO - [2024-10-06T19:13:32.717+0000] {dagbag.py:588} INFO - Filling up the DagBag from /home/airflow/.local/lib/python3.12/site-packages/airflow/example_dags/example_workday_timetable.py
[2024-10-06T19:13:32.723+0000] {processor.py:925} INFO - DAG(s) 'example_workday_timetable' retrieved from /home/airflow/.local/lib/python3.12/site-packages/airflow/example_dags/example_workday_timetable.py
[2024-10-06T19:13:32.744+0000] {logging_mixin.py:190} INFO - [2024-10-06T19:13:32.744+0000] {dag.py:3239} INFO - Sync 1 DAGs
[2024-10-06T19:13:32.804+0000] {logging_mixin.py:190} INFO - [2024-10-06T19:13:32.804+0000] {dag.py:4180} INFO - Setting next_dagrun for example_workday_timetable to 2021-01-04 00:00:00+00:00, run_after=2021-01-05 00:00:00+00:00
[2024-10-06T19:13:32.823+0000] {processor.py:208} INFO - Processing /home/airflow/.local/lib/python3.12/site-packages/airflow/example_dags/example_workday_timetable.py took 0.112 seconds
[2024-10-06T19:14:03.071+0000] {processor.py:186} INFO - Started process (PID=3238) to work on /home/airflow/.local/lib/python3.12/site-packages/airflow/example_dags/example_workday_timetable.py
[2024-10-06T19:14:03.072+0000] {processor.py:914} INFO - Processing file /home/airflow/.local/lib/python3.12/site-packages/airflow/example_dags/example_workday_timetable.py for tasks to queue
[2024-10-06T19:14:03.074+0000] {logging_mixin.py:190} INFO - [2024-10-06T19:14:03.074+0000] {dagbag.py:588} INFO - Filling up the DagBag from /home/airflow/.local/lib/python3.12/site-packages/airflow/example_dags/example_workday_timetable.py
[2024-10-06T19:14:03.079+0000] {processor.py:925} INFO - DAG(s) 'example_workday_timetable' retrieved from /home/airflow/.local/lib/python3.12/site-packages/airflow/example_dags/example_workday_timetable.py
[2024-10-06T19:14:03.095+0000] {logging_mixin.py:190} INFO - [2024-10-06T19:14:03.095+0000] {dag.py:3239} INFO - Sync 1 DAGs
[2024-10-06T19:14:03.147+0000] {logging_mixin.py:190} INFO - [2024-10-06T19:14:03.147+0000] {dag.py:4180} INFO - Setting next_dagrun for example_workday_timetable to 2021-01-04 00:00:00+00:00, run_after=2021-01-05 00:00:00+00:00
[2024-10-06T19:14:03.165+0000] {processor.py:208} INFO - Processing /home/airflow/.local/lib/python3.12/site-packages/airflow/example_dags/example_workday_timetable.py took 0.098 seconds
[2024-10-06T19:14:33.403+0000] {processor.py:186} INFO - Started process (PID=3529) to work on /home/airflow/.local/lib/python3.12/site-packages/airflow/example_dags/example_workday_timetable.py
[2024-10-06T19:14:33.403+0000] {processor.py:914} INFO - Processing file /home/airflow/.local/lib/python3.12/site-packages/airflow/example_dags/example_workday_timetable.py for tasks to queue
[2024-10-06T19:14:33.405+0000] {logging_mixin.py:190} INFO - [2024-10-06T19:14:33.405+0000] {dagbag.py:588} INFO - Filling up the DagBag from /home/airflow/.local/lib/python3.12/site-packages/airflow/example_dags/example_workday_timetable.py
[2024-10-06T19:14:33.410+0000] {processor.py:925} INFO - DAG(s) 'example_workday_timetable' retrieved from /home/airflow/.local/lib/python3.12/site-packages/airflow/example_dags/example_workday_timetable.py
[2024-10-06T19:14:33.428+0000] {logging_mixin.py:190} INFO - [2024-10-06T19:14:33.428+0000] {dag.py:3239} INFO - Sync 1 DAGs
[2024-10-06T19:14:33.490+0000] {logging_mixin.py:190} INFO - [2024-10-06T19:14:33.489+0000] {dag.py:4180} INFO - Setting next_dagrun for example_workday_timetable to 2021-01-04 00:00:00+00:00, run_after=2021-01-05 00:00:00+00:00
[2024-10-06T19:14:33.510+0000] {processor.py:208} INFO - Processing /home/airflow/.local/lib/python3.12/site-packages/airflow/example_dags/example_workday_timetable.py took 0.111 seconds
[2024-10-06T19:15:03.721+0000] {processor.py:186} INFO - Started process (PID=3820) to work on /home/airflow/.local/lib/python3.12/site-packages/airflow/example_dags/example_workday_timetable.py
[2024-10-06T19:15:03.721+0000] {processor.py:914} INFO - Processing file /home/airflow/.local/lib/python3.12/site-packages/airflow/example_dags/example_workday_timetable.py for tasks to queue
[2024-10-06T19:15:03.723+0000] {logging_mixin.py:190} INFO - [2024-10-06T19:15:03.723+0000] {dagbag.py:588} INFO - Filling up the DagBag from /home/airflow/.local/lib/python3.12/site-packages/airflow/example_dags/example_workday_timetable.py
[2024-10-06T19:15:03.727+0000] {processor.py:925} INFO - DAG(s) 'example_workday_timetable' retrieved from /home/airflow/.local/lib/python3.12/site-packages/airflow/example_dags/example_workday_timetable.py
[2024-10-06T19:15:03.745+0000] {logging_mixin.py:190} INFO - [2024-10-06T19:15:03.744+0000] {dag.py:3239} INFO - Sync 1 DAGs
[2024-10-06T19:15:03.801+0000] {logging_mixin.py:190} INFO - [2024-10-06T19:15:03.801+0000] {dag.py:4180} INFO - Setting next_dagrun for example_workday_timetable to 2021-01-04 00:00:00+00:00, run_after=2021-01-05 00:00:00+00:00
[2024-10-06T19:15:03.822+0000] {processor.py:208} INFO - Processing /home/airflow/.local/lib/python3.12/site-packages/airflow/example_dags/example_workday_timetable.py took 0.105 seconds
[2024-10-06T19:15:33.942+0000] {processor.py:186} INFO - Started process (PID=4113) to work on /home/airflow/.local/lib/python3.12/site-packages/airflow/example_dags/example_workday_timetable.py
[2024-10-06T19:15:33.943+0000] {processor.py:914} INFO - Processing file /home/airflow/.local/lib/python3.12/site-packages/airflow/example_dags/example_workday_timetable.py for tasks to queue
[2024-10-06T19:15:33.945+0000] {logging_mixin.py:190} INFO - [2024-10-06T19:15:33.945+0000] {dagbag.py:588} INFO - Filling up the DagBag from /home/airflow/.local/lib/python3.12/site-packages/airflow/example_dags/example_workday_timetable.py
[2024-10-06T19:15:33.949+0000] {processor.py:925} INFO - DAG(s) 'example_workday_timetable' retrieved from /home/airflow/.local/lib/python3.12/site-packages/airflow/example_dags/example_workday_timetable.py
[2024-10-06T19:15:33.964+0000] {logging_mixin.py:190} INFO - [2024-10-06T19:15:33.964+0000] {dag.py:3239} INFO - Sync 1 DAGs
[2024-10-06T19:15:34.012+0000] {logging_mixin.py:190} INFO - [2024-10-06T19:15:34.012+0000] {dag.py:4180} INFO - Setting next_dagrun for example_workday_timetable to 2021-01-04 00:00:00+00:00, run_after=2021-01-05 00:00:00+00:00
[2024-10-06T19:15:34.029+0000] {processor.py:208} INFO - Processing /home/airflow/.local/lib/python3.12/site-packages/airflow/example_dags/example_workday_timetable.py took 0.091 seconds
[2024-10-06T19:16:04.243+0000] {processor.py:186} INFO - Started process (PID=4404) to work on /home/airflow/.local/lib/python3.12/site-packages/airflow/example_dags/example_workday_timetable.py
[2024-10-06T19:16:04.244+0000] {processor.py:914} INFO - Processing file /home/airflow/.local/lib/python3.12/site-packages/airflow/example_dags/example_workday_timetable.py for tasks to queue
[2024-10-06T19:16:04.245+0000] {logging_mixin.py:190} INFO - [2024-10-06T19:16:04.245+0000] {dagbag.py:588} INFO - Filling up the DagBag from /home/airflow/.local/lib/python3.12/site-packages/airflow/example_dags/example_workday_timetable.py
[2024-10-06T19:16:04.249+0000] {processor.py:925} INFO - DAG(s) 'example_workday_timetable' retrieved from /home/airflow/.local/lib/python3.12/site-packages/airflow/example_dags/example_workday_timetable.py
[2024-10-06T19:16:04.265+0000] {logging_mixin.py:190} INFO - [2024-10-06T19:16:04.264+0000] {dag.py:3239} INFO - Sync 1 DAGs
[2024-10-06T19:16:04.318+0000] {logging_mixin.py:190} INFO - [2024-10-06T19:16:04.317+0000] {dag.py:4180} INFO - Setting next_dagrun for example_workday_timetable to 2021-01-04 00:00:00+00:00, run_after=2021-01-05 00:00:00+00:00
[2024-10-06T19:16:04.336+0000] {processor.py:208} INFO - Processing /home/airflow/.local/lib/python3.12/site-packages/airflow/example_dags/example_workday_timetable.py took 0.097 seconds
[2024-10-06T19:16:34.506+0000] {processor.py:186} INFO - Started process (PID=4695) to work on /home/airflow/.local/lib/python3.12/site-packages/airflow/example_dags/example_workday_timetable.py
[2024-10-06T19:16:34.507+0000] {processor.py:914} INFO - Processing file /home/airflow/.local/lib/python3.12/site-packages/airflow/example_dags/example_workday_timetable.py for tasks to queue
[2024-10-06T19:16:34.509+0000] {logging_mixin.py:190} INFO - [2024-10-06T19:16:34.508+0000] {dagbag.py:588} INFO - Filling up the DagBag from /home/airflow/.local/lib/python3.12/site-packages/airflow/example_dags/example_workday_timetable.py
[2024-10-06T19:16:34.513+0000] {processor.py:925} INFO - DAG(s) 'example_workday_timetable' retrieved from /home/airflow/.local/lib/python3.12/site-packages/airflow/example_dags/example_workday_timetable.py
[2024-10-06T19:16:34.531+0000] {logging_mixin.py:190} INFO - [2024-10-06T19:16:34.531+0000] {dag.py:3239} INFO - Sync 1 DAGs
[2024-10-06T19:16:34.588+0000] {logging_mixin.py:190} INFO - [2024-10-06T19:16:34.588+0000] {dag.py:4180} INFO - Setting next_dagrun for example_workday_timetable to 2021-01-04 00:00:00+00:00, run_after=2021-01-05 00:00:00+00:00
[2024-10-06T19:16:34.609+0000] {processor.py:208} INFO - Processing /home/airflow/.local/lib/python3.12/site-packages/airflow/example_dags/example_workday_timetable.py took 0.107 seconds
[2024-10-06T19:17:04.885+0000] {processor.py:186} INFO - Started process (PID=4986) to work on /home/airflow/.local/lib/python3.12/site-packages/airflow/example_dags/example_workday_timetable.py
[2024-10-06T19:17:04.886+0000] {processor.py:914} INFO - Processing file /home/airflow/.local/lib/python3.12/site-packages/airflow/example_dags/example_workday_timetable.py for tasks to queue
[2024-10-06T19:17:04.888+0000] {logging_mixin.py:190} INFO - [2024-10-06T19:17:04.888+0000] {dagbag.py:588} INFO - Filling up the DagBag from /home/airflow/.local/lib/python3.12/site-packages/airflow/example_dags/example_workday_timetable.py
[2024-10-06T19:17:04.892+0000] {processor.py:925} INFO - DAG(s) 'example_workday_timetable' retrieved from /home/airflow/.local/lib/python3.12/site-packages/airflow/example_dags/example_workday_timetable.py
[2024-10-06T19:17:04.908+0000] {logging_mixin.py:190} INFO - [2024-10-06T19:17:04.908+0000] {dag.py:3239} INFO - Sync 1 DAGs
[2024-10-06T19:17:04.962+0000] {logging_mixin.py:190} INFO - [2024-10-06T19:17:04.962+0000] {dag.py:4180} INFO - Setting next_dagrun for example_workday_timetable to 2021-01-04 00:00:00+00:00, run_after=2021-01-05 00:00:00+00:00
[2024-10-06T19:17:04.983+0000] {processor.py:208} INFO - Processing /home/airflow/.local/lib/python3.12/site-packages/airflow/example_dags/example_workday_timetable.py took 0.102 seconds
[2024-10-06T19:17:35.292+0000] {processor.py:186} INFO - Started process (PID=5277) to work on /home/airflow/.local/lib/python3.12/site-packages/airflow/example_dags/example_workday_timetable.py
[2024-10-06T19:17:35.294+0000] {processor.py:914} INFO - Processing file /home/airflow/.local/lib/python3.12/site-packages/airflow/example_dags/example_workday_timetable.py for tasks to queue
[2024-10-06T19:17:35.296+0000] {logging_mixin.py:190} INFO - [2024-10-06T19:17:35.296+0000] {dagbag.py:588} INFO - Filling up the DagBag from /home/airflow/.local/lib/python3.12/site-packages/airflow/example_dags/example_workday_timetable.py
[2024-10-06T19:17:35.300+0000] {processor.py:925} INFO - DAG(s) 'example_workday_timetable' retrieved from /home/airflow/.local/lib/python3.12/site-packages/airflow/example_dags/example_workday_timetable.py
[2024-10-06T19:17:35.315+0000] {logging_mixin.py:190} INFO - [2024-10-06T19:17:35.315+0000] {dag.py:3239} INFO - Sync 1 DAGs
[2024-10-06T19:17:35.368+0000] {logging_mixin.py:190} INFO - [2024-10-06T19:17:35.367+0000] {dag.py:4180} INFO - Setting next_dagrun for example_workday_timetable to 2021-01-04 00:00:00+00:00, run_after=2021-01-05 00:00:00+00:00
[2024-10-06T19:17:35.385+0000] {processor.py:208} INFO - Processing /home/airflow/.local/lib/python3.12/site-packages/airflow/example_dags/example_workday_timetable.py took 0.098 seconds
[2024-10-06T19:18:05.606+0000] {processor.py:186} INFO - Started process (PID=5568) to work on /home/airflow/.local/lib/python3.12/site-packages/airflow/example_dags/example_workday_timetable.py
[2024-10-06T19:18:05.607+0000] {processor.py:914} INFO - Processing file /home/airflow/.local/lib/python3.12/site-packages/airflow/example_dags/example_workday_timetable.py for tasks to queue
[2024-10-06T19:18:05.609+0000] {logging_mixin.py:190} INFO - [2024-10-06T19:18:05.608+0000] {dagbag.py:588} INFO - Filling up the DagBag from /home/airflow/.local/lib/python3.12/site-packages/airflow/example_dags/example_workday_timetable.py
[2024-10-06T19:18:05.612+0000] {processor.py:925} INFO - DAG(s) 'example_workday_timetable' retrieved from /home/airflow/.local/lib/python3.12/site-packages/airflow/example_dags/example_workday_timetable.py
[2024-10-06T19:18:05.627+0000] {logging_mixin.py:190} INFO - [2024-10-06T19:18:05.627+0000] {dag.py:3239} INFO - Sync 1 DAGs
[2024-10-06T19:18:05.681+0000] {logging_mixin.py:190} INFO - [2024-10-06T19:18:05.681+0000] {dag.py:4180} INFO - Setting next_dagrun for example_workday_timetable to 2021-01-04 00:00:00+00:00, run_after=2021-01-05 00:00:00+00:00
[2024-10-06T19:18:05.699+0000] {processor.py:208} INFO - Processing /home/airflow/.local/lib/python3.12/site-packages/airflow/example_dags/example_workday_timetable.py took 0.097 seconds
[2024-10-06T19:18:35.875+0000] {processor.py:186} INFO - Started process (PID=5865) to work on /home/airflow/.local/lib/python3.12/site-packages/airflow/example_dags/example_workday_timetable.py
[2024-10-06T19:18:35.876+0000] {processor.py:914} INFO - Processing file /home/airflow/.local/lib/python3.12/site-packages/airflow/example_dags/example_workday_timetable.py for tasks to queue
[2024-10-06T19:18:35.878+0000] {logging_mixin.py:190} INFO - [2024-10-06T19:18:35.877+0000] {dagbag.py:588} INFO - Filling up the DagBag from /home/airflow/.local/lib/python3.12/site-packages/airflow/example_dags/example_workday_timetable.py
[2024-10-06T19:18:35.881+0000] {processor.py:925} INFO - DAG(s) 'example_workday_timetable' retrieved from /home/airflow/.local/lib/python3.12/site-packages/airflow/example_dags/example_workday_timetable.py
[2024-10-06T19:18:35.898+0000] {logging_mixin.py:190} INFO - [2024-10-06T19:18:35.897+0000] {dag.py:3239} INFO - Sync 1 DAGs
[2024-10-06T19:18:35.950+0000] {logging_mixin.py:190} INFO - [2024-10-06T19:18:35.950+0000] {dag.py:4180} INFO - Setting next_dagrun for example_workday_timetable to 2021-01-04 00:00:00+00:00, run_after=2021-01-05 00:00:00+00:00
[2024-10-06T19:18:35.967+0000] {processor.py:208} INFO - Processing /home/airflow/.local/lib/python3.12/site-packages/airflow/example_dags/example_workday_timetable.py took 0.096 seconds
[2024-10-06T19:19:06.198+0000] {processor.py:186} INFO - Started process (PID=6161) to work on /home/airflow/.local/lib/python3.12/site-packages/airflow/example_dags/example_workday_timetable.py
[2024-10-06T19:19:06.199+0000] {processor.py:914} INFO - Processing file /home/airflow/.local/lib/python3.12/site-packages/airflow/example_dags/example_workday_timetable.py for tasks to queue
[2024-10-06T19:19:06.201+0000] {logging_mixin.py:190} INFO - [2024-10-06T19:19:06.201+0000] {dagbag.py:588} INFO - Filling up the DagBag from /home/airflow/.local/lib/python3.12/site-packages/airflow/example_dags/example_workday_timetable.py
[2024-10-06T19:19:06.206+0000] {processor.py:925} INFO - DAG(s) 'example_workday_timetable' retrieved from /home/airflow/.local/lib/python3.12/site-packages/airflow/example_dags/example_workday_timetable.py
[2024-10-06T19:19:06.222+0000] {logging_mixin.py:190} INFO - [2024-10-06T19:19:06.221+0000] {dag.py:3239} INFO - Sync 1 DAGs
[2024-10-06T19:19:06.283+0000] {logging_mixin.py:190} INFO - [2024-10-06T19:19:06.283+0000] {dag.py:4180} INFO - Setting next_dagrun for example_workday_timetable to 2021-01-04 00:00:00+00:00, run_after=2021-01-05 00:00:00+00:00
[2024-10-06T19:19:06.303+0000] {processor.py:208} INFO - Processing /home/airflow/.local/lib/python3.12/site-packages/airflow/example_dags/example_workday_timetable.py took 0.110 seconds
[2024-10-06T19:19:36.510+0000] {processor.py:186} INFO - Started process (PID=6452) to work on /home/airflow/.local/lib/python3.12/site-packages/airflow/example_dags/example_workday_timetable.py
[2024-10-06T19:19:36.511+0000] {processor.py:914} INFO - Processing file /home/airflow/.local/lib/python3.12/site-packages/airflow/example_dags/example_workday_timetable.py for tasks to queue
[2024-10-06T19:19:36.513+0000] {logging_mixin.py:190} INFO - [2024-10-06T19:19:36.512+0000] {dagbag.py:588} INFO - Filling up the DagBag from /home/airflow/.local/lib/python3.12/site-packages/airflow/example_dags/example_workday_timetable.py
[2024-10-06T19:19:36.517+0000] {processor.py:925} INFO - DAG(s) 'example_workday_timetable' retrieved from /home/airflow/.local/lib/python3.12/site-packages/airflow/example_dags/example_workday_timetable.py
[2024-10-06T19:19:36.531+0000] {logging_mixin.py:190} INFO - [2024-10-06T19:19:36.531+0000] {dag.py:3239} INFO - Sync 1 DAGs
[2024-10-06T19:19:36.580+0000] {logging_mixin.py:190} INFO - [2024-10-06T19:19:36.579+0000] {dag.py:4180} INFO - Setting next_dagrun for example_workday_timetable to 2021-01-04 00:00:00+00:00, run_after=2021-01-05 00:00:00+00:00
[2024-10-06T19:19:36.596+0000] {processor.py:208} INFO - Processing /home/airflow/.local/lib/python3.12/site-packages/airflow/example_dags/example_workday_timetable.py took 0.090 seconds
[2024-10-06T19:20:06.866+0000] {processor.py:186} INFO - Started process (PID=6743) to work on /home/airflow/.local/lib/python3.12/site-packages/airflow/example_dags/example_workday_timetable.py
[2024-10-06T19:20:06.866+0000] {processor.py:914} INFO - Processing file /home/airflow/.local/lib/python3.12/site-packages/airflow/example_dags/example_workday_timetable.py for tasks to queue
[2024-10-06T19:20:06.869+0000] {logging_mixin.py:190} INFO - [2024-10-06T19:20:06.868+0000] {dagbag.py:588} INFO - Filling up the DagBag from /home/airflow/.local/lib/python3.12/site-packages/airflow/example_dags/example_workday_timetable.py
[2024-10-06T19:20:06.873+0000] {processor.py:925} INFO - DAG(s) 'example_workday_timetable' retrieved from /home/airflow/.local/lib/python3.12/site-packages/airflow/example_dags/example_workday_timetable.py
[2024-10-06T19:20:06.889+0000] {logging_mixin.py:190} INFO - [2024-10-06T19:20:06.888+0000] {dag.py:3239} INFO - Sync 1 DAGs
[2024-10-06T19:20:06.942+0000] {logging_mixin.py:190} INFO - [2024-10-06T19:20:06.942+0000] {dag.py:4180} INFO - Setting next_dagrun for example_workday_timetable to 2021-01-04 00:00:00+00:00, run_after=2021-01-05 00:00:00+00:00
[2024-10-06T19:20:06.959+0000] {processor.py:208} INFO - Processing /home/airflow/.local/lib/python3.12/site-packages/airflow/example_dags/example_workday_timetable.py took 0.099 seconds
[2024-10-06T19:20:37.245+0000] {processor.py:186} INFO - Started process (PID=7034) to work on /home/airflow/.local/lib/python3.12/site-packages/airflow/example_dags/example_workday_timetable.py
[2024-10-06T19:20:37.246+0000] {processor.py:914} INFO - Processing file /home/airflow/.local/lib/python3.12/site-packages/airflow/example_dags/example_workday_timetable.py for tasks to queue
[2024-10-06T19:20:37.248+0000] {logging_mixin.py:190} INFO - [2024-10-06T19:20:37.248+0000] {dagbag.py:588} INFO - Filling up the DagBag from /home/airflow/.local/lib/python3.12/site-packages/airflow/example_dags/example_workday_timetable.py
[2024-10-06T19:20:37.252+0000] {processor.py:925} INFO - DAG(s) 'example_workday_timetable' retrieved from /home/airflow/.local/lib/python3.12/site-packages/airflow/example_dags/example_workday_timetable.py
[2024-10-06T19:20:37.268+0000] {logging_mixin.py:190} INFO - [2024-10-06T19:20:37.267+0000] {dag.py:3239} INFO - Sync 1 DAGs
[2024-10-06T19:20:37.319+0000] {logging_mixin.py:190} INFO - [2024-10-06T19:20:37.319+0000] {dag.py:4180} INFO - Setting next_dagrun for example_workday_timetable to 2021-01-04 00:00:00+00:00, run_after=2021-01-05 00:00:00+00:00
[2024-10-06T19:20:37.337+0000] {processor.py:208} INFO - Processing /home/airflow/.local/lib/python3.12/site-packages/airflow/example_dags/example_workday_timetable.py took 0.096 seconds
[2024-10-06T19:21:07.596+0000] {processor.py:186} INFO - Started process (PID=7325) to work on /home/airflow/.local/lib/python3.12/site-packages/airflow/example_dags/example_workday_timetable.py
[2024-10-06T19:21:07.597+0000] {processor.py:914} INFO - Processing file /home/airflow/.local/lib/python3.12/site-packages/airflow/example_dags/example_workday_timetable.py for tasks to queue
[2024-10-06T19:21:07.599+0000] {logging_mixin.py:190} INFO - [2024-10-06T19:21:07.599+0000] {dagbag.py:588} INFO - Filling up the DagBag from /home/airflow/.local/lib/python3.12/site-packages/airflow/example_dags/example_workday_timetable.py
[2024-10-06T19:21:07.604+0000] {processor.py:925} INFO - DAG(s) 'example_workday_timetable' retrieved from /home/airflow/.local/lib/python3.12/site-packages/airflow/example_dags/example_workday_timetable.py
[2024-10-06T19:21:07.619+0000] {logging_mixin.py:190} INFO - [2024-10-06T19:21:07.619+0000] {dag.py:3239} INFO - Sync 1 DAGs
[2024-10-06T19:21:07.672+0000] {logging_mixin.py:190} INFO - [2024-10-06T19:21:07.672+0000] {dag.py:4180} INFO - Setting next_dagrun for example_workday_timetable to 2021-01-04 00:00:00+00:00, run_after=2021-01-05 00:00:00+00:00
[2024-10-06T19:21:07.690+0000] {processor.py:208} INFO - Processing /home/airflow/.local/lib/python3.12/site-packages/airflow/example_dags/example_workday_timetable.py took 0.098 seconds
[2024-10-06T19:21:38.123+0000] {processor.py:186} INFO - Started process (PID=7621) to work on /home/airflow/.local/lib/python3.12/site-packages/airflow/example_dags/example_workday_timetable.py
[2024-10-06T19:21:38.124+0000] {processor.py:914} INFO - Processing file /home/airflow/.local/lib/python3.12/site-packages/airflow/example_dags/example_workday_timetable.py for tasks to queue
[2024-10-06T19:21:38.126+0000] {logging_mixin.py:190} INFO - [2024-10-06T19:21:38.126+0000] {dagbag.py:588} INFO - Filling up the DagBag from /home/airflow/.local/lib/python3.12/site-packages/airflow/example_dags/example_workday_timetable.py
[2024-10-06T19:21:38.130+0000] {processor.py:925} INFO - DAG(s) 'example_workday_timetable' retrieved from /home/airflow/.local/lib/python3.12/site-packages/airflow/example_dags/example_workday_timetable.py
[2024-10-06T19:21:38.145+0000] {logging_mixin.py:190} INFO - [2024-10-06T19:21:38.145+0000] {dag.py:3239} INFO - Sync 1 DAGs
[2024-10-06T19:21:38.199+0000] {logging_mixin.py:190} INFO - [2024-10-06T19:21:38.199+0000] {dag.py:4180} INFO - Setting next_dagrun for example_workday_timetable to 2021-01-04 00:00:00+00:00, run_after=2021-01-05 00:00:00+00:00
[2024-10-06T19:21:38.218+0000] {processor.py:208} INFO - Processing /home/airflow/.local/lib/python3.12/site-packages/airflow/example_dags/example_workday_timetable.py took 0.098 seconds
