[2024-10-06T19:08:59.062+0000] {processor.py:186} INFO - Started process (PID=364) to work on /home/airflow/.local/lib/python3.12/site-packages/airflow/example_dags/example_nested_branch_dag.py
[2024-10-06T19:08:59.063+0000] {processor.py:914} INFO - Processing file /home/airflow/.local/lib/python3.12/site-packages/airflow/example_dags/example_nested_branch_dag.py for tasks to queue
[2024-10-06T19:08:59.065+0000] {logging_mixin.py:190} INFO - [2024-10-06T19:08:59.065+0000] {dagbag.py:588} INFO - Filling up the DagBag from /home/airflow/.local/lib/python3.12/site-packages/airflow/example_dags/example_nested_branch_dag.py
[2024-10-06T19:08:59.078+0000] {processor.py:925} INFO - DAG(s) 'example_nested_branch_dag' retrieved from /home/airflow/.local/lib/python3.12/site-packages/airflow/example_dags/example_nested_branch_dag.py
[2024-10-06T19:08:59.188+0000] {logging_mixin.py:190} INFO - [2024-10-06T19:08:59.188+0000] {override.py:1900} INFO - Created Permission View: can delete on DAG:example_nested_branch_dag
[2024-10-06T19:08:59.199+0000] {logging_mixin.py:190} INFO - [2024-10-06T19:08:59.198+0000] {override.py:1900} INFO - Created Permission View: can edit on DAG:example_nested_branch_dag
[2024-10-06T19:08:59.205+0000] {logging_mixin.py:190} INFO - [2024-10-06T19:08:59.205+0000] {override.py:1900} INFO - Created Permission View: can read on DAG:example_nested_branch_dag
[2024-10-06T19:08:59.214+0000] {logging_mixin.py:190} INFO - [2024-10-06T19:08:59.214+0000] {override.py:1900} INFO - Created Permission View: can delete on DAG Run:example_nested_branch_dag
[2024-10-06T19:08:59.221+0000] {logging_mixin.py:190} INFO - [2024-10-06T19:08:59.221+0000] {override.py:1900} INFO - Created Permission View: can create on DAG Run:example_nested_branch_dag
[2024-10-06T19:08:59.230+0000] {logging_mixin.py:190} INFO - [2024-10-06T19:08:59.229+0000] {override.py:1900} INFO - Created Permission View: can read on DAG Run:example_nested_branch_dag
[2024-10-06T19:08:59.237+0000] {logging_mixin.py:190} INFO - [2024-10-06T19:08:59.237+0000] {override.py:1900} INFO - Created Permission View: menu access on DAG Run:example_nested_branch_dag
[2024-10-06T19:08:59.239+0000] {logging_mixin.py:190} INFO - [2024-10-06T19:08:59.239+0000] {dag.py:3239} INFO - Sync 1 DAGs
[2024-10-06T19:08:59.258+0000] {logging_mixin.py:190} INFO - [2024-10-06T19:08:59.257+0000] {dag.py:3262} INFO - Creating ORM DAG for example_nested_branch_dag
[2024-10-06T19:08:59.272+0000] {logging_mixin.py:190} INFO - [2024-10-06T19:08:59.272+0000] {dag.py:4180} INFO - Setting next_dagrun for example_nested_branch_dag to 2024-10-05 00:00:00+00:00, run_after=2024-10-06 00:00:00+00:00
[2024-10-06T19:08:59.292+0000] {processor.py:208} INFO - Processing /home/airflow/.local/lib/python3.12/site-packages/airflow/example_dags/example_nested_branch_dag.py took 0.235 seconds
[2024-10-06T19:09:29.576+0000] {processor.py:186} INFO - Started process (PID=650) to work on /home/airflow/.local/lib/python3.12/site-packages/airflow/example_dags/example_nested_branch_dag.py
[2024-10-06T19:09:29.576+0000] {processor.py:914} INFO - Processing file /home/airflow/.local/lib/python3.12/site-packages/airflow/example_dags/example_nested_branch_dag.py for tasks to queue
[2024-10-06T19:09:29.578+0000] {logging_mixin.py:190} INFO - [2024-10-06T19:09:29.578+0000] {dagbag.py:588} INFO - Filling up the DagBag from /home/airflow/.local/lib/python3.12/site-packages/airflow/example_dags/example_nested_branch_dag.py
[2024-10-06T19:09:29.589+0000] {processor.py:925} INFO - DAG(s) 'example_nested_branch_dag' retrieved from /home/airflow/.local/lib/python3.12/site-packages/airflow/example_dags/example_nested_branch_dag.py
[2024-10-06T19:09:29.612+0000] {logging_mixin.py:190} INFO - [2024-10-06T19:09:29.612+0000] {dag.py:3239} INFO - Sync 1 DAGs
[2024-10-06T19:09:29.638+0000] {logging_mixin.py:190} INFO - [2024-10-06T19:09:29.638+0000] {dag.py:4180} INFO - Setting next_dagrun for example_nested_branch_dag to 2024-10-05 00:00:00+00:00, run_after=2024-10-06 00:00:00+00:00
[2024-10-06T19:09:29.659+0000] {processor.py:208} INFO - Processing /home/airflow/.local/lib/python3.12/site-packages/airflow/example_dags/example_nested_branch_dag.py took 0.088 seconds
[2024-10-06T19:10:00.243+0000] {processor.py:186} INFO - Started process (PID=936) to work on /home/airflow/.local/lib/python3.12/site-packages/airflow/example_dags/example_nested_branch_dag.py
[2024-10-06T19:10:00.244+0000] {processor.py:914} INFO - Processing file /home/airflow/.local/lib/python3.12/site-packages/airflow/example_dags/example_nested_branch_dag.py for tasks to queue
[2024-10-06T19:10:00.246+0000] {logging_mixin.py:190} INFO - [2024-10-06T19:10:00.245+0000] {dagbag.py:588} INFO - Filling up the DagBag from /home/airflow/.local/lib/python3.12/site-packages/airflow/example_dags/example_nested_branch_dag.py
[2024-10-06T19:10:00.254+0000] {processor.py:925} INFO - DAG(s) 'example_nested_branch_dag' retrieved from /home/airflow/.local/lib/python3.12/site-packages/airflow/example_dags/example_nested_branch_dag.py
[2024-10-06T19:10:00.271+0000] {logging_mixin.py:190} INFO - [2024-10-06T19:10:00.271+0000] {dag.py:3239} INFO - Sync 1 DAGs
[2024-10-06T19:10:00.292+0000] {logging_mixin.py:190} INFO - [2024-10-06T19:10:00.292+0000] {dag.py:4180} INFO - Setting next_dagrun for example_nested_branch_dag to 2024-10-05 00:00:00+00:00, run_after=2024-10-06 00:00:00+00:00
[2024-10-06T19:10:00.309+0000] {processor.py:208} INFO - Processing /home/airflow/.local/lib/python3.12/site-packages/airflow/example_dags/example_nested_branch_dag.py took 0.069 seconds
[2024-10-06T19:10:30.672+0000] {processor.py:186} INFO - Started process (PID=1222) to work on /home/airflow/.local/lib/python3.12/site-packages/airflow/example_dags/example_nested_branch_dag.py
[2024-10-06T19:10:30.674+0000] {processor.py:914} INFO - Processing file /home/airflow/.local/lib/python3.12/site-packages/airflow/example_dags/example_nested_branch_dag.py for tasks to queue
[2024-10-06T19:10:30.676+0000] {logging_mixin.py:190} INFO - [2024-10-06T19:10:30.675+0000] {dagbag.py:588} INFO - Filling up the DagBag from /home/airflow/.local/lib/python3.12/site-packages/airflow/example_dags/example_nested_branch_dag.py
[2024-10-06T19:10:30.684+0000] {processor.py:925} INFO - DAG(s) 'example_nested_branch_dag' retrieved from /home/airflow/.local/lib/python3.12/site-packages/airflow/example_dags/example_nested_branch_dag.py
[2024-10-06T19:10:30.704+0000] {logging_mixin.py:190} INFO - [2024-10-06T19:10:30.703+0000] {dag.py:3239} INFO - Sync 1 DAGs
[2024-10-06T19:10:30.727+0000] {logging_mixin.py:190} INFO - [2024-10-06T19:10:30.727+0000] {dag.py:4180} INFO - Setting next_dagrun for example_nested_branch_dag to 2024-10-05 00:00:00+00:00, run_after=2024-10-06 00:00:00+00:00
[2024-10-06T19:10:30.747+0000] {processor.py:208} INFO - Processing /home/airflow/.local/lib/python3.12/site-packages/airflow/example_dags/example_nested_branch_dag.py took 0.079 seconds
[2024-10-06T19:11:01.036+0000] {processor.py:186} INFO - Started process (PID=1537) to work on /home/airflow/.local/lib/python3.12/site-packages/airflow/example_dags/example_nested_branch_dag.py
[2024-10-06T19:11:01.036+0000] {processor.py:914} INFO - Processing file /home/airflow/.local/lib/python3.12/site-packages/airflow/example_dags/example_nested_branch_dag.py for tasks to queue
[2024-10-06T19:11:01.038+0000] {logging_mixin.py:190} INFO - [2024-10-06T19:11:01.038+0000] {dagbag.py:588} INFO - Filling up the DagBag from /home/airflow/.local/lib/python3.12/site-packages/airflow/example_dags/example_nested_branch_dag.py
[2024-10-06T19:11:01.048+0000] {processor.py:925} INFO - DAG(s) 'example_nested_branch_dag' retrieved from /home/airflow/.local/lib/python3.12/site-packages/airflow/example_dags/example_nested_branch_dag.py
[2024-10-06T19:11:01.064+0000] {logging_mixin.py:190} INFO - [2024-10-06T19:11:01.064+0000] {dag.py:3239} INFO - Sync 1 DAGs
[2024-10-06T19:11:01.085+0000] {logging_mixin.py:190} INFO - [2024-10-06T19:11:01.085+0000] {dag.py:4180} INFO - Setting next_dagrun for example_nested_branch_dag to 2024-10-05 00:00:00+00:00, run_after=2024-10-06 00:00:00+00:00
[2024-10-06T19:11:01.102+0000] {processor.py:208} INFO - Processing /home/airflow/.local/lib/python3.12/site-packages/airflow/example_dags/example_nested_branch_dag.py took 0.070 seconds
[2024-10-06T19:11:31.488+0000] {processor.py:186} INFO - Started process (PID=1823) to work on /home/airflow/.local/lib/python3.12/site-packages/airflow/example_dags/example_nested_branch_dag.py
[2024-10-06T19:11:31.488+0000] {processor.py:914} INFO - Processing file /home/airflow/.local/lib/python3.12/site-packages/airflow/example_dags/example_nested_branch_dag.py for tasks to queue
[2024-10-06T19:11:31.491+0000] {logging_mixin.py:190} INFO - [2024-10-06T19:11:31.491+0000] {dagbag.py:588} INFO - Filling up the DagBag from /home/airflow/.local/lib/python3.12/site-packages/airflow/example_dags/example_nested_branch_dag.py
[2024-10-06T19:11:31.501+0000] {processor.py:925} INFO - DAG(s) 'example_nested_branch_dag' retrieved from /home/airflow/.local/lib/python3.12/site-packages/airflow/example_dags/example_nested_branch_dag.py
[2024-10-06T19:11:31.521+0000] {logging_mixin.py:190} INFO - [2024-10-06T19:11:31.520+0000] {dag.py:3239} INFO - Sync 1 DAGs
[2024-10-06T19:11:31.546+0000] {logging_mixin.py:190} INFO - [2024-10-06T19:11:31.546+0000] {dag.py:4180} INFO - Setting next_dagrun for example_nested_branch_dag to 2024-10-05 00:00:00+00:00, run_after=2024-10-06 00:00:00+00:00
[2024-10-06T19:11:31.565+0000] {processor.py:208} INFO - Processing /home/airflow/.local/lib/python3.12/site-packages/airflow/example_dags/example_nested_branch_dag.py took 0.081 seconds
[2024-10-06T19:12:01.864+0000] {processor.py:186} INFO - Started process (PID=2109) to work on /home/airflow/.local/lib/python3.12/site-packages/airflow/example_dags/example_nested_branch_dag.py
[2024-10-06T19:12:01.866+0000] {processor.py:914} INFO - Processing file /home/airflow/.local/lib/python3.12/site-packages/airflow/example_dags/example_nested_branch_dag.py for tasks to queue
[2024-10-06T19:12:01.868+0000] {logging_mixin.py:190} INFO - [2024-10-06T19:12:01.868+0000] {dagbag.py:588} INFO - Filling up the DagBag from /home/airflow/.local/lib/python3.12/site-packages/airflow/example_dags/example_nested_branch_dag.py
[2024-10-06T19:12:01.881+0000] {processor.py:925} INFO - DAG(s) 'example_nested_branch_dag' retrieved from /home/airflow/.local/lib/python3.12/site-packages/airflow/example_dags/example_nested_branch_dag.py
[2024-10-06T19:12:01.906+0000] {logging_mixin.py:190} INFO - [2024-10-06T19:12:01.906+0000] {dag.py:3239} INFO - Sync 1 DAGs
[2024-10-06T19:12:01.937+0000] {logging_mixin.py:190} INFO - [2024-10-06T19:12:01.937+0000] {dag.py:4180} INFO - Setting next_dagrun for example_nested_branch_dag to 2024-10-05 00:00:00+00:00, run_after=2024-10-06 00:00:00+00:00
[2024-10-06T19:12:01.960+0000] {processor.py:208} INFO - Processing /home/airflow/.local/lib/python3.12/site-packages/airflow/example_dags/example_nested_branch_dag.py took 0.101 seconds
[2024-10-06T19:12:32.267+0000] {processor.py:186} INFO - Started process (PID=2395) to work on /home/airflow/.local/lib/python3.12/site-packages/airflow/example_dags/example_nested_branch_dag.py
[2024-10-06T19:12:32.268+0000] {processor.py:914} INFO - Processing file /home/airflow/.local/lib/python3.12/site-packages/airflow/example_dags/example_nested_branch_dag.py for tasks to queue
[2024-10-06T19:12:32.270+0000] {logging_mixin.py:190} INFO - [2024-10-06T19:12:32.270+0000] {dagbag.py:588} INFO - Filling up the DagBag from /home/airflow/.local/lib/python3.12/site-packages/airflow/example_dags/example_nested_branch_dag.py
[2024-10-06T19:12:32.280+0000] {processor.py:925} INFO - DAG(s) 'example_nested_branch_dag' retrieved from /home/airflow/.local/lib/python3.12/site-packages/airflow/example_dags/example_nested_branch_dag.py
[2024-10-06T19:12:32.300+0000] {logging_mixin.py:190} INFO - [2024-10-06T19:12:32.300+0000] {dag.py:3239} INFO - Sync 1 DAGs
[2024-10-06T19:12:32.322+0000] {logging_mixin.py:190} INFO - [2024-10-06T19:12:32.322+0000] {dag.py:4180} INFO - Setting next_dagrun for example_nested_branch_dag to 2024-10-05 00:00:00+00:00, run_after=2024-10-06 00:00:00+00:00
[2024-10-06T19:12:32.340+0000] {processor.py:208} INFO - Processing /home/airflow/.local/lib/python3.12/site-packages/airflow/example_dags/example_nested_branch_dag.py took 0.077 seconds
[2024-10-06T19:13:02.603+0000] {processor.py:186} INFO - Started process (PID=2681) to work on /home/airflow/.local/lib/python3.12/site-packages/airflow/example_dags/example_nested_branch_dag.py
[2024-10-06T19:13:02.604+0000] {processor.py:914} INFO - Processing file /home/airflow/.local/lib/python3.12/site-packages/airflow/example_dags/example_nested_branch_dag.py for tasks to queue
[2024-10-06T19:13:02.606+0000] {logging_mixin.py:190} INFO - [2024-10-06T19:13:02.606+0000] {dagbag.py:588} INFO - Filling up the DagBag from /home/airflow/.local/lib/python3.12/site-packages/airflow/example_dags/example_nested_branch_dag.py
[2024-10-06T19:13:02.615+0000] {processor.py:925} INFO - DAG(s) 'example_nested_branch_dag' retrieved from /home/airflow/.local/lib/python3.12/site-packages/airflow/example_dags/example_nested_branch_dag.py
[2024-10-06T19:13:02.633+0000] {logging_mixin.py:190} INFO - [2024-10-06T19:13:02.633+0000] {dag.py:3239} INFO - Sync 1 DAGs
[2024-10-06T19:13:02.655+0000] {logging_mixin.py:190} INFO - [2024-10-06T19:13:02.655+0000] {dag.py:4180} INFO - Setting next_dagrun for example_nested_branch_dag to 2024-10-05 00:00:00+00:00, run_after=2024-10-06 00:00:00+00:00
[2024-10-06T19:13:02.670+0000] {processor.py:208} INFO - Processing /home/airflow/.local/lib/python3.12/site-packages/airflow/example_dags/example_nested_branch_dag.py took 0.071 seconds
[2024-10-06T19:13:33.044+0000] {processor.py:186} INFO - Started process (PID=2967) to work on /home/airflow/.local/lib/python3.12/site-packages/airflow/example_dags/example_nested_branch_dag.py
[2024-10-06T19:13:33.045+0000] {processor.py:914} INFO - Processing file /home/airflow/.local/lib/python3.12/site-packages/airflow/example_dags/example_nested_branch_dag.py for tasks to queue
[2024-10-06T19:13:33.047+0000] {logging_mixin.py:190} INFO - [2024-10-06T19:13:33.046+0000] {dagbag.py:588} INFO - Filling up the DagBag from /home/airflow/.local/lib/python3.12/site-packages/airflow/example_dags/example_nested_branch_dag.py
[2024-10-06T19:13:33.055+0000] {processor.py:925} INFO - DAG(s) 'example_nested_branch_dag' retrieved from /home/airflow/.local/lib/python3.12/site-packages/airflow/example_dags/example_nested_branch_dag.py
[2024-10-06T19:13:33.074+0000] {logging_mixin.py:190} INFO - [2024-10-06T19:13:33.074+0000] {dag.py:3239} INFO - Sync 1 DAGs
[2024-10-06T19:13:33.101+0000] {logging_mixin.py:190} INFO - [2024-10-06T19:13:33.101+0000] {dag.py:4180} INFO - Setting next_dagrun for example_nested_branch_dag to 2024-10-05 00:00:00+00:00, run_after=2024-10-06 00:00:00+00:00
[2024-10-06T19:13:33.119+0000] {processor.py:208} INFO - Processing /home/airflow/.local/lib/python3.12/site-packages/airflow/example_dags/example_nested_branch_dag.py took 0.079 seconds
[2024-10-06T19:14:03.392+0000] {processor.py:186} INFO - Started process (PID=3258) to work on /home/airflow/.local/lib/python3.12/site-packages/airflow/example_dags/example_nested_branch_dag.py
[2024-10-06T19:14:03.393+0000] {processor.py:914} INFO - Processing file /home/airflow/.local/lib/python3.12/site-packages/airflow/example_dags/example_nested_branch_dag.py for tasks to queue
[2024-10-06T19:14:03.395+0000] {logging_mixin.py:190} INFO - [2024-10-06T19:14:03.395+0000] {dagbag.py:588} INFO - Filling up the DagBag from /home/airflow/.local/lib/python3.12/site-packages/airflow/example_dags/example_nested_branch_dag.py
[2024-10-06T19:14:03.408+0000] {processor.py:925} INFO - DAG(s) 'example_nested_branch_dag' retrieved from /home/airflow/.local/lib/python3.12/site-packages/airflow/example_dags/example_nested_branch_dag.py
[2024-10-06T19:14:03.428+0000] {logging_mixin.py:190} INFO - [2024-10-06T19:14:03.428+0000] {dag.py:3239} INFO - Sync 1 DAGs
[2024-10-06T19:14:03.454+0000] {logging_mixin.py:190} INFO - [2024-10-06T19:14:03.454+0000] {dag.py:4180} INFO - Setting next_dagrun for example_nested_branch_dag to 2024-10-05 00:00:00+00:00, run_after=2024-10-06 00:00:00+00:00
[2024-10-06T19:14:03.476+0000] {processor.py:208} INFO - Processing /home/airflow/.local/lib/python3.12/site-packages/airflow/example_dags/example_nested_branch_dag.py took 0.089 seconds
[2024-10-06T19:14:33.741+0000] {processor.py:186} INFO - Started process (PID=3549) to work on /home/airflow/.local/lib/python3.12/site-packages/airflow/example_dags/example_nested_branch_dag.py
[2024-10-06T19:14:33.742+0000] {processor.py:914} INFO - Processing file /home/airflow/.local/lib/python3.12/site-packages/airflow/example_dags/example_nested_branch_dag.py for tasks to queue
[2024-10-06T19:14:33.744+0000] {logging_mixin.py:190} INFO - [2024-10-06T19:14:33.743+0000] {dagbag.py:588} INFO - Filling up the DagBag from /home/airflow/.local/lib/python3.12/site-packages/airflow/example_dags/example_nested_branch_dag.py
[2024-10-06T19:14:33.752+0000] {processor.py:925} INFO - DAG(s) 'example_nested_branch_dag' retrieved from /home/airflow/.local/lib/python3.12/site-packages/airflow/example_dags/example_nested_branch_dag.py
[2024-10-06T19:14:33.770+0000] {logging_mixin.py:190} INFO - [2024-10-06T19:14:33.770+0000] {dag.py:3239} INFO - Sync 1 DAGs
[2024-10-06T19:14:33.795+0000] {logging_mixin.py:190} INFO - [2024-10-06T19:14:33.794+0000] {dag.py:4180} INFO - Setting next_dagrun for example_nested_branch_dag to 2024-10-05 00:00:00+00:00, run_after=2024-10-06 00:00:00+00:00
[2024-10-06T19:14:33.815+0000] {processor.py:208} INFO - Processing /home/airflow/.local/lib/python3.12/site-packages/airflow/example_dags/example_nested_branch_dag.py took 0.079 seconds
[2024-10-06T19:15:04.058+0000] {processor.py:186} INFO - Started process (PID=3840) to work on /home/airflow/.local/lib/python3.12/site-packages/airflow/example_dags/example_nested_branch_dag.py
[2024-10-06T19:15:04.059+0000] {processor.py:914} INFO - Processing file /home/airflow/.local/lib/python3.12/site-packages/airflow/example_dags/example_nested_branch_dag.py for tasks to queue
[2024-10-06T19:15:04.061+0000] {logging_mixin.py:190} INFO - [2024-10-06T19:15:04.061+0000] {dagbag.py:588} INFO - Filling up the DagBag from /home/airflow/.local/lib/python3.12/site-packages/airflow/example_dags/example_nested_branch_dag.py
[2024-10-06T19:15:04.071+0000] {processor.py:925} INFO - DAG(s) 'example_nested_branch_dag' retrieved from /home/airflow/.local/lib/python3.12/site-packages/airflow/example_dags/example_nested_branch_dag.py
[2024-10-06T19:15:04.089+0000] {logging_mixin.py:190} INFO - [2024-10-06T19:15:04.089+0000] {dag.py:3239} INFO - Sync 1 DAGs
[2024-10-06T19:15:04.112+0000] {logging_mixin.py:190} INFO - [2024-10-06T19:15:04.112+0000] {dag.py:4180} INFO - Setting next_dagrun for example_nested_branch_dag to 2024-10-05 00:00:00+00:00, run_after=2024-10-06 00:00:00+00:00
[2024-10-06T19:15:04.132+0000] {processor.py:208} INFO - Processing /home/airflow/.local/lib/python3.12/site-packages/airflow/example_dags/example_nested_branch_dag.py took 0.079 seconds
[2024-10-06T19:15:34.270+0000] {processor.py:186} INFO - Started process (PID=4136) to work on /home/airflow/.local/lib/python3.12/site-packages/airflow/example_dags/example_nested_branch_dag.py
[2024-10-06T19:15:34.271+0000] {processor.py:914} INFO - Processing file /home/airflow/.local/lib/python3.12/site-packages/airflow/example_dags/example_nested_branch_dag.py for tasks to queue
[2024-10-06T19:15:34.273+0000] {logging_mixin.py:190} INFO - [2024-10-06T19:15:34.273+0000] {dagbag.py:588} INFO - Filling up the DagBag from /home/airflow/.local/lib/python3.12/site-packages/airflow/example_dags/example_nested_branch_dag.py
[2024-10-06T19:15:34.281+0000] {processor.py:925} INFO - DAG(s) 'example_nested_branch_dag' retrieved from /home/airflow/.local/lib/python3.12/site-packages/airflow/example_dags/example_nested_branch_dag.py
[2024-10-06T19:15:34.299+0000] {logging_mixin.py:190} INFO - [2024-10-06T19:15:34.299+0000] {dag.py:3239} INFO - Sync 1 DAGs
[2024-10-06T19:15:34.322+0000] {logging_mixin.py:190} INFO - [2024-10-06T19:15:34.321+0000] {dag.py:4180} INFO - Setting next_dagrun for example_nested_branch_dag to 2024-10-05 00:00:00+00:00, run_after=2024-10-06 00:00:00+00:00
[2024-10-06T19:15:34.338+0000] {processor.py:208} INFO - Processing /home/airflow/.local/lib/python3.12/site-packages/airflow/example_dags/example_nested_branch_dag.py took 0.073 seconds
[2024-10-06T19:16:04.559+0000] {processor.py:186} INFO - Started process (PID=4427) to work on /home/airflow/.local/lib/python3.12/site-packages/airflow/example_dags/example_nested_branch_dag.py
[2024-10-06T19:16:04.560+0000] {processor.py:914} INFO - Processing file /home/airflow/.local/lib/python3.12/site-packages/airflow/example_dags/example_nested_branch_dag.py for tasks to queue
[2024-10-06T19:16:04.562+0000] {logging_mixin.py:190} INFO - [2024-10-06T19:16:04.562+0000] {dagbag.py:588} INFO - Filling up the DagBag from /home/airflow/.local/lib/python3.12/site-packages/airflow/example_dags/example_nested_branch_dag.py
[2024-10-06T19:16:04.571+0000] {processor.py:925} INFO - DAG(s) 'example_nested_branch_dag' retrieved from /home/airflow/.local/lib/python3.12/site-packages/airflow/example_dags/example_nested_branch_dag.py
[2024-10-06T19:16:04.590+0000] {logging_mixin.py:190} INFO - [2024-10-06T19:16:04.590+0000] {dag.py:3239} INFO - Sync 1 DAGs
[2024-10-06T19:16:04.612+0000] {logging_mixin.py:190} INFO - [2024-10-06T19:16:04.611+0000] {dag.py:4180} INFO - Setting next_dagrun for example_nested_branch_dag to 2024-10-05 00:00:00+00:00, run_after=2024-10-06 00:00:00+00:00
[2024-10-06T19:16:04.629+0000] {processor.py:208} INFO - Processing /home/airflow/.local/lib/python3.12/site-packages/airflow/example_dags/example_nested_branch_dag.py took 0.074 seconds
[2024-10-06T19:16:34.815+0000] {processor.py:186} INFO - Started process (PID=4718) to work on /home/airflow/.local/lib/python3.12/site-packages/airflow/example_dags/example_nested_branch_dag.py
[2024-10-06T19:16:34.816+0000] {processor.py:914} INFO - Processing file /home/airflow/.local/lib/python3.12/site-packages/airflow/example_dags/example_nested_branch_dag.py for tasks to queue
[2024-10-06T19:16:34.817+0000] {logging_mixin.py:190} INFO - [2024-10-06T19:16:34.817+0000] {dagbag.py:588} INFO - Filling up the DagBag from /home/airflow/.local/lib/python3.12/site-packages/airflow/example_dags/example_nested_branch_dag.py
[2024-10-06T19:16:34.827+0000] {processor.py:925} INFO - DAG(s) 'example_nested_branch_dag' retrieved from /home/airflow/.local/lib/python3.12/site-packages/airflow/example_dags/example_nested_branch_dag.py
[2024-10-06T19:16:34.847+0000] {logging_mixin.py:190} INFO - [2024-10-06T19:16:34.847+0000] {dag.py:3239} INFO - Sync 1 DAGs
[2024-10-06T19:16:34.871+0000] {logging_mixin.py:190} INFO - [2024-10-06T19:16:34.870+0000] {dag.py:4180} INFO - Setting next_dagrun for example_nested_branch_dag to 2024-10-05 00:00:00+00:00, run_after=2024-10-06 00:00:00+00:00
[2024-10-06T19:16:34.888+0000] {processor.py:208} INFO - Processing /home/airflow/.local/lib/python3.12/site-packages/airflow/example_dags/example_nested_branch_dag.py took 0.079 seconds
[2024-10-06T19:17:05.113+0000] {processor.py:186} INFO - Started process (PID=5009) to work on /home/airflow/.local/lib/python3.12/site-packages/airflow/example_dags/example_nested_branch_dag.py
[2024-10-06T19:17:05.114+0000] {processor.py:914} INFO - Processing file /home/airflow/.local/lib/python3.12/site-packages/airflow/example_dags/example_nested_branch_dag.py for tasks to queue
[2024-10-06T19:17:05.116+0000] {logging_mixin.py:190} INFO - [2024-10-06T19:17:05.116+0000] {dagbag.py:588} INFO - Filling up the DagBag from /home/airflow/.local/lib/python3.12/site-packages/airflow/example_dags/example_nested_branch_dag.py
[2024-10-06T19:17:05.125+0000] {processor.py:925} INFO - DAG(s) 'example_nested_branch_dag' retrieved from /home/airflow/.local/lib/python3.12/site-packages/airflow/example_dags/example_nested_branch_dag.py
[2024-10-06T19:17:05.143+0000] {logging_mixin.py:190} INFO - [2024-10-06T19:17:05.142+0000] {dag.py:3239} INFO - Sync 1 DAGs
[2024-10-06T19:17:05.165+0000] {logging_mixin.py:190} INFO - [2024-10-06T19:17:05.165+0000] {dag.py:4180} INFO - Setting next_dagrun for example_nested_branch_dag to 2024-10-05 00:00:00+00:00, run_after=2024-10-06 00:00:00+00:00
[2024-10-06T19:17:05.182+0000] {processor.py:208} INFO - Processing /home/airflow/.local/lib/python3.12/site-packages/airflow/example_dags/example_nested_branch_dag.py took 0.072 seconds
[2024-10-06T19:17:35.477+0000] {processor.py:186} INFO - Started process (PID=5295) to work on /home/airflow/.local/lib/python3.12/site-packages/airflow/example_dags/example_nested_branch_dag.py
[2024-10-06T19:17:35.478+0000] {processor.py:914} INFO - Processing file /home/airflow/.local/lib/python3.12/site-packages/airflow/example_dags/example_nested_branch_dag.py for tasks to queue
[2024-10-06T19:17:35.481+0000] {logging_mixin.py:190} INFO - [2024-10-06T19:17:35.480+0000] {dagbag.py:588} INFO - Filling up the DagBag from /home/airflow/.local/lib/python3.12/site-packages/airflow/example_dags/example_nested_branch_dag.py
[2024-10-06T19:17:35.491+0000] {processor.py:925} INFO - DAG(s) 'example_nested_branch_dag' retrieved from /home/airflow/.local/lib/python3.12/site-packages/airflow/example_dags/example_nested_branch_dag.py
[2024-10-06T19:17:35.511+0000] {logging_mixin.py:190} INFO - [2024-10-06T19:17:35.510+0000] {dag.py:3239} INFO - Sync 1 DAGs
[2024-10-06T19:17:35.535+0000] {logging_mixin.py:190} INFO - [2024-10-06T19:17:35.535+0000] {dag.py:4180} INFO - Setting next_dagrun for example_nested_branch_dag to 2024-10-05 00:00:00+00:00, run_after=2024-10-06 00:00:00+00:00
[2024-10-06T19:17:35.557+0000] {processor.py:208} INFO - Processing /home/airflow/.local/lib/python3.12/site-packages/airflow/example_dags/example_nested_branch_dag.py took 0.085 seconds
[2024-10-06T19:18:05.790+0000] {processor.py:186} INFO - Started process (PID=5592) to work on /home/airflow/.local/lib/python3.12/site-packages/airflow/example_dags/example_nested_branch_dag.py
[2024-10-06T19:18:05.791+0000] {processor.py:914} INFO - Processing file /home/airflow/.local/lib/python3.12/site-packages/airflow/example_dags/example_nested_branch_dag.py for tasks to queue
[2024-10-06T19:18:05.793+0000] {logging_mixin.py:190} INFO - [2024-10-06T19:18:05.793+0000] {dagbag.py:588} INFO - Filling up the DagBag from /home/airflow/.local/lib/python3.12/site-packages/airflow/example_dags/example_nested_branch_dag.py
[2024-10-06T19:18:05.801+0000] {processor.py:925} INFO - DAG(s) 'example_nested_branch_dag' retrieved from /home/airflow/.local/lib/python3.12/site-packages/airflow/example_dags/example_nested_branch_dag.py
[2024-10-06T19:18:05.819+0000] {logging_mixin.py:190} INFO - [2024-10-06T19:18:05.819+0000] {dag.py:3239} INFO - Sync 1 DAGs
[2024-10-06T19:18:05.840+0000] {logging_mixin.py:190} INFO - [2024-10-06T19:18:05.840+0000] {dag.py:4180} INFO - Setting next_dagrun for example_nested_branch_dag to 2024-10-05 00:00:00+00:00, run_after=2024-10-06 00:00:00+00:00
[2024-10-06T19:18:05.859+0000] {processor.py:208} INFO - Processing /home/airflow/.local/lib/python3.12/site-packages/airflow/example_dags/example_nested_branch_dag.py took 0.073 seconds
[2024-10-06T19:18:36.058+0000] {processor.py:186} INFO - Started process (PID=5883) to work on /home/airflow/.local/lib/python3.12/site-packages/airflow/example_dags/example_nested_branch_dag.py
[2024-10-06T19:18:36.059+0000] {processor.py:914} INFO - Processing file /home/airflow/.local/lib/python3.12/site-packages/airflow/example_dags/example_nested_branch_dag.py for tasks to queue
[2024-10-06T19:18:36.061+0000] {logging_mixin.py:190} INFO - [2024-10-06T19:18:36.061+0000] {dagbag.py:588} INFO - Filling up the DagBag from /home/airflow/.local/lib/python3.12/site-packages/airflow/example_dags/example_nested_branch_dag.py
[2024-10-06T19:18:36.070+0000] {processor.py:925} INFO - DAG(s) 'example_nested_branch_dag' retrieved from /home/airflow/.local/lib/python3.12/site-packages/airflow/example_dags/example_nested_branch_dag.py
[2024-10-06T19:18:36.089+0000] {logging_mixin.py:190} INFO - [2024-10-06T19:18:36.089+0000] {dag.py:3239} INFO - Sync 1 DAGs
[2024-10-06T19:18:36.110+0000] {logging_mixin.py:190} INFO - [2024-10-06T19:18:36.110+0000] {dag.py:4180} INFO - Setting next_dagrun for example_nested_branch_dag to 2024-10-05 00:00:00+00:00, run_after=2024-10-06 00:00:00+00:00
[2024-10-06T19:18:36.129+0000] {processor.py:208} INFO - Processing /home/airflow/.local/lib/python3.12/site-packages/airflow/example_dags/example_nested_branch_dag.py took 0.075 seconds
[2024-10-06T19:19:06.405+0000] {processor.py:186} INFO - Started process (PID=6179) to work on /home/airflow/.local/lib/python3.12/site-packages/airflow/example_dags/example_nested_branch_dag.py
[2024-10-06T19:19:06.406+0000] {processor.py:914} INFO - Processing file /home/airflow/.local/lib/python3.12/site-packages/airflow/example_dags/example_nested_branch_dag.py for tasks to queue
[2024-10-06T19:19:06.408+0000] {logging_mixin.py:190} INFO - [2024-10-06T19:19:06.408+0000] {dagbag.py:588} INFO - Filling up the DagBag from /home/airflow/.local/lib/python3.12/site-packages/airflow/example_dags/example_nested_branch_dag.py
[2024-10-06T19:19:06.419+0000] {processor.py:925} INFO - DAG(s) 'example_nested_branch_dag' retrieved from /home/airflow/.local/lib/python3.12/site-packages/airflow/example_dags/example_nested_branch_dag.py
[2024-10-06T19:19:06.441+0000] {logging_mixin.py:190} INFO - [2024-10-06T19:19:06.441+0000] {dag.py:3239} INFO - Sync 1 DAGs
[2024-10-06T19:19:06.466+0000] {logging_mixin.py:190} INFO - [2024-10-06T19:19:06.465+0000] {dag.py:4180} INFO - Setting next_dagrun for example_nested_branch_dag to 2024-10-05 00:00:00+00:00, run_after=2024-10-06 00:00:00+00:00
[2024-10-06T19:19:06.484+0000] {processor.py:208} INFO - Processing /home/airflow/.local/lib/python3.12/site-packages/airflow/example_dags/example_nested_branch_dag.py took 0.085 seconds
[2024-10-06T19:19:36.684+0000] {processor.py:186} INFO - Started process (PID=6470) to work on /home/airflow/.local/lib/python3.12/site-packages/airflow/example_dags/example_nested_branch_dag.py
[2024-10-06T19:19:36.685+0000] {processor.py:914} INFO - Processing file /home/airflow/.local/lib/python3.12/site-packages/airflow/example_dags/example_nested_branch_dag.py for tasks to queue
[2024-10-06T19:19:36.686+0000] {logging_mixin.py:190} INFO - [2024-10-06T19:19:36.686+0000] {dagbag.py:588} INFO - Filling up the DagBag from /home/airflow/.local/lib/python3.12/site-packages/airflow/example_dags/example_nested_branch_dag.py
[2024-10-06T19:19:36.694+0000] {processor.py:925} INFO - DAG(s) 'example_nested_branch_dag' retrieved from /home/airflow/.local/lib/python3.12/site-packages/airflow/example_dags/example_nested_branch_dag.py
[2024-10-06T19:19:36.712+0000] {logging_mixin.py:190} INFO - [2024-10-06T19:19:36.711+0000] {dag.py:3239} INFO - Sync 1 DAGs
[2024-10-06T19:19:36.732+0000] {logging_mixin.py:190} INFO - [2024-10-06T19:19:36.731+0000] {dag.py:4180} INFO - Setting next_dagrun for example_nested_branch_dag to 2024-10-05 00:00:00+00:00, run_after=2024-10-06 00:00:00+00:00
[2024-10-06T19:19:36.749+0000] {processor.py:208} INFO - Processing /home/airflow/.local/lib/python3.12/site-packages/airflow/example_dags/example_nested_branch_dag.py took 0.069 seconds
[2024-10-06T19:20:07.050+0000] {processor.py:186} INFO - Started process (PID=6761) to work on /home/airflow/.local/lib/python3.12/site-packages/airflow/example_dags/example_nested_branch_dag.py
[2024-10-06T19:20:07.051+0000] {processor.py:914} INFO - Processing file /home/airflow/.local/lib/python3.12/site-packages/airflow/example_dags/example_nested_branch_dag.py for tasks to queue
[2024-10-06T19:20:07.053+0000] {logging_mixin.py:190} INFO - [2024-10-06T19:20:07.053+0000] {dagbag.py:588} INFO - Filling up the DagBag from /home/airflow/.local/lib/python3.12/site-packages/airflow/example_dags/example_nested_branch_dag.py
[2024-10-06T19:20:07.061+0000] {processor.py:925} INFO - DAG(s) 'example_nested_branch_dag' retrieved from /home/airflow/.local/lib/python3.12/site-packages/airflow/example_dags/example_nested_branch_dag.py
[2024-10-06T19:20:07.080+0000] {logging_mixin.py:190} INFO - [2024-10-06T19:20:07.080+0000] {dag.py:3239} INFO - Sync 1 DAGs
[2024-10-06T19:20:07.103+0000] {logging_mixin.py:190} INFO - [2024-10-06T19:20:07.103+0000] {dag.py:4180} INFO - Setting next_dagrun for example_nested_branch_dag to 2024-10-05 00:00:00+00:00, run_after=2024-10-06 00:00:00+00:00
[2024-10-06T19:20:07.122+0000] {processor.py:208} INFO - Processing /home/airflow/.local/lib/python3.12/site-packages/airflow/example_dags/example_nested_branch_dag.py took 0.076 seconds
[2024-10-06T19:20:37.423+0000] {processor.py:186} INFO - Started process (PID=7052) to work on /home/airflow/.local/lib/python3.12/site-packages/airflow/example_dags/example_nested_branch_dag.py
[2024-10-06T19:20:37.424+0000] {processor.py:914} INFO - Processing file /home/airflow/.local/lib/python3.12/site-packages/airflow/example_dags/example_nested_branch_dag.py for tasks to queue
[2024-10-06T19:20:37.426+0000] {logging_mixin.py:190} INFO - [2024-10-06T19:20:37.425+0000] {dagbag.py:588} INFO - Filling up the DagBag from /home/airflow/.local/lib/python3.12/site-packages/airflow/example_dags/example_nested_branch_dag.py
[2024-10-06T19:20:37.434+0000] {processor.py:925} INFO - DAG(s) 'example_nested_branch_dag' retrieved from /home/airflow/.local/lib/python3.12/site-packages/airflow/example_dags/example_nested_branch_dag.py
[2024-10-06T19:20:37.450+0000] {logging_mixin.py:190} INFO - [2024-10-06T19:20:37.450+0000] {dag.py:3239} INFO - Sync 1 DAGs
[2024-10-06T19:20:37.473+0000] {logging_mixin.py:190} INFO - [2024-10-06T19:20:37.473+0000] {dag.py:4180} INFO - Setting next_dagrun for example_nested_branch_dag to 2024-10-05 00:00:00+00:00, run_after=2024-10-06 00:00:00+00:00
[2024-10-06T19:20:37.490+0000] {processor.py:208} INFO - Processing /home/airflow/.local/lib/python3.12/site-packages/airflow/example_dags/example_nested_branch_dag.py took 0.071 seconds
[2024-10-06T19:21:07.782+0000] {processor.py:186} INFO - Started process (PID=7343) to work on /home/airflow/.local/lib/python3.12/site-packages/airflow/example_dags/example_nested_branch_dag.py
[2024-10-06T19:21:07.783+0000] {processor.py:914} INFO - Processing file /home/airflow/.local/lib/python3.12/site-packages/airflow/example_dags/example_nested_branch_dag.py for tasks to queue
[2024-10-06T19:21:07.786+0000] {logging_mixin.py:190} INFO - [2024-10-06T19:21:07.785+0000] {dagbag.py:588} INFO - Filling up the DagBag from /home/airflow/.local/lib/python3.12/site-packages/airflow/example_dags/example_nested_branch_dag.py
[2024-10-06T19:21:07.794+0000] {processor.py:925} INFO - DAG(s) 'example_nested_branch_dag' retrieved from /home/airflow/.local/lib/python3.12/site-packages/airflow/example_dags/example_nested_branch_dag.py
[2024-10-06T19:21:07.812+0000] {logging_mixin.py:190} INFO - [2024-10-06T19:21:07.812+0000] {dag.py:3239} INFO - Sync 1 DAGs
[2024-10-06T19:21:07.835+0000] {logging_mixin.py:190} INFO - [2024-10-06T19:21:07.834+0000] {dag.py:4180} INFO - Setting next_dagrun for example_nested_branch_dag to 2024-10-05 00:00:00+00:00, run_after=2024-10-06 00:00:00+00:00
[2024-10-06T19:21:07.851+0000] {processor.py:208} INFO - Processing /home/airflow/.local/lib/python3.12/site-packages/airflow/example_dags/example_nested_branch_dag.py took 0.073 seconds
[2024-10-06T19:21:38.303+0000] {processor.py:186} INFO - Started process (PID=7639) to work on /home/airflow/.local/lib/python3.12/site-packages/airflow/example_dags/example_nested_branch_dag.py
[2024-10-06T19:21:38.304+0000] {processor.py:914} INFO - Processing file /home/airflow/.local/lib/python3.12/site-packages/airflow/example_dags/example_nested_branch_dag.py for tasks to queue
[2024-10-06T19:21:38.306+0000] {logging_mixin.py:190} INFO - [2024-10-06T19:21:38.306+0000] {dagbag.py:588} INFO - Filling up the DagBag from /home/airflow/.local/lib/python3.12/site-packages/airflow/example_dags/example_nested_branch_dag.py
[2024-10-06T19:21:38.315+0000] {processor.py:925} INFO - DAG(s) 'example_nested_branch_dag' retrieved from /home/airflow/.local/lib/python3.12/site-packages/airflow/example_dags/example_nested_branch_dag.py
[2024-10-06T19:21:38.334+0000] {logging_mixin.py:190} INFO - [2024-10-06T19:21:38.334+0000] {dag.py:3239} INFO - Sync 1 DAGs
[2024-10-06T19:21:38.356+0000] {logging_mixin.py:190} INFO - [2024-10-06T19:21:38.356+0000] {dag.py:4180} INFO - Setting next_dagrun for example_nested_branch_dag to 2024-10-05 00:00:00+00:00, run_after=2024-10-06 00:00:00+00:00
[2024-10-06T19:21:38.373+0000] {processor.py:208} INFO - Processing /home/airflow/.local/lib/python3.12/site-packages/airflow/example_dags/example_nested_branch_dag.py took 0.075 seconds
