[2024-10-06T19:08:51.826+0000] {processor.py:186} INFO - Started process (PID=174) to work on /home/airflow/.local/lib/python3.12/site-packages/airflow/example_dags/tutorial_taskflow_api.py
[2024-10-06T19:08:51.827+0000] {processor.py:914} INFO - Processing file /home/airflow/.local/lib/python3.12/site-packages/airflow/example_dags/tutorial_taskflow_api.py for tasks to queue
[2024-10-06T19:08:51.829+0000] {logging_mixin.py:190} INFO - [2024-10-06T19:08:51.829+0000] {dagbag.py:588} INFO - Filling up the DagBag from /home/airflow/.local/lib/python3.12/site-packages/airflow/example_dags/tutorial_taskflow_api.py
[2024-10-06T19:08:51.837+0000] {processor.py:925} INFO - DAG(s) 'tutorial_taskflow_api' retrieved from /home/airflow/.local/lib/python3.12/site-packages/airflow/example_dags/tutorial_taskflow_api.py
[2024-10-06T19:08:52.060+0000] {logging_mixin.py:190} INFO - [2024-10-06T19:08:52.059+0000] {override.py:1900} INFO - Created Permission View: can delete on DAG:tutorial_taskflow_api
[2024-10-06T19:08:52.073+0000] {logging_mixin.py:190} INFO - [2024-10-06T19:08:52.073+0000] {override.py:1900} INFO - Created Permission View: can edit on DAG:tutorial_taskflow_api
[2024-10-06T19:08:52.084+0000] {logging_mixin.py:190} INFO - [2024-10-06T19:08:52.084+0000] {override.py:1900} INFO - Created Permission View: can read on DAG:tutorial_taskflow_api
[2024-10-06T19:08:52.094+0000] {logging_mixin.py:190} INFO - [2024-10-06T19:08:52.094+0000] {override.py:1900} INFO - Created Permission View: can delete on DAG Run:tutorial_taskflow_api
[2024-10-06T19:08:52.102+0000] {logging_mixin.py:190} INFO - [2024-10-06T19:08:52.101+0000] {override.py:1900} INFO - Created Permission View: can create on DAG Run:tutorial_taskflow_api
[2024-10-06T19:08:52.110+0000] {logging_mixin.py:190} INFO - [2024-10-06T19:08:52.110+0000] {override.py:1900} INFO - Created Permission View: can read on DAG Run:tutorial_taskflow_api
[2024-10-06T19:08:52.118+0000] {logging_mixin.py:190} INFO - [2024-10-06T19:08:52.118+0000] {override.py:1900} INFO - Created Permission View: menu access on DAG Run:tutorial_taskflow_api
[2024-10-06T19:08:52.119+0000] {logging_mixin.py:190} INFO - [2024-10-06T19:08:52.119+0000] {dag.py:3239} INFO - Sync 1 DAGs
[2024-10-06T19:08:52.134+0000] {logging_mixin.py:190} INFO - [2024-10-06T19:08:52.133+0000] {dag.py:3262} INFO - Creating ORM DAG for tutorial_taskflow_api
[2024-10-06T19:08:52.135+0000] {logging_mixin.py:190} INFO - [2024-10-06T19:08:52.135+0000] {dag.py:4180} INFO - Setting next_dagrun for tutorial_taskflow_api to None, run_after=None
[2024-10-06T19:08:52.158+0000] {processor.py:208} INFO - Processing /home/airflow/.local/lib/python3.12/site-packages/airflow/example_dags/tutorial_taskflow_api.py took 0.335 seconds
[2024-10-06T19:09:23.170+0000] {processor.py:186} INFO - Started process (PID=460) to work on /home/airflow/.local/lib/python3.12/site-packages/airflow/example_dags/tutorial_taskflow_api.py
[2024-10-06T19:09:23.174+0000] {processor.py:914} INFO - Processing file /home/airflow/.local/lib/python3.12/site-packages/airflow/example_dags/tutorial_taskflow_api.py for tasks to queue
[2024-10-06T19:09:23.202+0000] {logging_mixin.py:190} INFO - [2024-10-06T19:09:23.201+0000] {dagbag.py:588} INFO - Filling up the DagBag from /home/airflow/.local/lib/python3.12/site-packages/airflow/example_dags/tutorial_taskflow_api.py
[2024-10-06T19:09:23.366+0000] {processor.py:925} INFO - DAG(s) 'tutorial_taskflow_api' retrieved from /home/airflow/.local/lib/python3.12/site-packages/airflow/example_dags/tutorial_taskflow_api.py
[2024-10-06T19:09:23.475+0000] {logging_mixin.py:190} INFO - [2024-10-06T19:09:23.474+0000] {dag.py:3239} INFO - Sync 1 DAGs
[2024-10-06T19:09:23.519+0000] {logging_mixin.py:190} INFO - [2024-10-06T19:09:23.519+0000] {dag.py:4180} INFO - Setting next_dagrun for tutorial_taskflow_api to None, run_after=None
[2024-10-06T19:09:23.560+0000] {processor.py:208} INFO - Processing /home/airflow/.local/lib/python3.12/site-packages/airflow/example_dags/tutorial_taskflow_api.py took 0.401 seconds
[2024-10-06T19:09:53.694+0000] {processor.py:186} INFO - Started process (PID=746) to work on /home/airflow/.local/lib/python3.12/site-packages/airflow/example_dags/tutorial_taskflow_api.py
[2024-10-06T19:09:53.695+0000] {processor.py:914} INFO - Processing file /home/airflow/.local/lib/python3.12/site-packages/airflow/example_dags/tutorial_taskflow_api.py for tasks to queue
[2024-10-06T19:09:53.697+0000] {logging_mixin.py:190} INFO - [2024-10-06T19:09:53.697+0000] {dagbag.py:588} INFO - Filling up the DagBag from /home/airflow/.local/lib/python3.12/site-packages/airflow/example_dags/tutorial_taskflow_api.py
[2024-10-06T19:09:53.703+0000] {processor.py:925} INFO - DAG(s) 'tutorial_taskflow_api' retrieved from /home/airflow/.local/lib/python3.12/site-packages/airflow/example_dags/tutorial_taskflow_api.py
[2024-10-06T19:09:53.721+0000] {logging_mixin.py:190} INFO - [2024-10-06T19:09:53.720+0000] {dag.py:3239} INFO - Sync 1 DAGs
[2024-10-06T19:09:53.735+0000] {logging_mixin.py:190} INFO - [2024-10-06T19:09:53.735+0000] {dag.py:4180} INFO - Setting next_dagrun for tutorial_taskflow_api to None, run_after=None
[2024-10-06T19:09:53.762+0000] {processor.py:208} INFO - Processing /home/airflow/.local/lib/python3.12/site-packages/airflow/example_dags/tutorial_taskflow_api.py took 0.071 seconds
[2024-10-06T19:10:24.198+0000] {processor.py:186} INFO - Started process (PID=1032) to work on /home/airflow/.local/lib/python3.12/site-packages/airflow/example_dags/tutorial_taskflow_api.py
[2024-10-06T19:10:24.198+0000] {processor.py:914} INFO - Processing file /home/airflow/.local/lib/python3.12/site-packages/airflow/example_dags/tutorial_taskflow_api.py for tasks to queue
[2024-10-06T19:10:24.200+0000] {logging_mixin.py:190} INFO - [2024-10-06T19:10:24.200+0000] {dagbag.py:588} INFO - Filling up the DagBag from /home/airflow/.local/lib/python3.12/site-packages/airflow/example_dags/tutorial_taskflow_api.py
[2024-10-06T19:10:24.206+0000] {processor.py:925} INFO - DAG(s) 'tutorial_taskflow_api' retrieved from /home/airflow/.local/lib/python3.12/site-packages/airflow/example_dags/tutorial_taskflow_api.py
[2024-10-06T19:10:24.226+0000] {logging_mixin.py:190} INFO - [2024-10-06T19:10:24.226+0000] {dag.py:3239} INFO - Sync 1 DAGs
[2024-10-06T19:10:24.242+0000] {logging_mixin.py:190} INFO - [2024-10-06T19:10:24.242+0000] {dag.py:4180} INFO - Setting next_dagrun for tutorial_taskflow_api to None, run_after=None
[2024-10-06T19:10:24.260+0000] {processor.py:208} INFO - Processing /home/airflow/.local/lib/python3.12/site-packages/airflow/example_dags/tutorial_taskflow_api.py took 0.068 seconds
[2024-10-06T19:10:54.737+0000] {processor.py:186} INFO - Started process (PID=1342) to work on /home/airflow/.local/lib/python3.12/site-packages/airflow/example_dags/tutorial_taskflow_api.py
[2024-10-06T19:10:54.738+0000] {processor.py:914} INFO - Processing file /home/airflow/.local/lib/python3.12/site-packages/airflow/example_dags/tutorial_taskflow_api.py for tasks to queue
[2024-10-06T19:10:54.741+0000] {logging_mixin.py:190} INFO - [2024-10-06T19:10:54.740+0000] {dagbag.py:588} INFO - Filling up the DagBag from /home/airflow/.local/lib/python3.12/site-packages/airflow/example_dags/tutorial_taskflow_api.py
[2024-10-06T19:10:54.747+0000] {processor.py:925} INFO - DAG(s) 'tutorial_taskflow_api' retrieved from /home/airflow/.local/lib/python3.12/site-packages/airflow/example_dags/tutorial_taskflow_api.py
[2024-10-06T19:10:54.766+0000] {logging_mixin.py:190} INFO - [2024-10-06T19:10:54.765+0000] {dag.py:3239} INFO - Sync 1 DAGs
[2024-10-06T19:10:54.780+0000] {logging_mixin.py:190} INFO - [2024-10-06T19:10:54.780+0000] {dag.py:4180} INFO - Setting next_dagrun for tutorial_taskflow_api to None, run_after=None
[2024-10-06T19:10:54.799+0000] {processor.py:208} INFO - Processing /home/airflow/.local/lib/python3.12/site-packages/airflow/example_dags/tutorial_taskflow_api.py took 0.066 seconds
[2024-10-06T19:11:24.930+0000] {processor.py:186} INFO - Started process (PID=1628) to work on /home/airflow/.local/lib/python3.12/site-packages/airflow/example_dags/tutorial_taskflow_api.py
[2024-10-06T19:11:24.931+0000] {processor.py:914} INFO - Processing file /home/airflow/.local/lib/python3.12/site-packages/airflow/example_dags/tutorial_taskflow_api.py for tasks to queue
[2024-10-06T19:11:24.933+0000] {logging_mixin.py:190} INFO - [2024-10-06T19:11:24.932+0000] {dagbag.py:588} INFO - Filling up the DagBag from /home/airflow/.local/lib/python3.12/site-packages/airflow/example_dags/tutorial_taskflow_api.py
[2024-10-06T19:11:24.938+0000] {processor.py:925} INFO - DAG(s) 'tutorial_taskflow_api' retrieved from /home/airflow/.local/lib/python3.12/site-packages/airflow/example_dags/tutorial_taskflow_api.py
[2024-10-06T19:11:24.957+0000] {logging_mixin.py:190} INFO - [2024-10-06T19:11:24.956+0000] {dag.py:3239} INFO - Sync 1 DAGs
[2024-10-06T19:11:24.969+0000] {logging_mixin.py:190} INFO - [2024-10-06T19:11:24.969+0000] {dag.py:4180} INFO - Setting next_dagrun for tutorial_taskflow_api to None, run_after=None
[2024-10-06T19:11:24.989+0000] {processor.py:208} INFO - Processing /home/airflow/.local/lib/python3.12/site-packages/airflow/example_dags/tutorial_taskflow_api.py took 0.065 seconds
[2024-10-06T19:11:55.408+0000] {processor.py:186} INFO - Started process (PID=1914) to work on /home/airflow/.local/lib/python3.12/site-packages/airflow/example_dags/tutorial_taskflow_api.py
[2024-10-06T19:11:55.409+0000] {processor.py:914} INFO - Processing file /home/airflow/.local/lib/python3.12/site-packages/airflow/example_dags/tutorial_taskflow_api.py for tasks to queue
[2024-10-06T19:11:55.411+0000] {logging_mixin.py:190} INFO - [2024-10-06T19:11:55.411+0000] {dagbag.py:588} INFO - Filling up the DagBag from /home/airflow/.local/lib/python3.12/site-packages/airflow/example_dags/tutorial_taskflow_api.py
[2024-10-06T19:11:55.418+0000] {processor.py:925} INFO - DAG(s) 'tutorial_taskflow_api' retrieved from /home/airflow/.local/lib/python3.12/site-packages/airflow/example_dags/tutorial_taskflow_api.py
[2024-10-06T19:11:55.435+0000] {logging_mixin.py:190} INFO - [2024-10-06T19:11:55.435+0000] {dag.py:3239} INFO - Sync 1 DAGs
[2024-10-06T19:11:55.449+0000] {logging_mixin.py:190} INFO - [2024-10-06T19:11:55.449+0000] {dag.py:4180} INFO - Setting next_dagrun for tutorial_taskflow_api to None, run_after=None
[2024-10-06T19:11:55.467+0000] {processor.py:208} INFO - Processing /home/airflow/.local/lib/python3.12/site-packages/airflow/example_dags/tutorial_taskflow_api.py took 0.064 seconds
[2024-10-06T19:12:25.859+0000] {processor.py:186} INFO - Started process (PID=2200) to work on /home/airflow/.local/lib/python3.12/site-packages/airflow/example_dags/tutorial_taskflow_api.py
[2024-10-06T19:12:25.859+0000] {processor.py:914} INFO - Processing file /home/airflow/.local/lib/python3.12/site-packages/airflow/example_dags/tutorial_taskflow_api.py for tasks to queue
[2024-10-06T19:12:25.861+0000] {logging_mixin.py:190} INFO - [2024-10-06T19:12:25.861+0000] {dagbag.py:588} INFO - Filling up the DagBag from /home/airflow/.local/lib/python3.12/site-packages/airflow/example_dags/tutorial_taskflow_api.py
[2024-10-06T19:12:25.867+0000] {processor.py:925} INFO - DAG(s) 'tutorial_taskflow_api' retrieved from /home/airflow/.local/lib/python3.12/site-packages/airflow/example_dags/tutorial_taskflow_api.py
[2024-10-06T19:12:25.884+0000] {logging_mixin.py:190} INFO - [2024-10-06T19:12:25.883+0000] {dag.py:3239} INFO - Sync 1 DAGs
[2024-10-06T19:12:25.897+0000] {logging_mixin.py:190} INFO - [2024-10-06T19:12:25.897+0000] {dag.py:4180} INFO - Setting next_dagrun for tutorial_taskflow_api to None, run_after=None
[2024-10-06T19:12:25.915+0000] {processor.py:208} INFO - Processing /home/airflow/.local/lib/python3.12/site-packages/airflow/example_dags/tutorial_taskflow_api.py took 0.061 seconds
[2024-10-06T19:12:56.148+0000] {processor.py:186} INFO - Started process (PID=2486) to work on /home/airflow/.local/lib/python3.12/site-packages/airflow/example_dags/tutorial_taskflow_api.py
[2024-10-06T19:12:56.149+0000] {processor.py:914} INFO - Processing file /home/airflow/.local/lib/python3.12/site-packages/airflow/example_dags/tutorial_taskflow_api.py for tasks to queue
[2024-10-06T19:12:56.151+0000] {logging_mixin.py:190} INFO - [2024-10-06T19:12:56.151+0000] {dagbag.py:588} INFO - Filling up the DagBag from /home/airflow/.local/lib/python3.12/site-packages/airflow/example_dags/tutorial_taskflow_api.py
[2024-10-06T19:12:56.157+0000] {processor.py:925} INFO - DAG(s) 'tutorial_taskflow_api' retrieved from /home/airflow/.local/lib/python3.12/site-packages/airflow/example_dags/tutorial_taskflow_api.py
[2024-10-06T19:12:56.174+0000] {logging_mixin.py:190} INFO - [2024-10-06T19:12:56.173+0000] {dag.py:3239} INFO - Sync 1 DAGs
[2024-10-06T19:12:56.187+0000] {logging_mixin.py:190} INFO - [2024-10-06T19:12:56.187+0000] {dag.py:4180} INFO - Setting next_dagrun for tutorial_taskflow_api to None, run_after=None
[2024-10-06T19:12:56.206+0000] {processor.py:208} INFO - Processing /home/airflow/.local/lib/python3.12/site-packages/airflow/example_dags/tutorial_taskflow_api.py took 0.062 seconds
[2024-10-06T19:13:26.548+0000] {processor.py:186} INFO - Started process (PID=2772) to work on /home/airflow/.local/lib/python3.12/site-packages/airflow/example_dags/tutorial_taskflow_api.py
[2024-10-06T19:13:26.549+0000] {processor.py:914} INFO - Processing file /home/airflow/.local/lib/python3.12/site-packages/airflow/example_dags/tutorial_taskflow_api.py for tasks to queue
[2024-10-06T19:13:26.551+0000] {logging_mixin.py:190} INFO - [2024-10-06T19:13:26.550+0000] {dagbag.py:588} INFO - Filling up the DagBag from /home/airflow/.local/lib/python3.12/site-packages/airflow/example_dags/tutorial_taskflow_api.py
[2024-10-06T19:13:26.558+0000] {processor.py:925} INFO - DAG(s) 'tutorial_taskflow_api' retrieved from /home/airflow/.local/lib/python3.12/site-packages/airflow/example_dags/tutorial_taskflow_api.py
[2024-10-06T19:13:26.578+0000] {logging_mixin.py:190} INFO - [2024-10-06T19:13:26.578+0000] {dag.py:3239} INFO - Sync 1 DAGs
[2024-10-06T19:13:26.595+0000] {logging_mixin.py:190} INFO - [2024-10-06T19:13:26.595+0000] {dag.py:4180} INFO - Setting next_dagrun for tutorial_taskflow_api to None, run_after=None
[2024-10-06T19:13:26.615+0000] {processor.py:208} INFO - Processing /home/airflow/.local/lib/python3.12/site-packages/airflow/example_dags/tutorial_taskflow_api.py took 0.071 seconds
[2024-10-06T19:13:57.012+0000] {processor.py:186} INFO - Started process (PID=3063) to work on /home/airflow/.local/lib/python3.12/site-packages/airflow/example_dags/tutorial_taskflow_api.py
[2024-10-06T19:13:57.013+0000] {processor.py:914} INFO - Processing file /home/airflow/.local/lib/python3.12/site-packages/airflow/example_dags/tutorial_taskflow_api.py for tasks to queue
[2024-10-06T19:13:57.015+0000] {logging_mixin.py:190} INFO - [2024-10-06T19:13:57.015+0000] {dagbag.py:588} INFO - Filling up the DagBag from /home/airflow/.local/lib/python3.12/site-packages/airflow/example_dags/tutorial_taskflow_api.py
[2024-10-06T19:13:57.021+0000] {processor.py:925} INFO - DAG(s) 'tutorial_taskflow_api' retrieved from /home/airflow/.local/lib/python3.12/site-packages/airflow/example_dags/tutorial_taskflow_api.py
[2024-10-06T19:13:57.037+0000] {logging_mixin.py:190} INFO - [2024-10-06T19:13:57.036+0000] {dag.py:3239} INFO - Sync 1 DAGs
[2024-10-06T19:13:57.050+0000] {logging_mixin.py:190} INFO - [2024-10-06T19:13:57.050+0000] {dag.py:4180} INFO - Setting next_dagrun for tutorial_taskflow_api to None, run_after=None
[2024-10-06T19:13:57.068+0000] {processor.py:208} INFO - Processing /home/airflow/.local/lib/python3.12/site-packages/airflow/example_dags/tutorial_taskflow_api.py took 0.061 seconds
[2024-10-06T19:14:27.340+0000] {processor.py:186} INFO - Started process (PID=3354) to work on /home/airflow/.local/lib/python3.12/site-packages/airflow/example_dags/tutorial_taskflow_api.py
[2024-10-06T19:14:27.341+0000] {processor.py:914} INFO - Processing file /home/airflow/.local/lib/python3.12/site-packages/airflow/example_dags/tutorial_taskflow_api.py for tasks to queue
[2024-10-06T19:14:27.342+0000] {logging_mixin.py:190} INFO - [2024-10-06T19:14:27.342+0000] {dagbag.py:588} INFO - Filling up the DagBag from /home/airflow/.local/lib/python3.12/site-packages/airflow/example_dags/tutorial_taskflow_api.py
[2024-10-06T19:14:27.348+0000] {processor.py:925} INFO - DAG(s) 'tutorial_taskflow_api' retrieved from /home/airflow/.local/lib/python3.12/site-packages/airflow/example_dags/tutorial_taskflow_api.py
[2024-10-06T19:14:27.364+0000] {logging_mixin.py:190} INFO - [2024-10-06T19:14:27.363+0000] {dag.py:3239} INFO - Sync 1 DAGs
[2024-10-06T19:14:27.375+0000] {logging_mixin.py:190} INFO - [2024-10-06T19:14:27.375+0000] {dag.py:4180} INFO - Setting next_dagrun for tutorial_taskflow_api to None, run_after=None
[2024-10-06T19:14:27.393+0000] {processor.py:208} INFO - Processing /home/airflow/.local/lib/python3.12/site-packages/airflow/example_dags/tutorial_taskflow_api.py took 0.056 seconds
[2024-10-06T19:14:57.742+0000] {processor.py:186} INFO - Started process (PID=3645) to work on /home/airflow/.local/lib/python3.12/site-packages/airflow/example_dags/tutorial_taskflow_api.py
[2024-10-06T19:14:57.743+0000] {processor.py:914} INFO - Processing file /home/airflow/.local/lib/python3.12/site-packages/airflow/example_dags/tutorial_taskflow_api.py for tasks to queue
[2024-10-06T19:14:57.745+0000] {logging_mixin.py:190} INFO - [2024-10-06T19:14:57.745+0000] {dagbag.py:588} INFO - Filling up the DagBag from /home/airflow/.local/lib/python3.12/site-packages/airflow/example_dags/tutorial_taskflow_api.py
[2024-10-06T19:14:57.751+0000] {processor.py:925} INFO - DAG(s) 'tutorial_taskflow_api' retrieved from /home/airflow/.local/lib/python3.12/site-packages/airflow/example_dags/tutorial_taskflow_api.py
[2024-10-06T19:14:57.766+0000] {logging_mixin.py:190} INFO - [2024-10-06T19:14:57.766+0000] {dag.py:3239} INFO - Sync 1 DAGs
[2024-10-06T19:14:57.781+0000] {logging_mixin.py:190} INFO - [2024-10-06T19:14:57.780+0000] {dag.py:4180} INFO - Setting next_dagrun for tutorial_taskflow_api to None, run_after=None
[2024-10-06T19:14:57.799+0000] {processor.py:208} INFO - Processing /home/airflow/.local/lib/python3.12/site-packages/airflow/example_dags/tutorial_taskflow_api.py took 0.061 seconds
[2024-10-06T19:15:28.060+0000] {processor.py:186} INFO - Started process (PID=3941) to work on /home/airflow/.local/lib/python3.12/site-packages/airflow/example_dags/tutorial_taskflow_api.py
[2024-10-06T19:15:28.061+0000] {processor.py:914} INFO - Processing file /home/airflow/.local/lib/python3.12/site-packages/airflow/example_dags/tutorial_taskflow_api.py for tasks to queue
[2024-10-06T19:15:28.063+0000] {logging_mixin.py:190} INFO - [2024-10-06T19:15:28.063+0000] {dagbag.py:588} INFO - Filling up the DagBag from /home/airflow/.local/lib/python3.12/site-packages/airflow/example_dags/tutorial_taskflow_api.py
[2024-10-06T19:15:28.069+0000] {processor.py:925} INFO - DAG(s) 'tutorial_taskflow_api' retrieved from /home/airflow/.local/lib/python3.12/site-packages/airflow/example_dags/tutorial_taskflow_api.py
[2024-10-06T19:15:28.085+0000] {logging_mixin.py:190} INFO - [2024-10-06T19:15:28.085+0000] {dag.py:3239} INFO - Sync 1 DAGs
[2024-10-06T19:15:28.098+0000] {logging_mixin.py:190} INFO - [2024-10-06T19:15:28.098+0000] {dag.py:4180} INFO - Setting next_dagrun for tutorial_taskflow_api to None, run_after=None
[2024-10-06T19:15:28.117+0000] {processor.py:208} INFO - Processing /home/airflow/.local/lib/python3.12/site-packages/airflow/example_dags/tutorial_taskflow_api.py took 0.061 seconds
[2024-10-06T19:15:58.294+0000] {processor.py:186} INFO - Started process (PID=4232) to work on /home/airflow/.local/lib/python3.12/site-packages/airflow/example_dags/tutorial_taskflow_api.py
[2024-10-06T19:15:58.295+0000] {processor.py:914} INFO - Processing file /home/airflow/.local/lib/python3.12/site-packages/airflow/example_dags/tutorial_taskflow_api.py for tasks to queue
[2024-10-06T19:15:58.297+0000] {logging_mixin.py:190} INFO - [2024-10-06T19:15:58.297+0000] {dagbag.py:588} INFO - Filling up the DagBag from /home/airflow/.local/lib/python3.12/site-packages/airflow/example_dags/tutorial_taskflow_api.py
[2024-10-06T19:15:58.304+0000] {processor.py:925} INFO - DAG(s) 'tutorial_taskflow_api' retrieved from /home/airflow/.local/lib/python3.12/site-packages/airflow/example_dags/tutorial_taskflow_api.py
[2024-10-06T19:15:58.320+0000] {logging_mixin.py:190} INFO - [2024-10-06T19:15:58.320+0000] {dag.py:3239} INFO - Sync 1 DAGs
[2024-10-06T19:15:58.333+0000] {logging_mixin.py:190} INFO - [2024-10-06T19:15:58.332+0000] {dag.py:4180} INFO - Setting next_dagrun for tutorial_taskflow_api to None, run_after=None
[2024-10-06T19:15:58.350+0000] {processor.py:208} INFO - Processing /home/airflow/.local/lib/python3.12/site-packages/airflow/example_dags/tutorial_taskflow_api.py took 0.059 seconds
[2024-10-06T19:16:28.528+0000] {processor.py:186} INFO - Started process (PID=4523) to work on /home/airflow/.local/lib/python3.12/site-packages/airflow/example_dags/tutorial_taskflow_api.py
[2024-10-06T19:16:28.528+0000] {processor.py:914} INFO - Processing file /home/airflow/.local/lib/python3.12/site-packages/airflow/example_dags/tutorial_taskflow_api.py for tasks to queue
[2024-10-06T19:16:28.530+0000] {logging_mixin.py:190} INFO - [2024-10-06T19:16:28.530+0000] {dagbag.py:588} INFO - Filling up the DagBag from /home/airflow/.local/lib/python3.12/site-packages/airflow/example_dags/tutorial_taskflow_api.py
[2024-10-06T19:16:28.537+0000] {processor.py:925} INFO - DAG(s) 'tutorial_taskflow_api' retrieved from /home/airflow/.local/lib/python3.12/site-packages/airflow/example_dags/tutorial_taskflow_api.py
[2024-10-06T19:16:28.553+0000] {logging_mixin.py:190} INFO - [2024-10-06T19:16:28.552+0000] {dag.py:3239} INFO - Sync 1 DAGs
[2024-10-06T19:16:28.566+0000] {logging_mixin.py:190} INFO - [2024-10-06T19:16:28.566+0000] {dag.py:4180} INFO - Setting next_dagrun for tutorial_taskflow_api to None, run_after=None
[2024-10-06T19:16:28.583+0000] {processor.py:208} INFO - Processing /home/airflow/.local/lib/python3.12/site-packages/airflow/example_dags/tutorial_taskflow_api.py took 0.059 seconds
[2024-10-06T19:16:58.885+0000] {processor.py:186} INFO - Started process (PID=4814) to work on /home/airflow/.local/lib/python3.12/site-packages/airflow/example_dags/tutorial_taskflow_api.py
[2024-10-06T19:16:58.886+0000] {processor.py:914} INFO - Processing file /home/airflow/.local/lib/python3.12/site-packages/airflow/example_dags/tutorial_taskflow_api.py for tasks to queue
[2024-10-06T19:16:58.888+0000] {logging_mixin.py:190} INFO - [2024-10-06T19:16:58.888+0000] {dagbag.py:588} INFO - Filling up the DagBag from /home/airflow/.local/lib/python3.12/site-packages/airflow/example_dags/tutorial_taskflow_api.py
[2024-10-06T19:16:58.893+0000] {processor.py:925} INFO - DAG(s) 'tutorial_taskflow_api' retrieved from /home/airflow/.local/lib/python3.12/site-packages/airflow/example_dags/tutorial_taskflow_api.py
[2024-10-06T19:16:58.909+0000] {logging_mixin.py:190} INFO - [2024-10-06T19:16:58.909+0000] {dag.py:3239} INFO - Sync 1 DAGs
[2024-10-06T19:16:58.922+0000] {logging_mixin.py:190} INFO - [2024-10-06T19:16:58.922+0000] {dag.py:4180} INFO - Setting next_dagrun for tutorial_taskflow_api to None, run_after=None
[2024-10-06T19:16:58.938+0000] {processor.py:208} INFO - Processing /home/airflow/.local/lib/python3.12/site-packages/airflow/example_dags/tutorial_taskflow_api.py took 0.057 seconds
[2024-10-06T19:17:29.257+0000] {processor.py:186} INFO - Started process (PID=5105) to work on /home/airflow/.local/lib/python3.12/site-packages/airflow/example_dags/tutorial_taskflow_api.py
[2024-10-06T19:17:29.258+0000] {processor.py:914} INFO - Processing file /home/airflow/.local/lib/python3.12/site-packages/airflow/example_dags/tutorial_taskflow_api.py for tasks to queue
[2024-10-06T19:17:29.259+0000] {logging_mixin.py:190} INFO - [2024-10-06T19:17:29.259+0000] {dagbag.py:588} INFO - Filling up the DagBag from /home/airflow/.local/lib/python3.12/site-packages/airflow/example_dags/tutorial_taskflow_api.py
[2024-10-06T19:17:29.265+0000] {processor.py:925} INFO - DAG(s) 'tutorial_taskflow_api' retrieved from /home/airflow/.local/lib/python3.12/site-packages/airflow/example_dags/tutorial_taskflow_api.py
[2024-10-06T19:17:29.282+0000] {logging_mixin.py:190} INFO - [2024-10-06T19:17:29.282+0000] {dag.py:3239} INFO - Sync 1 DAGs
[2024-10-06T19:17:29.294+0000] {logging_mixin.py:190} INFO - [2024-10-06T19:17:29.294+0000] {dag.py:4180} INFO - Setting next_dagrun for tutorial_taskflow_api to None, run_after=None
[2024-10-06T19:17:29.311+0000] {processor.py:208} INFO - Processing /home/airflow/.local/lib/python3.12/site-packages/airflow/example_dags/tutorial_taskflow_api.py took 0.058 seconds
[2024-10-06T19:17:59.541+0000] {processor.py:186} INFO - Started process (PID=5396) to work on /home/airflow/.local/lib/python3.12/site-packages/airflow/example_dags/tutorial_taskflow_api.py
[2024-10-06T19:17:59.541+0000] {processor.py:914} INFO - Processing file /home/airflow/.local/lib/python3.12/site-packages/airflow/example_dags/tutorial_taskflow_api.py for tasks to queue
[2024-10-06T19:17:59.543+0000] {logging_mixin.py:190} INFO - [2024-10-06T19:17:59.542+0000] {dagbag.py:588} INFO - Filling up the DagBag from /home/airflow/.local/lib/python3.12/site-packages/airflow/example_dags/tutorial_taskflow_api.py
[2024-10-06T19:17:59.548+0000] {processor.py:925} INFO - DAG(s) 'tutorial_taskflow_api' retrieved from /home/airflow/.local/lib/python3.12/site-packages/airflow/example_dags/tutorial_taskflow_api.py
[2024-10-06T19:17:59.564+0000] {logging_mixin.py:190} INFO - [2024-10-06T19:17:59.564+0000] {dag.py:3239} INFO - Sync 1 DAGs
[2024-10-06T19:17:59.577+0000] {logging_mixin.py:190} INFO - [2024-10-06T19:17:59.577+0000] {dag.py:4180} INFO - Setting next_dagrun for tutorial_taskflow_api to None, run_after=None
[2024-10-06T19:17:59.594+0000] {processor.py:208} INFO - Processing /home/airflow/.local/lib/python3.12/site-packages/airflow/example_dags/tutorial_taskflow_api.py took 0.057 seconds
[2024-10-06T19:18:29.792+0000] {processor.py:186} INFO - Started process (PID=5687) to work on /home/airflow/.local/lib/python3.12/site-packages/airflow/example_dags/tutorial_taskflow_api.py
[2024-10-06T19:18:29.793+0000] {processor.py:914} INFO - Processing file /home/airflow/.local/lib/python3.12/site-packages/airflow/example_dags/tutorial_taskflow_api.py for tasks to queue
[2024-10-06T19:18:29.794+0000] {logging_mixin.py:190} INFO - [2024-10-06T19:18:29.794+0000] {dagbag.py:588} INFO - Filling up the DagBag from /home/airflow/.local/lib/python3.12/site-packages/airflow/example_dags/tutorial_taskflow_api.py
[2024-10-06T19:18:29.800+0000] {processor.py:925} INFO - DAG(s) 'tutorial_taskflow_api' retrieved from /home/airflow/.local/lib/python3.12/site-packages/airflow/example_dags/tutorial_taskflow_api.py
[2024-10-06T19:18:29.816+0000] {logging_mixin.py:190} INFO - [2024-10-06T19:18:29.816+0000] {dag.py:3239} INFO - Sync 1 DAGs
[2024-10-06T19:18:29.828+0000] {logging_mixin.py:190} INFO - [2024-10-06T19:18:29.828+0000] {dag.py:4180} INFO - Setting next_dagrun for tutorial_taskflow_api to None, run_after=None
[2024-10-06T19:18:29.847+0000] {processor.py:208} INFO - Processing /home/airflow/.local/lib/python3.12/site-packages/airflow/example_dags/tutorial_taskflow_api.py took 0.059 seconds
[2024-10-06T19:19:00.191+0000] {processor.py:186} INFO - Started process (PID=5983) to work on /home/airflow/.local/lib/python3.12/site-packages/airflow/example_dags/tutorial_taskflow_api.py
[2024-10-06T19:19:00.193+0000] {processor.py:914} INFO - Processing file /home/airflow/.local/lib/python3.12/site-packages/airflow/example_dags/tutorial_taskflow_api.py for tasks to queue
[2024-10-06T19:19:00.195+0000] {logging_mixin.py:190} INFO - [2024-10-06T19:19:00.195+0000] {dagbag.py:588} INFO - Filling up the DagBag from /home/airflow/.local/lib/python3.12/site-packages/airflow/example_dags/tutorial_taskflow_api.py
[2024-10-06T19:19:00.202+0000] {processor.py:925} INFO - DAG(s) 'tutorial_taskflow_api' retrieved from /home/airflow/.local/lib/python3.12/site-packages/airflow/example_dags/tutorial_taskflow_api.py
[2024-10-06T19:19:00.225+0000] {logging_mixin.py:190} INFO - [2024-10-06T19:19:00.225+0000] {dag.py:3239} INFO - Sync 1 DAGs
[2024-10-06T19:19:00.245+0000] {logging_mixin.py:190} INFO - [2024-10-06T19:19:00.245+0000] {dag.py:4180} INFO - Setting next_dagrun for tutorial_taskflow_api to None, run_after=None
[2024-10-06T19:19:00.267+0000] {processor.py:208} INFO - Processing /home/airflow/.local/lib/python3.12/site-packages/airflow/example_dags/tutorial_taskflow_api.py took 0.081 seconds
[2024-10-06T19:19:30.467+0000] {processor.py:186} INFO - Started process (PID=6274) to work on /home/airflow/.local/lib/python3.12/site-packages/airflow/example_dags/tutorial_taskflow_api.py
[2024-10-06T19:19:30.468+0000] {processor.py:914} INFO - Processing file /home/airflow/.local/lib/python3.12/site-packages/airflow/example_dags/tutorial_taskflow_api.py for tasks to queue
[2024-10-06T19:19:30.470+0000] {logging_mixin.py:190} INFO - [2024-10-06T19:19:30.470+0000] {dagbag.py:588} INFO - Filling up the DagBag from /home/airflow/.local/lib/python3.12/site-packages/airflow/example_dags/tutorial_taskflow_api.py
[2024-10-06T19:19:30.476+0000] {processor.py:925} INFO - DAG(s) 'tutorial_taskflow_api' retrieved from /home/airflow/.local/lib/python3.12/site-packages/airflow/example_dags/tutorial_taskflow_api.py
[2024-10-06T19:19:30.492+0000] {logging_mixin.py:190} INFO - [2024-10-06T19:19:30.492+0000] {dag.py:3239} INFO - Sync 1 DAGs
[2024-10-06T19:19:30.507+0000] {logging_mixin.py:190} INFO - [2024-10-06T19:19:30.507+0000] {dag.py:4180} INFO - Setting next_dagrun for tutorial_taskflow_api to None, run_after=None
[2024-10-06T19:19:30.525+0000] {processor.py:208} INFO - Processing /home/airflow/.local/lib/python3.12/site-packages/airflow/example_dags/tutorial_taskflow_api.py took 0.062 seconds
[2024-10-06T19:20:00.734+0000] {processor.py:186} INFO - Started process (PID=6565) to work on /home/airflow/.local/lib/python3.12/site-packages/airflow/example_dags/tutorial_taskflow_api.py
[2024-10-06T19:20:00.735+0000] {processor.py:914} INFO - Processing file /home/airflow/.local/lib/python3.12/site-packages/airflow/example_dags/tutorial_taskflow_api.py for tasks to queue
[2024-10-06T19:20:00.737+0000] {logging_mixin.py:190} INFO - [2024-10-06T19:20:00.736+0000] {dagbag.py:588} INFO - Filling up the DagBag from /home/airflow/.local/lib/python3.12/site-packages/airflow/example_dags/tutorial_taskflow_api.py
[2024-10-06T19:20:00.742+0000] {processor.py:925} INFO - DAG(s) 'tutorial_taskflow_api' retrieved from /home/airflow/.local/lib/python3.12/site-packages/airflow/example_dags/tutorial_taskflow_api.py
[2024-10-06T19:20:00.759+0000] {logging_mixin.py:190} INFO - [2024-10-06T19:20:00.759+0000] {dag.py:3239} INFO - Sync 1 DAGs
[2024-10-06T19:20:00.774+0000] {logging_mixin.py:190} INFO - [2024-10-06T19:20:00.774+0000] {dag.py:4180} INFO - Setting next_dagrun for tutorial_taskflow_api to None, run_after=None
[2024-10-06T19:20:00.792+0000] {processor.py:208} INFO - Processing /home/airflow/.local/lib/python3.12/site-packages/airflow/example_dags/tutorial_taskflow_api.py took 0.062 seconds
[2024-10-06T19:20:31.090+0000] {processor.py:186} INFO - Started process (PID=6856) to work on /home/airflow/.local/lib/python3.12/site-packages/airflow/example_dags/tutorial_taskflow_api.py
[2024-10-06T19:20:31.091+0000] {processor.py:914} INFO - Processing file /home/airflow/.local/lib/python3.12/site-packages/airflow/example_dags/tutorial_taskflow_api.py for tasks to queue
[2024-10-06T19:20:31.092+0000] {logging_mixin.py:190} INFO - [2024-10-06T19:20:31.092+0000] {dagbag.py:588} INFO - Filling up the DagBag from /home/airflow/.local/lib/python3.12/site-packages/airflow/example_dags/tutorial_taskflow_api.py
[2024-10-06T19:20:31.099+0000] {processor.py:925} INFO - DAG(s) 'tutorial_taskflow_api' retrieved from /home/airflow/.local/lib/python3.12/site-packages/airflow/example_dags/tutorial_taskflow_api.py
[2024-10-06T19:20:31.115+0000] {logging_mixin.py:190} INFO - [2024-10-06T19:20:31.114+0000] {dag.py:3239} INFO - Sync 1 DAGs
[2024-10-06T19:20:31.128+0000] {logging_mixin.py:190} INFO - [2024-10-06T19:20:31.128+0000] {dag.py:4180} INFO - Setting next_dagrun for tutorial_taskflow_api to None, run_after=None
[2024-10-06T19:20:31.145+0000] {processor.py:208} INFO - Processing /home/airflow/.local/lib/python3.12/site-packages/airflow/example_dags/tutorial_taskflow_api.py took 0.059 seconds
[2024-10-06T19:21:01.623+0000] {processor.py:186} INFO - Started process (PID=7147) to work on /home/airflow/.local/lib/python3.12/site-packages/airflow/example_dags/tutorial_taskflow_api.py
[2024-10-06T19:21:01.623+0000] {processor.py:914} INFO - Processing file /home/airflow/.local/lib/python3.12/site-packages/airflow/example_dags/tutorial_taskflow_api.py for tasks to queue
[2024-10-06T19:21:01.625+0000] {logging_mixin.py:190} INFO - [2024-10-06T19:21:01.625+0000] {dagbag.py:588} INFO - Filling up the DagBag from /home/airflow/.local/lib/python3.12/site-packages/airflow/example_dags/tutorial_taskflow_api.py
[2024-10-06T19:21:01.632+0000] {processor.py:925} INFO - DAG(s) 'tutorial_taskflow_api' retrieved from /home/airflow/.local/lib/python3.12/site-packages/airflow/example_dags/tutorial_taskflow_api.py
[2024-10-06T19:21:01.649+0000] {logging_mixin.py:190} INFO - [2024-10-06T19:21:01.648+0000] {dag.py:3239} INFO - Sync 1 DAGs
[2024-10-06T19:21:01.662+0000] {logging_mixin.py:190} INFO - [2024-10-06T19:21:01.662+0000] {dag.py:4180} INFO - Setting next_dagrun for tutorial_taskflow_api to None, run_after=None
[2024-10-06T19:21:01.680+0000] {processor.py:208} INFO - Processing /home/airflow/.local/lib/python3.12/site-packages/airflow/example_dags/tutorial_taskflow_api.py took 0.062 seconds
[2024-10-06T19:21:32.094+0000] {processor.py:186} INFO - Started process (PID=7443) to work on /home/airflow/.local/lib/python3.12/site-packages/airflow/example_dags/tutorial_taskflow_api.py
[2024-10-06T19:21:32.095+0000] {processor.py:914} INFO - Processing file /home/airflow/.local/lib/python3.12/site-packages/airflow/example_dags/tutorial_taskflow_api.py for tasks to queue
[2024-10-06T19:21:32.097+0000] {logging_mixin.py:190} INFO - [2024-10-06T19:21:32.097+0000] {dagbag.py:588} INFO - Filling up the DagBag from /home/airflow/.local/lib/python3.12/site-packages/airflow/example_dags/tutorial_taskflow_api.py
[2024-10-06T19:21:32.103+0000] {processor.py:925} INFO - DAG(s) 'tutorial_taskflow_api' retrieved from /home/airflow/.local/lib/python3.12/site-packages/airflow/example_dags/tutorial_taskflow_api.py
[2024-10-06T19:21:32.121+0000] {logging_mixin.py:190} INFO - [2024-10-06T19:21:32.121+0000] {dag.py:3239} INFO - Sync 1 DAGs
[2024-10-06T19:21:32.136+0000] {logging_mixin.py:190} INFO - [2024-10-06T19:21:32.135+0000] {dag.py:4180} INFO - Setting next_dagrun for tutorial_taskflow_api to None, run_after=None
[2024-10-06T19:21:32.155+0000] {processor.py:208} INFO - Processing /home/airflow/.local/lib/python3.12/site-packages/airflow/example_dags/tutorial_taskflow_api.py took 0.065 seconds
[2024-10-06T19:22:02.428+0000] {processor.py:186} INFO - Started process (PID=7734) to work on /home/airflow/.local/lib/python3.12/site-packages/airflow/example_dags/tutorial_taskflow_api.py
[2024-10-06T19:22:02.429+0000] {processor.py:914} INFO - Processing file /home/airflow/.local/lib/python3.12/site-packages/airflow/example_dags/tutorial_taskflow_api.py for tasks to queue
[2024-10-06T19:22:02.430+0000] {logging_mixin.py:190} INFO - [2024-10-06T19:22:02.430+0000] {dagbag.py:588} INFO - Filling up the DagBag from /home/airflow/.local/lib/python3.12/site-packages/airflow/example_dags/tutorial_taskflow_api.py
[2024-10-06T19:22:02.436+0000] {processor.py:925} INFO - DAG(s) 'tutorial_taskflow_api' retrieved from /home/airflow/.local/lib/python3.12/site-packages/airflow/example_dags/tutorial_taskflow_api.py
[2024-10-06T19:22:02.455+0000] {logging_mixin.py:190} INFO - [2024-10-06T19:22:02.455+0000] {dag.py:3239} INFO - Sync 1 DAGs
[2024-10-06T19:22:02.473+0000] {logging_mixin.py:190} INFO - [2024-10-06T19:22:02.472+0000] {dag.py:4180} INFO - Setting next_dagrun for tutorial_taskflow_api to None, run_after=None
[2024-10-06T19:22:02.491+0000] {processor.py:208} INFO - Processing /home/airflow/.local/lib/python3.12/site-packages/airflow/example_dags/tutorial_taskflow_api.py took 0.068 seconds
