[2024-10-06T19:08:57.699+0000] {processor.py:186} INFO - Started process (PID=329) to work on /home/airflow/.local/lib/python3.12/site-packages/airflow/example_dags/tutorial_dag.py
[2024-10-06T19:08:57.699+0000] {processor.py:914} INFO - Processing file /home/airflow/.local/lib/python3.12/site-packages/airflow/example_dags/tutorial_dag.py for tasks to queue
[2024-10-06T19:08:57.701+0000] {logging_mixin.py:190} INFO - [2024-10-06T19:08:57.701+0000] {dagbag.py:588} INFO - Filling up the DagBag from /home/airflow/.local/lib/python3.12/site-packages/airflow/example_dags/tutorial_dag.py
[2024-10-06T19:08:57.709+0000] {processor.py:925} INFO - DAG(s) 'tutorial_dag' retrieved from /home/airflow/.local/lib/python3.12/site-packages/airflow/example_dags/tutorial_dag.py
[2024-10-06T19:08:57.809+0000] {logging_mixin.py:190} INFO - [2024-10-06T19:08:57.808+0000] {override.py:1900} INFO - Created Permission View: can delete on DAG:tutorial_dag
[2024-10-06T19:08:57.819+0000] {logging_mixin.py:190} INFO - [2024-10-06T19:08:57.819+0000] {override.py:1900} INFO - Created Permission View: can edit on DAG:tutorial_dag
[2024-10-06T19:08:57.826+0000] {logging_mixin.py:190} INFO - [2024-10-06T19:08:57.826+0000] {override.py:1900} INFO - Created Permission View: can read on DAG:tutorial_dag
[2024-10-06T19:08:57.834+0000] {logging_mixin.py:190} INFO - [2024-10-06T19:08:57.834+0000] {override.py:1900} INFO - Created Permission View: can delete on DAG Run:tutorial_dag
[2024-10-06T19:08:57.841+0000] {logging_mixin.py:190} INFO - [2024-10-06T19:08:57.840+0000] {override.py:1900} INFO - Created Permission View: can create on DAG Run:tutorial_dag
[2024-10-06T19:08:57.847+0000] {logging_mixin.py:190} INFO - [2024-10-06T19:08:57.847+0000] {override.py:1900} INFO - Created Permission View: can read on DAG Run:tutorial_dag
[2024-10-06T19:08:57.854+0000] {logging_mixin.py:190} INFO - [2024-10-06T19:08:57.853+0000] {override.py:1900} INFO - Created Permission View: menu access on DAG Run:tutorial_dag
[2024-10-06T19:08:57.854+0000] {logging_mixin.py:190} INFO - [2024-10-06T19:08:57.854+0000] {dag.py:3239} INFO - Sync 1 DAGs
[2024-10-06T19:08:57.867+0000] {logging_mixin.py:190} INFO - [2024-10-06T19:08:57.866+0000] {dag.py:3262} INFO - Creating ORM DAG for tutorial_dag
[2024-10-06T19:08:57.867+0000] {logging_mixin.py:190} INFO - [2024-10-06T19:08:57.867+0000] {dag.py:4180} INFO - Setting next_dagrun for tutorial_dag to None, run_after=None
[2024-10-06T19:08:57.886+0000] {processor.py:208} INFO - Processing /home/airflow/.local/lib/python3.12/site-packages/airflow/example_dags/tutorial_dag.py took 0.193 seconds
[2024-10-06T19:09:27.933+0000] {processor.py:186} INFO - Started process (PID=612) to work on /home/airflow/.local/lib/python3.12/site-packages/airflow/example_dags/tutorial_dag.py
[2024-10-06T19:09:27.934+0000] {processor.py:914} INFO - Processing file /home/airflow/.local/lib/python3.12/site-packages/airflow/example_dags/tutorial_dag.py for tasks to queue
[2024-10-06T19:09:27.936+0000] {logging_mixin.py:190} INFO - [2024-10-06T19:09:27.936+0000] {dagbag.py:588} INFO - Filling up the DagBag from /home/airflow/.local/lib/python3.12/site-packages/airflow/example_dags/tutorial_dag.py
[2024-10-06T19:09:27.942+0000] {processor.py:925} INFO - DAG(s) 'tutorial_dag' retrieved from /home/airflow/.local/lib/python3.12/site-packages/airflow/example_dags/tutorial_dag.py
[2024-10-06T19:09:27.961+0000] {logging_mixin.py:190} INFO - [2024-10-06T19:09:27.961+0000] {dag.py:3239} INFO - Sync 1 DAGs
[2024-10-06T19:09:27.977+0000] {logging_mixin.py:190} INFO - [2024-10-06T19:09:27.976+0000] {dag.py:4180} INFO - Setting next_dagrun for tutorial_dag to None, run_after=None
[2024-10-06T19:09:27.999+0000] {processor.py:208} INFO - Processing /home/airflow/.local/lib/python3.12/site-packages/airflow/example_dags/tutorial_dag.py took 0.071 seconds
[2024-10-06T19:09:58.908+0000] {processor.py:186} INFO - Started process (PID=903) to work on /home/airflow/.local/lib/python3.12/site-packages/airflow/example_dags/tutorial_dag.py
[2024-10-06T19:09:58.909+0000] {processor.py:914} INFO - Processing file /home/airflow/.local/lib/python3.12/site-packages/airflow/example_dags/tutorial_dag.py for tasks to queue
[2024-10-06T19:09:58.910+0000] {logging_mixin.py:190} INFO - [2024-10-06T19:09:58.910+0000] {dagbag.py:588} INFO - Filling up the DagBag from /home/airflow/.local/lib/python3.12/site-packages/airflow/example_dags/tutorial_dag.py
[2024-10-06T19:09:58.916+0000] {processor.py:925} INFO - DAG(s) 'tutorial_dag' retrieved from /home/airflow/.local/lib/python3.12/site-packages/airflow/example_dags/tutorial_dag.py
[2024-10-06T19:09:58.938+0000] {logging_mixin.py:190} INFO - [2024-10-06T19:09:58.938+0000] {dag.py:3239} INFO - Sync 1 DAGs
[2024-10-06T19:09:58.957+0000] {logging_mixin.py:190} INFO - [2024-10-06T19:09:58.956+0000] {dag.py:4180} INFO - Setting next_dagrun for tutorial_dag to None, run_after=None
[2024-10-06T19:09:58.975+0000] {processor.py:208} INFO - Processing /home/airflow/.local/lib/python3.12/site-packages/airflow/example_dags/tutorial_dag.py took 0.073 seconds
[2024-10-06T19:10:29.318+0000] {processor.py:186} INFO - Started process (PID=1189) to work on /home/airflow/.local/lib/python3.12/site-packages/airflow/example_dags/tutorial_dag.py
[2024-10-06T19:10:29.321+0000] {processor.py:914} INFO - Processing file /home/airflow/.local/lib/python3.12/site-packages/airflow/example_dags/tutorial_dag.py for tasks to queue
[2024-10-06T19:10:29.328+0000] {logging_mixin.py:190} INFO - [2024-10-06T19:10:29.327+0000] {dagbag.py:588} INFO - Filling up the DagBag from /home/airflow/.local/lib/python3.12/site-packages/airflow/example_dags/tutorial_dag.py
[2024-10-06T19:10:29.346+0000] {processor.py:925} INFO - DAG(s) 'tutorial_dag' retrieved from /home/airflow/.local/lib/python3.12/site-packages/airflow/example_dags/tutorial_dag.py
[2024-10-06T19:10:29.386+0000] {logging_mixin.py:190} INFO - [2024-10-06T19:10:29.386+0000] {dag.py:3239} INFO - Sync 1 DAGs
[2024-10-06T19:10:29.412+0000] {logging_mixin.py:190} INFO - [2024-10-06T19:10:29.412+0000] {dag.py:4180} INFO - Setting next_dagrun for tutorial_dag to None, run_after=None
[2024-10-06T19:10:29.435+0000] {processor.py:208} INFO - Processing /home/airflow/.local/lib/python3.12/site-packages/airflow/example_dags/tutorial_dag.py took 0.125 seconds
[2024-10-06T19:10:59.685+0000] {processor.py:186} INFO - Started process (PID=1504) to work on /home/airflow/.local/lib/python3.12/site-packages/airflow/example_dags/tutorial_dag.py
[2024-10-06T19:10:59.686+0000] {processor.py:914} INFO - Processing file /home/airflow/.local/lib/python3.12/site-packages/airflow/example_dags/tutorial_dag.py for tasks to queue
[2024-10-06T19:10:59.688+0000] {logging_mixin.py:190} INFO - [2024-10-06T19:10:59.688+0000] {dagbag.py:588} INFO - Filling up the DagBag from /home/airflow/.local/lib/python3.12/site-packages/airflow/example_dags/tutorial_dag.py
[2024-10-06T19:10:59.693+0000] {processor.py:925} INFO - DAG(s) 'tutorial_dag' retrieved from /home/airflow/.local/lib/python3.12/site-packages/airflow/example_dags/tutorial_dag.py
[2024-10-06T19:10:59.710+0000] {logging_mixin.py:190} INFO - [2024-10-06T19:10:59.710+0000] {dag.py:3239} INFO - Sync 1 DAGs
[2024-10-06T19:10:59.723+0000] {logging_mixin.py:190} INFO - [2024-10-06T19:10:59.723+0000] {dag.py:4180} INFO - Setting next_dagrun for tutorial_dag to None, run_after=None
[2024-10-06T19:10:59.740+0000] {processor.py:208} INFO - Processing /home/airflow/.local/lib/python3.12/site-packages/airflow/example_dags/tutorial_dag.py took 0.059 seconds
[2024-10-06T19:11:30.064+0000] {processor.py:186} INFO - Started process (PID=1790) to work on /home/airflow/.local/lib/python3.12/site-packages/airflow/example_dags/tutorial_dag.py
[2024-10-06T19:11:30.064+0000] {processor.py:914} INFO - Processing file /home/airflow/.local/lib/python3.12/site-packages/airflow/example_dags/tutorial_dag.py for tasks to queue
[2024-10-06T19:11:30.066+0000] {logging_mixin.py:190} INFO - [2024-10-06T19:11:30.066+0000] {dagbag.py:588} INFO - Filling up the DagBag from /home/airflow/.local/lib/python3.12/site-packages/airflow/example_dags/tutorial_dag.py
[2024-10-06T19:11:30.072+0000] {processor.py:925} INFO - DAG(s) 'tutorial_dag' retrieved from /home/airflow/.local/lib/python3.12/site-packages/airflow/example_dags/tutorial_dag.py
[2024-10-06T19:11:30.088+0000] {logging_mixin.py:190} INFO - [2024-10-06T19:11:30.088+0000] {dag.py:3239} INFO - Sync 1 DAGs
[2024-10-06T19:11:30.100+0000] {logging_mixin.py:190} INFO - [2024-10-06T19:11:30.099+0000] {dag.py:4180} INFO - Setting next_dagrun for tutorial_dag to None, run_after=None
[2024-10-06T19:11:30.117+0000] {processor.py:208} INFO - Processing /home/airflow/.local/lib/python3.12/site-packages/airflow/example_dags/tutorial_dag.py took 0.058 seconds
[2024-10-06T19:12:00.381+0000] {processor.py:186} INFO - Started process (PID=2074) to work on /home/airflow/.local/lib/python3.12/site-packages/airflow/example_dags/tutorial_dag.py
[2024-10-06T19:12:00.382+0000] {processor.py:914} INFO - Processing file /home/airflow/.local/lib/python3.12/site-packages/airflow/example_dags/tutorial_dag.py for tasks to queue
[2024-10-06T19:12:00.385+0000] {logging_mixin.py:190} INFO - [2024-10-06T19:12:00.385+0000] {dagbag.py:588} INFO - Filling up the DagBag from /home/airflow/.local/lib/python3.12/site-packages/airflow/example_dags/tutorial_dag.py
[2024-10-06T19:12:00.392+0000] {processor.py:925} INFO - DAG(s) 'tutorial_dag' retrieved from /home/airflow/.local/lib/python3.12/site-packages/airflow/example_dags/tutorial_dag.py
[2024-10-06T19:12:00.410+0000] {logging_mixin.py:190} INFO - [2024-10-06T19:12:00.410+0000] {dag.py:3239} INFO - Sync 1 DAGs
[2024-10-06T19:12:00.425+0000] {logging_mixin.py:190} INFO - [2024-10-06T19:12:00.425+0000] {dag.py:4180} INFO - Setting next_dagrun for tutorial_dag to None, run_after=None
[2024-10-06T19:12:00.442+0000] {processor.py:208} INFO - Processing /home/airflow/.local/lib/python3.12/site-packages/airflow/example_dags/tutorial_dag.py took 0.065 seconds
[2024-10-06T19:12:30.848+0000] {processor.py:186} INFO - Started process (PID=2362) to work on /home/airflow/.local/lib/python3.12/site-packages/airflow/example_dags/tutorial_dag.py
[2024-10-06T19:12:30.849+0000] {processor.py:914} INFO - Processing file /home/airflow/.local/lib/python3.12/site-packages/airflow/example_dags/tutorial_dag.py for tasks to queue
[2024-10-06T19:12:30.851+0000] {logging_mixin.py:190} INFO - [2024-10-06T19:12:30.851+0000] {dagbag.py:588} INFO - Filling up the DagBag from /home/airflow/.local/lib/python3.12/site-packages/airflow/example_dags/tutorial_dag.py
[2024-10-06T19:12:30.857+0000] {processor.py:925} INFO - DAG(s) 'tutorial_dag' retrieved from /home/airflow/.local/lib/python3.12/site-packages/airflow/example_dags/tutorial_dag.py
[2024-10-06T19:12:30.874+0000] {logging_mixin.py:190} INFO - [2024-10-06T19:12:30.874+0000] {dag.py:3239} INFO - Sync 1 DAGs
[2024-10-06T19:12:30.887+0000] {logging_mixin.py:190} INFO - [2024-10-06T19:12:30.886+0000] {dag.py:4180} INFO - Setting next_dagrun for tutorial_dag to None, run_after=None
[2024-10-06T19:12:30.904+0000] {processor.py:208} INFO - Processing /home/airflow/.local/lib/python3.12/site-packages/airflow/example_dags/tutorial_dag.py took 0.061 seconds
[2024-10-06T19:13:01.211+0000] {processor.py:186} INFO - Started process (PID=2648) to work on /home/airflow/.local/lib/python3.12/site-packages/airflow/example_dags/tutorial_dag.py
[2024-10-06T19:13:01.212+0000] {processor.py:914} INFO - Processing file /home/airflow/.local/lib/python3.12/site-packages/airflow/example_dags/tutorial_dag.py for tasks to queue
[2024-10-06T19:13:01.214+0000] {logging_mixin.py:190} INFO - [2024-10-06T19:13:01.214+0000] {dagbag.py:588} INFO - Filling up the DagBag from /home/airflow/.local/lib/python3.12/site-packages/airflow/example_dags/tutorial_dag.py
[2024-10-06T19:13:01.219+0000] {processor.py:925} INFO - DAG(s) 'tutorial_dag' retrieved from /home/airflow/.local/lib/python3.12/site-packages/airflow/example_dags/tutorial_dag.py
[2024-10-06T19:13:01.235+0000] {logging_mixin.py:190} INFO - [2024-10-06T19:13:01.235+0000] {dag.py:3239} INFO - Sync 1 DAGs
[2024-10-06T19:13:01.247+0000] {logging_mixin.py:190} INFO - [2024-10-06T19:13:01.247+0000] {dag.py:4180} INFO - Setting next_dagrun for tutorial_dag to None, run_after=None
[2024-10-06T19:13:01.263+0000] {processor.py:208} INFO - Processing /home/airflow/.local/lib/python3.12/site-packages/airflow/example_dags/tutorial_dag.py took 0.057 seconds
[2024-10-06T19:13:31.690+0000] {processor.py:186} INFO - Started process (PID=2934) to work on /home/airflow/.local/lib/python3.12/site-packages/airflow/example_dags/tutorial_dag.py
[2024-10-06T19:13:31.691+0000] {processor.py:914} INFO - Processing file /home/airflow/.local/lib/python3.12/site-packages/airflow/example_dags/tutorial_dag.py for tasks to queue
[2024-10-06T19:13:31.693+0000] {logging_mixin.py:190} INFO - [2024-10-06T19:13:31.693+0000] {dagbag.py:588} INFO - Filling up the DagBag from /home/airflow/.local/lib/python3.12/site-packages/airflow/example_dags/tutorial_dag.py
[2024-10-06T19:13:31.699+0000] {processor.py:925} INFO - DAG(s) 'tutorial_dag' retrieved from /home/airflow/.local/lib/python3.12/site-packages/airflow/example_dags/tutorial_dag.py
[2024-10-06T19:13:31.714+0000] {logging_mixin.py:190} INFO - [2024-10-06T19:13:31.714+0000] {dag.py:3239} INFO - Sync 1 DAGs
[2024-10-06T19:13:31.728+0000] {logging_mixin.py:190} INFO - [2024-10-06T19:13:31.728+0000] {dag.py:4180} INFO - Setting next_dagrun for tutorial_dag to None, run_after=None
[2024-10-06T19:13:31.745+0000] {processor.py:208} INFO - Processing /home/airflow/.local/lib/python3.12/site-packages/airflow/example_dags/tutorial_dag.py took 0.059 seconds
[2024-10-06T19:14:02.052+0000] {processor.py:186} INFO - Started process (PID=3225) to work on /home/airflow/.local/lib/python3.12/site-packages/airflow/example_dags/tutorial_dag.py
[2024-10-06T19:14:02.053+0000] {processor.py:914} INFO - Processing file /home/airflow/.local/lib/python3.12/site-packages/airflow/example_dags/tutorial_dag.py for tasks to queue
[2024-10-06T19:14:02.055+0000] {logging_mixin.py:190} INFO - [2024-10-06T19:14:02.055+0000] {dagbag.py:588} INFO - Filling up the DagBag from /home/airflow/.local/lib/python3.12/site-packages/airflow/example_dags/tutorial_dag.py
[2024-10-06T19:14:02.062+0000] {processor.py:925} INFO - DAG(s) 'tutorial_dag' retrieved from /home/airflow/.local/lib/python3.12/site-packages/airflow/example_dags/tutorial_dag.py
[2024-10-06T19:14:02.078+0000] {logging_mixin.py:190} INFO - [2024-10-06T19:14:02.078+0000] {dag.py:3239} INFO - Sync 1 DAGs
[2024-10-06T19:14:02.091+0000] {logging_mixin.py:190} INFO - [2024-10-06T19:14:02.091+0000] {dag.py:4180} INFO - Setting next_dagrun for tutorial_dag to None, run_after=None
[2024-10-06T19:14:02.110+0000] {processor.py:208} INFO - Processing /home/airflow/.local/lib/python3.12/site-packages/airflow/example_dags/tutorial_dag.py took 0.064 seconds
[2024-10-06T19:14:32.282+0000] {processor.py:186} INFO - Started process (PID=3516) to work on /home/airflow/.local/lib/python3.12/site-packages/airflow/example_dags/tutorial_dag.py
[2024-10-06T19:14:32.283+0000] {processor.py:914} INFO - Processing file /home/airflow/.local/lib/python3.12/site-packages/airflow/example_dags/tutorial_dag.py for tasks to queue
[2024-10-06T19:14:32.285+0000] {logging_mixin.py:190} INFO - [2024-10-06T19:14:32.285+0000] {dagbag.py:588} INFO - Filling up the DagBag from /home/airflow/.local/lib/python3.12/site-packages/airflow/example_dags/tutorial_dag.py
[2024-10-06T19:14:32.291+0000] {processor.py:925} INFO - DAG(s) 'tutorial_dag' retrieved from /home/airflow/.local/lib/python3.12/site-packages/airflow/example_dags/tutorial_dag.py
[2024-10-06T19:14:32.309+0000] {logging_mixin.py:190} INFO - [2024-10-06T19:14:32.308+0000] {dag.py:3239} INFO - Sync 1 DAGs
[2024-10-06T19:14:32.324+0000] {logging_mixin.py:190} INFO - [2024-10-06T19:14:32.324+0000] {dag.py:4180} INFO - Setting next_dagrun for tutorial_dag to None, run_after=None
[2024-10-06T19:14:32.346+0000] {processor.py:208} INFO - Processing /home/airflow/.local/lib/python3.12/site-packages/airflow/example_dags/tutorial_dag.py took 0.069 seconds
[2024-10-06T19:15:02.703+0000] {processor.py:186} INFO - Started process (PID=3807) to work on /home/airflow/.local/lib/python3.12/site-packages/airflow/example_dags/tutorial_dag.py
[2024-10-06T19:15:02.705+0000] {processor.py:914} INFO - Processing file /home/airflow/.local/lib/python3.12/site-packages/airflow/example_dags/tutorial_dag.py for tasks to queue
[2024-10-06T19:15:02.708+0000] {logging_mixin.py:190} INFO - [2024-10-06T19:15:02.708+0000] {dagbag.py:588} INFO - Filling up the DagBag from /home/airflow/.local/lib/python3.12/site-packages/airflow/example_dags/tutorial_dag.py
[2024-10-06T19:15:02.715+0000] {processor.py:925} INFO - DAG(s) 'tutorial_dag' retrieved from /home/airflow/.local/lib/python3.12/site-packages/airflow/example_dags/tutorial_dag.py
[2024-10-06T19:15:02.736+0000] {logging_mixin.py:190} INFO - [2024-10-06T19:15:02.735+0000] {dag.py:3239} INFO - Sync 1 DAGs
[2024-10-06T19:15:02.751+0000] {logging_mixin.py:190} INFO - [2024-10-06T19:15:02.751+0000] {dag.py:4180} INFO - Setting next_dagrun for tutorial_dag to None, run_after=None
[2024-10-06T19:15:02.771+0000] {processor.py:208} INFO - Processing /home/airflow/.local/lib/python3.12/site-packages/airflow/example_dags/tutorial_dag.py took 0.073 seconds
[2024-10-06T19:15:32.923+0000] {processor.py:186} INFO - Started process (PID=4103) to work on /home/airflow/.local/lib/python3.12/site-packages/airflow/example_dags/tutorial_dag.py
[2024-10-06T19:15:32.925+0000] {processor.py:914} INFO - Processing file /home/airflow/.local/lib/python3.12/site-packages/airflow/example_dags/tutorial_dag.py for tasks to queue
[2024-10-06T19:15:32.926+0000] {logging_mixin.py:190} INFO - [2024-10-06T19:15:32.926+0000] {dagbag.py:588} INFO - Filling up the DagBag from /home/airflow/.local/lib/python3.12/site-packages/airflow/example_dags/tutorial_dag.py
[2024-10-06T19:15:32.932+0000] {processor.py:925} INFO - DAG(s) 'tutorial_dag' retrieved from /home/airflow/.local/lib/python3.12/site-packages/airflow/example_dags/tutorial_dag.py
[2024-10-06T19:15:32.949+0000] {logging_mixin.py:190} INFO - [2024-10-06T19:15:32.948+0000] {dag.py:3239} INFO - Sync 1 DAGs
[2024-10-06T19:15:32.963+0000] {logging_mixin.py:190} INFO - [2024-10-06T19:15:32.962+0000] {dag.py:4180} INFO - Setting next_dagrun for tutorial_dag to None, run_after=None
[2024-10-06T19:15:32.982+0000] {processor.py:208} INFO - Processing /home/airflow/.local/lib/python3.12/site-packages/airflow/example_dags/tutorial_dag.py took 0.064 seconds
[2024-10-06T19:16:03.133+0000] {processor.py:186} INFO - Started process (PID=4394) to work on /home/airflow/.local/lib/python3.12/site-packages/airflow/example_dags/tutorial_dag.py
[2024-10-06T19:16:03.134+0000] {processor.py:914} INFO - Processing file /home/airflow/.local/lib/python3.12/site-packages/airflow/example_dags/tutorial_dag.py for tasks to queue
[2024-10-06T19:16:03.136+0000] {logging_mixin.py:190} INFO - [2024-10-06T19:16:03.135+0000] {dagbag.py:588} INFO - Filling up the DagBag from /home/airflow/.local/lib/python3.12/site-packages/airflow/example_dags/tutorial_dag.py
[2024-10-06T19:16:03.142+0000] {processor.py:925} INFO - DAG(s) 'tutorial_dag' retrieved from /home/airflow/.local/lib/python3.12/site-packages/airflow/example_dags/tutorial_dag.py
[2024-10-06T19:16:03.159+0000] {logging_mixin.py:190} INFO - [2024-10-06T19:16:03.158+0000] {dag.py:3239} INFO - Sync 1 DAGs
[2024-10-06T19:16:03.172+0000] {logging_mixin.py:190} INFO - [2024-10-06T19:16:03.171+0000] {dag.py:4180} INFO - Setting next_dagrun for tutorial_dag to None, run_after=None
[2024-10-06T19:16:03.190+0000] {processor.py:208} INFO - Processing /home/airflow/.local/lib/python3.12/site-packages/airflow/example_dags/tutorial_dag.py took 0.061 seconds
[2024-10-06T19:16:33.396+0000] {processor.py:186} INFO - Started process (PID=4685) to work on /home/airflow/.local/lib/python3.12/site-packages/airflow/example_dags/tutorial_dag.py
[2024-10-06T19:16:33.397+0000] {processor.py:914} INFO - Processing file /home/airflow/.local/lib/python3.12/site-packages/airflow/example_dags/tutorial_dag.py for tasks to queue
[2024-10-06T19:16:33.399+0000] {logging_mixin.py:190} INFO - [2024-10-06T19:16:33.398+0000] {dagbag.py:588} INFO - Filling up the DagBag from /home/airflow/.local/lib/python3.12/site-packages/airflow/example_dags/tutorial_dag.py
[2024-10-06T19:16:33.405+0000] {processor.py:925} INFO - DAG(s) 'tutorial_dag' retrieved from /home/airflow/.local/lib/python3.12/site-packages/airflow/example_dags/tutorial_dag.py
[2024-10-06T19:16:33.423+0000] {logging_mixin.py:190} INFO - [2024-10-06T19:16:33.422+0000] {dag.py:3239} INFO - Sync 1 DAGs
[2024-10-06T19:16:33.437+0000] {logging_mixin.py:190} INFO - [2024-10-06T19:16:33.436+0000] {dag.py:4180} INFO - Setting next_dagrun for tutorial_dag to None, run_after=None
[2024-10-06T19:16:33.456+0000] {processor.py:208} INFO - Processing /home/airflow/.local/lib/python3.12/site-packages/airflow/example_dags/tutorial_dag.py took 0.065 seconds
[2024-10-06T19:17:03.783+0000] {processor.py:186} INFO - Started process (PID=4974) to work on /home/airflow/.local/lib/python3.12/site-packages/airflow/example_dags/tutorial_dag.py
[2024-10-06T19:17:03.784+0000] {processor.py:914} INFO - Processing file /home/airflow/.local/lib/python3.12/site-packages/airflow/example_dags/tutorial_dag.py for tasks to queue
[2024-10-06T19:17:03.786+0000] {logging_mixin.py:190} INFO - [2024-10-06T19:17:03.785+0000] {dagbag.py:588} INFO - Filling up the DagBag from /home/airflow/.local/lib/python3.12/site-packages/airflow/example_dags/tutorial_dag.py
[2024-10-06T19:17:03.791+0000] {processor.py:925} INFO - DAG(s) 'tutorial_dag' retrieved from /home/airflow/.local/lib/python3.12/site-packages/airflow/example_dags/tutorial_dag.py
[2024-10-06T19:17:03.808+0000] {logging_mixin.py:190} INFO - [2024-10-06T19:17:03.808+0000] {dag.py:3239} INFO - Sync 1 DAGs
[2024-10-06T19:17:03.823+0000] {logging_mixin.py:190} INFO - [2024-10-06T19:17:03.823+0000] {dag.py:4180} INFO - Setting next_dagrun for tutorial_dag to None, run_after=None
[2024-10-06T19:17:03.840+0000] {processor.py:208} INFO - Processing /home/airflow/.local/lib/python3.12/site-packages/airflow/example_dags/tutorial_dag.py took 0.062 seconds
[2024-10-06T19:17:34.184+0000] {processor.py:186} INFO - Started process (PID=5265) to work on /home/airflow/.local/lib/python3.12/site-packages/airflow/example_dags/tutorial_dag.py
[2024-10-06T19:17:34.185+0000] {processor.py:914} INFO - Processing file /home/airflow/.local/lib/python3.12/site-packages/airflow/example_dags/tutorial_dag.py for tasks to queue
[2024-10-06T19:17:34.187+0000] {logging_mixin.py:190} INFO - [2024-10-06T19:17:34.187+0000] {dagbag.py:588} INFO - Filling up the DagBag from /home/airflow/.local/lib/python3.12/site-packages/airflow/example_dags/tutorial_dag.py
[2024-10-06T19:17:34.193+0000] {processor.py:925} INFO - DAG(s) 'tutorial_dag' retrieved from /home/airflow/.local/lib/python3.12/site-packages/airflow/example_dags/tutorial_dag.py
[2024-10-06T19:17:34.210+0000] {logging_mixin.py:190} INFO - [2024-10-06T19:17:34.210+0000] {dag.py:3239} INFO - Sync 1 DAGs
[2024-10-06T19:17:34.224+0000] {logging_mixin.py:190} INFO - [2024-10-06T19:17:34.223+0000] {dag.py:4180} INFO - Setting next_dagrun for tutorial_dag to None, run_after=None
[2024-10-06T19:17:34.242+0000] {processor.py:208} INFO - Processing /home/airflow/.local/lib/python3.12/site-packages/airflow/example_dags/tutorial_dag.py took 0.062 seconds
[2024-10-06T19:18:04.586+0000] {processor.py:186} INFO - Started process (PID=5558) to work on /home/airflow/.local/lib/python3.12/site-packages/airflow/example_dags/tutorial_dag.py
[2024-10-06T19:18:04.587+0000] {processor.py:914} INFO - Processing file /home/airflow/.local/lib/python3.12/site-packages/airflow/example_dags/tutorial_dag.py for tasks to queue
[2024-10-06T19:18:04.589+0000] {logging_mixin.py:190} INFO - [2024-10-06T19:18:04.589+0000] {dagbag.py:588} INFO - Filling up the DagBag from /home/airflow/.local/lib/python3.12/site-packages/airflow/example_dags/tutorial_dag.py
[2024-10-06T19:18:04.595+0000] {processor.py:925} INFO - DAG(s) 'tutorial_dag' retrieved from /home/airflow/.local/lib/python3.12/site-packages/airflow/example_dags/tutorial_dag.py
[2024-10-06T19:18:04.612+0000] {logging_mixin.py:190} INFO - [2024-10-06T19:18:04.611+0000] {dag.py:3239} INFO - Sync 1 DAGs
[2024-10-06T19:18:04.624+0000] {logging_mixin.py:190} INFO - [2024-10-06T19:18:04.624+0000] {dag.py:4180} INFO - Setting next_dagrun for tutorial_dag to None, run_after=None
[2024-10-06T19:18:04.642+0000] {processor.py:208} INFO - Processing /home/airflow/.local/lib/python3.12/site-packages/airflow/example_dags/tutorial_dag.py took 0.060 seconds
[2024-10-06T19:18:34.752+0000] {processor.py:186} INFO - Started process (PID=5847) to work on /home/airflow/.local/lib/python3.12/site-packages/airflow/example_dags/tutorial_dag.py
[2024-10-06T19:18:34.752+0000] {processor.py:914} INFO - Processing file /home/airflow/.local/lib/python3.12/site-packages/airflow/example_dags/tutorial_dag.py for tasks to queue
[2024-10-06T19:18:34.754+0000] {logging_mixin.py:190} INFO - [2024-10-06T19:18:34.754+0000] {dagbag.py:588} INFO - Filling up the DagBag from /home/airflow/.local/lib/python3.12/site-packages/airflow/example_dags/tutorial_dag.py
[2024-10-06T19:18:34.759+0000] {processor.py:925} INFO - DAG(s) 'tutorial_dag' retrieved from /home/airflow/.local/lib/python3.12/site-packages/airflow/example_dags/tutorial_dag.py
[2024-10-06T19:18:34.775+0000] {logging_mixin.py:190} INFO - [2024-10-06T19:18:34.775+0000] {dag.py:3239} INFO - Sync 1 DAGs
[2024-10-06T19:18:34.788+0000] {logging_mixin.py:190} INFO - [2024-10-06T19:18:34.788+0000] {dag.py:4180} INFO - Setting next_dagrun for tutorial_dag to None, run_after=None
[2024-10-06T19:18:34.805+0000] {processor.py:208} INFO - Processing /home/airflow/.local/lib/python3.12/site-packages/airflow/example_dags/tutorial_dag.py took 0.058 seconds
[2024-10-06T19:19:05.101+0000] {processor.py:186} INFO - Started process (PID=6145) to work on /home/airflow/.local/lib/python3.12/site-packages/airflow/example_dags/tutorial_dag.py
[2024-10-06T19:19:05.101+0000] {processor.py:914} INFO - Processing file /home/airflow/.local/lib/python3.12/site-packages/airflow/example_dags/tutorial_dag.py for tasks to queue
[2024-10-06T19:19:05.103+0000] {logging_mixin.py:190} INFO - [2024-10-06T19:19:05.103+0000] {dagbag.py:588} INFO - Filling up the DagBag from /home/airflow/.local/lib/python3.12/site-packages/airflow/example_dags/tutorial_dag.py
[2024-10-06T19:19:05.108+0000] {processor.py:925} INFO - DAG(s) 'tutorial_dag' retrieved from /home/airflow/.local/lib/python3.12/site-packages/airflow/example_dags/tutorial_dag.py
[2024-10-06T19:19:05.124+0000] {logging_mixin.py:190} INFO - [2024-10-06T19:19:05.124+0000] {dag.py:3239} INFO - Sync 1 DAGs
[2024-10-06T19:19:05.136+0000] {logging_mixin.py:190} INFO - [2024-10-06T19:19:05.136+0000] {dag.py:4180} INFO - Setting next_dagrun for tutorial_dag to None, run_after=None
[2024-10-06T19:19:05.154+0000] {processor.py:208} INFO - Processing /home/airflow/.local/lib/python3.12/site-packages/airflow/example_dags/tutorial_dag.py took 0.057 seconds
[2024-10-06T19:19:35.316+0000] {processor.py:186} INFO - Started process (PID=6429) to work on /home/airflow/.local/lib/python3.12/site-packages/airflow/example_dags/tutorial_dag.py
[2024-10-06T19:19:35.317+0000] {processor.py:914} INFO - Processing file /home/airflow/.local/lib/python3.12/site-packages/airflow/example_dags/tutorial_dag.py for tasks to queue
[2024-10-06T19:19:35.319+0000] {logging_mixin.py:190} INFO - [2024-10-06T19:19:35.318+0000] {dagbag.py:588} INFO - Filling up the DagBag from /home/airflow/.local/lib/python3.12/site-packages/airflow/example_dags/tutorial_dag.py
[2024-10-06T19:19:35.324+0000] {processor.py:925} INFO - DAG(s) 'tutorial_dag' retrieved from /home/airflow/.local/lib/python3.12/site-packages/airflow/example_dags/tutorial_dag.py
[2024-10-06T19:19:35.340+0000] {logging_mixin.py:190} INFO - [2024-10-06T19:19:35.340+0000] {dag.py:3239} INFO - Sync 1 DAGs
[2024-10-06T19:19:35.352+0000] {logging_mixin.py:190} INFO - [2024-10-06T19:19:35.352+0000] {dag.py:4180} INFO - Setting next_dagrun for tutorial_dag to None, run_after=None
[2024-10-06T19:19:35.367+0000] {processor.py:208} INFO - Processing /home/airflow/.local/lib/python3.12/site-packages/airflow/example_dags/tutorial_dag.py took 0.055 seconds
[2024-10-06T19:20:05.666+0000] {processor.py:186} INFO - Started process (PID=6720) to work on /home/airflow/.local/lib/python3.12/site-packages/airflow/example_dags/tutorial_dag.py
[2024-10-06T19:20:05.667+0000] {processor.py:914} INFO - Processing file /home/airflow/.local/lib/python3.12/site-packages/airflow/example_dags/tutorial_dag.py for tasks to queue
[2024-10-06T19:20:05.670+0000] {logging_mixin.py:190} INFO - [2024-10-06T19:20:05.670+0000] {dagbag.py:588} INFO - Filling up the DagBag from /home/airflow/.local/lib/python3.12/site-packages/airflow/example_dags/tutorial_dag.py
[2024-10-06T19:20:05.676+0000] {processor.py:925} INFO - DAG(s) 'tutorial_dag' retrieved from /home/airflow/.local/lib/python3.12/site-packages/airflow/example_dags/tutorial_dag.py
[2024-10-06T19:20:05.693+0000] {logging_mixin.py:190} INFO - [2024-10-06T19:20:05.692+0000] {dag.py:3239} INFO - Sync 1 DAGs
[2024-10-06T19:20:05.705+0000] {logging_mixin.py:190} INFO - [2024-10-06T19:20:05.705+0000] {dag.py:4180} INFO - Setting next_dagrun for tutorial_dag to None, run_after=None
[2024-10-06T19:20:05.723+0000] {processor.py:208} INFO - Processing /home/airflow/.local/lib/python3.12/site-packages/airflow/example_dags/tutorial_dag.py took 0.062 seconds
[2024-10-06T19:20:36.059+0000] {processor.py:186} INFO - Started process (PID=7017) to work on /home/airflow/.local/lib/python3.12/site-packages/airflow/example_dags/tutorial_dag.py
[2024-10-06T19:20:36.060+0000] {processor.py:914} INFO - Processing file /home/airflow/.local/lib/python3.12/site-packages/airflow/example_dags/tutorial_dag.py for tasks to queue
[2024-10-06T19:20:36.062+0000] {logging_mixin.py:190} INFO - [2024-10-06T19:20:36.061+0000] {dagbag.py:588} INFO - Filling up the DagBag from /home/airflow/.local/lib/python3.12/site-packages/airflow/example_dags/tutorial_dag.py
[2024-10-06T19:20:36.066+0000] {processor.py:925} INFO - DAG(s) 'tutorial_dag' retrieved from /home/airflow/.local/lib/python3.12/site-packages/airflow/example_dags/tutorial_dag.py
[2024-10-06T19:20:36.081+0000] {logging_mixin.py:190} INFO - [2024-10-06T19:20:36.081+0000] {dag.py:3239} INFO - Sync 1 DAGs
[2024-10-06T19:20:36.094+0000] {logging_mixin.py:190} INFO - [2024-10-06T19:20:36.094+0000] {dag.py:4180} INFO - Setting next_dagrun for tutorial_dag to None, run_after=None
[2024-10-06T19:20:36.111+0000] {processor.py:208} INFO - Processing /home/airflow/.local/lib/python3.12/site-packages/airflow/example_dags/tutorial_dag.py took 0.056 seconds
[2024-10-06T19:21:06.404+0000] {processor.py:186} INFO - Started process (PID=7308) to work on /home/airflow/.local/lib/python3.12/site-packages/airflow/example_dags/tutorial_dag.py
[2024-10-06T19:21:06.405+0000] {processor.py:914} INFO - Processing file /home/airflow/.local/lib/python3.12/site-packages/airflow/example_dags/tutorial_dag.py for tasks to queue
[2024-10-06T19:21:06.407+0000] {logging_mixin.py:190} INFO - [2024-10-06T19:21:06.407+0000] {dagbag.py:588} INFO - Filling up the DagBag from /home/airflow/.local/lib/python3.12/site-packages/airflow/example_dags/tutorial_dag.py
[2024-10-06T19:21:06.414+0000] {processor.py:925} INFO - DAG(s) 'tutorial_dag' retrieved from /home/airflow/.local/lib/python3.12/site-packages/airflow/example_dags/tutorial_dag.py
[2024-10-06T19:21:06.433+0000] {logging_mixin.py:190} INFO - [2024-10-06T19:21:06.433+0000] {dag.py:3239} INFO - Sync 1 DAGs
[2024-10-06T19:21:06.447+0000] {logging_mixin.py:190} INFO - [2024-10-06T19:21:06.447+0000] {dag.py:4180} INFO - Setting next_dagrun for tutorial_dag to None, run_after=None
[2024-10-06T19:21:06.466+0000] {processor.py:208} INFO - Processing /home/airflow/.local/lib/python3.12/site-packages/airflow/example_dags/tutorial_dag.py took 0.067 seconds
[2024-10-06T19:21:36.923+0000] {processor.py:186} INFO - Started process (PID=7604) to work on /home/airflow/.local/lib/python3.12/site-packages/airflow/example_dags/tutorial_dag.py
[2024-10-06T19:21:36.924+0000] {processor.py:914} INFO - Processing file /home/airflow/.local/lib/python3.12/site-packages/airflow/example_dags/tutorial_dag.py for tasks to queue
[2024-10-06T19:21:36.926+0000] {logging_mixin.py:190} INFO - [2024-10-06T19:21:36.926+0000] {dagbag.py:588} INFO - Filling up the DagBag from /home/airflow/.local/lib/python3.12/site-packages/airflow/example_dags/tutorial_dag.py
[2024-10-06T19:21:36.933+0000] {processor.py:925} INFO - DAG(s) 'tutorial_dag' retrieved from /home/airflow/.local/lib/python3.12/site-packages/airflow/example_dags/tutorial_dag.py
[2024-10-06T19:21:36.949+0000] {logging_mixin.py:190} INFO - [2024-10-06T19:21:36.949+0000] {dag.py:3239} INFO - Sync 1 DAGs
[2024-10-06T19:21:36.962+0000] {logging_mixin.py:190} INFO - [2024-10-06T19:21:36.962+0000] {dag.py:4180} INFO - Setting next_dagrun for tutorial_dag to None, run_after=None
[2024-10-06T19:21:36.981+0000] {processor.py:208} INFO - Processing /home/airflow/.local/lib/python3.12/site-packages/airflow/example_dags/tutorial_dag.py took 0.063 seconds
