[2024-10-06T19:10:42.136+0000] {local_task_job_runner.py:123} INFO - ::group::Pre task execution logs
[2024-10-06T19:10:42.162+0000] {taskinstance.py:2612} INFO - Dependencies all met for dep_context=non-requeueable deps ti=<TaskInstance: example_bash_operator.runme_2 scheduled__2024-10-05T00:00:00+00:00 [queued]>
[2024-10-06T19:10:42.172+0000] {taskinstance.py:2612} INFO - Dependencies all met for dep_context=requeueable deps ti=<TaskInstance: example_bash_operator.runme_2 scheduled__2024-10-05T00:00:00+00:00 [queued]>
[2024-10-06T19:10:42.173+0000] {taskinstance.py:2865} INFO - Starting attempt 1 of 1
[2024-10-06T19:10:42.188+0000] {taskinstance.py:2888} INFO - Executing <Task(BashOperator): runme_2> on 2024-10-05 00:00:00+00:00
[2024-10-06T19:10:42.198+0000] {standard_task_runner.py:104} INFO - Running: ['***', 'tasks', 'run', 'example_bash_operator', 'runme_2', 'scheduled__2024-10-05T00:00:00+00:00', '--job-id', '5', '--raw', '--subdir', '/home/***/.local/lib/python3.12/site-packages/***/example_dags/example_bash_operator.py', '--cfg-path', '/tmp/tmp24nbfrkf']
[2024-10-06T19:10:42.204+0000] {standard_task_runner.py:105} INFO - Job 5: Subtask runme_2
[2024-10-06T19:10:42.216+0000] {logging_mixin.py:190} WARNING - /home/***/.local/lib/python3.12/site-packages/***/task/task_runner/standard_task_runner.py:70 DeprecationWarning: This process (pid=1318) is multi-threaded, use of fork() may lead to deadlocks in the child.
[2024-10-06T19:10:42.217+0000] {standard_task_runner.py:72} INFO - Started process 1323 to run task
[2024-10-06T19:10:42.336+0000] {task_command.py:467} INFO - Running <TaskInstance: example_bash_operator.runme_2 scheduled__2024-10-05T00:00:00+00:00 [running]> on host 19517dc8aa64
[2024-10-06T19:10:42.453+0000] {taskinstance.py:3131} INFO - Exporting env vars: AIRFLOW_CTX_DAG_OWNER='***' AIRFLOW_CTX_DAG_ID='example_bash_operator' AIRFLOW_CTX_TASK_ID='runme_2' AIRFLOW_CTX_EXECUTION_DATE='2024-10-05T00:00:00+00:00' AIRFLOW_CTX_TRY_NUMBER='1' AIRFLOW_CTX_DAG_RUN_ID='scheduled__2024-10-05T00:00:00+00:00'
[2024-10-06T19:10:42.457+0000] {logging_mixin.py:190} INFO - Task instance is in running state
[2024-10-06T19:10:42.458+0000] {logging_mixin.py:190} INFO -  Previous state of the Task instance: queued
[2024-10-06T19:10:42.458+0000] {logging_mixin.py:190} INFO - Current task name:runme_2 state:running start_date:2024-10-06 19:10:42.162877+00:00
[2024-10-06T19:10:42.459+0000] {logging_mixin.py:190} INFO - Dag name:example_bash_operator and current dag run status:running
[2024-10-06T19:10:42.460+0000] {taskinstance.py:731} INFO - ::endgroup::
[2024-10-06T19:10:42.461+0000] {subprocess.py:63} INFO - Tmp dir root location: /tmp
[2024-10-06T19:10:42.463+0000] {subprocess.py:75} INFO - Running command: ['/usr/bin/bash', '-c', 'echo "example_bash_operator__runme_2__20241005" && sleep 1']
[2024-10-06T19:10:42.479+0000] {subprocess.py:86} INFO - Output:
[2024-10-06T19:10:42.484+0000] {subprocess.py:93} INFO - example_bash_operator__runme_2__20241005
[2024-10-06T19:10:43.486+0000] {subprocess.py:97} INFO - Command exited with return code 0
[2024-10-06T19:10:43.506+0000] {taskinstance.py:340} INFO - ::group::Post task execution logs
[2024-10-06T19:10:43.507+0000] {taskinstance.py:352} INFO - Marking task as SUCCESS. dag_id=example_bash_operator, task_id=runme_2, run_id=scheduled__2024-10-05T00:00:00+00:00, execution_date=20241005T000000, start_date=20241006T191042, end_date=20241006T191043
[2024-10-06T19:10:43.515+0000] {logging_mixin.py:190} INFO - Task instance in success state
[2024-10-06T19:10:43.516+0000] {logging_mixin.py:190} INFO -  Previous state of the Task instance: running
[2024-10-06T19:10:43.517+0000] {logging_mixin.py:190} INFO - Dag name:example_bash_operator queued_at:2024-10-06 19:10:41.437730+00:00
[2024-10-06T19:10:43.517+0000] {logging_mixin.py:190} INFO - Task hostname:19517dc8aa64 operator:BashOperator
[2024-10-06T19:10:43.560+0000] {local_task_job_runner.py:266} INFO - Task exited with return code 0
[2024-10-06T19:10:43.568+0000] {local_task_job_runner.py:245} INFO - ::endgroup::
